2023-05-06 00:38:20 info: =================================
2023-05-06 00:38:20 info: ======= ENV: development =======
2023-05-06 00:38:20 info: 🚀 App listening on the port 8000
2023-05-06 00:38:20 info: =================================
2023-05-06 00:40:34 info: [0mGET /banners/getListBanner [36m304[0m 429.263 ms - -[0m
2023-05-06 00:40:35 info: [0mGET /posts/getListFeatured [36m304[0m 478.652 ms - -[0m
2023-05-06 00:40:35 info: [0mGET /services/nav [36m304[0m 629.252 ms - -[0m
2023-05-06 00:40:35 info: [0mGET /services/nav [36m304[0m 23.160 ms - -[0m
2023-05-06 00:40:40 info: [0mOPTIONS /admins/login [32m204[0m 1.399 ms - 0[0m
2023-05-06 00:40:40 info: [0mPOST /admins/login [32m200[0m 81.909 ms - 928[0m
2023-05-06 00:40:41 info: [0mOPTIONS /admins/profile [32m204[0m 0.190 ms - 0[0m
2023-05-06 00:40:41 info: [0mGET /admins/profile [36m304[0m 44.670 ms - -[0m
2023-05-06 00:40:43 info: [0mGET /admins/profile [36m304[0m 133.793 ms - -[0m
2023-05-06 00:40:43 info: [0mGET /banners? [32m200[0m 149.294 ms - 963[0m
2023-05-06 00:40:44 info: [0mGET /banners?page=1&page_size=10 [36m304[0m 23.636 ms - -[0m
2023-05-06 00:40:44 info: [0mGET /admins/profile [36m304[0m 43.632 ms - -[0m
2023-05-06 00:40:44 info: [0mGET /services/nav [36m304[0m 55.208 ms - -[0m
2023-05-06 00:40:48 info: [0mGET /services/show/4 [36m304[0m 9.169 ms - -[0m
2023-05-06 00:40:49 info: [0mGET /services/show/5 [36m304[0m 7.094 ms - -[0m
2023-05-06 00:40:50 info: [0mGET /services/show/4 [36m304[0m 4.285 ms - -[0m
2023-05-06 00:40:50 info: [0mGET /services/show/5 [36m304[0m 4.964 ms - -[0m
2023-05-06 00:40:51 info: [0mGET /services/show/4 [36m304[0m 5.730 ms - -[0m
2023-05-06 00:40:51 info: [0mGET /services/show/1 [36m304[0m 7.155 ms - -[0m
2023-05-06 00:40:53 info: [0mGET /services/show/4 [36m304[0m 4.419 ms - -[0m
2023-05-06 00:40:53 info: [0mGET /services/show/5 [36m304[0m 7.481 ms - -[0m
2023-05-06 00:40:54 info: [0mGET /services/show/1 [36m304[0m 7.055 ms - -[0m
2023-05-06 00:40:56 info: [0mGET /services/show/4 [36m304[0m 6.095 ms - -[0m
2023-05-06 00:40:57 info: [0mGET /services/show/2 [36m304[0m 3.919 ms - -[0m
2023-05-06 00:40:59 info: [0mGET /services/show/4 [36m304[0m 5.427 ms - -[0m
2023-05-06 00:42:34 info: [0mGET /services/show/1 [36m304[0m 49.043 ms - -[0m
2023-05-06 00:42:34 info: [0mGET /services/show/4 [36m304[0m 8.569 ms - -[0m
2023-05-06 00:44:32 info: [0mOPTIONS /admins/profile [32m204[0m 1.015 ms - 0[0m
2023-05-06 00:44:32 info: [0mGET /services/nav [36m304[0m 169.922 ms - -[0m
2023-05-06 00:44:32 info: [0mGET /admins/profile [36m304[0m 188.239 ms - -[0m
2023-05-06 00:45:30 info: [0mOPTIONS /admins/profile [32m204[0m 0.493 ms - 0[0m
2023-05-06 00:45:30 info: [0mGET /admins/profile [36m304[0m 113.487 ms - -[0m
2023-05-06 00:45:30 info: [0mGET /services/nav [36m304[0m 116.174 ms - -[0m
2023-05-06 00:52:16 info: [0mOPTIONS /admins/profile [32m204[0m 0.762 ms - 0[0m
2023-05-06 00:52:16 info: [0mGET /services/nav [32m200[0m 193.059 ms - 762[0m
2023-05-06 00:52:16 info: [0mGET /admins/profile [36m304[0m 185.007 ms - -[0m
2023-05-06 00:52:42 info: [0mOPTIONS /admins/profile [32m204[0m 0.651 ms - 0[0m
2023-05-06 00:52:42 info: [0mGET /services/nav [32m200[0m 72.552 ms - 901[0m
2023-05-06 00:52:42 info: [0mGET /admins/profile [36m304[0m 93.093 ms - -[0m
2023-05-06 00:53:26 info: [0mOPTIONS /admins/profile [32m204[0m 0.630 ms - 0[0m
2023-05-06 00:53:26 info: [0mGET /admins/profile [36m304[0m 128.807 ms - -[0m
2023-05-06 00:53:26 info: [0mGET /services/nav [36m304[0m 130.648 ms - -[0m
2023-05-06 00:53:30 info: [0mGET /services/show/1 [36m304[0m 7.209 ms - -[0m
2023-05-06 00:54:33 info: [0mOPTIONS /admins/profile [32m204[0m 82.006 ms - 0[0m
2023-05-06 00:54:34 info: [0mGET /services/nav [32m200[0m 830.868 ms - 762[0m
2023-05-06 00:54:34 info: [0mGET /admins/profile [36m304[0m 895.795 ms - -[0m
2023-05-06 00:55:37 info: [0mOPTIONS /admins/profile [32m204[0m 0.607 ms - 0[0m
2023-05-06 00:55:37 info: [0mGET /admins/profile [36m304[0m 114.154 ms - -[0m
2023-05-06 00:55:37 info: [0mGET /services/nav [32m200[0m 105.019 ms - 901[0m
2023-05-06 00:55:44 info: [0mOPTIONS /admins/profile [32m204[0m 0.740 ms - 0[0m
2023-05-06 00:55:44 info: [0mGET /services/nav [36m304[0m 118.350 ms - -[0m
2023-05-06 00:55:44 info: [0mGET /admins/profile [36m304[0m 132.372 ms - -[0m
2023-05-06 00:55:46 info: [0mGET /services/show/1 [36m304[0m 9.487 ms - -[0m
2023-05-06 00:55:50 info: [0mOPTIONS /folders/get-medias [32m204[0m 0.384 ms - 0[0m
2023-05-06 00:55:50 info: [0mPOST /folders/get-medias [32m200[0m 13.703 ms - 31[0m
2023-05-06 00:55:50 info: [0mGET /folders [36m304[0m 41.339 ms - -[0m
2023-05-06 00:55:57 info: [0mPOST /medias/create [32m200[0m 79.807 ms - 31[0m
2023-05-06 00:55:57 info: [0mOPTIONS /folders/get-medias [32m204[0m 0.333 ms - 0[0m
2023-05-06 00:55:57 info: [0mPOST /folders/get-medias [32m200[0m 5.195 ms - 329[0m
2023-05-06 00:56:19 info: [0mOPTIONS /folders/get-medias [32m204[0m 0.627 ms - 0[0m
2023-05-06 00:56:19 info: [0mPOST /folders/get-medias [32m200[0m 35.824 ms - 329[0m
2023-05-06 00:56:19 info: [0mGET /folders [36m304[0m 27.661 ms - -[0m
2023-05-06 00:56:38 info: [0mOPTIONS /folders/get-medias [32m204[0m 0.851 ms - 0[0m
2023-05-06 00:56:39 info: [0mPOST /folders/get-medias [32m200[0m 67.215 ms - 329[0m
2023-05-06 00:56:39 info: [0mGET /folders [36m304[0m 96.684 ms - -[0m
2023-05-06 00:59:45 info: [0mOPTIONS /admins/profile [32m204[0m 0.706 ms - 0[0m
2023-05-06 00:59:45 info: [0mGET /admins/profile [36m304[0m 105.880 ms - -[0m
2023-05-06 00:59:45 info: [0mGET /services/nav [36m304[0m 88.319 ms - -[0m
2023-05-06 00:59:48 info: [0mGET /services/show/1 [36m304[0m 7.798 ms - -[0m
2023-05-06 00:59:51 info: [0mOPTIONS /folders/get-medias [32m204[0m 0.150 ms - 0[0m
2023-05-06 00:59:51 info: [0mPOST /folders/get-medias [32m200[0m 11.760 ms - 329[0m
2023-05-06 00:59:51 info: [0mGET /folders [36m304[0m 19.791 ms - -[0m
2023-05-06 01:00:20 info: [0mOPTIONS /admins/profile [32m204[0m 0.679 ms - 0[0m
2023-05-06 01:00:20 info: [0mGET /admins/profile [36m304[0m 98.536 ms - -[0m
2023-05-06 01:00:20 info: [0mGET /services/nav [36m304[0m 109.627 ms - -[0m
2023-05-06 01:00:34 info: [0mGET /services/show/1 [36m304[0m 61.341 ms - -[0m
2023-05-06 01:00:36 info: [0mOPTIONS /folders/get-medias [32m204[0m 0.134 ms - 0[0m
2023-05-06 01:00:36 info: [0mPOST /folders/get-medias [32m200[0m 11.215 ms - 329[0m
2023-05-06 01:00:36 info: [0mGET /folders [36m304[0m 52.470 ms - -[0m
2023-05-06 01:01:00 info: [0mOPTIONS /folders/get-medias [32m204[0m 0.819 ms - 0[0m
2023-05-06 01:01:00 info: [0mPOST /folders/get-medias [32m200[0m 39.557 ms - 329[0m
2023-05-06 01:01:00 info: [0mGET /folders [36m304[0m 36.631 ms - -[0m
2023-05-06 01:01:15 info: [0mOPTIONS /folders/get-medias [32m204[0m 0.668 ms - 0[0m
2023-05-06 01:01:15 info: [0mPOST /folders/get-medias [32m200[0m 37.112 ms - 329[0m
2023-05-06 01:01:15 info: [0mGET /folders [36m304[0m 43.643 ms - -[0m
2023-05-06 01:01:20 info: [0mOPTIONS /admins/profile [32m204[0m 0.578 ms - 0[0m
2023-05-06 01:01:20 info: [0mGET /services/nav [36m304[0m 21.609 ms - -[0m
2023-05-06 01:01:20 info: [0mGET /admins/profile [36m304[0m 44.450 ms - -[0m
2023-05-06 01:01:22 info: [0mGET /services/show/1 [36m304[0m 104.979 ms - -[0m
2023-05-06 01:01:24 info: [0mOPTIONS /folders/get-medias [32m204[0m 0.140 ms - 0[0m
2023-05-06 01:01:24 info: [0mPOST /folders/get-medias [32m200[0m 28.299 ms - 329[0m
2023-05-06 01:01:24 info: [0mGET /folders [36m304[0m 61.823 ms - -[0m
2023-05-06 01:01:46 info: [0mOPTIONS /folders/get-medias [32m204[0m 0.683 ms - 0[0m
2023-05-06 01:01:46 info: [0mPOST /folders/get-medias [32m200[0m 36.605 ms - 329[0m
2023-05-06 01:01:46 info: [0mGET /folders [36m304[0m 26.723 ms - -[0m
2023-05-06 01:01:54 info: [0mOPTIONS /folders/get-medias [32m204[0m 0.456 ms - 0[0m
2023-05-06 01:01:54 info: [0mPOST /folders/get-medias [32m200[0m 12.205 ms - 329[0m
2023-05-06 01:01:54 info: [0mGET /folders [36m304[0m 11.285 ms - -[0m
2023-05-06 01:02:14 info: [0mGET /services/show/2 [36m304[0m 22.515 ms - -[0m
2023-05-06 01:02:18 info: [0mGET /services/show/1 [36m304[0m 18.789 ms - -[0m
2023-05-06 01:02:21 info: [0mOPTIONS /folders/get-medias [32m204[0m 0.697 ms - 0[0m
2023-05-06 01:02:21 info: [0mPOST /folders/get-medias [32m200[0m 12.127 ms - 329[0m
2023-05-06 01:02:21 info: [0mGET /folders [36m304[0m 30.135 ms - -[0m
2023-05-06 01:02:23 info: [0mPOST /folders/get-medias [32m200[0m 7.201 ms - 329[0m
2023-05-06 01:02:24 info: [0mGET /folders [36m304[0m 5.981 ms - -[0m
2023-05-06 01:03:26 info: [0mOPTIONS /admins/profile [32m204[0m 3.970 ms - 0[0m
2023-05-06 01:03:26 info: [0mGET /services/nav [36m304[0m 100.965 ms - -[0m
2023-05-06 01:03:26 info: [0mGET /admins/profile [36m304[0m 117.831 ms - -[0m
2023-05-06 01:03:31 info: [0mGET /services/show/1 [36m304[0m 7.516 ms - -[0m
2023-05-06 01:03:33 info: [0mOPTIONS /folders/get-medias [32m204[0m 0.157 ms - 0[0m
2023-05-06 01:03:33 info: [0mPOST /folders/get-medias [32m200[0m 4.421 ms - 329[0m
2023-05-06 01:03:33 info: [0mGET /folders [36m304[0m 37.860 ms - -[0m
2023-05-06 01:03:38 info: [0mOPTIONS /services/update/1 [32m204[0m 0.841 ms - 0[0m
2023-05-06 01:03:38 info: [0mPUT /services/update/1 [32m200[0m 95.238 ms - -[0m
2023-05-06 01:03:38 info: [0mGET /services/nav [36m304[0m 13.470 ms - -[0m
2023-05-06 01:04:12 info: [0mOPTIONS /admins/profile [32m204[0m 0.654 ms - 0[0m
2023-05-06 01:04:12 info: [0mGET /services/nav [36m304[0m 159.940 ms - -[0m
2023-05-06 01:04:12 info: [0mGET /admins/profile [36m304[0m 235.020 ms - -[0m
2023-05-06 01:04:12 info: [0mGET /services/show/1 [32m200[0m 43.891 ms - -[0m
2023-05-06 01:04:55 info: [0mOPTIONS /admins/profile [32m204[0m 0.877 ms - 0[0m
2023-05-06 01:04:55 info: [0mGET /admins/profile [36m304[0m 93.729 ms - -[0m
2023-05-06 01:04:55 info: [0mGET /services/nav [36m304[0m 93.256 ms - -[0m
2023-05-06 01:04:56 info: [0mGET /services/show/1 [36m304[0m 79.840 ms - -[0m
2023-05-06 01:07:02 info: [0mOPTIONS /admins/profile [32m204[0m 0.689 ms - 0[0m
2023-05-06 01:07:02 info: [0mGET /services/nav [36m304[0m 159.089 ms - -[0m
2023-05-06 01:07:02 info: [0mGET /admins/profile [36m304[0m 118.815 ms - -[0m
2023-05-06 01:07:09 info: [0mGET /services/show/2 [36m304[0m 20.512 ms - -[0m
2023-05-06 01:07:10 info: [0mGET /services/show/1 [36m304[0m 3.331 ms - -[0m
2023-05-06 01:07:20 info: [0mOPTIONS /services/update/1 [32m204[0m 0.167 ms - 0[0m
2023-05-06 01:07:20 info: [0mPUT /services/update/1 [32m200[0m 40.030 ms - 995[0m
2023-05-06 01:07:20 info: [0mGET /services/nav [36m304[0m 8.765 ms - -[0m
2023-05-06 01:07:22 info: [0mOPTIONS /admins/profile [32m204[0m 0.323 ms - 0[0m
2023-05-06 01:07:22 info: [0mGET /services/nav [36m304[0m 16.680 ms - -[0m
2023-05-06 01:07:22 info: [0mGET /admins/profile [36m304[0m 32.787 ms - -[0m
2023-05-06 01:07:27 info: [0mGET /services/show/4 [36m304[0m 5.082 ms - -[0m
2023-05-06 01:07:29 info: [0mGET /services/show/1 [32m200[0m 6.684 ms - 996[0m
2023-05-06 01:07:29 info: [0mGET /services/show/2 [36m304[0m 25.606 ms - -[0m
2023-05-06 01:07:30 info: [0mGET /services/show/4 [36m304[0m 4.380 ms - -[0m
2023-05-06 01:09:01 info: [0mOPTIONS /folders/get-medias [32m204[0m 0.936 ms - 0[0m
2023-05-06 01:09:02 info: [0mPOST /folders/get-medias [32m200[0m 28.961 ms - 329[0m
2023-05-06 01:09:02 info: [0mGET /folders [36m304[0m 14.797 ms - -[0m
2023-05-06 01:09:07 info: [0mOPTIONS /services/update/4 [32m204[0m 0.121 ms - 0[0m
2023-05-06 01:09:07 info: [0mPUT /services/update/4 [32m200[0m 12.722 ms - -[0m
2023-05-06 01:09:07 info: [0mGET /services/nav [36m304[0m 25.476 ms - -[0m
2023-05-06 01:09:11 info: [0mOPTIONS /admins/profile [32m204[0m 0.730 ms - 0[0m
2023-05-06 01:09:11 info: [0mGET /services/nav [36m304[0m 101.718 ms - -[0m
2023-05-06 01:09:11 info: [0mGET /admins/profile [36m304[0m 279.457 ms - -[0m
2023-05-06 01:09:11 info: [0mGET /services/show/1 [36m304[0m 9.950 ms - -[0m
2023-05-06 01:09:13 info: [0mGET /services/show/4 [32m200[0m 21.415 ms - -[0m
2023-05-06 01:10:14 info: [0mOPTIONS /folders/get-medias [32m204[0m 3.339 ms - 0[0m
2023-05-06 01:10:14 info: [0mPOST /folders/get-medias [32m200[0m 55.394 ms - 329[0m
2023-05-06 01:10:14 info: [0mGET /folders [36m304[0m 31.265 ms - -[0m
2023-05-06 13:06:32 info: [0mGET /services/show/1 [36m304[0m 130.177 ms - -[0m
2023-05-06 14:27:02 info: [0mGET /banners/getListBanner [36m304[0m 258.789 ms - -[0m
2023-05-06 14:27:02 info: [0mGET /services/nav [36m304[0m 365.561 ms - -[0m
2023-05-06 14:27:02 info: [0mGET /posts/getListFeatured [36m304[0m 293.149 ms - -[0m
2023-05-06 14:27:03 info: [0mGET /services/nav [36m304[0m 127.971 ms - -[0m
2023-05-06 14:27:11 info: [0mOPTIONS /admins/login [32m204[0m 1.030 ms - 0[0m
2023-05-06 14:27:11 info: [0mPOST /admins/login [32m200[0m 40.747 ms - -[0m
2023-05-06 14:27:11 info: [0mOPTIONS /admins/profile [32m204[0m 0.337 ms - 0[0m
2023-05-06 14:27:11 info: [0mGET /admins/profile [36m304[0m 53.762 ms - -[0m
2023-05-06 14:28:31 info: [0mOPTIONS /admins/profile [32m204[0m 2.407 ms - 0[0m
2023-05-06 14:28:31 info: [0mGET /admins/profile [36m304[0m 130.290 ms - -[0m
2023-05-06 14:28:31 info: [0mGET /services/nav [36m304[0m 127.115 ms - -[0m
2023-05-06 14:28:33 info: [0mGET /services/show/1 [36m304[0m 15.320 ms - -[0m
2023-05-06 14:28:46 info: [0mOPTIONS /admins/profile [32m204[0m 0.646 ms - 0[0m
2023-05-06 14:28:47 info: [0mGET /admins/profile [36m304[0m 81.517 ms - -[0m
2023-05-06 14:28:47 info: [0mGET /branchs? [32m200[0m 164.887 ms - 255[0m
2023-05-06 14:28:47 info: [0mGET /branchs?page=1&page_size=10 [36m304[0m 22.007 ms - -[0m
2023-05-06 14:28:50 info: [0mGET /branchs/show/1 [32m200[0m 6.745 ms - 65[0m
2023-05-06 14:28:50 info: [0mGET /admins/profile [36m304[0m 47.184 ms - -[0m
2023-05-06 14:31:16 info: [0mOPTIONS /admins/profile [32m204[0m 5.739 ms - 0[0m
2023-05-06 14:31:17 info: [0mGET /branchs/show/1 [36m304[0m 549.479 ms - -[0m
2023-05-06 14:31:17 info: [0mGET /services/nav [36m304[0m 542.810 ms - -[0m
2023-05-06 14:31:17 info: [0mGET /admins/profile [36m304[0m 570.053 ms - -[0m
2023-05-06 14:31:18 info: [0mGET /admins/profile [36m304[0m 144.011 ms - -[0m
2023-05-06 14:31:18 info: [0mGET /branchs? [32m200[0m 148.911 ms - 266[0m
2023-05-06 14:31:18 info: [0mGET /branchs?page=1&page_size=10 [36m304[0m 103.212 ms - -[0m
2023-05-06 14:31:23 info: [0mOPTIONS /admins/profile [32m204[0m 0.280 ms - 0[0m
2023-05-06 14:31:23 info: [0mGET /admins/profile [36m304[0m 13.403 ms - -[0m
2023-05-06 14:31:23 info: [0mGET /services/nav [32m200[0m 75.446 ms - 762[0m
2023-05-06 14:31:25 info: [0mGET /services/show/2 [36m304[0m 7.598 ms - -[0m
2023-05-06 14:31:26 info: [0mGET /services/show/1 [36m304[0m 4.736 ms - -[0m
2023-05-06 14:31:29 info: [0mOPTIONS /folders/get-medias [32m204[0m 0.320 ms - 0[0m
2023-05-06 14:31:29 info: [0mPOST /folders/get-medias [32m200[0m 17.810 ms - 329[0m
2023-05-06 14:31:29 info: [0mGET /folders [36m304[0m 182.649 ms - -[0m
2023-05-06 14:31:32 info: [0mPOST /folders/get-medias [32m200[0m 5.328 ms - 329[0m
2023-05-06 14:31:32 info: [0mGET /folders [36m304[0m 5.777 ms - -[0m
2023-05-06 14:32:25 info: [0mOPTIONS /folders/get-medias [32m204[0m 2.647 ms - 0[0m
2023-05-06 14:32:25 info: [0mPOST /folders/get-medias [32m200[0m 72.539 ms - 329[0m
2023-05-06 14:32:25 info: [0mGET /folders [36m304[0m 69.076 ms - -[0m
2023-05-06 14:33:29 info: [0mOPTIONS /folders/get-medias [32m204[0m 0.968 ms - 0[0m
2023-05-06 14:33:29 info: [0mPOST /folders/get-medias [32m200[0m 43.122 ms - 329[0m
2023-05-06 14:33:29 info: [0mGET /folders [36m304[0m 43.574 ms - -[0m
2023-05-06 14:33:35 info: [0mOPTIONS /folders/get-medias [32m204[0m 0.097 ms - 0[0m
2023-05-06 14:33:35 info: [0mPOST /folders/get-medias [32m200[0m 8.430 ms - 329[0m
2023-05-06 14:33:35 info: [0mGET /folders [36m304[0m 13.709 ms - -[0m
2023-05-06 14:33:39 info: [0mPOST /medias/create [32m200[0m 99.351 ms - 31[0m
2023-05-06 14:33:39 info: [0mPOST /folders/get-medias [32m200[0m 4.485 ms - 630[0m
2023-05-06 14:33:43 info: [0mOPTIONS /services/update/1 [32m204[0m 0.705 ms - 0[0m
2023-05-06 14:33:43 info: [0mPUT /services/update/1 [32m200[0m 92.367 ms - -[0m
2023-05-06 14:33:43 info: [0mGET /services/nav [32m200[0m 25.078 ms - 901[0m
2023-05-06 14:33:47 info: [0mOPTIONS /admins/profile [32m204[0m 0.741 ms - 0[0m
2023-05-06 14:33:47 info: [0mGET /services/nav [36m304[0m 40.678 ms - -[0m
2023-05-06 14:33:47 info: [0mGET /admins/profile [36m304[0m 78.127 ms - -[0m
2023-05-06 14:33:49 info: [0mGET /services/show/1 [32m200[0m 55.350 ms - -[0m
2023-05-06 14:36:03 info: [0mOPTIONS /admins/profile [32m204[0m 0.724 ms - 0[0m
2023-05-06 14:36:04 info: [0mGET /contacts? [36m304[0m 797.700 ms - -[0m
2023-05-06 14:36:04 info: [0mGET /contacts?page=1&page_size=10 [36m304[0m 626.576 ms - -[0m
2023-05-06 14:36:04 info: [0mGET /contacts? [36m304[0m 8.120 ms - -[0m
2023-05-06 14:36:04 info: [0mGET /contacts?page=1&page_size=10 [36m304[0m 5.103 ms - -[0m
2023-05-06 14:36:04 info: [0mGET /admins/profile [36m304[0m 769.751 ms - -[0m
2023-05-06 14:36:04 info: [0mGET /admins/profile [36m304[0m 13.348 ms - -[0m
2023-05-06 14:36:05 info: [0mGET /admins/profile [36m304[0m 47.613 ms - -[0m
2023-05-06 14:36:05 info: [0mGET /jobs? [32m200[0m 89.674 ms - 996[0m
2023-05-06 14:36:05 info: [0mGET /admins/profile [36m304[0m 54.859 ms - -[0m
2023-05-06 14:36:05 info: [0mGET /branchs? [36m304[0m 58.331 ms - -[0m
2023-05-06 14:36:05 info: [0mGET /branchs?page=1&page_size=10 [36m304[0m 15.037 ms - -[0m
2023-05-06 14:36:09 info: [0mOPTIONS /admins/profile [32m204[0m 0.249 ms - 0[0m
2023-05-06 14:36:09 info: [0mGET /services/nav [32m200[0m 111.298 ms - 762[0m
2023-05-06 14:36:09 info: [0mGET /admins/profile [36m304[0m 61.313 ms - -[0m
2023-05-06 14:36:13 info: [0mGET /services/show/1 [36m304[0m 48.521 ms - -[0m
2023-05-06 14:36:14 info: [0mGET /services/show/4 [36m304[0m 6.843 ms - -[0m
2023-05-06 14:36:15 info: [0mGET /services/show/5 [36m304[0m 4.541 ms - -[0m
2023-05-06 14:36:15 info: [0mGET /services/show/4 [36m304[0m 4.034 ms - -[0m
2023-05-06 14:36:16 info: [0mGET /services/show/1 [36m304[0m 9.666 ms - -[0m
2023-05-06 14:36:38 info: [0mOPTIONS /admins/profile [32m204[0m 0.721 ms - 0[0m
2023-05-06 14:36:38 info: [0mGET /branchs? [36m304[0m 76.949 ms - -[0m
2023-05-06 14:36:38 info: [0mGET /branchs?page=1&page_size=10 [36m304[0m 36.562 ms - -[0m
2023-05-06 14:36:38 info: [0mGET /admins/profile [36m304[0m 130.733 ms - -[0m
2023-05-06 14:36:42 info: [0mGET /admins/profile [36m304[0m 27.085 ms - -[0m
2023-05-06 14:36:44 info: [0mOPTIONS /admins/profile [32m204[0m 0.842 ms - 0[0m
2023-05-06 14:36:44 info: [0mGET /projects? [36m304[0m 80.939 ms - -[0m
2023-05-06 14:36:44 info: [0mGET /admins/profile [36m304[0m 97.603 ms - -[0m
2023-05-06 14:36:44 info: [0mGET /projects?page=1&page_size=10 [36m304[0m 67.807 ms - -[0m
2023-05-06 14:36:50 info: [0mGET /projects?page=1&page_size=10&search=v [32m200[0m 15.775 ms - 529[0m
2023-05-06 14:36:52 info: [0mGET /projects?page=1&page_size=10 [36m304[0m 17.952 ms - -[0m
2023-05-06 14:36:52 info: [0mGET /projects?page=1&page_size=10&search=n [32m200[0m 13.655 ms - 529[0m
2023-05-06 14:36:52 info: [0mGET /projects?page=1&page_size=10&search=na [32m200[0m 27.960 ms - 529[0m
2023-05-06 14:36:52 info: [0mGET /projects?page=1&page_size=10&search=nam [32m200[0m 9.064 ms - 529[0m
2023-05-06 14:36:54 info: [0mGET /projects?page=1&page_size=10 [36m304[0m 33.083 ms - -[0m
2023-05-06 14:36:55 info: [0mGET /projects?page=1&page_size=10&search=o [32m200[0m 10.380 ms - 92[0m
2023-05-06 14:36:55 info: [0mGET /projects?page=1&page_size=10&search=or [32m200[0m 10.252 ms - 92[0m
2023-05-06 14:36:55 info: [0mGET /projects?page=1&page_size=10&search=ori [32m200[0m 7.642 ms - 92[0m
2023-05-06 14:36:56 info: [0mGET /projects?page=1&page_size=10&search=or [36m304[0m 5.965 ms - -[0m
2023-05-06 14:36:56 info: [0mGET /projects?page=1&page_size=10&search=o [36m304[0m 26.974 ms - -[0m
2023-05-06 14:36:56 info: [0mGET /projects?page=1&page_size=10 [36m304[0m 12.338 ms - -[0m
2023-05-06 20:07:02 info: [0mGET /banners/getListBanner [36m304[0m 560.730 ms - -[0m
2023-05-06 20:07:02 info: [0mGET /posts/getListFeatured [36m304[0m 478.151 ms - -[0m
2023-05-06 20:07:02 info: [0mGET /services/nav [32m200[0m 706.728 ms - 901[0m
2023-05-06 20:07:02 info: [0mGET /services/nav [36m304[0m 19.505 ms - -[0m
2023-05-06 20:07:24 info: [0mOPTIONS /admins/login [32m204[0m 0.692 ms - 0[0m
2023-05-06 20:07:24 info: [0mPOST /admins/login [32m200[0m 52.621 ms - -[0m
2023-05-06 20:07:25 info: [0mOPTIONS /admins/profile [32m204[0m 0.157 ms - 0[0m
2023-05-06 20:07:25 info: [0mGET /admins/profile [36m304[0m 33.301 ms - -[0m
2023-05-06 20:07:32 info: [0mOPTIONS /admins/profile [32m204[0m 0.160 ms - 0[0m
2023-05-06 20:07:32 info: [0mGET /admins/profile [36m304[0m 40.336 ms - -[0m
2023-05-06 20:07:32 info: [0mGET /banners? [36m304[0m 114.277 ms - -[0m
2023-05-06 20:07:33 info: [0mGET /banners?page=1&page_size=10 [36m304[0m 25.916 ms - -[0m
2023-05-06 20:07:34 info: [0mGET /admins/profile [36m304[0m 18.055 ms - -[0m
2023-05-06 20:07:34 info: [0mGET /services/nav [36m304[0m 22.733 ms - -[0m
2023-05-06 20:07:35 info: [0mGET /admins/profile [36m304[0m 57.538 ms - -[0m
2023-05-06 20:07:35 info: [0mGET /branchs? [36m304[0m 69.431 ms - -[0m
2023-05-06 20:07:35 info: [0mGET /branchs?page=1&page_size=10 [36m304[0m 7.822 ms - -[0m
2023-05-06 20:07:36 info: [0mGET /admins/profile [36m304[0m 30.492 ms - -[0m
2023-05-06 20:07:36 info: [0mGET /projects? [36m304[0m 25.554 ms - -[0m
2023-05-06 20:07:36 info: [0mGET /projects?page=1&page_size=10 [36m304[0m 14.545 ms - -[0m
2023-05-06 20:07:37 info: [0mGET /admins/profile [36m304[0m 36.058 ms - -[0m
2023-05-06 20:07:37 info: [0mGET /posts? [36m304[0m 92.874 ms - -[0m
2023-05-06 20:07:37 info: [0mGET /posts?page=1&page_size=10 [36m304[0m 37.512 ms - -[0m
2023-05-06 20:07:38 info: [0mOPTIONS /admins/profile [32m204[0m 0.174 ms - 0[0m
2023-05-06 20:07:38 info: [0mGET /admins/profile [36m304[0m 44.318 ms - -[0m
2023-05-06 20:07:38 info: [0mGET /categories? [32m200[0m 58.185 ms - 372[0m
2023-05-06 20:07:38 info: [0mGET /categories?page=1&page_size=10 [32m200[0m 44.886 ms - 372[0m
2023-05-06 20:07:39 info: [0mGET /admins/profile [36m304[0m 13.728 ms - -[0m
2023-05-06 20:07:39 info: [0mGET /posts? [36m304[0m 16.008 ms - -[0m
2023-05-06 20:07:40 info: [0mGET /posts?page=1&page_size=10 [36m304[0m 19.894 ms - -[0m
2023-05-06 20:07:40 info: [0mGET /projects? [36m304[0m 6.413 ms - -[0m
2023-05-06 20:07:40 info: [0mGET /admins/profile [36m304[0m 14.364 ms - -[0m
2023-05-06 20:07:40 info: [0mGET /projects?page=1&page_size=10 [36m304[0m 12.650 ms - -[0m
2023-05-06 20:07:41 info: [0mGET /branchs? [36m304[0m 7.891 ms - -[0m
2023-05-06 20:07:41 info: [0mGET /admins/profile [36m304[0m 27.548 ms - -[0m
2023-05-06 20:07:41 info: [0mGET /branchs?page=1&page_size=10 [36m304[0m 17.718 ms - -[0m
2023-05-06 20:07:42 info: [0mGET /admins/profile [36m304[0m 29.619 ms - -[0m
2023-05-06 20:07:42 info: [0mGET /services/nav [36m304[0m 36.066 ms - -[0m
2023-05-06 20:07:44 info: [0mGET /services/show/1 [36m304[0m 8.759 ms - -[0m
2023-05-06 20:07:51 info: [0mOPTIONS /services/update/1 [32m204[0m 0.247 ms - 0[0m
2023-05-06 20:07:51 info: [0mPUT /services/update/1 [32m200[0m 50.642 ms - -[0m
2023-05-06 20:07:51 info: [0mGET /services/nav [36m304[0m 18.218 ms - -[0m
2023-05-06 20:07:53 info: [0mGET /services/show/4 [36m304[0m 16.390 ms - -[0m
2023-05-06 20:07:54 info: [0mGET /services/show/5 [36m304[0m 3.198 ms - -[0m
2023-05-06 20:07:54 info: [0mGET /services/show/4 [36m304[0m 4.843 ms - -[0m
2023-05-06 20:07:55 info: [0mGET /services/show/1 [32m200[0m 4.102 ms - -[0m
2023-05-06 20:07:55 info: [0mGET /services/show/4 [36m304[0m 4.307 ms - -[0m
2023-05-06 20:07:55 info: [0mGET /services/show/5 [36m304[0m 3.140 ms - -[0m
2023-05-06 20:07:55 info: [0mGET /services/show/2 [36m304[0m 3.807 ms - -[0m
2023-05-06 20:07:56 info: [0mGET /services/show/3 [36m304[0m 4.598 ms - -[0m
2023-05-06 20:07:58 info: [0mGET /services/show/1 [36m304[0m 3.913 ms - -[0m
2023-05-06 20:07:59 info: [0mGET /services/show/4 [36m304[0m 4.968 ms - -[0m
2023-05-06 20:07:59 info: [0mGET /services/show/5 [36m304[0m 4.688 ms - -[0m
2023-05-06 20:07:59 info: [0mGET /services/show/2 [36m304[0m 4.468 ms - -[0m
2023-05-06 20:08:15 info: [0mOPTIONS /admins/profile [32m204[0m 0.706 ms - 0[0m
2023-05-06 20:08:15 info: [0mGET /admins/profile [36m304[0m 114.752 ms - -[0m
2023-05-06 20:08:15 info: [0mGET /services/nav [36m304[0m 112.882 ms - -[0m
2023-05-06 20:08:18 info: [0mGET /admins/profile [36m304[0m 72.903 ms - -[0m
2023-05-06 20:08:18 info: [0mGET /services/nav [36m304[0m 73.314 ms - -[0m
2023-05-06 20:08:26 info: [0mGET /services/show/2 [36m304[0m 39.226 ms - -[0m
2023-05-06 20:08:26 info: [0mGET /services/show/3 [36m304[0m 17.422 ms - -[0m
2023-05-06 20:08:27 info: [0mGET /services/show/2 [36m304[0m 9.651 ms - -[0m
2023-05-06 20:08:44 info: [0mGET /services/show/4 [36m304[0m 28.966 ms - -[0m
2023-05-06 20:08:45 info: [0mGET /services/show/5 [36m304[0m 2.756 ms - -[0m
2023-05-06 20:08:45 info: [0mGET /services/show/4 [36m304[0m 4.174 ms - -[0m
2023-05-06 20:08:46 info: [0mGET /services/show/1 [36m304[0m 3.247 ms - -[0m
2023-05-06 20:08:48 info: [0mGET /services/show/4 [36m304[0m 6.164 ms - -[0m
2023-05-06 20:08:49 info: [0mGET /services/show/5 [36m304[0m 3.508 ms - -[0m
2023-05-06 20:08:50 info: [0mGET /services/show/1 [36m304[0m 15.858 ms - -[0m
2023-05-06 20:08:57 info: [0mOPTIONS /folders/get-medias [32m204[0m 0.167 ms - 0[0m
2023-05-06 20:08:57 info: [0mPOST /folders/get-medias [32m200[0m 21.309 ms - 630[0m
2023-05-06 20:08:57 info: [0mGET /folders [36m304[0m 32.360 ms - -[0m
2023-05-06 20:08:59 info: [0mPOST /folders/get-medias [32m200[0m 4.854 ms - 630[0m
2023-05-06 20:08:59 info: [0mGET /folders [36m304[0m 17.834 ms - -[0m
2023-05-06 20:11:49 info: [0mOPTIONS /folders/get-medias [32m204[0m 0.551 ms - 0[0m
2023-05-06 20:11:49 info: [0mPOST /folders/get-medias [32m200[0m 68.625 ms - 630[0m
2023-05-06 20:11:49 info: [0mGET /folders [36m304[0m 66.715 ms - -[0m
2023-05-06 20:16:40 info: [0mOPTIONS /folders/get-medias [32m204[0m 0.812 ms - 0[0m
2023-05-06 20:16:40 info: [0mPOST /folders/get-medias [32m200[0m 77.413 ms - 630[0m
2023-05-06 20:16:40 info: [0mGET /folders [36m304[0m 73.470 ms - -[0m
2023-05-06 20:16:42 info: [0mPOST /folders/get-medias [32m200[0m 21.430 ms - 630[0m
2023-05-06 20:16:42 info: [0mGET /folders [36m304[0m 19.926 ms - -[0m
2023-05-06 20:16:58 info: [0mOPTIONS /services/update/1 [32m204[0m 0.433 ms - 0[0m
2023-05-06 20:16:58 info: [0mPUT /services/update/1 [32m200[0m 65.776 ms - 1005[0m
2023-05-06 20:16:58 info: [0mGET /services/nav [36m304[0m 12.535 ms - -[0m
2023-05-06 20:17:01 info: [0mGET /services/show/4 [36m304[0m 4.890 ms - -[0m
2023-05-06 20:17:03 info: [0mGET /services/show/1 [32m200[0m 3.302 ms - 1006[0m
2023-05-06 20:19:25 info: [0mGET /services/show/4 [36m304[0m 52.997 ms - -[0m
2023-05-06 20:19:26 info: [0mGET /services/show/5 [36m304[0m 4.231 ms - -[0m
2023-05-06 20:19:28 info: [0mGET /services/show/4 [36m304[0m 4.529 ms - -[0m
2023-05-06 20:19:29 info: [0mGET /services/show/5 [36m304[0m 3.681 ms - -[0m
2023-05-06 20:19:30 info: [0mGET /services/show/4 [36m304[0m 15.525 ms - -[0m
2023-05-06 20:19:30 info: [0mGET /services/show/1 [36m304[0m 8.235 ms - -[0m
2023-05-06 20:19:30 info: [0mGET /services/show/4 [36m304[0m 5.541 ms - -[0m
2023-05-06 20:19:31 info: [0mGET /services/show/5 [36m304[0m 4.568 ms - -[0m
2023-05-06 20:19:31 info: [0mGET /services/show/4 [36m304[0m 3.630 ms - -[0m
2023-05-06 20:19:32 info: [0mGET /services/show/1 [36m304[0m 14.091 ms - -[0m
2023-05-06 20:19:33 info: [0mGET /services/show/4 [36m304[0m 4.193 ms - -[0m
2023-05-06 20:19:33 info: [0mGET /services/show/5 [36m304[0m 3.326 ms - -[0m
2023-05-06 20:19:33 info: [0mGET /services/show/4 [36m304[0m 6.300 ms - -[0m
2023-05-06 20:19:35 info: [0mGET /services/show/1 [36m304[0m 4.708 ms - -[0m
2023-05-06 20:19:49 info: [0mGET /services/show/4 [36m304[0m 34.988 ms - -[0m
2023-05-06 20:19:53 info: [0mOPTIONS /services/update/4 [32m204[0m 1.354 ms - 0[0m
2023-05-06 20:19:53 info: [0mPUT /services/update/4 [32m200[0m 158.823 ms - -[0m
2023-05-06 20:19:53 info: [0mGET /services/nav [36m304[0m 29.390 ms - -[0m
2023-05-06 20:20:00 info: [0mGET /services/nav [36m304[0m 53.990 ms - -[0m
2023-05-06 20:20:00 info: [0mGET /banners/getListBanner [36m304[0m 245.835 ms - -[0m
2023-05-06 20:20:00 info: [0mGET /posts/getListFeatured [36m304[0m 401.596 ms - -[0m
2023-05-06 20:20:01 info: [0mGET /services/nav [36m304[0m 414.520 ms - -[0m
2023-05-06 20:20:03 info: [0mGET /services/show/4 [36m304[0m 58.294 ms - -[0m
2023-05-06 20:24:19 info: [0mGET /services/nav [36m304[0m 113.853 ms - -[0m
2023-05-06 20:24:19 info: [0mGET /services/show/4 [36m304[0m 95.274 ms - -[0m
2023-05-06 20:24:47 info: [0mGET /services/nav [36m304[0m 63.512 ms - -[0m
2023-05-06 20:24:47 info: [0mGET /services/show/4 [36m304[0m 55.181 ms - -[0m
2023-05-06 20:25:02 info: [0mGET /services/nav [36m304[0m 68.427 ms - -[0m
2023-05-06 20:25:02 info: [0mGET /services/show/4 [36m304[0m 48.014 ms - -[0m
2023-05-06 20:25:14 info: [0mGET /services/nav [36m304[0m 53.989 ms - -[0m
2023-05-06 20:25:14 info: [0mGET /services/show/4 [36m304[0m 45.944 ms - -[0m
2023-05-06 20:28:23 info: [0mGET /services/nav [36m304[0m 115.923 ms - -[0m
2023-05-06 20:28:23 info: [0mGET /services/show/4 [36m304[0m 22.570 ms - -[0m
2023-05-06 20:28:55 info: [0mGET /services/nav [36m304[0m 117.833 ms - -[0m
2023-05-06 20:28:55 info: [0mGET /services/show/4 [36m304[0m 22.407 ms - -[0m
2023-05-06 20:29:08 info: [0mGET /services/nav [36m304[0m 132.088 ms - -[0m
2023-05-06 20:29:08 info: [0mGET /services/show/4 [36m304[0m 54.795 ms - -[0m
2023-05-06 20:30:29 info: [0mGET /services/show/4 [36m304[0m 69.183 ms - -[0m
2023-05-06 20:30:57 info: [0mGET /services/show/5 [36m304[0m 26.398 ms - -[0m
2023-05-06 20:31:02 info: [0mGET /services/show/5 [36m304[0m 24.772 ms - -[0m
2023-05-06 20:31:05 info: [0mOPTIONS /services/update/5 [32m204[0m 0.467 ms - 0[0m
2023-05-06 20:31:39 info: [0mPUT /services/update/5 [0m-[0m - ms - -[0m
2023-05-06 20:31:41 info: [0mOPTIONS /admins/profile [32m204[0m 0.350 ms - 0[0m
2023-05-06 20:33:01 info: =================================
2023-05-06 20:33:01 info: ======= ENV: development =======
2023-05-06 20:33:01 info: 🚀 App listening on the port 8000
2023-05-06 20:33:01 info: =================================
2023-05-06 20:33:06 info: [0mOPTIONS /admins/profile [32m204[0m 2.431 ms - 0[0m
2023-05-06 20:33:06 info: [0mGET /services/nav [36m304[0m 280.903 ms - -[0m
2023-05-06 20:33:06 info: [0mGET /admins/profile [36m304[0m 398.913 ms - -[0m
2023-05-06 20:33:33 info: [0mGET /services/show/4 [36m304[0m 71.905 ms - -[0m
2023-05-06 20:33:33 info: [0mGET /services/show/5 [36m304[0m 17.640 ms - -[0m
2023-05-06 20:35:03 info: [0mOPTIONS /admins/profile [32m204[0m 1.450 ms - 0[0m
2023-05-06 20:35:03 info: [0mGET /services/nav [36m304[0m 132.398 ms - -[0m
2023-05-06 20:35:03 info: [0mGET /admins/profile [36m304[0m 158.042 ms - -[0m
2023-05-06 20:35:08 info: [0mGET /services/show/4 [36m304[0m 16.548 ms - -[0m
2023-05-06 20:35:11 info: [0mOPTIONS /folders/get-medias [32m204[0m 0.271 ms - 0[0m
2023-05-06 20:35:11 info: [0mPOST /folders/get-medias [32m200[0m 44.531 ms - 630[0m
2023-05-06 20:35:11 info: [0mGET /folders [36m304[0m 45.867 ms - -[0m
2023-05-06 20:35:14 info: [0mPOST /folders/get-medias [32m200[0m 6.821 ms - 630[0m
2023-05-06 20:35:14 info: [0mGET /folders [36m304[0m 40.447 ms - -[0m
2023-05-06 20:35:16 info: [0mOPTIONS /folders/get-medias [32m204[0m 0.172 ms - 0[0m
2023-05-06 20:35:16 info: [0mPOST /folders/get-medias [32m200[0m 8.703 ms - 630[0m
2023-05-06 20:35:16 info: [0mGET /folders [36m304[0m 10.569 ms - -[0m
2023-05-06 20:35:22 info: [0mOPTIONS /services/update/4 [32m204[0m 0.618 ms - 0[0m
2023-05-06 20:35:22 info: [0mPUT /services/update/4 [32m200[0m 75.545 ms - -[0m
2023-05-06 20:35:22 info: [0mGET /services/nav [36m304[0m 12.334 ms - -[0m
2023-05-06 20:35:26 info: [0mOPTIONS /folders/get-medias [32m204[0m 0.269 ms - 0[0m
2023-05-06 20:35:26 info: [0mPOST /folders/get-medias [32m200[0m 60.490 ms - 630[0m
2023-05-06 20:35:26 info: [0mGET /folders [36m304[0m 75.042 ms - -[0m
2023-05-06 20:35:34 info: [0mOPTIONS /folders/get-medias [32m204[0m 0.325 ms - 0[0m
2023-05-06 20:35:34 info: [0mGET /folders [36m304[0m 13.391 ms - -[0m
2023-05-06 20:35:34 info: [0mPOST /folders/get-medias [32m200[0m 17.821 ms - 630[0m
2023-05-06 20:35:55 info: [0mOPTIONS /folders/get-medias [32m204[0m 4.715 ms - 0[0m
2023-05-06 20:35:55 info: [0mPOST /folders/get-medias [32m200[0m 40.179 ms - 630[0m
2023-05-06 20:35:55 info: [0mGET /folders [36m304[0m 38.880 ms - -[0m
2023-05-06 20:35:59 info: [0mOPTIONS /services/update/4 [32m204[0m 0.176 ms - 0[0m
2023-05-06 20:35:59 info: [0mPUT /services/update/4 [32m200[0m 25.571 ms - -[0m
2023-05-06 20:35:59 info: [0mGET /services/nav [36m304[0m 11.795 ms - -[0m
2023-05-06 20:36:12 info: [0mGET /services/show/4 [32m200[0m 24.044 ms - -[0m
2023-05-06 21:04:25 info: [0mGET /services/nav [36m304[0m 310.674 ms - -[0m
2023-05-06 21:04:25 info: [0mGET /services/show/4 [36m304[0m 46.857 ms - -[0m
2023-05-06 21:05:23 info: [0mGET /services/nav [36m304[0m 54.946 ms - -[0m
2023-05-06 21:05:23 info: [0mGET /services/show/4 [36m304[0m 9.813 ms - -[0m
2023-05-06 21:08:40 info: [0mOPTIONS /services/update/4 [32m204[0m 0.860 ms - 0[0m
2023-05-06 21:08:40 info: [0mPUT /services/update/4 [32m200[0m 64.346 ms - -[0m
2023-05-06 21:08:40 info: [0mGET /services/nav [36m304[0m 12.396 ms - -[0m
2023-05-06 21:08:43 info: [0mGET /services/nav [36m304[0m 11.861 ms - -[0m
2023-05-06 21:08:44 info: [0mGET /services/show/4 [32m200[0m 10.073 ms - -[0m
2023-05-06 21:13:10 info: [0mGET /services/nav [36m304[0m 358.869 ms - -[0m
2023-05-06 21:13:13 info: [0mGET /services/show/8 [36m304[0m 20.787 ms - -[0m
2023-05-06 21:16:25 info: [0mGET /services/show/13 [36m304[0m 96.311 ms - -[0m
2023-05-06 21:16:38 info: [0mGET /services/nav [36m304[0m 144.785 ms - -[0m
2023-05-06 21:16:38 info: [0mGET /services/show/13 [36m304[0m 12.587 ms - -[0m
2023-05-06 21:17:36 info: [0mGET /services/nav [36m304[0m 142.072 ms - -[0m
2023-05-06 21:17:36 info: [0mGET /services/show/13 [36m304[0m 30.766 ms - -[0m
2023-05-06 21:17:41 info: [0mGET /services/show/4 [36m304[0m 21.434 ms - -[0m
2023-05-06 21:17:42 info: [0mGET /services/show/13 [36m304[0m 21.156 ms - -[0m
2023-05-06 21:17:44 info: [0mGET /services/show/14 [36m304[0m 39.361 ms - -[0m
2023-05-06 21:17:44 info: [0mGET /services/show/13 [36m304[0m 7.310 ms - -[0m
2023-05-06 21:18:44 info: [0mOPTIONS /admins/profile [32m204[0m 0.770 ms - 0[0m
2023-05-06 21:18:44 info: [0mGET /services/nav [36m304[0m 230.611 ms - -[0m
2023-05-06 21:18:44 info: [0mGET /admins/profile [36m304[0m 365.392 ms - -[0m
2023-05-06 21:18:45 info: [0mGET /services/show/undefined [36m304[0m 35.931 ms - -[0m
2023-05-06 21:18:46 info: [0mGET /services/nav [36m304[0m 86.785 ms - -[0m
2023-05-06 21:18:46 info: [0mGET /admins/profile [36m304[0m 115.857 ms - -[0m
2023-05-06 21:22:12 info: [0mGET /services/show/13 [36m304[0m 62.025 ms - -[0m
2023-05-06 21:22:12 info: [0mGET /services/nav [36m304[0m 91.346 ms - -[0m
2023-05-06 21:22:50 info: [0mGET /banners/getListBanner [36m304[0m 136.022 ms - -[0m
2023-05-06 21:22:51 info: [0mGET /services/nav [36m304[0m 52.138 ms - -[0m
2023-05-06 21:22:51 info: [0mGET /posts/getListFeatured [36m304[0m 162.383 ms - -[0m
2023-05-06 21:26:06 info: [0mOPTIONS /admins/profile [32m204[0m 0.879 ms - 0[0m
2023-05-06 21:26:07 info: [0mGET /branchs? [36m304[0m 169.244 ms - -[0m
2023-05-06 21:26:07 info: [0mGET /branchs?page=1&page_size=10 [36m304[0m 82.565 ms - -[0m
2023-05-06 21:26:07 info: [0mGET /admins/profile [36m304[0m 217.680 ms - -[0m
2023-05-06 21:26:08 info: [0mGET /admins/profile [36m304[0m 105.204 ms - -[0m
2023-05-06 21:26:08 info: [0mGET /projects? [36m304[0m 137.552 ms - -[0m
2023-05-06 21:26:08 info: [0mGET /projects?page=1&page_size=10 [36m304[0m 13.088 ms - -[0m
2023-05-06 21:26:10 info: [0mGET /branchs?[object%20Object] [36m304[0m 11.498 ms - -[0m
2023-05-06 21:26:10 info: [0mGET /projects?[object%20Object] [36m304[0m 32.275 ms - -[0m
2023-05-06 21:26:10 info: [0mGET /admins/profile [36m304[0m 80.750 ms - -[0m
2023-05-06 21:26:10 info: [0mGET /services?[object%20Object] [36m304[0m 73.202 ms - -[0m
2023-05-06 21:26:16 info: [0mOPTIONS /admins/profile [32m204[0m 0.613 ms - 0[0m
2023-05-06 21:26:16 info: [0mGET /projects?page=1&page_size=10 [36m304[0m 44.071 ms - -[0m
2023-05-06 21:26:16 info: [0mGET /admins/profile [36m304[0m 76.931 ms - -[0m
2023-05-06 21:26:16 info: [0mGET /projects?page=1&page_size=10 [36m304[0m 12.068 ms - -[0m
2023-05-06 21:26:43 info: [0mGET /services/show/4 [36m304[0m 75.505 ms - -[0m
2023-05-06 21:26:52 info: [0mGET /services/show/8 [36m304[0m 17.948 ms - -[0m
2023-05-06 21:27:01 info: [0mGET /services/show/13 [36m304[0m 7.738 ms - -[0m
2023-05-06 21:32:15 info: [0mGET /services/show/4 [36m304[0m 131.185 ms - -[0m
2023-05-06 21:32:29 info: [0mGET /services/show/8 [36m304[0m 58.438 ms - -[0m
2023-05-06 21:32:37 info: [0mGET /services/show/13 [36m304[0m 74.164 ms - -[0m
2023-05-06 21:35:05 info: [0mGET /services/show/13 [36m304[0m 35.223 ms - -[0m
2023-05-06 21:35:05 info: [0mGET /services/nav [36m304[0m 311.075 ms - -[0m
2023-05-06 21:35:50 info: [0mOPTIONS /admins/profile [32m204[0m 0.895 ms - 0[0m
2023-05-06 21:35:51 info: [0mGET /branchs? [36m304[0m 411.378 ms - -[0m
2023-05-06 21:35:51 info: [0mGET /branchs?page=1&page_size=10 [36m304[0m 355.895 ms - -[0m
2023-05-06 21:35:51 info: [0mGET /admins/profile [36m304[0m 579.418 ms - -[0m
2023-05-06 21:35:53 info: [0mGET /admins/profile [36m304[0m 42.695 ms - -[0m
2023-05-06 21:35:53 info: [0mGET /services/nav [36m304[0m 66.308 ms - -[0m
2023-05-06 21:35:55 info: [0mGET /services/show/13 [36m304[0m 60.626 ms - -[0m
2023-05-06 21:36:09 info: [0mOPTIONS /services/update/13 [32m204[0m 0.525 ms - 0[0m
2023-05-06 21:36:09 info: [0mPUT /services/update/13 [32m200[0m 101.986 ms - 427[0m
2023-05-06 21:36:09 info: [0mGET /services/nav [36m304[0m 35.022 ms - -[0m
2023-05-06 21:36:14 info: [0mGET /services/nav [36m304[0m 55.392 ms - -[0m
2023-05-06 21:36:14 info: [0mGET /services/show/13 [32m200[0m 5.216 ms - 430[0m
2023-05-06 21:36:32 info: [0mGET /services/show/14 [36m304[0m 62.963 ms - -[0m
2023-05-06 21:36:33 info: [0mGET /services/show/13 [36m304[0m 9.628 ms - -[0m
2023-05-06 21:37:38 info: [0mOPTIONS /services/update/13 [32m204[0m 0.618 ms - 0[0m
2023-05-06 21:37:38 info: [0mPUT /services/update/13 [32m200[0m 71.101 ms - 529[0m
2023-05-06 21:37:38 info: [0mGET /services/nav [36m304[0m 15.845 ms - -[0m
2023-05-06 21:37:42 info: [0mGET /services/nav [36m304[0m 92.098 ms - -[0m
2023-05-06 21:37:42 info: [0mGET /services/show/13 [32m200[0m 33.981 ms - 532[0m
2023-05-06 21:38:28 info: [0mOPTIONS /services/update/13 [32m204[0m 5.029 ms - 0[0m
2023-05-06 21:38:28 info: [0mPUT /services/update/13 [32m200[0m 61.343 ms - 648[0m
2023-05-06 21:38:28 info: [0mGET /services/nav [36m304[0m 12.628 ms - -[0m
2023-05-06 21:38:32 info: [0mGET /services/nav [36m304[0m 13.652 ms - -[0m
2023-05-06 21:38:32 info: [0mGET /services/show/13 [32m200[0m 4.067 ms - 651[0m
2023-05-06 21:39:13 info: [0mOPTIONS /services/update/13 [32m204[0m 0.708 ms - 0[0m
2023-05-06 21:39:13 info: [0mPUT /services/update/13 [32m200[0m 56.849 ms - 833[0m
2023-05-06 21:39:13 info: [0mGET /services/nav [36m304[0m 16.076 ms - -[0m
2023-05-06 21:39:16 info: [0mGET /services/nav [36m304[0m 14.099 ms - -[0m
2023-05-06 21:39:16 info: [0mGET /services/show/13 [32m200[0m 6.046 ms - 836[0m
2023-05-06 21:39:53 info: [0mGET /projects/getProjectsClient [36m304[0m 168.190 ms - -[0m
2023-05-06 21:39:53 info: [0mGET /branchs/getListBranch [36m304[0m 126.005 ms - -[0m
2023-05-06 21:39:53 info: [0mGET /services/getListService [36m304[0m 137.889 ms - -[0m
2023-05-06 21:39:55 info: [0mGET /categories/post [36m304[0m 77.913 ms - -[0m
2023-05-06 21:39:55 info: [0mGET /posts/getPageAll [36m304[0m 123.353 ms - -[0m
2023-05-06 21:39:59 info: [0mGET /jobs/getListFeatured [36m304[0m 48.461 ms - -[0m
2023-05-06 21:40:00 info: [0mGET /ceos/getlistCeo [36m304[0m 70.407 ms - -[0m
2023-05-06 21:40:01 info: [0mGET /banners/getListBanner [36m304[0m 114.015 ms - -[0m
2023-05-06 21:40:01 info: [0mGET /posts/getListFeatured [36m304[0m 133.586 ms - -[0m
2023-05-06 21:40:01 info: [0mGET /services/nav [36m304[0m 205.168 ms - -[0m
2023-05-06 21:44:32 info: [0mGET /services/show/4 [36m304[0m 173.071 ms - -[0m
2023-05-06 21:44:34 info: [0mGET /services/show/1 [36m304[0m 106.330 ms - -[0m
2023-05-06 21:49:37 info: [0mGET /services/show/13 [36m304[0m 665.631 ms - -[0m
2023-05-06 21:54:14 info: [0mGET /services/nav [36m304[0m 148.904 ms - -[0m
2023-05-06 21:54:14 info: [0mGET /services/show/13 [36m304[0m 76.613 ms - -[0m
2023-05-06 21:54:25 info: [0mGET /services/nav [36m304[0m 100.623 ms - -[0m
2023-05-06 21:54:25 info: [0mGET /services/show/13 [36m304[0m 67.395 ms - -[0m
2023-05-06 21:54:39 info: [0mGET /services/nav [36m304[0m 191.830 ms - -[0m
2023-05-06 21:54:39 info: [0mGET /services/show/13 [36m304[0m 38.416 ms - -[0m
2023-05-06 21:55:01 info: [0mGET /services/nav [36m304[0m 355.966 ms - -[0m
2023-05-06 21:55:01 info: [0mGET /services/show/13 [36m304[0m 138.413 ms - -[0m
2023-05-06 21:55:20 info: [0mGET /services/show/4 [36m304[0m 36.499 ms - -[0m
2023-05-06 21:55:21 info: [0mGET /services/show/5 [36m304[0m 10.882 ms - -[0m
2023-05-06 21:55:22 info: [0mGET /services/show/4 [36m304[0m 6.981 ms - -[0m
2023-05-06 21:55:23 info: [0mGET /services/show/5 [36m304[0m 6.861 ms - -[0m
2023-05-06 21:55:24 info: [0mGET /services/show/2 [36m304[0m 36.320 ms - -[0m
2023-05-06 21:55:25 info: [0mGET /services/show/7 [36m304[0m 13.417 ms - -[0m
2023-05-06 21:55:29 info: [0mGET /services/show/8 [36m304[0m 6.085 ms - -[0m
2023-05-06 21:55:30 info: [0mGET /services/show/10 [36m304[0m 3.305 ms - -[0m
2023-05-06 21:55:30 info: [0mGET /services/show/3 [36m304[0m 15.615 ms - -[0m
2023-05-06 21:55:31 info: [0mGET /services/show/10 [36m304[0m 2.935 ms - -[0m
2023-05-06 21:55:31 info: [0mGET /services/show/13 [36m304[0m 17.718 ms - -[0m
2023-05-06 21:55:32 info: [0mGET /services/show/14 [36m304[0m 5.799 ms - -[0m
2023-05-06 21:55:33 info: [0mGET /services/show/13 [36m304[0m 18.846 ms - -[0m
2023-05-06 21:55:33 info: [0mGET /services/show/10 [36m304[0m 4.003 ms - -[0m
2023-05-06 21:55:45 info: [0mGET /services/show/8 [36m304[0m 17.675 ms - -[0m
2023-05-06 21:55:45 info: [0mGET /services/show/7 [36m304[0m 4.889 ms - -[0m
2023-05-06 21:55:46 info: [0mGET /services/show/2 [36m304[0m 17.891 ms - -[0m
2023-05-06 21:55:48 info: [0mGET /services/show/5 [36m304[0m 9.472 ms - -[0m
2023-05-06 21:55:56 info: [0mGET /services/show/4 [36m304[0m 6.879 ms - -[0m
2023-05-06 21:56:00 info: [0mGET /services/show/5 [36m304[0m 7.225 ms - -[0m
2023-05-06 21:56:02 info: [0mGET /services/show/4 [36m304[0m 12.588 ms - -[0m
2023-05-06 21:56:55 info: [0mOPTIONS /admins/profile [32m204[0m 4.321 ms - 0[0m
2023-05-06 21:56:55 info: [0mGET /branchs? [32m200[0m 177.537 ms - 255[0m
2023-05-06 21:56:55 info: [0mGET /branchs?page=1&page_size=10 [36m304[0m 93.428 ms - -[0m
2023-05-06 21:56:55 info: [0mGET /admins/profile [36m304[0m 200.510 ms - -[0m
2023-05-06 21:56:56 info: [0mGET /services/nav [36m304[0m 66.111 ms - -[0m
2023-05-06 21:56:56 info: [0mGET /admins/profile [36m304[0m 77.393 ms - -[0m
2023-05-06 21:56:59 info: [0mGET /services/show/4 [36m304[0m 33.290 ms - -[0m
2023-05-06 21:56:59 info: [0mGET /services/show/5 [36m304[0m 3.354 ms - -[0m
2023-05-06 21:57:00 info: [0mGET /services/show/2 [36m304[0m 4.365 ms - -[0m
2023-05-06 21:57:01 info: [0mGET /services/show/7 [36m304[0m 17.647 ms - -[0m
2023-05-06 21:57:02 info: [0mGET /services/show/8 [36m304[0m 3.615 ms - -[0m
2023-05-06 21:57:03 info: [0mGET /services/show/10 [36m304[0m 21.261 ms - -[0m
2023-05-06 21:57:03 info: [0mGET /services/show/13 [36m304[0m 5.998 ms - -[0m
2023-05-06 21:57:04 info: [0mGET /services/show/14 [36m304[0m 15.446 ms - -[0m
2023-05-06 21:57:04 info: [0mGET /services/show/13 [36m304[0m 4.512 ms - -[0m
2023-05-06 21:57:04 info: [0mGET /services/show/10 [36m304[0m 3.427 ms - -[0m
2023-05-06 21:57:05 info: [0mGET /services/show/3 [36m304[0m 3.903 ms - -[0m
2023-05-06 21:57:06 info: [0mGET /services/show/8 [36m304[0m 11.431 ms - -[0m
2023-05-06 21:57:06 info: [0mGET /services/show/7 [36m304[0m 2.829 ms - -[0m
2023-05-06 21:57:07 info: [0mGET /services/show/2 [36m304[0m 10.958 ms - -[0m
2023-05-06 21:57:08 info: [0mGET /services/show/5 [36m304[0m 2.526 ms - -[0m
2023-05-06 21:57:08 info: [0mGET /services/show/4 [36m304[0m 4.768 ms - -[0m
2023-05-06 21:57:09 info: [0mGET /services/show/1 [36m304[0m 4.678 ms - -[0m
2023-05-06 21:57:09 info: [0mGET /services/show/4 [36m304[0m 23.937 ms - -[0m
2023-05-06 21:57:10 info: [0mGET /services/show/5 [36m304[0m 3.765 ms - -[0m
2023-05-06 21:57:10 info: [0mGET /services/show/2 [36m304[0m 8.133 ms - -[0m
2023-05-06 21:57:11 info: [0mGET /services/show/8 [36m304[0m 14.099 ms - -[0m
2023-05-06 21:57:11 info: [0mGET /services/show/7 [36m304[0m 25.064 ms - -[0m
2023-05-06 21:57:12 info: [0mGET /services/show/2 [36m304[0m 3.151 ms - -[0m
2023-05-06 21:57:12 info: [0mGET /services/show/5 [36m304[0m 3.551 ms - -[0m
2023-05-06 21:57:13 info: [0mGET /services/show/4 [36m304[0m 5.224 ms - -[0m
2023-05-06 21:59:04 info: [0mGET /services/show/13 [36m304[0m 95.459 ms - -[0m
2023-05-06 21:59:23 info: [0mOPTIONS /services/update/13 [32m204[0m 0.160 ms - 0[0m
2023-05-06 22:00:18 info: =================================
2023-05-06 22:00:18 info: ======= ENV: development =======
2023-05-06 22:00:18 info: 🚀 App listening on the port 8000
2023-05-06 22:00:18 info: =================================
2023-05-06 22:00:20 info: [0mOPTIONS /admins/profile [32m204[0m 2.661 ms - 0[0m
2023-05-06 22:00:20 info: [0mGET /services/nav [36m304[0m 406.389 ms - -[0m
2023-05-06 22:00:20 info: [0mGET /admins/profile [36m304[0m 525.757 ms - -[0m
2023-05-06 22:00:24 info: [0mGET /services/show/3 [36m304[0m 57.729 ms - -[0m
2023-05-06 22:00:26 info: [0mGET /services/show/13 [36m304[0m 7.209 ms - -[0m
2023-05-06 22:00:42 info: [0mOPTIONS /services/update/13 [32m204[0m 0.603 ms - 0[0m
2023-05-06 22:00:43 info: [0mPUT /services/update/13 [32m200[0m 220.014 ms - 931[0m
2023-05-06 22:00:43 info: [0mGET /services/nav [36m304[0m 42.011 ms - -[0m
2023-05-06 22:00:51 info: [0mGET /services/nav [36m304[0m 80.791 ms - -[0m
2023-05-06 22:00:51 info: [0mGET /services/show/13 [32m200[0m 31.136 ms - 934[0m
2023-05-06 22:02:34 info: [0mGET /services/show/13 [36m304[0m 117.718 ms - -[0m
2023-05-06 22:02:34 info: [0mGET /services/nav [36m304[0m 211.744 ms - -[0m
2023-05-06 22:06:20 info: [0mGET /services/show/2 [36m304[0m 322.876 ms - -[0m
2023-05-06 22:06:22 info: [0mGET /services/show/13 [36m304[0m 6.220 ms - -[0m
2023-05-06 22:08:51 info: [0mOPTIONS /admins/profile [32m204[0m 0.473 ms - 0[0m
2023-05-06 22:08:52 info: [0mGET /services/nav [36m304[0m 97.103 ms - -[0m
2023-05-06 22:08:52 info: [0mGET /admins/profile [36m304[0m 131.561 ms - -[0m
2023-05-06 22:09:09 info: =================================
2023-05-06 22:09:09 info: ======= ENV: development =======
2023-05-06 22:09:09 info: 🚀 App listening on the port 8000
2023-05-06 22:09:09 info: =================================
2023-05-06 22:09:40 info: [0mGET /services/show/undefined [36m304[0m 311.712 ms - -[0m
2023-05-06 22:09:40 info: [0mGET /services/nav [36m304[0m 525.007 ms - -[0m
2023-05-06 22:09:44 info: [0mGET /services/show/undefined [36m304[0m 19.787 ms - -[0m
2023-05-06 22:09:44 info: [0mGET /services/nav [36m304[0m 21.586 ms - -[0m
2023-05-06 22:14:47 info: [0mGET /services/show/4 [32m200[0m 152.704 ms - -[0m
2023-05-06 22:14:47 info: [0mGET /services/show/2 [32m200[0m 31.594 ms - 493[0m
2023-05-06 22:14:47 info: [0mGET /services/show/3 [32m200[0m 17.500 ms - 616[0m
2023-05-06 22:14:59 info: [0mGET /services/show/13 [32m200[0m 59.991 ms - 949[0m
2023-05-06 22:15:18 info: [0mGET /services/show/13 [36m304[0m 411.309 ms - -[0m
2023-05-06 22:15:18 info: [0mGET /services/nav [36m304[0m 350.239 ms - -[0m
2023-05-06 22:15:27 info: [0mOPTIONS /services/update/13 [32m204[0m 1.688 ms - 0[0m
2023-05-06 22:15:27 info: [0mPUT /services/update/13 [32m200[0m 339.348 ms - -[0m
2023-05-06 22:15:27 info: [0mGET /services/nav [36m304[0m 76.785 ms - -[0m
2023-05-06 22:15:34 info: [0mGET /services/nav [36m304[0m 33.083 ms - -[0m
2023-05-06 22:15:34 info: [0mGET /services/show/13 [32m200[0m 9.443 ms - -[0m
2023-05-06 22:23:32 info: [0mOPTIONS /folders/get-medias [32m204[0m 6.618 ms - 0[0m
2023-05-06 22:23:32 info: [0mPOST /folders/get-medias [32m200[0m 224.503 ms - 630[0m
2023-05-06 22:23:32 info: [0mGET /folders [36m304[0m 266.547 ms - -[0m
2023-05-06 22:23:34 info: [0mPOST /folders/get-medias [32m200[0m 13.899 ms - 630[0m
2023-05-06 22:23:34 info: [0mGET /folders [36m304[0m 47.572 ms - -[0m
2023-05-06 22:23:41 info: [0mOPTIONS /folders/get-medias [32m204[0m 2.392 ms - 0[0m
2023-05-06 22:23:42 info: [0mPOST /folders/get-medias [32m200[0m 41.543 ms - 630[0m
2023-05-06 22:23:42 info: [0mGET /folders [36m304[0m 237.354 ms - -[0m
2023-05-06 22:35:17 info: [0mGET /services/show/4 [36m304[0m 399.003 ms - -[0m
2023-05-06 22:36:16 info: [0mGET /services/nav [36m304[0m 289.578 ms - -[0m
2023-05-06 22:36:16 info: [0mGET /services/show/4 [36m304[0m 63.742 ms - -[0m
2023-05-06 22:36:18 info: [0mGET /services/show/8 [32m200[0m 21.880 ms - -[0m
2023-05-06 22:37:56 info: [0mGET /services/show/13 [36m304[0m 391.663 ms - -[0m
2023-05-06 22:51:45 info: [0mGET /services/show/13 [36m304[0m 94.237 ms - -[0m
2023-05-06 22:51:45 info: [0mGET /services/nav [36m304[0m 255.267 ms - -[0m
2023-05-06 22:52:41 info: [0mGET /branchs/getListBranch [36m304[0m 97.108 ms - -[0m
2023-05-06 22:52:41 info: [0mGET /services/getListService [36m304[0m 106.287 ms - -[0m
2023-05-06 22:52:41 info: [0mGET /projects/getProjectsClient [36m304[0m 120.408 ms - -[0m
2023-05-06 22:52:44 info: [0mGET /categories/post [36m304[0m 28.491 ms - -[0m
2023-05-06 22:52:44 info: [0mGET /posts/getPageAll [36m304[0m 153.316 ms - -[0m
2023-05-06 22:52:45 info: [0mGET /jobs/getListFeatured [36m304[0m 55.204 ms - -[0m
2023-05-06 22:52:49 info: [0mGET /services/nav [36m304[0m 47.616 ms - -[0m
2023-05-06 22:52:49 info: [0mGET /banners/getListBanner [36m304[0m 42.238 ms - -[0m
2023-05-06 22:52:49 info: [0mGET /posts/getListFeatured [36m304[0m 91.071 ms - -[0m
2023-05-06 22:52:52 info: [0mGET /banners/getListBanner [36m304[0m 59.566 ms - -[0m
2023-05-06 22:52:52 info: [0mGET /posts/getListFeatured [36m304[0m 61.293 ms - -[0m
2023-05-06 22:52:52 info: [0mGET /services/nav [36m304[0m 79.370 ms - -[0m
2023-05-06 22:53:04 info: [0mGET /categories/post [36m304[0m 29.600 ms - -[0m
2023-05-06 22:53:04 info: [0mGET /posts/getPageAll [36m304[0m 139.131 ms - -[0m
2023-05-06 22:53:06 info: [0mGET /banners/getListBanner [36m304[0m 122.816 ms - -[0m
2023-05-06 22:53:06 info: [0mGET /posts/getListFeatured [36m304[0m 142.099 ms - -[0m
2023-05-06 22:53:07 info: [0mGET /services/nav [36m304[0m 245.596 ms - -[0m
2023-05-06 23:42:33 info: [0mOPTIONS /admins/profile [32m204[0m 23.346 ms - 0[0m
2023-05-06 23:42:34 info: [0mGET /branchs? [32m200[0m 205.799 ms - 266[0m
2023-05-06 23:42:34 info: [0mGET /branchs?page=1&page_size=10 [36m304[0m 79.263 ms - -[0m
2023-05-06 23:42:34 info: [0mGET /admins/profile [36m304[0m 208.736 ms - -[0m
2023-05-06 23:42:36 info: [0mGET /admins/profile [36m304[0m 110.207 ms - -[0m
2023-05-06 23:42:36 info: [0mGET /projects? [36m304[0m 94.970 ms - -[0m
2023-05-06 23:42:36 info: [0mGET /projects?page=1&page_size=10 [36m304[0m 38.588 ms - -[0m
2023-05-06 23:42:37 info: [0mGET /admins/profile [36m304[0m 90.791 ms - -[0m
2023-05-06 23:42:37 info: [0mGET /branchs? [36m304[0m 89.048 ms - -[0m
2023-05-06 23:42:37 info: [0mGET /branchs?page=1&page_size=10 [36m304[0m 27.694 ms - -[0m
2023-05-06 23:42:39 info: [0mOPTIONS /admins/profile [32m204[0m 0.606 ms - 0[0m
2023-05-06 23:42:39 info: [0mGET /ceos? [32m200[0m 97.258 ms - 390[0m
2023-05-06 23:42:39 info: [0mGET /admins/profile [36m304[0m 95.987 ms - -[0m
2023-05-06 23:42:39 info: [0mGET /ceos?page=1&page_size=10 [32m200[0m 35.011 ms - 390[0m
2023-05-06 23:42:43 info: [0mGET /admins/profile [36m304[0m 107.319 ms - -[0m
2023-05-06 23:42:48 info: [0mOPTIONS /admins/profile [32m204[0m 4.495 ms - 0[0m
2023-05-06 23:42:49 info: [0mGET /ceos?page=1&page_size=10 [36m304[0m 78.886 ms - -[0m
2023-05-06 23:42:49 info: [0mGET /admins/profile [36m304[0m 100.129 ms - -[0m
2023-05-06 23:42:49 info: [0mGET /ceos?page=1&page_size=10 [36m304[0m 17.140 ms - -[0m
2023-05-06 23:42:51 info: [0mGET /admins/profile [36m304[0m 18.406 ms - -[0m
2023-05-06 23:42:51 info: [0mGET /ceos/show/1 [32m200[0m 24.622 ms - -[0m
2023-05-06 23:43:02 info: [0mOPTIONS /ceos/update/1 [32m204[0m 0.462 ms - 0[0m
2023-05-06 23:43:02 info: [0mPUT /ceos/update/1 [32m200[0m 96.040 ms - 16[0m
2023-05-06 23:43:02 info: [0mGET /ceos/show/1 [32m200[0m 11.702 ms - -[0m
2023-05-06 23:43:06 info: [0mOPTIONS /admins/profile [32m204[0m 0.410 ms - 0[0m
2023-05-06 23:43:06 info: [0mGET /admins/profile [36m304[0m 116.632 ms - -[0m
2023-05-06 23:43:07 info: [0mGET /ceos/show/1 [36m304[0m 6.647 ms - -[0m
2023-05-06 23:43:11 info: [0mGET /ceos/show/1 [36m304[0m 90.943 ms - -[0m
2023-05-06 23:43:11 info: [0mGET /contacts? [36m304[0m 128.427 ms - -[0m
2023-05-06 23:43:11 info: [0mGET /contacts?page=1&page_size=10 [36m304[0m 36.882 ms - -[0m
2023-05-06 23:43:11 info: [0mGET /admins/profile [36m304[0m 165.340 ms - -[0m
2023-05-06 23:43:13 info: [0mOPTIONS /admins/profile [32m204[0m 0.657 ms - 0[0m
2023-05-06 23:43:13 info: [0mGET /contacts?page=1&page_size=10 [36m304[0m 11.948 ms - -[0m
2023-05-06 23:43:13 info: [0mGET /contacts? [36m304[0m 89.269 ms - -[0m
2023-05-06 23:43:13 info: [0mGET /admins/profile [36m304[0m 82.526 ms - -[0m
2023-05-06 23:43:15 info: [0mGET /admins/profile [36m304[0m 22.295 ms - -[0m
2023-05-06 23:43:15 info: [0mGET /jobs? [36m304[0m 67.854 ms - -[0m
2023-05-06 23:43:15 info: [0mGET /jobs?page=1&page_size=10 [32m200[0m 33.222 ms - 996[0m
2023-05-06 23:43:17 info: [0mGET /jobs/show/1 [32m200[0m 18.830 ms - 1006[0m
2023-05-06 23:43:17 info: [0mGET /admins/profile [36m304[0m 38.017 ms - -[0m
2023-05-06 23:43:18 info: [0mGET /jobs?[object%20Object] [32m200[0m 41.163 ms - 996[0m
2023-05-06 23:43:27 info: [0mOPTIONS /jobs/update/1 [32m204[0m 0.306 ms - 0[0m
2023-05-06 23:43:27 info: [0mPUT /jobs/update/1 [32m200[0m 49.990 ms - -[0m
2023-05-06 23:43:28 info: [0mGET /ceos/show/1 [36m304[0m 20.437 ms - -[0m
2023-05-06 23:43:28 info: [0mGET /jobs/show/1 [32m200[0m 22.955 ms - -[0m
2023-05-06 23:43:28 info: [0mGET /jobs?[object%20Object] [32m200[0m 8.586 ms - 987[0m
2023-05-06 23:43:30 info: [0mOPTIONS /admins/profile [32m204[0m 0.668 ms - 0[0m
2023-05-06 23:43:30 info: [0mGET /jobs?[object%20Object] [36m304[0m 25.710 ms - -[0m
2023-05-06 23:43:30 info: [0mGET /admins/profile [36m304[0m 31.689 ms - -[0m
2023-05-06 23:43:30 info: [0mGET /jobs/show/1 [36m304[0m 9.202 ms - -[0m
2023-05-06 23:43:31 info: [0mGET /jobs?[object%20Object] [36m304[0m 94.543 ms - -[0m
2023-05-06 23:43:38 info: [0mOPTIONS /admins/profile [32m204[0m 0.251 ms - 0[0m
2023-05-06 23:43:38 info: [0mGET /jobs/show/1 [36m304[0m 32.150 ms - -[0m
2023-05-06 23:43:38 info: [0mGET /admins/profile [36m304[0m 21.146 ms - -[0m
2023-05-06 23:43:38 info: [0mGET /services/nav [36m304[0m 85.530 ms - -[0m
2023-05-06 23:43:39 info: [0mGET /banners? [36m304[0m 109.549 ms - -[0m
2023-05-06 23:43:39 info: [0mGET /admins/profile [36m304[0m 134.225 ms - -[0m
2023-05-06 23:43:39 info: [0mGET /banners?page=1&page_size=10 [36m304[0m 28.922 ms - -[0m
2023-05-06 23:43:45 info: [0mOPTIONS /admins/profile [32m204[0m 5.013 ms - 0[0m
2023-05-06 23:43:45 info: [0mGET /admins/profile [36m304[0m 28.400 ms - -[0m
2023-05-06 23:43:54 info: [0mOPTIONS /banners/create [32m204[0m 0.137 ms - 0[0m
2023-05-06 23:43:54 info: [0mPOST /banners/create [32m200[0m 53.292 ms - 16[0m
2023-05-06 23:43:54 info: [0mOPTIONS /admins/profile [32m204[0m 1.901 ms - 0[0m
2023-05-06 23:43:54 info: [0mGET /banners?page=1&page_size=10 [32m200[0m 18.686 ms - -[0m
2023-05-06 23:43:54 info: [0mGET /admins/profile [36m304[0m 62.093 ms - -[0m
2023-05-06 23:43:54 info: [0mGET /banners?page=1&page_size=10 [32m200[0m 45.124 ms - -[0m
2023-05-06 23:43:59 info: [0mGET /services/nav [36m304[0m 80.943 ms - -[0m
2023-05-06 23:43:59 info: [0mGET /posts/getListFeatured [36m304[0m 72.164 ms - -[0m
2023-05-06 23:43:59 info: [0mGET /banners/getListBanner [32m200[0m 62.298 ms - -[0m
2023-05-06 23:43:59 info: [0mGET /services/nav [36m304[0m 93.236 ms - -[0m
2023-05-06 23:44:06 info: [0mOPTIONS /admins/profile [32m204[0m 0.835 ms - 0[0m
2023-05-06 23:44:06 info: [0mGET /banners/show/3 [32m200[0m 50.446 ms - 216[0m
2023-05-06 23:44:06 info: [0mGET /admins/profile [36m304[0m 71.598 ms - -[0m
2023-05-06 23:44:07 info: [0mOPTIONS /folders/get-medias [32m204[0m 0.253 ms - 0[0m
2023-05-06 23:44:07 info: [0mPOST /folders/get-medias [32m200[0m 10.450 ms - 630[0m
2023-05-06 23:44:07 info: [0mGET /folders [36m304[0m 19.970 ms - -[0m
2023-05-06 23:44:09 info: [0mOPTIONS /banners/update/3 [32m204[0m 0.159 ms - 0[0m
2023-05-06 23:44:09 info: [0mPUT /banners/update/3 [32m200[0m 13.135 ms - 27[0m
2023-05-06 23:44:09 info: [0mGET /banners/show/3 [32m200[0m 4.759 ms - 512[0m
2023-05-06 23:44:09 info: [0mGET /jobs/show/1 [36m304[0m 9.697 ms - -[0m
2023-05-06 23:44:12 info: [0mGET /banners/getListBanner [32m200[0m 20.395 ms - -[0m
2023-05-06 23:44:12 info: [0mGET /services/nav [36m304[0m 160.133 ms - -[0m
2023-05-06 23:44:12 info: [0mGET /posts/getListFeatured [36m304[0m 146.224 ms - -[0m
2023-05-06 23:44:12 info: [0mGET /services/nav [36m304[0m 16.875 ms - -[0m
2023-05-06 23:44:59 info: [0mGET /banners/getListBanner [36m304[0m 46.812 ms - -[0m
2023-05-06 23:46:44 info: [0mGET /banners/getListBanner [36m304[0m 46.105 ms - -[0m
2023-05-06 23:46:50 info: [0mGET /banners/getListBanner [36m304[0m 42.350 ms - -[0m
2023-05-06 23:46:50 info: [0mGET /services/nav [36m304[0m 112.889 ms - -[0m
2023-05-06 23:46:50 info: [0mGET /services/nav [36m304[0m 38.144 ms - -[0m
2023-05-06 23:46:50 info: [0mGET /posts/getListFeatured [36m304[0m 199.695 ms - -[0m
2023-05-06 23:46:54 info: [0mGET /banners/getListBanner [36m304[0m 71.497 ms - -[0m
2023-05-06 23:47:03 info: [0mGET /banners/getListBanner [36m304[0m 69.043 ms - -[0m
2023-05-06 23:47:11 info: [0mGET /banners/getListBanner [36m304[0m 36.250 ms - -[0m
2023-05-06 23:47:25 info: [0mGET /services/nav [36m304[0m 100.653 ms - -[0m
2023-05-06 23:47:29 info: [0mGET /services/show/8 [36m304[0m 50.946 ms - -[0m
2023-05-06 23:47:34 info: [0mGET /categories/post [36m304[0m 64.583 ms - -[0m
2023-05-06 23:47:34 info: [0mGET /posts/getPageAll [36m304[0m 122.692 ms - -[0m
2023-05-06 23:47:35 info: [0mGET /jobs/getListFeatured [32m200[0m 23.668 ms - -[0m
2023-05-06 23:47:36 info: [0mGET /ceos/getlistCeo [32m200[0m 114.577 ms - 329[0m
2023-05-06 23:47:39 info: [0mGET /jobs/getListFeatured [36m304[0m 6.257 ms - -[0m
2023-05-06 23:47:42 info: [0mGET /jobs/find/1 [32m200[0m 32.010 ms - -[0m
2023-05-06 23:47:54 info: [0mGET /branchs/getListBranch [36m304[0m 41.812 ms - -[0m
2023-05-06 23:47:54 info: [0mGET /services/getListService [36m304[0m 37.064 ms - -[0m
2023-05-06 23:47:54 info: [0mGET /projects/getProjectsClient [36m304[0m 42.120 ms - -[0m
2023-05-06 23:48:14 info: [0mGET /projects/getProjectsClient?service_id=1 [36m304[0m 27.714 ms - -[0m
2023-05-06 23:48:15 info: [0mGET /projects/getProjectsClient?service_id=2 [36m304[0m 11.136 ms - -[0m
2023-05-06 23:48:15 info: [0mGET /projects/getProjectsClient?service_id=3 [36m304[0m 18.431 ms - -[0m
2023-05-06 23:48:16 info: [0mGET /projects/getProjectsClient?service_id=4 [36m304[0m 14.774 ms - -[0m
2023-05-06 23:48:16 info: [0mGET /projects/getProjectsClient?service_id=5 [36m304[0m 10.150 ms - -[0m
2023-05-06 23:48:18 info: [0mGET /projects/getProjectsClient?service_id=7 [36m304[0m 8.022 ms - -[0m
2023-05-06 23:48:19 info: [0mGET /projects/getProjectsClient?service_id=8 [36m304[0m 7.232 ms - -[0m
2023-05-06 23:48:20 info: [0mGET /projects/getProjectsClient?service_id=10 [36m304[0m 5.722 ms - -[0m
2023-05-06 23:49:23 info: =================================
2023-05-06 23:49:23 info: ======= ENV: development =======
2023-05-06 23:49:23 info: 🚀 App listening on the port 8000
2023-05-06 23:49:23 info: =================================
2023-05-06 23:49:24 info: [0mGET /projects?page=1&page_size=10 [36m304[0m 183.005 ms - -[0m
2023-05-06 23:49:26 info: [0mOPTIONS /admins/profile [32m204[0m 2.228 ms - 0[0m
2023-05-06 23:49:26 info: [0mGET /admins/profile [36m304[0m 60.981 ms - -[0m
2023-05-06 23:49:26 info: [0mGET /projects/show/1 [36m304[0m 70.326 ms - -[0m
2023-05-06 23:49:27 info: [0mGET /projects?[object%20Object] [36m304[0m 106.272 ms - -[0m
2023-05-06 23:49:27 info: [0mGET /branchs?[object%20Object] [36m304[0m 117.592 ms - -[0m
2023-05-06 23:49:27 info: [0mGET /services?[object%20Object] [32m200[0m 124.967 ms - 16[0m
2023-05-06 23:49:47 info: =================================
2023-05-06 23:49:47 info: ======= ENV: development =======
2023-05-06 23:49:47 info: 🚀 App listening on the port 8000
2023-05-06 23:49:47 info: =================================
2023-05-06 23:50:20 info: =================================
2023-05-06 23:50:20 info: ======= ENV: development =======
2023-05-06 23:50:20 info: 🚀 App listening on the port 8000
2023-05-06 23:50:20 info: =================================
2023-05-06 23:50:24 info: [0mOPTIONS /admins/profile [32m204[0m 1.868 ms - 0[0m
2023-05-06 23:50:24 info: [0mGET /admins/profile [36m304[0m 316.715 ms - -[0m
2023-05-06 23:50:24 info: [0mGET /branchs?[object%20Object] [36m304[0m 250.508 ms - -[0m
2023-05-06 23:50:24 info: [0mGET /projects?[object%20Object] [36m304[0m 300.336 ms - -[0m
2023-05-06 23:50:24 info: [0mGET /services?[object%20Object] [32m200[0m 272.286 ms - -[0m
2023-05-06 23:50:25 info: [0mGET /projects/show/1 [36m304[0m 52.124 ms - -[0m
2023-05-06 23:50:25 info: [0mGET /branchs?[object%20Object] [36m304[0m 34.113 ms - -[0m
2023-05-06 23:50:25 info: [0mGET /projects?[object%20Object] [36m304[0m 52.270 ms - -[0m
2023-05-06 23:50:25 info: [0mGET /services?[object%20Object] [36m304[0m 67.116 ms - -[0m
2023-05-06 23:50:29 info: [0mOPTIONS /admins/profile [32m204[0m 0.444 ms - 0[0m
2023-05-06 23:50:29 info: [0mGET /branchs?[object%20Object] [36m304[0m 70.187 ms - -[0m
2023-05-06 23:50:29 info: [0mGET /admins/profile [36m304[0m 103.434 ms - -[0m
2023-05-06 23:50:29 info: [0mGET /services?[object%20Object] [36m304[0m 99.224 ms - -[0m
2023-05-06 23:50:29 info: [0mGET /projects?[object%20Object] [36m304[0m 150.243 ms - -[0m
2023-05-06 23:50:29 info: [0mGET /projects/show/1 [36m304[0m 83.376 ms - -[0m
2023-05-06 23:50:30 info: [0mGET /branchs?[object%20Object] [36m304[0m 18.602 ms - -[0m
2023-05-06 23:50:30 info: [0mGET /services?[object%20Object] [36m304[0m 21.374 ms - -[0m
2023-05-06 23:50:30 info: [0mGET /projects?[object%20Object] [36m304[0m 40.306 ms - -[0m
2023-05-06 23:51:00 info: [0mGET /projects/getList [33m404[0m 13.583 ms - 155[0m
2023-05-06 23:51:06 info: [0mGET /projects/ [32m200[0m 36.847 ms - 529[0m
2023-05-06 23:51:36 info: [0mGET /projects/ [36m304[0m 59.750 ms - -[0m
2023-05-06 23:52:39 info: =================================
2023-05-06 23:52:39 info: ======= ENV: development =======
2023-05-06 23:52:39 info: 🚀 App listening on the port 8000
2023-05-06 23:52:39 info: =================================
2023-05-06 23:52:42 info: [0mGET /projects/ [36m304[0m 188.363 ms - -[0m
2023-05-06 23:52:43 info: [0mGET /projects/ [36m304[0m 13.135 ms - -[0m
2023-05-06 23:52:55 info: [0mGET /services/ [32m200[0m 77.484 ms - -[0m
2023-05-06 23:53:14 info: [0mOPTIONS /admins/profile [32m204[0m 1.322 ms - 0[0m
2023-05-06 23:53:14 info: [0mGET /branchs?[object%20Object] [36m304[0m 181.361 ms - -[0m
2023-05-06 23:53:14 info: [0mGET /services?[object%20Object] [36m304[0m 146.108 ms - -[0m
2023-05-06 23:53:14 info: [0mGET /projects?[object%20Object] [36m304[0m 248.917 ms - -[0m
2023-05-06 23:53:14 info: [0mGET /admins/profile [36m304[0m 295.100 ms - -[0m
2023-05-06 23:53:14 info: [0mGET /projects/show/1 [36m304[0m 119.340 ms - -[0m
2023-05-06 23:53:15 info: [0mGET /projects?[object%20Object] [36m304[0m 30.243 ms - -[0m
2023-05-06 23:53:15 info: [0mGET /branchs?[object%20Object] [36m304[0m 27.356 ms - -[0m
2023-05-06 23:53:15 info: [0mGET /services?[object%20Object] [36m304[0m 22.254 ms - -[0m
2023-05-06 23:54:19 info: [0mGET /services/getListService [32m200[0m 43.130 ms - -[0m
2023-05-06 23:56:25 info: =================================
2023-05-06 23:56:25 info: ======= ENV: development =======
2023-05-06 23:56:25 info: 🚀 App listening on the port 8000
2023-05-06 23:56:25 info: =================================
