2023-04-21 00:00:49 info: [0mOPTIONS /admins/profile [32m204[0m 2.881 ms - 0[0m
2023-04-21 00:00:50 info: [0mGET /categories?[object%20Object] [32m200[0m 807.041 ms - 372[0m
2023-04-21 00:00:50 info: [0mGET /posts?[object%20Object] [32m200[0m 799.755 ms - 554[0m
2023-04-21 00:00:50 info: [0mGET /ceos?[object%20Object] [32m200[0m 801.944 ms - 701[0m
2023-04-21 00:00:50 info: [0mGET /admins/profile [36m304[0m 998.067 ms - -[0m
2023-04-21 00:00:50 info: [0mGET /posts/show/1 [32m200[0m 138.519 ms - 419[0m
2023-04-21 00:00:50 info: [0mGET /categories?[object%20Object] [36m304[0m 29.371 ms - -[0m
2023-04-21 00:00:50 info: [0mGET /ceos?[object%20Object] [36m304[0m 29.349 ms - -[0m
2023-04-21 00:00:50 info: [0mGET /posts?[object%20Object] [36m304[0m 65.377 ms - -[0m
2023-04-21 00:05:02 info: [0mOPTIONS /admins/profile [32m204[0m 1.456 ms - 0[0m
2023-04-21 00:05:02 info: [0mGET /posts/show/1 [32m200[0m 206.773 ms - 395[0m
2023-04-21 00:05:02 info: [0mGET /admins/profile [36m304[0m 153.449 ms - -[0m
2023-04-21 00:05:02 info: [0mGET /projects?page=1&page_size=10 [36m304[0m 54.068 ms - -[0m
2023-04-21 00:05:02 info: [0mGET /projects? [32m200[0m 183.224 ms - -[0m
2023-04-21 00:05:07 info: [0mGET /banners? [36m304[0m 12.511 ms - -[0m
2023-04-21 00:05:07 info: [0mGET /admins/profile [36m304[0m 20.495 ms - -[0m
2023-04-21 00:05:07 info: [0mGET /banners?page=1&page_size=10 [36m304[0m 10.603 ms - -[0m
2023-04-21 00:10:59 info: [0mGET /categories/post [36m304[0m 79.039 ms - -[0m
2023-04-21 00:10:59 info: [0mGET /banners [36m304[0m 158.225 ms - -[0m
2023-04-21 00:11:07 info: [0mGET /banners [36m304[0m 21.108 ms - -[0m
2023-04-21 00:11:07 info: [0mGET /categories/post [36m304[0m 14.245 ms - -[0m
2023-04-21 19:33:07 info: =================================
2023-04-21 19:33:07 info: ======= ENV: development =======
2023-04-21 19:33:07 info: 🚀 App listening on the port 8000
2023-04-21 19:33:07 info: =================================
2023-04-21 19:57:05 info: [0mGET /banners [36m304[0m 930.433 ms - -[0m
2023-04-21 19:57:32 info: [0mGET /branchs/getListBranch [36m304[0m 37.938 ms - -[0m
2023-04-21 19:57:32 info: [0mGET /banners [36m304[0m 105.189 ms - -[0m
2023-04-21 19:57:32 info: [0mGET /projects [36m304[0m 72.214 ms - -[0m
2023-04-21 19:57:35 info: [0mGET /banners [36m304[0m 178.508 ms - -[0m
2023-04-21 19:57:35 info: [0mGET /categories/post [36m304[0m 48.733 ms - -[0m
2023-04-21 19:57:48 info: [0mGET /banners [36m304[0m 241.084 ms - -[0m
2023-04-21 19:57:48 info: [0mGET /categories/post [36m304[0m 258.787 ms - -[0m
2023-04-21 19:58:09 info: [0mGET /jobs/getListFeatured [36m304[0m 355.879 ms - -[0m
2023-04-21 19:59:16 info: [0mGET /branchs/getListBranch [36m304[0m 358.386 ms - -[0m
2023-04-21 19:59:16 info: [0mGET /banners [36m304[0m 592.838 ms - -[0m
2023-04-21 19:59:16 info: [0mGET /projects [36m304[0m 528.475 ms - -[0m
2023-04-21 19:59:32 info: [0mGET /banners [36m304[0m 111.269 ms - -[0m
2023-04-21 19:59:53 info: [0mGET /banners [36m304[0m 84.553 ms - -[0m
2023-04-21 20:00:01 info: [0mGET /banners [36m304[0m 134.414 ms - -[0m
2023-04-21 20:00:01 info: [0mGET /categories/post [36m304[0m 55.710 ms - -[0m
2023-04-21 20:00:02 info: [0mGET /banners [36m304[0m 97.619 ms - -[0m
2023-04-21 20:00:02 info: [0mGET /branchs/getListBranch [36m304[0m 205.815 ms - -[0m
2023-04-21 20:00:02 info: [0mGET /projects [36m304[0m 231.953 ms - -[0m
2023-04-21 20:00:06 info: [0mGET /ceos/getlistCeo [32m200[0m 54.869 ms - 640[0m
2023-04-21 20:00:07 info: [0mGET /jobs/getListFeatured [36m304[0m 59.738 ms - -[0m
2023-04-21 20:00:08 info: [0mGET /ceos/getlistCeo [36m304[0m 22.134 ms - -[0m
2023-04-21 20:00:15 info: [0mGET /ceos/show/1 [32m200[0m 182.282 ms - -[0m
2023-04-21 20:00:30 info: [0mGET /banners [36m304[0m 58.106 ms - -[0m
2023-04-21 20:00:49 info: [0mGET /categories/post [36m304[0m 22.005 ms - -[0m
2023-04-21 20:00:49 info: [0mGET /banners [36m304[0m 65.450 ms - -[0m
2023-04-21 20:00:50 info: [0mGET /banners [36m304[0m 61.739 ms - -[0m
2023-04-21 20:00:50 info: [0mGET /projects [36m304[0m 60.579 ms - -[0m
2023-04-21 20:00:50 info: [0mGET /branchs/getListBranch [36m304[0m 56.523 ms - -[0m
2023-04-21 20:00:51 info: [0mGET /ceos/getlistCeo [36m304[0m 33.352 ms - -[0m
2023-04-21 20:08:32 info: [0mGET /categories/post [36m304[0m 199.781 ms - -[0m
2023-04-21 20:08:32 info: [0mGET /banners [36m304[0m 256.228 ms - -[0m
2023-04-21 20:08:32 info: [0mGET /jobs/getListFeatured [36m304[0m 115.628 ms - -[0m
2023-04-21 20:08:36 info: [0mGET /ceos/getlistCeo [36m304[0m 119.539 ms - -[0m
2023-04-21 20:38:10 info: [0mGET /projects [36m304[0m 535.901 ms - -[0m
2023-04-21 20:38:11 info: [0mGET /projects [36m304[0m 19.880 ms - -[0m
2023-04-21 20:38:18 info: [0mGET /posts/ [32m200[0m 57.473 ms - 554[0m
2023-04-21 20:38:24 info: [0mGET /posts/getListFeatured [32m200[0m 25.933 ms - 493[0m
2023-04-21 20:38:31 info: [0mGET /posts/getListFeatured [32m200[0m 22.072 ms - 483[0m
2023-04-21 20:39:17 info: [0mGET /posts/getListFeatured [32m200[0m 62.799 ms - 493[0m
2023-04-21 20:39:20 info: [0mGET /posts/getListFeatured [36m304[0m 59.004 ms - -[0m
2023-04-21 20:39:23 info: [0mGET /posts/getListFeatured [36m304[0m 72.820 ms - -[0m
2023-04-21 20:39:30 info: [0mGET /posts/getListFeatured [36m304[0m 59.115 ms - -[0m
2023-04-21 20:40:47 info: [0mGET /posts/getListFeatured [36m304[0m 122.265 ms - -[0m
2023-04-21 20:42:05 info: [0mGET /posts/getListOutstanding [33m404[0m 50.600 ms - 163[0m
2023-04-21 20:42:13 info: [0mGET /posts/getListFeatured [32m200[0m 21.928 ms - 483[0m
2023-04-21 20:44:09 info: =================================
2023-04-21 20:44:09 info: ======= ENV: development =======
2023-04-21 20:44:09 info: 🚀 App listening on the port 8000
2023-04-21 20:44:09 info: =================================
2023-04-21 20:44:15 info: [0mGET /posts/getListFeatured [32m200[0m 231.796 ms - 531[0m
2023-04-21 20:45:22 info: [0mGET /posts/getListFeatured [32m200[0m 74.255 ms - 521[0m
2023-04-21 20:45:36 info: [0mOPTIONS /admins/login [32m204[0m 0.995 ms - 0[0m
2023-04-21 20:45:36 info: [0mPOST /admins/login [32m200[0m 104.038 ms - -[0m
2023-04-21 20:45:37 info: [0mOPTIONS /admins/profile [32m204[0m 1.926 ms - 0[0m
2023-04-21 20:45:37 info: [0mGET /admins/profile [36m304[0m 125.471 ms - -[0m
2023-04-21 20:45:39 info: [0mGET /admins/profile [36m304[0m 182.044 ms - -[0m
2023-04-21 20:45:39 info: [0mGET /posts? [32m200[0m 282.301 ms - 592[0m
2023-04-21 20:45:39 info: [0mGET /posts?page=1&page_size=10 [32m200[0m 65.039 ms - 592[0m
2023-04-21 20:45:41 info: [0mGET /posts/show/1 [32m200[0m 90.096 ms - 419[0m
2023-04-21 20:45:41 info: [0mGET /admins/profile [36m304[0m 97.822 ms - -[0m
2023-04-21 20:45:42 info: [0mGET /categories?[object%20Object] [36m304[0m 53.516 ms - -[0m
2023-04-21 20:45:42 info: [0mGET /ceos?[object%20Object] [36m304[0m 61.797 ms - -[0m
2023-04-21 20:45:42 info: [0mGET /posts?[object%20Object] [32m200[0m 59.074 ms - 592[0m
2023-04-21 20:45:43 info: [0mOPTIONS /posts/update/1 [32m204[0m 0.275 ms - 0[0m
2023-04-21 20:45:43 info: [0mPUT /posts/update/1 [32m200[0m 17.010 ms - 16[0m
2023-04-21 20:45:43 info: [0mGET /posts/show/1 [32m200[0m 11.402 ms - 418[0m
2023-04-21 20:45:43 info: [0mGET /categories?[object%20Object] [36m304[0m 15.535 ms - -[0m
2023-04-21 20:45:43 info: [0mGET /posts?[object%20Object] [32m200[0m 18.322 ms - 592[0m
2023-04-21 20:45:43 info: [0mGET /ceos?[object%20Object] [36m304[0m 26.199 ms - -[0m
2023-04-21 20:45:48 info: [0mOPTIONS /posts/update/1 [32m204[0m 0.152 ms - 0[0m
2023-04-21 20:45:48 info: [0mPUT /posts/update/1 [32m200[0m 22.611 ms - 16[0m
2023-04-21 20:45:48 info: [0mGET /posts/show/1 [32m200[0m 9.272 ms - 502[0m
2023-04-21 20:45:49 info: [0mGET /categories?[object%20Object] [36m304[0m 38.459 ms - -[0m
2023-04-21 20:45:49 info: [0mGET /ceos?[object%20Object] [36m304[0m 44.903 ms - -[0m
2023-04-21 20:45:49 info: [0mGET /posts?[object%20Object] [32m200[0m 43.023 ms - 693[0m
2023-04-21 20:45:49 info: [0mOPTIONS /admins/profile [32m204[0m 0.151 ms - 0[0m
2023-04-21 20:45:50 info: [0mGET /posts/show/1 [36m304[0m 24.887 ms - -[0m
2023-04-21 20:45:50 info: [0mGET /posts?page=1&page_size=10 [32m200[0m 34.974 ms - 683[0m
2023-04-21 20:45:50 info: [0mGET /admins/profile [36m304[0m 35.546 ms - -[0m
2023-04-21 20:45:50 info: [0mGET /posts?page=1&page_size=10 [32m200[0m 9.834 ms - 693[0m
2023-04-21 20:45:51 info: [0mGET /posts/show/2 [36m304[0m 12.558 ms - -[0m
2023-04-21 20:45:51 info: [0mGET /admins/profile [36m304[0m 42.489 ms - -[0m
2023-04-21 20:45:51 info: [0mGET /categories?[object%20Object] [36m304[0m 17.483 ms - -[0m
2023-04-21 20:45:51 info: [0mGET /ceos?[object%20Object] [36m304[0m 17.968 ms - -[0m
2023-04-21 20:45:51 info: [0mGET /posts?[object%20Object] [36m304[0m 20.402 ms - -[0m
2023-04-21 20:45:52 info: [0mOPTIONS /posts/update/2 [32m204[0m 0.131 ms - 0[0m
2023-04-21 20:45:52 info: [0mPUT /posts/update/2 [32m200[0m 8.954 ms - 16[0m
2023-04-21 20:45:52 info: [0mGET /posts/show/2 [36m304[0m 7.575 ms - -[0m
2023-04-21 20:45:52 info: [0mGET /posts/show/1 [36m304[0m 14.054 ms - -[0m
2023-04-21 20:45:52 info: [0mGET /categories?[object%20Object] [36m304[0m 14.641 ms - -[0m
2023-04-21 20:45:52 info: [0mGET /posts?[object%20Object] [32m200[0m 45.320 ms - 693[0m
2023-04-21 20:45:52 info: [0mGET /ceos?[object%20Object] [36m304[0m 54.678 ms - -[0m
2023-04-21 20:45:55 info: [0mGET /posts/getListFeatured [32m200[0m 13.038 ms - 622[0m
2023-04-21 20:45:56 info: [0mGET /posts/getListFeatured [36m304[0m 8.386 ms - -[0m
2023-04-21 20:45:56 info: [0mGET /posts/getListFeatured [36m304[0m 10.437 ms - -[0m
2023-04-21 20:45:57 info: [0mGET /posts/getListFeatured [36m304[0m 8.140 ms - -[0m
2023-04-21 20:45:57 info: [0mGET /posts/getListFeatured [36m304[0m 12.635 ms - -[0m
2023-04-21 20:46:42 info: [0mGET /posts/getListFeatured [36m304[0m 28.765 ms - -[0m
2023-04-21 20:47:00 info: [0mGET /categories/post [36m304[0m 35.968 ms - -[0m
2023-04-21 20:47:00 info: [0mGET /banners [36m304[0m 75.160 ms - -[0m
2023-04-21 20:47:02 info: [0mGET /posts/getListFeatured [32m200[0m 33.799 ms - 632[0m
2023-04-21 20:50:00 info: [0mGET /posts/getListFeatured [36m304[0m 167.420 ms - -[0m
2023-04-21 20:50:39 info: =================================
2023-04-21 20:50:39 info: ======= ENV: development =======
2023-04-21 20:50:39 info: 🚀 App listening on the port 8000
2023-04-21 20:50:39 info: =================================
2023-04-21 20:50:59 info: [0mGET /posts/getListFeatured [36m304[0m 247.423 ms - -[0m
2023-04-21 20:51:42 info: [0mOPTIONS /admins/profile [32m204[0m 2.578 ms - 0[0m
2023-04-21 20:51:42 info: [0mGET /categories?[object%20Object] [36m304[0m 398.824 ms - -[0m
2023-04-21 20:51:42 info: [0mGET /posts?[object%20Object] [36m304[0m 397.210 ms - -[0m
2023-04-21 20:51:42 info: [0mGET /ceos?[object%20Object] [36m304[0m 435.925 ms - -[0m
2023-04-21 20:51:42 info: [0mGET /admins/profile [36m304[0m 518.905 ms - -[0m
2023-04-21 20:51:42 info: [0mGET /posts/show/2 [36m304[0m 117.145 ms - -[0m
2023-04-21 20:51:43 info: [0mGET /categories?[object%20Object] [36m304[0m 20.684 ms - -[0m
2023-04-21 20:51:43 info: [0mGET /ceos?[object%20Object] [36m304[0m 22.215 ms - -[0m
2023-04-21 20:51:43 info: [0mGET /posts?[object%20Object] [36m304[0m 19.428 ms - -[0m
2023-04-21 20:51:47 info: [0mOPTIONS /admins/profile [32m204[0m 0.355 ms - 0[0m
2023-04-21 20:51:47 info: [0mGET /posts? [32m200[0m 105.487 ms - 693[0m
2023-04-21 20:51:47 info: [0mGET /posts/show/2 [32m200[0m 125.786 ms - 395[0m
2023-04-21 20:51:47 info: [0mGET /admins/profile [36m304[0m 124.965 ms - -[0m
2023-04-21 20:51:47 info: [0mGET /posts?page=1&page_size=10 [32m200[0m 42.023 ms - 693[0m
2023-04-21 20:51:48 info: [0mGET /categories?[object%20Object] [36m304[0m 33.152 ms - -[0m
2023-04-21 20:51:48 info: [0mGET /admins/profile [36m304[0m 50.611 ms - -[0m
2023-04-21 20:51:48 info: [0mGET /posts?[object%20Object] [36m304[0m 44.961 ms - -[0m
2023-04-21 20:51:48 info: [0mGET /ceos?[object%20Object] [36m304[0m 58.028 ms - -[0m
2023-04-21 20:51:51 info: [0mOPTIONS /posts/create [32m204[0m 0.285 ms - 0[0m
2023-04-21 20:51:51 info: [0mPOST /posts/create [32m200[0m 47.195 ms - 16[0m
2023-04-21 20:51:52 info: [0mGET /admins/profile [36m304[0m 96.390 ms - -[0m
2023-04-21 20:51:52 info: [0mGET /posts?page=1&page_size=10 [32m200[0m 114.180 ms - 920[0m
2023-04-21 20:51:52 info: [0mGET /posts?page=1&page_size=10 [36m304[0m 80.358 ms - -[0m
2023-04-21 20:51:54 info: [0mOPTIONS /admins/profile [32m204[0m 0.281 ms - 0[0m
2023-04-21 20:51:54 info: [0mGET /admins/profile [36m304[0m 9.083 ms - -[0m
2023-04-21 20:51:54 info: [0mGET /categories?[object%20Object] [36m304[0m 12.086 ms - -[0m
2023-04-21 20:51:54 info: [0mGET /posts?[object%20Object] [32m200[0m 14.867 ms - 920[0m
2023-04-21 20:51:54 info: [0mGET /ceos?[object%20Object] [36m304[0m 29.509 ms - -[0m
2023-04-21 20:51:58 info: [0mOPTIONS /posts/create [32m204[0m 0.385 ms - 0[0m
2023-04-21 20:51:58 info: [0mPOST /posts/create [32m200[0m 15.191 ms - 16[0m
2023-04-21 20:51:58 info: [0mGET /admins/profile [36m304[0m 23.484 ms - -[0m
2023-04-21 20:51:58 info: [0mGET /posts?page=1&page_size=10 [32m200[0m 12.993 ms - -[0m
2023-04-21 20:51:58 info: [0mGET /posts?page=1&page_size=10 [36m304[0m 21.745 ms - -[0m
2023-04-21 20:52:04 info: [0mGET /posts/getListFeatured [36m304[0m 35.661 ms - -[0m
2023-04-21 20:52:08 info: [0mOPTIONS /admins/profile [32m204[0m 1.960 ms - 0[0m
2023-04-21 20:52:08 info: [0mGET /posts/show/3 [32m200[0m 37.255 ms - 386[0m
2023-04-21 20:52:08 info: [0mGET /admins/profile [36m304[0m 53.640 ms - -[0m
2023-04-21 20:52:09 info: [0mGET /categories?[object%20Object] [36m304[0m 10.015 ms - -[0m
2023-04-21 20:52:09 info: [0mGET /ceos?[object%20Object] [36m304[0m 22.019 ms - -[0m
2023-04-21 20:52:09 info: [0mGET /posts?[object%20Object] [32m200[0m 20.530 ms - -[0m
2023-04-21 20:52:10 info: [0mOPTIONS /posts/update/3 [32m204[0m 0.173 ms - 0[0m
2023-04-21 20:52:10 info: [0mPUT /posts/update/3 [32m200[0m 20.748 ms - 16[0m
2023-04-21 20:52:11 info: [0mGET /posts/show/3 [32m200[0m 157.868 ms - 385[0m
2023-04-21 20:52:11 info: [0mGET /posts/show/2 [32m200[0m 182.995 ms - 405[0m
2023-04-21 20:52:11 info: [0mGET /categories?[object%20Object] [36m304[0m 20.409 ms - -[0m
2023-04-21 20:52:11 info: [0mGET /ceos?[object%20Object] [36m304[0m 38.010 ms - -[0m
2023-04-21 20:52:11 info: [0mGET /posts?[object%20Object] [32m200[0m 37.427 ms - -[0m
2023-04-21 20:52:12 info: [0mGET /admins/profile [36m304[0m 23.216 ms - -[0m
2023-04-21 20:52:12 info: [0mGET /posts?page=1&page_size=10 [32m200[0m 42.255 ms - -[0m
2023-04-21 20:52:12 info: [0mGET /posts/show/3 [36m304[0m 101.953 ms - -[0m
2023-04-21 20:52:12 info: [0mGET /posts?page=1&page_size=10 [32m200[0m 11.031 ms - -[0m
2023-04-21 20:52:15 info: [0mOPTIONS /admins/profile [32m204[0m 0.145 ms - 0[0m
2023-04-21 20:52:15 info: [0mGET /posts/show/4 [32m200[0m 31.239 ms - 389[0m
2023-04-21 20:52:15 info: [0mGET /admins/profile [36m304[0m 47.584 ms - -[0m
2023-04-21 20:52:16 info: [0mGET /categories?[object%20Object] [36m304[0m 7.681 ms - -[0m
2023-04-21 20:52:16 info: [0mGET /ceos?[object%20Object] [36m304[0m 34.499 ms - -[0m
2023-04-21 20:52:16 info: [0mGET /posts?[object%20Object] [36m304[0m 45.041 ms - -[0m
2023-04-21 20:52:17 info: [0mOPTIONS /posts/update/4 [32m204[0m 0.375 ms - 0[0m
2023-04-21 20:52:17 info: [0mPUT /posts/update/4 [32m200[0m 74.531 ms - 16[0m
2023-04-21 20:52:17 info: [0mGET /posts/show/3 [36m304[0m 14.456 ms - -[0m
2023-04-21 20:52:17 info: [0mGET /posts/show/2 [36m304[0m 16.772 ms - -[0m
2023-04-21 20:52:17 info: [0mGET /posts/show/4 [32m200[0m 17.693 ms - 385[0m
2023-04-21 20:52:18 info: [0mGET /categories?[object%20Object] [36m304[0m 9.754 ms - -[0m
2023-04-21 20:52:18 info: [0mGET /ceos?[object%20Object] [36m304[0m 10.965 ms - -[0m
2023-04-21 20:52:18 info: [0mGET /posts?[object%20Object] [32m200[0m 22.859 ms - -[0m
2023-04-21 20:52:21 info: [0mGET /posts/getListFeatured [32m200[0m 45.221 ms - -[0m
2023-04-21 20:52:54 info: [0mGET /posts/getListFeatured [36m304[0m 83.719 ms - -[0m
2023-04-21 20:53:15 info: [0mGET /posts/getListFeatured [36m304[0m 29.591 ms - -[0m
2023-04-21 20:53:25 info: [0mGET /posts/getListFeatured [36m304[0m 104.721 ms - -[0m
2023-04-21 20:54:14 info: [0mGET /posts/getListFeatured [36m304[0m 39.441 ms - -[0m
2023-04-21 20:54:15 info: [0mGET /posts/getListFeatured [36m304[0m 9.121 ms - -[0m
2023-04-21 20:56:17 info: [0mGET /posts/getListFeatured [36m304[0m 126.272 ms - -[0m
2023-04-21 20:56:34 info: [0mGET /posts/getListFeatured [36m304[0m 81.646 ms - -[0m
2023-04-21 20:56:43 info: [0mGET /posts/getListFeatured [36m304[0m 21.016 ms - -[0m
2023-04-21 20:57:00 info: [0mGET /posts/getListFeatured [36m304[0m 83.799 ms - -[0m
2023-04-21 20:57:09 info: [0mGET /posts/getListFeatured [36m304[0m 45.423 ms - -[0m
2023-04-21 20:57:20 info: [0mGET /posts/getListFeatured [36m304[0m 72.797 ms - -[0m
2023-04-21 20:58:35 info: [0mGET /posts/getListFeatured [36m304[0m 67.686 ms - -[0m
2023-04-21 20:59:23 info: [0mGET /posts/getListFeatured [36m304[0m 123.745 ms - -[0m
2023-04-21 20:59:28 info: [0mGET /posts/getListFeatured [36m304[0m 66.176 ms - -[0m
2023-04-21 21:00:02 info: [0mGET /posts/getListFeatured [36m304[0m 45.289 ms - -[0m
2023-04-21 21:00:21 info: [0mGET /posts/getListFeatured [36m304[0m 123.364 ms - -[0m
2023-04-21 21:01:17 info: [0mGET /posts/getListFeatured [36m304[0m 156.986 ms - -[0m
2023-04-21 21:01:20 info: [0mGET /posts/getListFeatured [36m304[0m 185.567 ms - -[0m
2023-04-21 21:01:51 info: [0mGET /posts/getListFeatured [36m304[0m 60.997 ms - -[0m
2023-04-21 21:02:05 info: [0mGET /posts/getListFeatured [36m304[0m 380.284 ms - -[0m
2023-04-21 21:05:58 info: =================================
2023-04-21 21:05:58 info: ======= ENV: development =======
2023-04-21 21:05:58 info: 🚀 App listening on the port 8000
2023-04-21 21:05:58 info: =================================
2023-04-21 21:06:53 info: [0mGET /posts/getListFeatured [36m304[0m 303.382 ms - -[0m
2023-04-21 21:07:22 info: [0mGET /posts/getListFeatured [36m304[0m 46.470 ms - -[0m
2023-04-21 21:07:42 info: [0mGET /posts/getListFeatured [36m304[0m 138.145 ms - -[0m
2023-04-21 21:07:48 info: [0mGET /categories/post [36m304[0m 60.129 ms - -[0m
2023-04-21 21:07:48 info: [0mGET /banners [36m304[0m 123.574 ms - -[0m
2023-04-21 21:08:10 info: [0mGET /posts/getListFeatured [36m304[0m 82.984 ms - -[0m
2023-04-21 21:08:54 info: [0mGET /posts/getListFeatured [32m200[0m 75.098 ms - 519[0m
2023-04-21 21:08:57 info: [0mGET /categories/post [36m304[0m 22.135 ms - -[0m
2023-04-21 21:08:57 info: [0mGET /banners [32m200[0m 45.635 ms - 308[0m
2023-04-21 21:09:00 info: [0mGET /posts/getListFeatured [36m304[0m 14.851 ms - -[0m
2023-04-21 21:09:03 info: [0mGET /banners [36m304[0m 17.716 ms - -[0m
2023-04-21 21:09:03 info: [0mGET /categories/post [36m304[0m 9.504 ms - -[0m
2023-04-21 21:09:05 info: [0mGET /posts/getListFeatured [36m304[0m 7.991 ms - -[0m
2023-04-21 21:10:19 info: [0mGET /posts/getListFeatured [32m200[0m 35.411 ms - 519[0m
2023-04-21 21:11:08 info: [0mOPTIONS /admins/login [32m204[0m 1.125 ms - 0[0m
2023-04-21 21:11:08 info: [0mPOST /admins/login [32m200[0m 92.062 ms - 560[0m
2023-04-21 21:11:09 info: [0mOPTIONS /admins/profile [32m204[0m 0.218 ms - 0[0m
2023-04-21 21:11:09 info: [0mGET /admins/profile [36m304[0m 84.776 ms - -[0m
2023-04-21 21:11:11 info: [0mGET /admins/profile [36m304[0m 134.234 ms - -[0m
2023-04-21 21:11:11 info: [0mGET /posts? [32m200[0m 131.843 ms - 580[0m
2023-04-21 21:11:11 info: [0mGET /posts?page=1&page_size=10 [32m200[0m 37.983 ms - 580[0m
2023-04-21 21:11:14 info: [0mOPTIONS /admins/profile [32m204[0m 0.306 ms - 0[0m
2023-04-21 21:11:14 info: [0mGET /admins/profile [36m304[0m 48.996 ms - -[0m
2023-04-21 21:11:14 info: [0mGET /posts/show/1 [32m200[0m 68.752 ms - 400[0m
2023-04-21 21:11:15 info: [0mGET /categories?[object%20Object] [32m200[0m 18.840 ms - 372[0m
2023-04-21 21:11:15 info: [0mGET /ceos?[object%20Object] [32m200[0m 30.675 ms - 390[0m
2023-04-21 21:11:15 info: [0mGET /posts?[object%20Object] [32m200[0m 38.116 ms - 580[0m
2023-04-21 21:11:24 info: [0mOPTIONS /posts/update/1 [32m204[0m 0.182 ms - 0[0m
2023-04-21 21:11:24 info: [0mPUT /posts/update/1 [32m200[0m 25.105 ms - 16[0m
2023-04-21 21:11:24 info: [0mGET /posts/show/1 [32m200[0m 16.287 ms - 477[0m
2023-04-21 21:11:25 info: [0mGET /categories?[object%20Object] [36m304[0m 15.630 ms - -[0m
2023-04-21 21:11:25 info: [0mGET /ceos?[object%20Object] [36m304[0m 17.341 ms - -[0m
2023-04-21 21:11:25 info: [0mGET /posts?[object%20Object] [32m200[0m 19.724 ms - 681[0m
2023-04-21 21:11:32 info: [0mGET /posts/show/1 [36m304[0m 21.094 ms - -[0m
2023-04-21 21:11:32 info: [0mGET /posts/getListFeatured [32m200[0m 20.916 ms - 620[0m
2023-04-21 21:12:42 info: [0mGET /posts/getListFeatured [36m304[0m 182.228 ms - -[0m
2023-04-21 21:12:47 info: [0mOPTIONS /admins/login [32m204[0m 1.078 ms - 0[0m
2023-04-21 21:12:47 info: [0mPOST /admins/login [32m200[0m 35.719 ms - 744[0m
2023-04-21 21:12:49 info: [0mOPTIONS /admins/profile [32m204[0m 95.275 ms - 0[0m
2023-04-21 21:12:49 info: [0mGET /admins/profile [36m304[0m 202.977 ms - -[0m
2023-04-21 21:12:51 info: [0mGET /admins/profile [36m304[0m 51.395 ms - -[0m
2023-04-21 21:12:51 info: [0mGET /posts? [32m200[0m 52.021 ms - 681[0m
2023-04-21 21:12:51 info: [0mGET /posts?page=1&page_size=10 [32m200[0m 27.757 ms - 681[0m
2023-04-21 21:12:56 info: [0mOPTIONS /admins/profile [32m204[0m 0.222 ms - 0[0m
2023-04-21 21:12:56 info: [0mGET /admins/profile [36m304[0m 45.743 ms - -[0m
2023-04-21 21:12:56 info: [0mGET /posts/show/1 [36m304[0m 63.839 ms - -[0m
2023-04-21 21:12:57 info: [0mGET /categories?[object%20Object] [36m304[0m 39.607 ms - -[0m
2023-04-21 21:12:57 info: [0mGET /ceos?[object%20Object] [36m304[0m 51.271 ms - -[0m
2023-04-21 21:12:57 info: [0mGET /posts?[object%20Object] [36m304[0m 40.057 ms - -[0m
2023-04-21 21:13:07 info: [0mOPTIONS /admins/profile [32m204[0m 0.226 ms - 0[0m
2023-04-21 21:13:08 info: [0mGET /admins/profile [36m304[0m 161.527 ms - -[0m
2023-04-21 21:13:08 info: [0mGET /posts/show/1 [36m304[0m 183.031 ms - -[0m
2023-04-21 21:13:08 info: [0mGET /posts?page=1&page_size=10 [36m304[0m 144.508 ms - -[0m
2023-04-21 21:13:08 info: [0mGET /posts?page=1&page_size=10 [36m304[0m 28.468 ms - -[0m
2023-04-21 21:13:13 info: [0mOPTIONS /admins/profile [32m204[0m 2.105 ms - 0[0m
2023-04-21 21:13:13 info: [0mGET /admins/profile [36m304[0m 44.516 ms - -[0m
2023-04-21 21:13:13 info: [0mGET /posts?page=1&page_size=10 [36m304[0m 100.439 ms - -[0m
2023-04-21 21:13:13 info: [0mGET /posts?page=1&page_size=10 [36m304[0m 54.588 ms - -[0m
2023-04-21 21:13:22 info: [0mOPTIONS /admins/profile [32m204[0m 0.902 ms - 0[0m
2023-04-21 21:13:22 info: [0mGET /admins/profile [36m304[0m 50.125 ms - -[0m
2023-04-21 21:13:22 info: [0mGET /posts/show/2 [32m200[0m 59.912 ms - 400[0m
2023-04-21 21:13:22 info: [0mGET /categories?[object%20Object] [36m304[0m 13.277 ms - -[0m
2023-04-21 21:13:22 info: [0mGET /ceos?[object%20Object] [36m304[0m 35.367 ms - -[0m
2023-04-21 21:13:22 info: [0mGET /posts?[object%20Object] [36m304[0m 34.083 ms - -[0m
2023-04-21 21:13:24 info: [0mGET /posts/show/2 [36m304[0m 10.051 ms - -[0m
2023-04-21 21:13:24 info: [0mGET /admins/profile [36m304[0m 23.274 ms - -[0m
2023-04-21 21:13:24 info: [0mGET /posts?page=1&page_size=10 [36m304[0m 15.787 ms - -[0m
2023-04-21 21:13:24 info: [0mGET /posts?page=1&page_size=10 [36m304[0m 12.597 ms - -[0m
2023-04-21 21:13:25 info: [0mGET /admins/profile [36m304[0m 35.232 ms - -[0m
2023-04-21 21:13:25 info: [0mGET /posts/show/1 [36m304[0m 50.450 ms - -[0m
2023-04-21 21:13:26 info: [0mGET /categories?[object%20Object] [36m304[0m 7.219 ms - -[0m
2023-04-21 21:13:26 info: [0mGET /ceos?[object%20Object] [36m304[0m 12.537 ms - -[0m
2023-04-21 21:13:26 info: [0mGET /posts?[object%20Object] [36m304[0m 14.532 ms - -[0m
2023-04-21 21:13:27 info: [0mOPTIONS /admins/profile [32m204[0m 0.192 ms - 0[0m
2023-04-21 21:13:27 info: [0mGET /posts/show/1 [36m304[0m 15.448 ms - -[0m
2023-04-21 21:13:27 info: [0mGET /posts?page=1&page_size=10 [32m200[0m 15.269 ms - 681[0m
2023-04-21 21:13:27 info: [0mGET /admins/profile [36m304[0m 37.554 ms - -[0m
2023-04-21 21:13:27 info: [0mGET /posts?page=1&page_size=10 [32m200[0m 12.822 ms - 681[0m
2023-04-21 21:13:33 info: [0mOPTIONS /admins/profile [32m204[0m 0.266 ms - 0[0m
2023-04-21 21:13:33 info: [0mGET /posts/show/2 [32m200[0m 51.816 ms - 400[0m
2023-04-21 21:13:33 info: [0mGET /admins/profile [36m304[0m 63.422 ms - -[0m
2023-04-21 21:13:33 info: [0mGET /categories?[object%20Object] [36m304[0m 44.091 ms - -[0m
2023-04-21 21:13:33 info: [0mGET /ceos?[object%20Object] [36m304[0m 48.394 ms - -[0m
2023-04-21 21:13:33 info: [0mGET /posts?[object%20Object] [36m304[0m 70.907 ms - -[0m
2023-04-21 21:13:44 info: [0mOPTIONS /posts/update/2 [32m204[0m 0.561 ms - 0[0m
2023-04-21 21:13:44 info: [0mPUT /posts/update/2 [32m200[0m 58.338 ms - 16[0m
2023-04-21 21:13:44 info: [0mGET /posts/show/2 [32m200[0m 11.614 ms - 499[0m
2023-04-21 21:13:44 info: [0mGET /posts/show/1 [36m304[0m 11.828 ms - -[0m
2023-04-21 21:13:44 info: [0mGET /posts/show/2 [36m304[0m 6.639 ms - -[0m
2023-04-21 21:13:44 info: [0mGET /categories?[object%20Object] [36m304[0m 26.432 ms - -[0m
2023-04-21 21:13:44 info: [0mGET /ceos?[object%20Object] [36m304[0m 36.228 ms - -[0m
2023-04-21 21:13:44 info: [0mGET /posts?[object%20Object] [32m200[0m 27.801 ms - 817[0m
2023-04-21 21:13:48 info: [0mOPTIONS /admins/profile [32m204[0m 0.192 ms - 0[0m
2023-04-21 21:13:48 info: [0mGET /posts/show/2 [36m304[0m 22.030 ms - -[0m
2023-04-21 21:13:48 info: [0mGET /posts?page=1&page_size=10 [32m200[0m 32.700 ms - 782[0m
2023-04-21 21:13:48 info: [0mGET /admins/profile [36m304[0m 37.699 ms - -[0m
2023-04-21 21:13:48 info: [0mGET /posts?page=1&page_size=10 [32m200[0m 17.560 ms - 817[0m
2023-04-21 21:13:49 info: [0mGET /admins/profile [36m304[0m 42.172 ms - -[0m
2023-04-21 21:13:49 info: [0mGET /posts/show/1 [36m304[0m 45.480 ms - -[0m
2023-04-21 21:13:50 info: [0mGET /categories?[object%20Object] [36m304[0m 55.359 ms - -[0m
2023-04-21 21:13:50 info: [0mGET /ceos?[object%20Object] [36m304[0m 33.922 ms - -[0m
2023-04-21 21:13:50 info: [0mGET /posts?[object%20Object] [36m304[0m 34.949 ms - -[0m
2023-04-21 21:13:55 info: [0mOPTIONS /posts/update/1 [32m204[0m 0.126 ms - 0[0m
2023-04-21 21:13:55 info: [0mPUT /posts/update/1 [32m200[0m 9.272 ms - 16[0m
2023-04-21 21:13:55 info: [0mGET /posts/show/2 [36m304[0m 8.510 ms - -[0m
2023-04-21 21:13:55 info: [0mGET /posts/show/1 [32m200[0m 16.735 ms - 483[0m
2023-04-21 21:13:55 info: [0mGET /posts/show/2 [36m304[0m 10.205 ms - -[0m
2023-04-21 21:13:55 info: [0mGET /posts/show/1 [36m304[0m 32.579 ms - -[0m
2023-04-21 21:13:56 info: [0mGET /categories?[object%20Object] [36m304[0m 19.849 ms - -[0m
2023-04-21 21:13:56 info: [0mGET /ceos?[object%20Object] [36m304[0m 26.495 ms - -[0m
2023-04-21 21:13:56 info: [0mGET /posts?[object%20Object] [32m200[0m 26.555 ms - 820[0m
2023-04-21 21:13:58 info: [0mOPTIONS /admins/profile [32m204[0m 0.319 ms - 0[0m
2023-04-21 21:13:58 info: [0mGET /posts?page=1&page_size=10 [32m200[0m 12.502 ms - 820[0m
2023-04-21 21:13:58 info: [0mGET /posts/show/1 [36m304[0m 15.434 ms - -[0m
2023-04-21 21:13:58 info: [0mGET /admins/profile [36m304[0m 77.310 ms - -[0m
2023-04-21 21:13:58 info: [0mGET /posts?page=1&page_size=10 [36m304[0m 28.002 ms - -[0m
2023-04-21 21:14:07 info: [0mGET /posts/getListFeatured [32m200[0m 47.510 ms - 759[0m
2023-04-21 21:14:13 info: [0mGET /posts/getListFeatured [36m304[0m 95.138 ms - -[0m
2023-04-21 21:14:27 info: [0mGET /posts/getListFeatured [32m200[0m 34.270 ms - 721[0m
2023-04-21 21:14:47 info: =================================
2023-04-21 21:14:47 info: ======= ENV: development =======
2023-04-21 21:14:47 info: 🚀 App listening on the port 8000
2023-04-21 21:14:47 info: =================================
2023-04-21 21:14:58 info: =================================
2023-04-21 21:14:58 info: ======= ENV: development =======
2023-04-21 21:14:58 info: 🚀 App listening on the port 8000
2023-04-21 21:14:58 info: =================================
2023-04-21 21:15:25 info: [0mGET /posts/getListFeatured [32m200[0m 284.482 ms - 779[0m
2023-04-21 21:15:31 info: [0mGET /posts/show/1 [36m304[0m 101.934 ms - -[0m
2023-04-21 21:15:31 info: [0mGET /banners [36m304[0m 31.893 ms - -[0m
2023-04-21 21:15:43 info: [0mGET /posts/getListFeatured [36m304[0m 26.261 ms - -[0m
2023-04-21 21:15:46 info: [0mGET /posts/show/2 [36m304[0m 32.049 ms - -[0m
2023-04-21 21:15:46 info: [0mGET /banners [36m304[0m 44.668 ms - -[0m
2023-04-21 21:16:00 info: [0mGET /posts/getListFeatured [36m304[0m 88.997 ms - -[0m
2023-04-21 21:16:27 info: =================================
2023-04-21 21:16:27 info: ======= ENV: development =======
2023-04-21 21:16:27 info: 🚀 App listening on the port 8000
2023-04-21 21:16:27 info: =================================
2023-04-21 21:16:58 info: [0mGET /posts/getListFeatured [32m200[0m 221.127 ms - 519[0m
2023-04-21 21:17:24 info: [0mGET /categories/post [36m304[0m 32.215 ms - -[0m
2023-04-21 21:17:24 info: [0mGET /banners [36m304[0m 89.382 ms - -[0m
2023-04-21 21:17:26 info: [0mGET /posts/getListFeatured [36m304[0m 27.152 ms - -[0m
2023-04-21 21:18:09 info: =================================
2023-04-21 21:18:09 info: ======= ENV: development =======
2023-04-21 21:18:09 info: 🚀 App listening on the port 8000
2023-04-21 21:18:09 info: =================================
2023-04-21 21:19:04 info: [0mOPTIONS /admins/login [32m204[0m 2.631 ms - 0[0m
2023-04-21 21:19:04 info: [0mPOST /admins/login [32m200[0m 126.215 ms - 560[0m
2023-04-21 21:19:05 info: [0mOPTIONS /admins/profile [32m204[0m 1.032 ms - 0[0m
2023-04-21 21:19:05 info: [0mGET /admins/profile [36m304[0m 67.305 ms - -[0m
2023-04-21 21:19:12 info: [0mOPTIONS /admins/profile [32m204[0m 0.337 ms - 0[0m
2023-04-21 21:19:12 info: [0mGET /admins/profile [36m304[0m 60.826 ms - -[0m
2023-04-21 21:19:12 info: [0mGET /posts? [32m200[0m 137.657 ms - 580[0m
2023-04-21 21:19:12 info: [0mGET /posts?page=1&page_size=10 [32m200[0m 36.412 ms - 580[0m
2023-04-21 21:19:16 info: [0mGET /posts/show/1 [32m200[0m 19.039 ms - 386[0m
2023-04-21 21:19:16 info: [0mGET /admins/profile [36m304[0m 30.164 ms - -[0m
2023-04-21 21:19:16 info: [0mGET /categories?[object%20Object] [36m304[0m 12.247 ms - -[0m
2023-04-21 21:19:16 info: [0mGET /ceos?[object%20Object] [36m304[0m 42.209 ms - -[0m
2023-04-21 21:19:16 info: [0mGET /posts?[object%20Object] [32m200[0m 15.871 ms - 580[0m
2023-04-21 21:19:20 info: [0mOPTIONS /admins/profile [32m204[0m 0.166 ms - 0[0m
2023-04-21 21:19:20 info: [0mGET /posts/show/1 [36m304[0m 30.404 ms - -[0m
2023-04-21 21:19:20 info: [0mGET /admins/profile [36m304[0m 96.331 ms - -[0m
2023-04-21 21:19:20 info: [0mGET /posts?page=1&page_size=10 [32m200[0m 126.204 ms - 580[0m
2023-04-21 21:19:20 info: [0mGET /posts?page=1&page_size=10 [32m200[0m 31.194 ms - 580[0m
2023-04-21 21:19:20 info: [0mGET /categories?[object%20Object] [36m304[0m 9.844 ms - -[0m
2023-04-21 21:19:20 info: [0mGET /admins/profile [36m304[0m 25.142 ms - -[0m
2023-04-21 21:19:20 info: [0mGET /ceos?[object%20Object] [36m304[0m 36.391 ms - -[0m
2023-04-21 21:19:20 info: [0mGET /posts?[object%20Object] [36m304[0m 39.541 ms - -[0m
2023-04-21 21:19:29 info: [0mOPTIONS /posts/create [32m204[0m 0.160 ms - 0[0m
2023-04-21 21:19:30 info: [0mPOST /posts/create [32m200[0m 25.445 ms - 16[0m
2023-04-21 21:19:30 info: [0mOPTIONS /admins/profile [32m204[0m 0.184 ms - 0[0m
2023-04-21 21:19:30 info: [0mGET /posts?page=1&page_size=10 [32m200[0m 15.550 ms - 924[0m
2023-04-21 21:19:30 info: [0mGET /admins/profile [36m304[0m 21.127 ms - -[0m
2023-04-21 21:19:30 info: [0mGET /posts?page=1&page_size=10 [36m304[0m 10.409 ms - -[0m
2023-04-21 21:19:36 info: [0mOPTIONS /admins/profile [32m204[0m 0.352 ms - 0[0m
2023-04-21 21:19:36 info: [0mGET /posts/show/3 [32m200[0m 35.954 ms - 479[0m
2023-04-21 21:19:36 info: [0mGET /admins/profile [36m304[0m 52.008 ms - -[0m
2023-04-21 21:19:37 info: [0mGET /categories?[object%20Object] [36m304[0m 22.024 ms - -[0m
2023-04-21 21:19:37 info: [0mGET /ceos?[object%20Object] [36m304[0m 34.143 ms - -[0m
2023-04-21 21:19:37 info: [0mGET /posts?[object%20Object] [32m200[0m 35.404 ms - 924[0m
2023-04-21 21:19:38 info: [0mOPTIONS /folders/get-medias [32m204[0m 0.363 ms - 0[0m
2023-04-21 21:19:39 info: [0mPOST /folders/get-medias [32m200[0m 65.103 ms - 31[0m
2023-04-21 21:19:39 info: [0mGET /folders [36m304[0m 75.314 ms - -[0m
2023-04-21 21:19:43 info: [0mPOST /medias/create [32m200[0m 51.903 ms - 31[0m
2023-04-21 21:19:43 info: [0mPOST /folders/get-medias [32m200[0m 4.615 ms - 310[0m
2023-04-21 21:19:46 info: [0mOPTIONS /posts/update/3 [32m204[0m 0.133 ms - 0[0m
2023-04-21 21:19:46 info: [0mPUT /posts/update/3 [32m200[0m 103.556 ms - 16[0m
2023-04-21 21:19:46 info: [0mGET /posts/show/3 [32m200[0m 24.955 ms - 754[0m
2023-04-21 21:19:46 info: [0mGET /posts/show/1 [36m304[0m 22.849 ms - -[0m
2023-04-21 21:19:47 info: [0mGET /categories?[object%20Object] [36m304[0m 25.301 ms - -[0m
2023-04-21 21:19:47 info: [0mGET /ceos?[object%20Object] [36m304[0m 48.170 ms - -[0m
2023-04-21 21:19:47 info: [0mGET /posts?[object%20Object] [32m200[0m 39.343 ms - -[0m
2023-04-21 21:19:52 info: [0mOPTIONS /posts/update/3 [32m204[0m 0.715 ms - 0[0m
2023-04-21 21:19:52 info: [0mPUT /posts/update/3 [32m200[0m 75.961 ms - 16[0m
2023-04-21 21:19:53 info: [0mGET /posts/show/1 [36m304[0m 40.943 ms - -[0m
2023-04-21 21:19:53 info: [0mGET /posts/show/3 [32m200[0m 79.108 ms - 753[0m
2023-04-21 21:19:53 info: [0mGET /categories?[object%20Object] [36m304[0m 60.361 ms - -[0m
2023-04-21 21:19:53 info: [0mGET /ceos?[object%20Object] [36m304[0m 58.253 ms - -[0m
2023-04-21 21:19:53 info: [0mGET /posts?[object%20Object] [32m200[0m 56.838 ms - -[0m
2023-04-21 21:19:54 info: [0mGET /posts/getListFeatured [32m200[0m 11.511 ms - -[0m
2023-04-21 21:20:03 info: [0mGET /posts/show/3 [36m304[0m 35.770 ms - -[0m
2023-04-21 21:20:03 info: [0mGET /banners [36m304[0m 21.821 ms - -[0m
2023-04-21 21:20:05 info: [0mGET /posts/getListFeatured [36m304[0m 12.000 ms - -[0m
2023-04-21 21:20:35 info: =================================
2023-04-21 21:20:35 info: ======= ENV: development =======
2023-04-21 21:20:35 info: 🚀 App listening on the port 8000
2023-04-21 21:20:35 info: =================================
2023-04-21 21:22:16 info: [0mGET /posts/getListFeatured [36m304[0m 366.791 ms - -[0m
2023-04-21 21:24:14 info: [0mGET /ceos/getlistCeo [32m200[0m 146.447 ms - 329[0m
2023-04-21 21:24:16 info: [0mGET /jobs/getListFeatured [32m200[0m 46.914 ms - -[0m
2023-04-21 21:24:16 info: [0mGET /posts/getListFeatured [36m304[0m 27.838 ms - -[0m
2023-04-21 21:24:18 info: [0mGET /jobs/getListFeatured [36m304[0m 56.976 ms - -[0m
2023-04-21 21:24:33 info: [0mGET /posts/getListFeatured [36m304[0m 28.466 ms - -[0m
2023-04-21 21:25:19 info: [0mGET /posts/getListFeatured [36m304[0m 54.173 ms - -[0m
2023-04-21 21:25:24 info: [0mGET /posts/getListFeatured [36m304[0m 22.304 ms - -[0m
2023-04-21 21:27:22 info: [0mGET /branchs/getListBranch [32m200[0m 23.630 ms - 205[0m
2023-04-21 21:27:22 info: [0mGET /banners [36m304[0m 131.087 ms - -[0m
2023-04-21 21:27:22 info: [0mGET /projects [32m200[0m 93.961 ms - 501[0m
2023-04-21 21:27:23 info: [0mGET /banners [36m304[0m 17.348 ms - -[0m
2023-04-21 21:27:23 info: [0mGET /categories/post [36m304[0m 19.147 ms - -[0m
2023-04-21 21:27:35 info: [0mGET /branchs/getListBranch [36m304[0m 59.042 ms - -[0m
2023-04-21 21:27:35 info: [0mGET /projects [36m304[0m 77.641 ms - -[0m
2023-04-21 21:27:35 info: [0mGET /banners [36m304[0m 107.227 ms - -[0m
2023-04-21 21:27:35 info: [0mGET /banners [36m304[0m 56.940 ms - -[0m
2023-04-21 21:27:35 info: [0mGET /categories/post [36m304[0m 40.548 ms - -[0m
2023-04-21 21:27:35 info: [0mGET /jobs/getListFeatured [36m304[0m 40.732 ms - -[0m
2023-04-21 21:27:36 info: [0mGET /posts/getListFeatured [36m304[0m 69.647 ms - -[0m
2023-04-21 21:27:37 info: [0mOPTIONS /admins/profile [32m204[0m 0.425 ms - 0[0m
2023-04-21 21:27:37 info: [0mGET /categories?[object%20Object] [36m304[0m 107.957 ms - -[0m
2023-04-21 21:27:37 info: [0mGET /ceos?[object%20Object] [36m304[0m 144.216 ms - -[0m
2023-04-21 21:27:37 info: [0mGET /admins/profile [36m304[0m 195.580 ms - -[0m
2023-04-21 21:27:37 info: [0mGET /posts?[object%20Object] [36m304[0m 169.008 ms - -[0m
2023-04-21 21:27:37 info: [0mGET /posts/show/3 [36m304[0m 71.913 ms - -[0m
2023-04-21 21:27:38 info: [0mGET /categories?[object%20Object] [36m304[0m 33.079 ms - -[0m
2023-04-21 21:27:38 info: [0mGET /ceos?[object%20Object] [36m304[0m 36.595 ms - -[0m
2023-04-21 21:27:38 info: [0mGET /posts?[object%20Object] [36m304[0m 33.872 ms - -[0m
2023-04-21 21:27:50 info: [0mGET /banners [36m304[0m 28.952 ms - -[0m
2023-04-21 21:27:50 info: [0mGET /branchs/getListBranch [36m304[0m 15.778 ms - -[0m
2023-04-21 21:27:50 info: [0mGET /projects [36m304[0m 23.612 ms - -[0m
2023-04-21 21:27:50 info: [0mGET /banners [36m304[0m 36.330 ms - -[0m
2023-04-21 21:27:50 info: [0mGET /categories/post [36m304[0m 31.024 ms - -[0m
2023-04-21 21:27:52 info: [0mGET /ceos/getlistCeo [36m304[0m 11.656 ms - -[0m
2023-04-21 21:29:13 info: [0mGET /ceos/getlistCeo [36m304[0m 36.233 ms - -[0m
2023-04-21 21:29:38 info: [0mGET /ceos/getlistCeo [36m304[0m 32.241 ms - -[0m
2023-04-21 21:30:16 info: [0mGET /projects [36m304[0m 41.322 ms - -[0m
2023-04-21 21:30:16 info: [0mGET /banners [36m304[0m 105.846 ms - -[0m
2023-04-21 21:30:16 info: [0mGET /branchs/getListBranch [36m304[0m 41.819 ms - -[0m
2023-04-21 21:30:48 info: [0mGET /branchs/getListBranch [36m304[0m 63.883 ms - -[0m
2023-04-21 21:30:48 info: [0mGET /projects [36m304[0m 231.173 ms - -[0m
2023-04-21 21:30:51 info: [0mGET /branchs/getListBranch [36m304[0m 45.896 ms - -[0m
2023-04-21 21:30:51 info: [0mGET /projects [36m304[0m 93.490 ms - -[0m
2023-04-21 21:32:06 info: [0mGET /posts/getListFeatured [36m304[0m 112.111 ms - -[0m
2023-04-21 21:32:12 info: [0mGET /banners [36m304[0m 42.438 ms - -[0m
2023-04-21 21:32:12 info: [0mGET /categories/post [36m304[0m 31.466 ms - -[0m
2023-04-21 21:32:13 info: [0mGET /jobs/getListFeatured [36m304[0m 44.111 ms - -[0m
2023-04-21 21:32:16 info: [0mGET /banners [36m304[0m 94.927 ms - -[0m
2023-04-21 21:32:16 info: [0mGET /branchs/getListBranch [36m304[0m 60.749 ms - -[0m
2023-04-21 21:32:16 info: [0mGET /projects [36m304[0m 87.907 ms - -[0m
2023-04-21 21:32:19 info: [0mGET /ceos/getlistCeo [36m304[0m 23.448 ms - -[0m
2023-04-21 21:32:20 info: [0mGET /posts/getListFeatured [36m304[0m 99.031 ms - -[0m
2023-04-21 21:32:57 info: [0mOPTIONS /admins/profile [32m204[0m 1.782 ms - 0[0m
2023-04-21 21:32:58 info: [0mGET /categories?[object%20Object] [36m304[0m 234.147 ms - -[0m
2023-04-21 21:32:58 info: [0mGET /ceos?[object%20Object] [36m304[0m 234.913 ms - -[0m
2023-04-21 21:32:58 info: [0mGET /posts?[object%20Object] [36m304[0m 176.880 ms - -[0m
2023-04-21 21:32:58 info: [0mGET /admins/profile [36m304[0m 343.357 ms - -[0m
2023-04-21 21:32:58 info: [0mGET /posts/show/3 [36m304[0m 14.644 ms - -[0m
2023-04-21 21:32:59 info: [0mGET /categories?[object%20Object] [36m304[0m 32.059 ms - -[0m
2023-04-21 21:32:59 info: [0mGET /posts?[object%20Object] [36m304[0m 50.444 ms - -[0m
2023-04-21 21:32:59 info: [0mGET /ceos?[object%20Object] [36m304[0m 45.346 ms - -[0m
2023-04-21 21:37:21 info: [0mGET /ceos/getlistCeo [36m304[0m 105.595 ms - -[0m
2023-04-21 21:37:22 info: [0mGET /banners [36m304[0m 32.636 ms - -[0m
2023-04-21 21:37:22 info: [0mGET /branchs/getListBranch [36m304[0m 29.451 ms - -[0m
2023-04-21 21:37:22 info: [0mGET /projects [36m304[0m 39.059 ms - -[0m
2023-04-21 21:37:23 info: [0mGET /categories/post [36m304[0m 82.753 ms - -[0m
2023-04-21 21:37:23 info: [0mGET /banners [36m304[0m 100.421 ms - -[0m
2023-04-21 21:37:23 info: [0mGET /jobs/getListFeatured [36m304[0m 10.739 ms - -[0m
2023-04-21 21:37:23 info: [0mGET /categories/post [36m304[0m 6.641 ms - -[0m
2023-04-21 21:37:23 info: [0mGET /banners [36m304[0m 24.815 ms - -[0m
2023-04-21 21:37:24 info: [0mGET /branchs/getListBranch [36m304[0m 5.073 ms - -[0m
2023-04-21 21:37:24 info: [0mGET /banners [36m304[0m 22.895 ms - -[0m
2023-04-21 21:37:24 info: [0mGET /projects [36m304[0m 22.577 ms - -[0m
2023-04-21 21:37:24 info: [0mGET /ceos/getlistCeo [36m304[0m 7.839 ms - -[0m
2023-04-21 21:37:25 info: [0mGET /posts/getListFeatured [36m304[0m 10.608 ms - -[0m
2023-04-21 21:37:25 info: [0mGET /ceos/getlistCeo [36m304[0m 19.347 ms - -[0m
2023-04-21 21:37:33 info: [0mGET /posts/getListFeatured [36m304[0m 26.850 ms - -[0m
2023-04-21 21:37:37 info: [0mGET /ceos/getlistCeo [36m304[0m 34.938 ms - -[0m
2023-04-21 21:37:51 info: [0mGET /ceos/getlistCeo [36m304[0m 61.826 ms - -[0m
2023-04-21 21:38:51 info: [0mOPTIONS /admins/profile [32m204[0m 1.746 ms - 0[0m
2023-04-21 21:38:51 info: [0mGET /admins/profile [36m304[0m 504.452 ms - -[0m
2023-04-21 21:38:54 info: [0mGET /categories?[object%20Object] [36m304[0m 119.462 ms - -[0m
2023-04-21 21:38:54 info: [0mGET /admins/profile [36m304[0m 172.852 ms - -[0m
2023-04-21 21:38:54 info: [0mGET /posts?[object%20Object] [36m304[0m 155.092 ms - -[0m
2023-04-21 21:38:54 info: [0mGET /ceos?[object%20Object] [36m304[0m 169.107 ms - -[0m
2023-04-21 21:38:54 info: [0mGET /posts/show/3 [36m304[0m 32.706 ms - -[0m
2023-04-21 21:38:54 info: [0mGET /categories?[object%20Object] [36m304[0m 18.262 ms - -[0m
2023-04-21 21:38:54 info: [0mGET /ceos?[object%20Object] [36m304[0m 21.057 ms - -[0m
2023-04-21 21:38:54 info: [0mGET /posts?[object%20Object] [36m304[0m 32.584 ms - -[0m
2023-04-21 21:39:11 info: [0mOPTIONS /admins/profile [32m204[0m 1.466 ms - 0[0m
2023-04-21 21:39:11 info: [0mGET /admins/profile [36m304[0m 113.663 ms - -[0m
2023-04-21 21:39:25 info: [0mOPTIONS /admins/profile [32m204[0m 0.807 ms - 0[0m
2023-04-21 21:39:25 info: [0mGET /admins/profile [36m304[0m 75.806 ms - -[0m
2023-04-21 21:39:29 info: [0mGET /posts/show/3 [36m304[0m 33.058 ms - -[0m
2023-04-21 21:39:29 info: [0mGET /admins/profile [36m304[0m 147.133 ms - -[0m
2023-04-21 21:39:29 info: [0mGET /posts?page=1&page_size=10 [32m200[0m 137.387 ms - -[0m
2023-04-21 21:39:29 info: [0mGET /posts?page=1&page_size=10 [36m304[0m 62.663 ms - -[0m
2023-04-21 21:39:30 info: [0mOPTIONS /admins/logout [32m204[0m 0.380 ms - 0[0m
2023-04-21 21:39:30 info: [0mPOST /admins/logout [32m200[0m 39.591 ms - 33[0m
2023-04-21 21:39:32 info: [0mOPTIONS /admins/login [32m204[0m 0.402 ms - 0[0m
2023-04-21 21:39:32 info: [0mPOST /admins/login [32m200[0m 7.038 ms - 560[0m
2023-04-21 21:39:33 info: [0mOPTIONS /admins/profile [32m204[0m 0.136 ms - 0[0m
2023-04-21 21:39:33 info: [0mGET /admins/profile [36m304[0m 21.341 ms - -[0m
2023-04-21 21:39:37 info: [0mOPTIONS /admins/logout [32m204[0m 0.168 ms - 0[0m
2023-04-21 21:39:37 info: [0mPOST /admins/logout [32m200[0m 17.314 ms - 33[0m
2023-04-21 21:39:38 info: [0mOPTIONS /admins/login [32m204[0m 0.253 ms - 0[0m
2023-04-21 21:39:38 info: [0mPOST /admins/login [32m200[0m 3.951 ms - 560[0m
2023-04-21 21:39:38 info: [0mOPTIONS /admins/profile [32m204[0m 0.225 ms - 0[0m
2023-04-21 21:39:38 info: [0mGET /admins/profile [36m304[0m 56.856 ms - -[0m
2023-04-21 21:40:08 info: [0mOPTIONS /admins/logout [32m204[0m 1.119 ms - 0[0m
2023-04-21 21:40:08 info: [0mPOST /admins/logout [32m200[0m 43.280 ms - 33[0m
2023-04-21 21:40:10 info: [0mOPTIONS /admins/login [32m204[0m 0.586 ms - 0[0m
2023-04-21 21:40:10 info: [0mPOST /admins/login [32m200[0m 26.365 ms - 560[0m
2023-04-21 21:40:11 info: [0mOPTIONS /admins/profile [32m204[0m 0.206 ms - 0[0m
2023-04-21 21:40:11 info: [0mGET /admins/profile [36m304[0m 117.293 ms - -[0m
2023-04-21 21:40:46 info: [0mOPTIONS /admins/profile [32m204[0m 1.379 ms - 0[0m
2023-04-21 21:40:46 info: [0mGET /admins/profile [36m304[0m 67.375 ms - -[0m
2023-04-21 21:40:50 info: [0mGET /admins/profile [36m304[0m 16.019 ms - -[0m
2023-04-21 21:40:53 info: [0mOPTIONS /admins/profile [32m204[0m 0.985 ms - 0[0m
2023-04-21 21:40:54 info: [0mGET /admins/profile [36m304[0m 95.327 ms - -[0m
2023-04-21 21:40:56 info: [0mOPTIONS /admins/logout [32m204[0m 0.328 ms - 0[0m
2023-04-21 21:40:56 info: [0mPOST /admins/logout [32m200[0m 15.410 ms - 33[0m
2023-04-21 21:40:59 info: [0mOPTIONS /admins/login [32m204[0m 1.547 ms - 0[0m
2023-04-21 21:40:59 info: [0mPOST /admins/login [32m200[0m 41.110 ms - 560[0m
2023-04-21 21:41:00 info: [0mOPTIONS /admins/profile [32m204[0m 0.138 ms - 0[0m
2023-04-21 21:41:00 info: [0mGET /admins/profile [36m304[0m 18.992 ms - -[0m
2023-04-21 21:41:08 info: [0mOPTIONS /admins/profile [32m204[0m 0.314 ms - 0[0m
2023-04-21 21:41:08 info: [0mGET /banners? [32m200[0m 117.497 ms - 308[0m
2023-04-21 21:41:08 info: [0mGET /admins/profile [36m304[0m 125.542 ms - -[0m
2023-04-21 21:41:08 info: [0mGET /banners?page=1&page_size=10 [32m200[0m 22.666 ms - 308[0m
2023-04-21 21:41:09 info: [0mGET /admins/profile [36m304[0m 103.180 ms - -[0m
2023-04-21 21:41:30 info: [0mOPTIONS /admins/profile [32m204[0m 0.233 ms - 0[0m
2023-04-21 21:41:30 info: [0mGET /admins/profile [36m304[0m 125.087 ms - -[0m
2023-04-21 21:41:30 info: [0mGET /banners? [32m200[0m 136.924 ms - 308[0m
2023-04-21 21:41:30 info: [0mGET /banners?page=1&page_size=10 [36m304[0m 75.099 ms - -[0m
2023-04-21 21:41:32 info: [0mGET /categories? [32m200[0m 187.336 ms - 372[0m
2023-04-21 21:41:32 info: [0mGET /admins/profile [36m304[0m 226.469 ms - -[0m
2023-04-21 21:41:32 info: [0mGET /categories?page=1&page_size=10 [32m200[0m 108.500 ms - 372[0m
2023-04-21 21:41:34 info: [0mGET /jobs? [32m200[0m 70.478 ms - 996[0m
2023-04-21 21:41:34 info: [0mGET /admins/profile [36m304[0m 107.334 ms - -[0m
2023-04-21 21:41:34 info: [0mGET /jobs?page=1&page_size=10 [32m200[0m 22.319 ms - 996[0m
2023-04-21 21:41:36 info: [0mOPTIONS /admins/profile [32m204[0m 1.138 ms - 0[0m
2023-04-21 21:41:36 info: [0mGET /ceos? [32m200[0m 197.058 ms - 390[0m
2023-04-21 21:41:36 info: [0mGET /admins/profile [36m304[0m 156.809 ms - -[0m
2023-04-21 21:41:36 info: [0mGET /ceos?page=1&page_size=10 [32m200[0m 39.822 ms - 390[0m
2023-04-21 21:41:38 info: [0mGET /roles? [32m200[0m 74.617 ms - 241[0m
2023-04-21 21:41:38 info: [0mGET /admins/profile [36m304[0m 104.133 ms - -[0m
2023-04-21 21:41:38 info: [0mGET /roles?page=1&page_size=10 [32m200[0m 16.945 ms - 241[0m
2023-04-21 21:41:40 info: [0mGET /admins/profile [36m304[0m 27.652 ms - -[0m
2023-04-21 21:41:40 info: [0mGET /admins? [32m200[0m 22.442 ms - 432[0m
2023-04-21 21:41:40 info: [0mGET /admins?page=1&page_size=10 [32m200[0m 7.531 ms - 432[0m
2023-04-21 21:41:42 info: [0mOPTIONS /admins/profile [32m204[0m 0.176 ms - 0[0m
2023-04-21 21:41:42 info: [0mGET /banners? [36m304[0m 18.291 ms - -[0m
2023-04-21 21:41:42 info: [0mGET /admins/profile [36m304[0m 21.816 ms - -[0m
2023-04-21 21:41:42 info: [0mGET /banners?page=1&page_size=10 [36m304[0m 32.766 ms - -[0m
2023-04-21 21:41:50 info: [0mGET /ceos/getlistCeo [36m304[0m 64.752 ms - -[0m
2023-04-21 21:41:54 info: [0mOPTIONS /admins/profile [32m204[0m 0.205 ms - 0[0m
2023-04-21 21:41:54 info: [0mGET /branchs? [32m200[0m 38.049 ms - 255[0m
2023-04-21 21:41:54 info: [0mGET /admins/profile [36m304[0m 93.258 ms - -[0m
2023-04-21 21:41:54 info: [0mGET /branchs?page=1&page_size=10 [32m200[0m 18.982 ms - 266[0m
2023-04-21 21:41:56 info: [0mGET /admins/profile [36m304[0m 12.685 ms - -[0m
2023-04-21 21:41:57 info: [0mGET /branchs?page=1&page_size=10 [36m304[0m 73.166 ms - -[0m
2023-04-21 21:41:57 info: [0mGET /admins/profile [36m304[0m 94.440 ms - -[0m
2023-04-21 21:41:57 info: [0mGET /branchs?page=1&page_size=10 [36m304[0m 22.134 ms - -[0m
2023-04-21 21:42:41 info: =================================
2023-04-21 21:42:41 info: ======= ENV: development =======
2023-04-21 21:42:41 info: 🚀 App listening on the port 8000
2023-04-21 21:42:41 info: =================================
2023-04-21 21:43:05 info: =================================
2023-04-21 21:43:05 info: ======= ENV: development =======
2023-04-21 21:43:05 info: 🚀 App listening on the port 8000
2023-04-21 21:43:05 info: =================================
2023-04-21 21:43:22 info: =================================
2023-04-21 21:43:22 info: ======= ENV: development =======
2023-04-21 21:43:22 info: 🚀 App listening on the port 8000
2023-04-21 21:43:22 info: =================================
2023-04-21 21:43:32 info: =================================
2023-04-21 21:43:32 info: ======= ENV: development =======
2023-04-21 21:43:32 info: 🚀 App listening on the port 8000
2023-04-21 21:43:32 info: =================================
2023-04-21 21:43:55 info: =================================
2023-04-21 21:43:55 info: ======= ENV: development =======
2023-04-21 21:43:55 info: 🚀 App listening on the port 8000
2023-04-21 21:43:55 info: =================================
2023-04-21 21:44:10 info: =================================
2023-04-21 21:44:10 info: ======= ENV: development =======
2023-04-21 21:44:10 info: 🚀 App listening on the port 8000
2023-04-21 21:44:10 info: =================================
2023-04-21 21:44:27 info: =================================
2023-04-21 21:44:27 info: ======= ENV: development =======
2023-04-21 21:44:27 info: 🚀 App listening on the port 8000
2023-04-21 21:44:27 info: =================================
2023-04-21 21:45:00 info: =================================
2023-04-21 21:45:00 info: ======= ENV: development =======
2023-04-21 21:45:00 info: 🚀 App listening on the port 8000
2023-04-21 21:45:00 info: =================================
2023-04-21 21:45:18 info: =================================
2023-04-21 21:45:18 info: ======= ENV: development =======
2023-04-21 21:45:18 info: 🚀 App listening on the port 8000
2023-04-21 21:45:18 info: =================================
2023-04-21 21:45:44 info: =================================
2023-04-21 21:45:44 info: ======= ENV: development =======
2023-04-21 21:45:44 info: 🚀 App listening on the port 8000
2023-04-21 21:45:44 info: =================================
2023-04-21 21:46:03 info: =================================
2023-04-21 21:46:03 info: ======= ENV: development =======
2023-04-21 21:46:03 info: 🚀 App listening on the port 8000
2023-04-21 21:46:03 info: =================================
2023-04-21 21:46:16 info: =================================
2023-04-21 21:46:16 info: ======= ENV: development =======
2023-04-21 21:46:16 info: 🚀 App listening on the port 8000
2023-04-21 21:46:16 info: =================================
2023-04-21 21:46:34 info: =================================
2023-04-21 21:46:34 info: ======= ENV: development =======
2023-04-21 21:46:34 info: 🚀 App listening on the port 8000
2023-04-21 21:46:34 info: =================================
2023-04-21 21:47:07 info: =================================
2023-04-21 21:47:07 info: ======= ENV: development =======
2023-04-21 21:47:07 info: 🚀 App listening on the port 8000
2023-04-21 21:47:07 info: =================================
2023-04-21 21:47:37 info: =================================
2023-04-21 21:47:37 info: ======= ENV: development =======
2023-04-21 21:47:37 info: 🚀 App listening on the port 8000
2023-04-21 21:47:37 info: =================================
2023-04-21 21:47:53 info: [0mOPTIONS /admins/profile [32m204[0m 2.709 ms - 0[0m
2023-04-21 21:47:53 info: [0mGET /admins/profile [36m304[0m 235.788 ms - -[0m
2023-04-21 21:47:57 info: [0mGET /admins/profile [36m304[0m 45.151 ms - -[0m
2023-04-21 21:48:03 info: [0mOPTIONS /admins/profile [32m204[0m 1.539 ms - 0[0m
2023-04-21 21:48:04 info: [0mGET /admins/profile [36m304[0m 30.337 ms - -[0m
2023-04-21 21:48:16 info: [0mOPTIONS /admins/profile [32m204[0m 0.555 ms - 0[0m
2023-04-21 21:48:16 info: [0mGET /admins/profile [36m304[0m 127.932 ms - -[0m
2023-04-21 21:48:16 info: [0mGET /ceos/getlistCeo [36m304[0m 58.460 ms - -[0m
2023-04-21 21:48:16 info: [0mGET /branchs?page=1&page_size=10 [36m304[0m 128.186 ms - -[0m
2023-04-21 21:48:16 info: [0mGET /branchs?page=1&page_size=10 [36m304[0m 14.087 ms - -[0m
2023-04-21 21:48:22 info: [0mOPTIONS /admins/profile [32m204[0m 0.612 ms - 0[0m
2023-04-21 21:48:22 info: [0mGET /branchs?page=1&page_size=10 [36m304[0m 21.997 ms - -[0m
2023-04-21 21:48:23 info: [0mGET /admins/profile [36m304[0m 93.149 ms - -[0m
2023-04-21 21:48:23 info: [0mGET /ceos/getlistCeo [36m304[0m 46.334 ms - -[0m
2023-04-21 21:48:23 info: [0mGET /branchs?page=1&page_size=10 [36m304[0m 10.323 ms - -[0m
2023-04-21 21:48:26 info: [0mGET /branchs?page=1&page_size=10 [32m200[0m 33.825 ms - 255[0m
2023-04-21 21:48:26 info: [0mGET /admins/profile [36m304[0m 48.375 ms - -[0m
2023-04-21 21:48:27 info: [0mGET /ceos/getlistCeo [36m304[0m 18.352 ms - -[0m
2023-04-21 21:48:27 info: [0mGET /branchs?page=1&page_size=10 [32m200[0m 12.306 ms - 266[0m
2023-04-21 21:48:41 info: [0mOPTIONS /admins/profile [32m204[0m 0.428 ms - 0[0m
2023-04-21 21:48:41 info: [0mGET /ceos/getlistCeo [36m304[0m 18.062 ms - -[0m
2023-04-21 21:48:41 info: [0mGET /branchs?page=1&page_size=10 [36m304[0m 29.849 ms - -[0m
2023-04-21 21:48:41 info: [0mGET /admins/profile [36m304[0m 70.932 ms - -[0m
2023-04-21 21:48:41 info: [0mGET /branchs?page=1&page_size=10 [36m304[0m 11.008 ms - -[0m
2023-04-21 21:48:48 info: [0mOPTIONS /admins/profile [32m204[0m 0.521 ms - 0[0m
2023-04-21 21:48:48 info: [0mGET /admins/profile [36m304[0m 41.226 ms - -[0m
2023-04-21 21:48:48 info: [0mGET /branchs?page=1&page_size=10 [36m304[0m 32.140 ms - -[0m
2023-04-21 21:48:48 info: [0mGET /branchs?page=1&page_size=10 [36m304[0m 9.202 ms - -[0m
2023-04-21 21:49:25 info: =================================
2023-04-21 21:49:25 info: ======= ENV: development =======
2023-04-21 21:49:25 info: 🚀 App listening on the port 8000
2023-04-21 21:49:25 info: =================================
2023-04-21 21:49:34 info: [0mGET /posts/getListFeatured [36m304[0m 255.933 ms - -[0m
2023-04-21 21:49:35 info: [0mGET /banners [36m304[0m 39.998 ms - -[0m
2023-04-21 21:49:35 info: [0mGET /categories/post [36m304[0m 21.718 ms - -[0m
2023-04-21 21:49:36 info: [0mGET /jobs/getListFeatured [36m304[0m 41.668 ms - -[0m
2023-04-21 21:49:36 info: [0mGET /categories/post [36m304[0m 13.295 ms - -[0m
2023-04-21 21:49:36 info: [0mGET /banners [36m304[0m 26.908 ms - -[0m
2023-04-21 21:49:37 info: [0mGET /banners [36m304[0m 23.898 ms - -[0m
2023-04-21 21:49:37 info: [0mGET /branchs/getListBranch [36m304[0m 16.703 ms - -[0m
2023-04-21 21:49:37 info: [0mGET /projects [36m304[0m 28.661 ms - -[0m
2023-04-21 21:49:38 info: [0mGET /ceos/getlistCeo [36m304[0m 29.557 ms - -[0m
2023-04-21 21:49:39 info: [0mGET /posts/getListFeatured [36m304[0m 19.647 ms - -[0m
2023-04-21 21:49:42 info: [0mGET /projects [36m304[0m 21.979 ms - -[0m
2023-04-21 21:49:42 info: [0mGET /branchs/getListBranch [36m304[0m 19.306 ms - -[0m
2023-04-21 21:49:42 info: [0mGET /banners [36m304[0m 40.631 ms - -[0m
2023-04-21 21:49:42 info: [0mGET /banners [36m304[0m 12.464 ms - -[0m
2023-04-21 21:49:42 info: [0mGET /categories/post [36m304[0m 11.026 ms - -[0m
2023-04-21 21:49:42 info: [0mGET /jobs/getListFeatured [36m304[0m 15.990 ms - -[0m
2023-04-21 23:51:27 info: =================================
2023-04-21 23:51:27 info: ======= ENV: development =======
2023-04-21 23:51:27 info: 🚀 App listening on the port 8000
2023-04-21 23:51:27 info: =================================
2023-04-21 23:52:02 info: =================================
2023-04-21 23:52:02 info: ======= ENV: development =======
2023-04-21 23:52:02 info: 🚀 App listening on the port 8000
2023-04-21 23:52:02 info: =================================
2023-04-21 23:52:16 info: =================================
2023-04-21 23:52:16 info: ======= ENV: development =======
2023-04-21 23:52:16 info: 🚀 App listening on the port 8000
2023-04-21 23:52:16 info: =================================
2023-04-21 23:52:26 info: =================================
2023-04-21 23:52:26 info: ======= ENV: development =======
2023-04-21 23:52:26 info: 🚀 App listening on the port 8000
2023-04-21 23:52:26 info: =================================
2023-04-21 23:53:19 info: =================================
2023-04-21 23:53:19 info: ======= ENV: development =======
2023-04-21 23:53:19 info: 🚀 App listening on the port 8000
2023-04-21 23:53:19 info: =================================
2023-04-21 23:54:59 info: =================================
2023-04-21 23:54:59 info: ======= ENV: development =======
2023-04-21 23:54:59 info: 🚀 App listening on the port 8000
2023-04-21 23:54:59 info: =================================
2023-04-21 23:55:19 info: =================================
2023-04-21 23:55:19 info: ======= ENV: development =======
2023-04-21 23:55:19 info: 🚀 App listening on the port 8000
2023-04-21 23:55:19 info: =================================
2023-04-21 23:56:01 info: =================================
2023-04-21 23:56:01 info: ======= ENV: development =======
2023-04-21 23:56:01 info: 🚀 App listening on the port 8000
2023-04-21 23:56:01 info: =================================
2023-04-21 23:56:22 info: =================================
2023-04-21 23:56:22 info: ======= ENV: development =======
2023-04-21 23:56:22 info: 🚀 App listening on the port 8000
2023-04-21 23:56:22 info: =================================
2023-04-21 23:56:32 info: =================================
2023-04-21 23:56:32 info: ======= ENV: development =======
2023-04-21 23:56:32 info: 🚀 App listening on the port 8000
2023-04-21 23:56:32 info: =================================
2023-04-21 23:56:51 info: =================================
2023-04-21 23:56:51 info: ======= ENV: development =======
2023-04-21 23:56:51 info: 🚀 App listening on the port 8000
2023-04-21 23:56:51 info: =================================
2023-04-21 23:57:12 info: =================================
2023-04-21 23:57:12 info: ======= ENV: development =======
2023-04-21 23:57:12 info: 🚀 App listening on the port 8000
2023-04-21 23:57:12 info: =================================
2023-04-21 23:57:50 info: =================================
2023-04-21 23:57:50 info: ======= ENV: development =======
2023-04-21 23:57:50 info: 🚀 App listening on the port 8000
2023-04-21 23:57:50 info: =================================
2023-04-21 23:58:24 info: =================================
2023-04-21 23:58:24 info: ======= ENV: development =======
2023-04-21 23:58:24 info: 🚀 App listening on the port 8000
2023-04-21 23:58:24 info: =================================
2023-04-21 23:58:43 info: =================================
2023-04-21 23:58:43 info: ======= ENV: development =======
2023-04-21 23:58:43 info: 🚀 App listening on the port 8000
2023-04-21 23:58:43 info: =================================
2023-04-21 23:58:54 info: =================================
2023-04-21 23:58:54 info: ======= ENV: development =======
2023-04-21 23:58:54 info: 🚀 App listening on the port 8000
2023-04-21 23:58:54 info: =================================
2023-04-21 23:59:17 info: =================================
2023-04-21 23:59:17 info: ======= ENV: development =======
2023-04-21 23:59:17 info: 🚀 App listening on the port 8000
2023-04-21 23:59:17 info: =================================
2023-04-21 23:59:25 info: =================================
2023-04-21 23:59:25 info: ======= ENV: development =======
2023-04-21 23:59:25 info: 🚀 App listening on the port 8000
2023-04-21 23:59:25 info: =================================
2023-04-21 23:59:36 info: =================================
2023-04-21 23:59:36 info: ======= ENV: development =======
2023-04-21 23:59:36 info: 🚀 App listening on the port 8000
2023-04-21 23:59:36 info: =================================
2023-04-21 23:59:50 info: =================================
2023-04-21 23:59:50 info: ======= ENV: development =======
2023-04-21 23:59:50 info: 🚀 App listening on the port 8000
2023-04-21 23:59:50 info: =================================
