2023-04-15 12:50:34 info: =================================
2023-04-15 12:50:34 info: ======= ENV: development =======
2023-04-15 12:50:34 info: 🚀 App listening on the port 8000
2023-04-15 12:50:34 info: =================================
2023-04-15 12:50:39 info: [0mOPTIONS /admins/login [32m204[0m 7.147 ms - 0[0m
2023-04-15 12:50:40 info: [0mPOST /admins/login [32m200[0m 431.770 ms - -[0m
2023-04-15 12:50:41 info: [0mOPTIONS /admins/profile [32m204[0m 7.588 ms - 0[0m
2023-04-15 12:50:41 info: [0mGET /admins/profile [36m304[0m 130.639 ms - -[0m
2023-04-15 12:50:55 info: [0mOPTIONS /admins/profile [32m204[0m 4.719 ms - 0[0m
2023-04-15 12:50:55 info: [0mGET /admins/profile [36m304[0m 308.847 ms - -[0m
2023-04-15 12:50:55 info: [0mGET /posts? [36m304[0m 332.758 ms - -[0m
2023-04-15 12:50:56 info: [0mGET /posts?page=1&page_size=10 [36m304[0m 90.994 ms - -[0m
2023-04-15 12:50:57 info: [0mGET /admins/profile [36m304[0m 125.045 ms - -[0m
2023-04-15 12:50:57 info: [0mGET /projects? [36m304[0m 111.344 ms - -[0m
2023-04-15 12:50:57 info: [0mGET /projects?page=1&page_size=10 [36m304[0m 52.695 ms - -[0m
2023-04-15 12:50:58 info: [0mGET /posts? [36m304[0m 19.904 ms - -[0m
2023-04-15 12:50:58 info: [0mGET /admins/profile [36m304[0m 28.639 ms - -[0m
2023-04-15 12:50:58 info: [0mGET /posts?page=1&page_size=10 [36m304[0m 8.794 ms - -[0m
2023-04-15 12:51:00 info: [0mGET /admins/profile [36m304[0m 86.312 ms - -[0m
2023-04-15 12:51:00 info: [0mGET /categories?[object%20Object] [36m304[0m 89.256 ms - -[0m
2023-04-15 12:51:00 info: [0mGET /ceos?[object%20Object] [36m304[0m 97.329 ms - -[0m
2023-04-15 12:51:00 info: [0mGET /posts?[object%20Object] [36m304[0m 89.065 ms - -[0m
2023-04-15 12:51:08 info: [0mOPTIONS /admins/profile [32m204[0m 0.753 ms - 0[0m
2023-04-15 12:51:08 info: [0mGET /admins/profile [36m304[0m 124.646 ms - -[0m
2023-04-15 12:51:08 info: [0mGET /projects? [36m304[0m 84.744 ms - -[0m
2023-04-15 12:51:08 info: [0mGET /projects?page=1&page_size=10 [36m304[0m 90.190 ms - -[0m
2023-04-15 12:51:12 info: [0mGET /projects?[object%20Object] [36m304[0m 149.907 ms - -[0m
2023-04-15 12:51:12 info: [0mGET /admins/profile [36m304[0m 188.066 ms - -[0m
2023-04-15 12:51:31 info: [0mOPTIONS /projects/create [32m204[0m 0.457 ms - 0[0m
2023-04-15 12:51:31 info: [0mPOST /projects/create [32m200[0m 64.816 ms - 2[0m
2023-04-15 12:51:31 info: [0mOPTIONS /admins/profile [32m204[0m 0.207 ms - 0[0m
2023-04-15 12:51:32 info: [0mGET /projects?page=1&page_size=10 [32m200[0m 155.679 ms - 659[0m
2023-04-15 12:51:32 info: [0mGET /admins/profile [36m304[0m 195.076 ms - -[0m
2023-04-15 12:51:32 info: [0mGET /projects?page=1&page_size=10 [32m200[0m 86.897 ms - 659[0m
2023-04-15 12:51:33 info: [0mGET /admins/profile [36m304[0m 29.424 ms - -[0m
2023-04-15 12:51:33 info: [0mGET /projects/show/3 [32m200[0m 38.215 ms - 409[0m
2023-04-15 12:51:34 info: [0mGET /projects?[object%20Object] [32m200[0m 9.979 ms - 659[0m
2023-04-15 12:53:40 info: [0mOPTIONS /admins/profile [32m204[0m 5.560 ms - 0[0m
2023-04-15 12:53:40 info: [0mGET /admins/profile [36m304[0m 178.186 ms - -[0m
2023-04-15 12:53:40 info: [0mGET /projects/show/3 [32m200[0m 359.665 ms - 415[0m
2023-04-15 12:53:40 info: [0mGET /projects? [32m200[0m 280.265 ms - 659[0m
2023-04-15 12:53:40 info: [0mGET /projects?page=1&page_size=10 [36m304[0m 118.202 ms - -[0m
2023-04-15 12:54:13 info: =================================
2023-04-15 12:54:13 info: ======= ENV: development =======
2023-04-15 12:54:13 info: 🚀 App listening on the port 8000
2023-04-15 12:54:13 info: =================================
2023-04-15 12:54:23 info: [0mGET /projects/show/3 [36m304[0m 317.676 ms - -[0m
2023-04-15 12:54:37 info: [0mOPTIONS /admins/profile [32m204[0m 3.609 ms - 0[0m
2023-04-15 12:54:37 info: [0mGET /projects/show/3 [32m200[0m 105.872 ms - 409[0m
2023-04-15 12:54:37 info: [0mGET /admins/profile [36m304[0m 138.648 ms - -[0m
2023-04-15 12:54:37 info: [0mGET /projects?[object%20Object] [36m304[0m 22.858 ms - -[0m
2023-04-15 12:54:51 info: [0mOPTIONS /admins/profile [32m204[0m 1.131 ms - 0[0m
2023-04-15 12:54:51 info: [0mGET /projects/show/3 [32m200[0m 234.898 ms - 415[0m
2023-04-15 12:54:51 info: [0mGET /ceos? [32m200[0m 239.235 ms - 362[0m
2023-04-15 12:54:51 info: [0mGET /admins/profile [36m304[0m 206.404 ms - -[0m
2023-04-15 12:54:51 info: [0mGET /ceos?page=1&page_size=10 [36m304[0m 165.690 ms - -[0m
2023-04-15 12:55:04 info: [0mOPTIONS /admins/profile [32m204[0m 0.453 ms - 0[0m
2023-04-15 12:55:04 info: [0mGET /admins/profile [36m304[0m 165.406 ms - -[0m
2023-04-15 12:55:04 info: [0mGET /ceos?page=1&page_size=10 [36m304[0m 31.586 ms - -[0m
2023-04-15 12:55:04 info: [0mGET /ceos?page=1&page_size=10 [36m304[0m 14.663 ms - -[0m
2023-04-15 12:55:11 info: [0mOPTIONS /admins/profile [32m204[0m 0.832 ms - 0[0m
2023-04-15 12:55:11 info: [0mGET /admins/profile [36m304[0m 97.574 ms - -[0m
2023-04-15 12:55:11 info: [0mGET /ceos?page=1&page_size=10 [36m304[0m 64.945 ms - -[0m
2023-04-15 12:55:12 info: [0mGET /ceos?page=1&page_size=10 [36m304[0m 90.159 ms - -[0m
2023-04-15 12:55:13 info: [0mGET /admins/profile [36m304[0m 125.322 ms - -[0m
2023-04-15 12:55:13 info: [0mGET /projects? [36m304[0m 212.616 ms - -[0m
2023-04-15 12:55:13 info: [0mGET /projects?page=1&page_size=10 [36m304[0m 96.380 ms - -[0m
2023-04-15 12:55:20 info: [0mOPTIONS /admins/profile [32m204[0m 0.876 ms - 0[0m
2023-04-15 12:55:20 info: [0mGET /admins/profile [36m304[0m 68.975 ms - -[0m
2023-04-15 12:55:21 info: [0mGET /projects?page=1&page_size=10 [36m304[0m 100.342 ms - -[0m
2023-04-15 12:55:21 info: [0mGET /projects?page=1&page_size=10 [36m304[0m 60.761 ms - -[0m
2023-04-15 12:55:24 info: [0mGET /projects/show/3 [32m200[0m 42.328 ms - 409[0m
2023-04-15 12:55:24 info: [0mGET /admins/profile [36m304[0m 113.028 ms - -[0m
2023-04-15 12:55:25 info: [0mGET /projects?[object%20Object] [36m304[0m 51.641 ms - -[0m
2023-04-15 12:55:32 info: [0mOPTIONS /admins/profile [32m204[0m 0.708 ms - 0[0m
2023-04-15 12:55:32 info: [0mGET /projects?[object%20Object] [36m304[0m 111.423 ms - -[0m
2023-04-15 12:55:32 info: [0mGET /admins/profile [36m304[0m 181.198 ms - -[0m
2023-04-15 12:55:33 info: [0mGET /projects/show/3 [36m304[0m 143.451 ms - -[0m
2023-04-15 12:55:34 info: [0mGET /projects?[object%20Object] [36m304[0m 115.334 ms - -[0m
2023-04-15 12:56:30 info: [0mGET /projects/show/3 [36m304[0m 123.202 ms - -[0m
2023-04-15 12:56:36 info: [0mOPTIONS /admins/profile [32m204[0m 6.291 ms - 0[0m
2023-04-15 12:56:37 info: [0mGET /projects/show/3 [36m304[0m 104.979 ms - -[0m
2023-04-15 12:56:37 info: [0mGET /admins/profile [36m304[0m 132.736 ms - -[0m
2023-04-15 12:56:37 info: [0mGET /projects?[object%20Object] [36m304[0m 87.178 ms - -[0m
2023-04-15 12:56:54 info: [0mGET /projects/show/3 [36m304[0m 382.091 ms - -[0m
2023-04-15 12:56:54 info: [0mGET /projects/show/3 [36m304[0m 14.946 ms - -[0m
2023-04-15 12:56:54 info: [0mGET /projects?[object%20Object] [36m304[0m 448.243 ms - -[0m
2023-04-15 12:56:54 info: [0mGET /projects?[object%20Object] [36m304[0m 98.110 ms - -[0m
2023-04-15 12:57:07 info: [0mGET /projects/show/3 [36m304[0m 121.323 ms - -[0m
2023-04-15 12:57:07 info: [0mGET /projects/show/3 [36m304[0m 16.932 ms - -[0m
2023-04-15 12:57:07 info: [0mGET /projects?[object%20Object] [36m304[0m 186.471 ms - -[0m
2023-04-15 12:57:13 info: [0mGET /projects/show/3 [36m304[0m 70.280 ms - -[0m
2023-04-15 12:57:13 info: [0mGET /projects/show/3 [36m304[0m 37.122 ms - -[0m
2023-04-15 12:57:13 info: [0mGET /projects?[object%20Object] [36m304[0m 27.571 ms - -[0m
2023-04-15 12:57:24 info: [0mOPTIONS /projects/update/3 [32m204[0m 0.895 ms - 0[0m
2023-04-15 12:57:24 info: [0mPUT /projects/update/3 [32m200[0m 89.436 ms - 2[0m
2023-04-15 12:57:24 info: [0mGET /projects/show/3 [32m200[0m 11.256 ms - 434[0m
2023-04-15 12:57:24 info: [0mGET /projects/show/3 [36m304[0m 5.424 ms - -[0m
2023-04-15 12:57:24 info: [0mGET /projects/show/3 [36m304[0m 5.872 ms - -[0m
2023-04-15 12:57:24 info: [0mGET /projects/show/3 [36m304[0m 6.283 ms - -[0m
2023-04-15 12:57:24 info: [0mGET /projects/show/3 [36m304[0m 6.036 ms - -[0m
2023-04-15 12:57:25 info: [0mGET /projects?[object%20Object] [32m200[0m 37.527 ms - 684[0m
2023-04-15 12:57:38 info: [0mOPTIONS /projects/update/3 [32m204[0m 0.153 ms - 0[0m
2023-04-15 12:57:38 info: [0mPUT /projects/update/3 [32m200[0m 20.960 ms - 2[0m
2023-04-15 12:57:38 info: [0mGET /projects/show/3 [32m200[0m 7.265 ms - 479[0m
2023-04-15 12:57:38 info: [0mGET /projects/show/3 [36m304[0m 4.805 ms - -[0m
2023-04-15 12:57:38 info: [0mGET /projects/show/3 [36m304[0m 7.917 ms - -[0m
2023-04-15 12:57:38 info: [0mGET /projects/show/3 [36m304[0m 9.392 ms - -[0m
2023-04-15 12:57:38 info: [0mGET /projects/show/3 [36m304[0m 4.485 ms - -[0m
2023-04-15 12:57:38 info: [0mGET /projects?[object%20Object] [32m200[0m 7.356 ms - 683[0m
2023-04-15 12:57:43 info: [0mOPTIONS /admins/profile [32m204[0m 0.197 ms - 0[0m
2023-04-15 12:57:43 info: [0mGET /projects?[object%20Object] [36m304[0m 117.497 ms - -[0m
2023-04-15 12:57:43 info: [0mGET /admins/profile [36m304[0m 129.967 ms - -[0m
2023-04-15 12:57:43 info: [0mGET /projects/show/3 [36m304[0m 46.214 ms - -[0m
2023-04-15 12:57:44 info: [0mGET /projects?[object%20Object] [36m304[0m 10.629 ms - -[0m
2023-04-15 12:57:47 info: [0mOPTIONS /folders/get-medias [32m204[0m 0.960 ms - 0[0m
2023-04-15 12:57:47 info: [0mPOST /folders/get-medias [32m200[0m 41.020 ms - 367[0m
2023-04-15 12:57:47 info: [0mGET /folders [32m200[0m 66.925 ms - 293[0m
2023-04-15 12:57:49 info: [0mPOST /folders/get-medias [32m200[0m 4.941 ms - 367[0m
2023-04-15 12:57:49 info: [0mGET /folders [36m304[0m 9.908 ms - -[0m
2023-04-15 12:57:54 info: [0mOPTIONS /projects/update/3 [32m204[0m 0.178 ms - 0[0m
2023-04-15 12:57:54 info: [0mPUT /projects/update/3 [32m200[0m 34.775 ms - 2[0m
2023-04-15 12:57:54 info: [0mGET /projects/show/3 [32m200[0m 46.687 ms - -[0m
2023-04-15 12:57:54 info: [0mGET /projects?[object%20Object] [32m200[0m 7.334 ms - 1015[0m
2023-04-15 12:57:57 info: [0mOPTIONS /admins/profile [32m204[0m 3.333 ms - 0[0m
2023-04-15 12:57:57 info: [0mGET /projects?[object%20Object] [36m304[0m 10.938 ms - -[0m
2023-04-15 12:57:57 info: [0mGET /admins/profile [36m304[0m 30.480 ms - -[0m
2023-04-15 12:57:57 info: [0mGET /projects/show/3 [36m304[0m 16.489 ms - -[0m
2023-04-15 12:57:58 info: [0mGET /projects?[object%20Object] [36m304[0m 15.566 ms - -[0m
2023-04-15 12:59:32 info: [0mOPTIONS /admins/profile [32m204[0m 4.000 ms - 0[0m
2023-04-15 12:59:32 info: [0mGET /posts?page=1&page_size=10 [36m304[0m 96.251 ms - -[0m
2023-04-15 12:59:32 info: [0mGET /posts? [32m200[0m 171.396 ms - 848[0m
2023-04-15 12:59:32 info: [0mGET /admins/profile [36m304[0m 160.799 ms - -[0m
2023-04-15 12:59:32 info: [0mGET /projects/show/3 [32m200[0m 206.997 ms - -[0m
2023-04-15 12:59:33 info: [0mGET /posts?[object%20Object] [36m304[0m 14.015 ms - -[0m
2023-04-15 12:59:33 info: [0mGET /categories?[object%20Object] [36m304[0m 35.726 ms - -[0m
2023-04-15 12:59:33 info: [0mGET /admins/profile [36m304[0m 55.813 ms - -[0m
2023-04-15 12:59:34 info: [0mGET /ceos?[object%20Object] [36m304[0m 121.253 ms - -[0m
2023-04-15 12:59:37 info: [0mGET /posts?page=1&page_size=10 [36m304[0m 13.003 ms - -[0m
2023-04-15 12:59:37 info: [0mGET /admins/profile [36m304[0m 30.472 ms - -[0m
2023-04-15 12:59:37 info: [0mGET /posts?page=1&page_size=10 [36m304[0m 31.587 ms - -[0m
2023-04-15 12:59:38 info: [0mOPTIONS /admins/profile [32m204[0m 0.235 ms - 0[0m
2023-04-15 12:59:38 info: [0mGET /posts/show/4 [32m200[0m 51.204 ms - 444[0m
2023-04-15 12:59:38 info: [0mGET /admins/profile [36m304[0m 55.129 ms - -[0m
2023-04-15 12:59:39 info: [0mGET /ceos?[object%20Object] [36m304[0m 10.184 ms - -[0m
2023-04-15 12:59:39 info: [0mGET /categories?[object%20Object] [36m304[0m 18.415 ms - -[0m
2023-04-15 12:59:39 info: [0mGET /posts?[object%20Object] [36m304[0m 46.850 ms - -[0m
2023-04-15 12:59:41 info: [0mGET /posts/show/4 [36m304[0m 17.753 ms - -[0m
2023-04-15 12:59:41 info: [0mGET /admins/profile [36m304[0m 17.590 ms - -[0m
2023-04-15 12:59:41 info: [0mGET /posts?page=1&page_size=10 [36m304[0m 25.158 ms - -[0m
2023-04-15 12:59:41 info: [0mGET /posts?page=1&page_size=10 [36m304[0m 14.673 ms - -[0m
2023-04-15 12:59:43 info: [0mGET /categories? [36m304[0m 83.317 ms - -[0m
2023-04-15 12:59:43 info: [0mGET /categories?page=1&page_size=10 [36m304[0m 19.069 ms - -[0m
2023-04-15 12:59:43 info: [0mGET /admins/profile [36m304[0m 103.056 ms - -[0m
2023-04-15 12:59:45 info: [0mOPTIONS /admins/profile [32m204[0m 1.602 ms - 0[0m
2023-04-15 12:59:45 info: [0mGET /ceos? [36m304[0m 146.484 ms - -[0m
2023-04-15 12:59:45 info: [0mGET /ceos?page=1&page_size=10 [36m304[0m 65.818 ms - -[0m
2023-04-15 12:59:45 info: [0mGET /admins/profile [36m304[0m 160.010 ms - -[0m
2023-04-15 12:59:48 info: [0mGET /ceos/show/1 [32m200[0m 99.738 ms - -[0m
2023-04-15 12:59:48 info: [0mGET /admins/profile [36m304[0m 102.644 ms - -[0m
2023-04-15 12:59:53 info: [0mOPTIONS /admins/profile [32m204[0m 1.389 ms - 0[0m
2023-04-15 12:59:53 info: [0mGET /admins/profile [36m304[0m 90.347 ms - -[0m
2023-04-15 12:59:53 info: [0mGET /ceos/show/1 [36m304[0m 14.143 ms - -[0m
2023-04-15 13:00:05 info: [0mOPTIONS /ceos/update/1 [32m204[0m 0.529 ms - 0[0m
2023-04-15 13:00:05 info: [0mPUT /ceos/update/1 [32m200[0m 55.138 ms - 16[0m
2023-04-15 13:00:05 info: [0mGET /ceos/show/1 [32m200[0m 4.600 ms - 267[0m
2023-04-15 13:00:10 info: [0mOPTIONS /admins/profile [32m204[0m 0.948 ms - 0[0m
2023-04-15 13:00:10 info: [0mGET /admins/profile [36m304[0m 40.941 ms - -[0m
2023-04-15 13:00:10 info: [0mGET /ceos/show/1 [32m200[0m 155.289 ms - -[0m
2023-04-15 13:00:45 info: [0mOPTIONS /admins/profile [32m204[0m 10.093 ms - 0[0m
2023-04-15 13:00:46 info: [0mGET /projects?page=1&page_size=10 [32m200[0m 77.325 ms - 1015[0m
2023-04-15 13:00:46 info: [0mGET /ceos/show/1 [32m200[0m 253.623 ms - 267[0m
2023-04-15 13:00:46 info: [0mGET /projects? [32m200[0m 194.154 ms - 1015[0m
2023-04-15 13:00:46 info: [0mGET /admins/profile [36m304[0m 264.911 ms - -[0m
2023-04-15 13:00:52 info: [0mOPTIONS /admins/profile [32m204[0m 1.401 ms - 0[0m
2023-04-15 13:00:52 info: [0mOPTIONS /folders/get-medias [32m204[0m 0.254 ms - 0[0m
2023-04-15 13:00:52 info: [0mPOST /folders/get-medias [32m200[0m 49.032 ms - 367[0m
2023-04-15 13:00:52 info: [0mGET /folders [36m304[0m 52.451 ms - -[0m
2023-04-15 13:00:52 info: [0mGET /admins/profile [36m304[0m 55.855 ms - -[0m
2023-04-15 13:00:53 info: [0mPOST /folders/get-medias [32m200[0m 21.520 ms - 31[0m
2023-04-15 13:00:53 info: [0mPOST /folders/get-medias [32m200[0m 3.815 ms - 31[0m
2023-04-15 13:00:54 info: [0mPOST /folders/get-medias [32m200[0m 2.521 ms - 31[0m
2023-04-15 13:00:54 info: [0mPOST /folders/get-medias [32m200[0m 3.028 ms - 367[0m
2023-04-15 13:00:55 info: [0mGET /admins/profile [36m304[0m 32.571 ms - -[0m
2023-04-15 13:00:55 info: [0mGET /roles? [36m304[0m 88.105 ms - -[0m
2023-04-15 13:00:56 info: [0mGET /roles?page=1&page_size=10 [32m200[0m 18.488 ms - 241[0m
2023-04-15 13:00:57 info: [0mGET /admins/profile [36m304[0m 39.410 ms - -[0m
2023-04-15 13:00:57 info: [0mGET /admins? [32m200[0m 36.609 ms - -[0m
2023-04-15 13:00:57 info: [0mGET /admins?page=1&page_size=10 [32m200[0m 33.985 ms - -[0m
2023-04-15 13:01:02 info: [0mOPTIONS /admins/profile [32m204[0m 0.909 ms - 0[0m
2023-04-15 13:01:02 info: [0mGET /projects? [36m304[0m 81.237 ms - -[0m
2023-04-15 13:01:02 info: [0mGET /admins/profile [36m304[0m 93.243 ms - -[0m
2023-04-15 13:01:02 info: [0mGET /projects?page=1&page_size=10 [36m304[0m 45.732 ms - -[0m
2023-04-15 13:01:03 info: [0mGET /posts? [32m200[0m 16.246 ms - 863[0m
2023-04-15 13:01:03 info: [0mGET /admins/profile [36m304[0m 23.818 ms - -[0m
2023-04-15 13:01:03 info: [0mGET /posts?page=1&page_size=10 [36m304[0m 11.105 ms - -[0m
2023-04-15 13:01:04 info: [0mGET /admins/profile [36m304[0m 11.834 ms - -[0m
2023-04-15 13:01:04 info: [0mGET /categories? [36m304[0m 17.823 ms - -[0m
2023-04-15 13:01:04 info: [0mGET /categories?page=1&page_size=10 [36m304[0m 27.502 ms - -[0m
2023-04-15 13:01:06 info: [0mGET /admins/profile [36m304[0m 87.045 ms - -[0m
2023-04-15 13:01:06 info: [0mGET /jobs? [36m304[0m 89.346 ms - -[0m
2023-04-15 13:01:06 info: [0mGET /jobs?page=1&page_size=10 [36m304[0m 10.629 ms - -[0m
2023-04-15 13:01:08 info: [0mOPTIONS /admins/profile [32m204[0m 0.589 ms - 0[0m
2023-04-15 13:01:08 info: [0mGET /ceos? [32m200[0m 117.243 ms - 362[0m
2023-04-15 13:01:08 info: [0mGET /admins/profile [36m304[0m 118.135 ms - -[0m
2023-04-15 13:01:08 info: [0mGET /ceos?page=1&page_size=10 [32m200[0m 26.690 ms - 362[0m
2023-04-15 13:01:10 info: [0mGET /ceos/show/1 [32m200[0m 29.637 ms - -[0m
2023-04-15 13:01:10 info: [0mGET /admins/profile [36m304[0m 74.253 ms - -[0m
2023-04-15 13:01:13 info: [0mGET /jobs? [36m304[0m 77.788 ms - -[0m
2023-04-15 13:01:13 info: [0mGET /ceos/show/1 [36m304[0m 93.692 ms - -[0m
2023-04-15 13:01:13 info: [0mGET /jobs?page=1&page_size=10 [36m304[0m 23.440 ms - -[0m
2023-04-15 13:01:13 info: [0mGET /admins/profile [36m304[0m 130.378 ms - -[0m
2023-04-15 13:01:14 info: [0mOPTIONS /admins/profile [32m204[0m 0.262 ms - 0[0m
2023-04-15 13:01:14 info: [0mGET /jobs?[object%20Object] [36m304[0m 7.002 ms - -[0m
2023-04-15 13:01:14 info: [0mGET /admins/profile [36m304[0m 9.704 ms - -[0m
2023-04-15 13:03:52 info: [0mGET /jobs?[object%20Object] [36m304[0m 93.802 ms - -[0m
2023-04-15 13:04:47 info: =================================
2023-04-15 13:04:47 info: ======= ENV: development =======
2023-04-15 13:04:47 info: 🚀 App listening on the port 8000
2023-04-15 13:04:47 info: =================================
2023-04-15 13:05:03 info: =================================
2023-04-15 13:05:03 info: ======= ENV: development =======
2023-04-15 13:05:03 info: 🚀 App listening on the port 8000
2023-04-15 13:05:03 info: =================================
2023-04-15 13:07:22 info: =================================
2023-04-15 13:07:22 info: ======= ENV: development =======
2023-04-15 13:07:22 info: 🚀 App listening on the port 8000
2023-04-15 13:07:22 info: =================================
2023-04-15 13:08:00 info: =================================
2023-04-15 13:08:00 info: ======= ENV: development =======
2023-04-15 13:08:00 info: 🚀 App listening on the port 8000
2023-04-15 13:08:00 info: =================================
2023-04-15 13:08:29 info: =================================
2023-04-15 13:08:29 info: ======= ENV: development =======
2023-04-15 13:08:29 info: 🚀 App listening on the port 8000
2023-04-15 13:08:29 info: =================================
2023-04-15 13:08:59 info: =================================
2023-04-15 13:08:59 info: ======= ENV: development =======
2023-04-15 13:08:59 info: 🚀 App listening on the port 8000
2023-04-15 13:08:59 info: =================================
2023-04-15 13:09:34 info: =================================
2023-04-15 13:09:34 info: ======= ENV: development =======
2023-04-15 13:09:34 info: 🚀 App listening on the port 8000
2023-04-15 13:09:34 info: =================================
2023-04-15 13:10:17 info: =================================
2023-04-15 13:10:17 info: ======= ENV: development =======
2023-04-15 13:10:17 info: 🚀 App listening on the port 8000
2023-04-15 13:10:17 info: =================================
2023-04-15 13:10:26 info: [0mGET /projects/show/3 [0m-[0m - ms - -[0m
2023-04-15 13:10:26 info: [0mGET /projects/show/3 [0m-[0m - ms - -[0m
2023-04-15 13:10:26 info: [0mGET /projects/show/3 [32m200[0m 9.435 ms - -[0m
2023-04-15 13:10:47 info: [0mGET /job/show/3 [33m404[0m 20.134 ms - 149[0m
2023-04-15 13:10:50 info: [0mGET /jobs/show/3 [31m500[0m 82.417 ms - 45[0m
2023-04-15 13:11:14 info: [0mGET /jobs/show/3 [32m200[0m 80.025 ms - 26[0m
2023-04-15 13:11:14 info: [0mGET /jobs/show/3 [36m304[0m 32.933 ms - -[0m
2023-04-15 13:11:15 info: [0mGET /jobs/show/3 [36m304[0m 13.802 ms - -[0m
2023-04-15 13:11:19 info: [0mGET /jobs/show/1 [32m200[0m 21.371 ms - 26[0m
2023-04-15 13:11:22 info: [0mGET /jobs/show/1 [36m304[0m 5.351 ms - -[0m
2023-04-15 13:11:26 info: [0mOPTIONS /admins/profile [32m204[0m 2.013 ms - 0[0m
2023-04-15 13:11:27 info: [0mGET /admins/profile [33m401[0m 173.988 ms - 39[0m
2023-04-15 13:11:27 info: [0mGET /jobs? [36m304[0m 162.982 ms - -[0m
2023-04-15 13:11:27 info: [0mGET /jobs?page=1&page_size=10 [36m304[0m 16.987 ms - -[0m
2023-04-15 13:11:29 info: [0mGET /jobs?[object%20Object] [36m304[0m 80.835 ms - -[0m
2023-04-15 13:11:29 info: [0mGET /admins/profile [33m401[0m 121.705 ms - 39[0m
2023-04-15 13:11:31 info: [0mOPTIONS /jobs/create [32m204[0m 0.768 ms - 0[0m
2023-04-15 13:11:31 info: [0mPOST /jobs/create [31m500[0m 88.936 ms - -[0m
2023-04-15 13:11:34 info: [0mPOST /jobs/create [31m500[0m 31.284 ms - -[0m
2023-04-15 13:12:49 info: =================================
2023-04-15 13:12:49 info: ======= ENV: development =======
2023-04-15 13:12:49 info: 🚀 App listening on the port 8000
2023-04-15 13:12:49 info: =================================
2023-04-15 13:12:59 info: [0mOPTIONS /admins/profile [32m204[0m 2.579 ms - 0[0m
2023-04-15 13:12:59 info: [0mGET /admins/profile [33m401[0m 277.138 ms - 39[0m
2023-04-15 13:12:59 info: [0mGET /jobs?[object%20Object] [36m304[0m 249.569 ms - -[0m
2023-04-15 13:13:01 info: [0mOPTIONS /jobs/create [32m204[0m 0.338 ms - 0[0m
2023-04-15 13:13:01 info: [0mPOST /jobs/create [31m500[0m 130.358 ms - -[0m
2023-04-15 13:14:19 info: [0mOPTIONS /admins/profile [32m204[0m 0.534 ms - 0[0m
2023-04-15 13:14:19 info: [0mGET /admins/profile [33m401[0m 176.680 ms - 39[0m
2023-04-15 13:14:19 info: [0mGET /jobs?[object%20Object] [36m304[0m 178.546 ms - -[0m
2023-04-15 13:14:23 info: [0mOPTIONS /jobs/create [32m204[0m 0.657 ms - 0[0m
2023-04-15 13:14:23 info: [0mPOST /jobs/create [31m500[0m 37.737 ms - -[0m
2023-04-15 13:14:42 info: [0mOPTIONS /admins/profile [32m204[0m 1.892 ms - 0[0m
2023-04-15 13:14:43 info: [0mGET /admins/profile [33m401[0m 179.018 ms - 39[0m
2023-04-15 13:14:43 info: [0mGET /jobs?[object%20Object] [36m304[0m 210.797 ms - -[0m
2023-04-15 13:14:54 info: [0mOPTIONS /jobs/create [32m204[0m 3.624 ms - 0[0m
2023-04-15 13:14:54 info: [0mPOST /jobs/create [31m500[0m 36.744 ms - -[0m
2023-04-15 13:15:38 info: =================================
2023-04-15 13:15:38 info: ======= ENV: development =======
2023-04-15 13:15:38 info: 🚀 App listening on the port 8000
2023-04-15 13:15:38 info: =================================
2023-04-15 13:15:41 info: [0mOPTIONS /jobs/create [32m204[0m 7.140 ms - 0[0m
2023-04-15 13:15:41 info: [0mPOST /jobs/create [31m500[0m 212.486 ms - -[0m
2023-04-15 13:16:15 info: =================================
2023-04-15 13:16:15 info: ======= ENV: development =======
2023-04-15 13:16:15 info: 🚀 App listening on the port 8000
2023-04-15 13:16:15 info: =================================
2023-04-15 13:16:18 info: [0mOPTIONS /jobs/create [32m204[0m 2.103 ms - 0[0m
2023-04-15 13:16:18 info: [0mPOST /jobs/create [32m200[0m 24.684 ms - 16[0m
2023-04-15 13:16:19 info: [0mOPTIONS /admins/profile [32m204[0m 0.298 ms - 0[0m
2023-04-15 13:16:19 info: [0mGET /admins/profile [33m401[0m 201.881 ms - 39[0m
2023-04-15 13:16:19 info: [0mGET /jobs?page=1&page_size=10 [36m304[0m 138.368 ms - -[0m
2023-04-15 13:16:19 info: [0mGET /jobs?page=1&page_size=10 [36m304[0m 13.265 ms - -[0m
2023-04-15 13:16:43 info: [0mOPTIONS /admins/logout [32m204[0m 0.588 ms - 0[0m
2023-04-15 13:16:43 info: [0mPOST /admins/logout [33m401[0m 22.006 ms - 39[0m
2023-04-15 13:16:48 info: [0mOPTIONS /admins/login [32m204[0m 1.307 ms - 0[0m
2023-04-15 13:16:48 info: [0mPOST /admins/login [32m200[0m 66.891 ms - 560[0m
2023-04-15 13:16:49 info: [0mOPTIONS /admins/profile [32m204[0m 0.159 ms - 0[0m
2023-04-15 13:16:49 info: [0mGET /admins/profile [36m304[0m 156.392 ms - -[0m
2023-04-15 13:16:54 info: [0mGET /jobs? [36m304[0m 185.561 ms - -[0m
2023-04-15 13:16:54 info: [0mGET /jobs?page=1&page_size=10 [36m304[0m 91.802 ms - -[0m
2023-04-15 13:16:54 info: [0mGET /admins/profile [36m304[0m 265.547 ms - -[0m
2023-04-15 13:16:55 info: [0mOPTIONS /admins/profile [32m204[0m 1.677 ms - 0[0m
2023-04-15 13:16:55 info: [0mGET /jobs?[object%20Object] [36m304[0m 77.384 ms - -[0m
2023-04-15 13:16:55 info: [0mGET /admins/profile [36m304[0m 86.002 ms - -[0m
2023-04-15 13:16:58 info: [0mOPTIONS /jobs/create [32m204[0m 0.956 ms - 0[0m
2023-04-15 13:16:58 info: [0mPOST /jobs/create [32m200[0m 2.749 ms - 16[0m
2023-04-15 13:16:58 info: [0mGET /jobs?page=1&page_size=10 [36m304[0m 16.999 ms - -[0m
2023-04-15 13:16:58 info: [0mGET /admins/profile [36m304[0m 69.735 ms - -[0m
2023-04-15 13:16:58 info: [0mGET /jobs?page=1&page_size=10 [36m304[0m 82.152 ms - -[0m
2023-04-15 13:17:00 info: [0mOPTIONS /admins/profile [32m204[0m 0.634 ms - 0[0m
2023-04-15 13:17:01 info: [0mGET /admins/profile [36m304[0m 116.369 ms - -[0m
2023-04-15 13:17:01 info: [0mGET /jobs?page=1&page_size=10 [36m304[0m 15.665 ms - -[0m
2023-04-15 13:17:01 info: [0mGET /jobs?page=1&page_size=10 [36m304[0m 11.371 ms - -[0m
2023-04-15 13:17:05 info: [0mGET /jobs?[object%20Object] [36m304[0m 81.089 ms - -[0m
2023-04-15 13:17:05 info: [0mGET /admins/profile [36m304[0m 108.727 ms - -[0m
2023-04-15 13:17:09 info: [0mOPTIONS /jobs/create [32m204[0m 0.452 ms - 0[0m
2023-04-15 13:17:09 info: [0mPOST /jobs/create [32m200[0m 2.298 ms - 16[0m
2023-04-15 13:17:09 info: [0mOPTIONS /admins/profile [32m204[0m 0.360 ms - 0[0m
2023-04-15 13:17:09 info: [0mGET /jobs?page=1&page_size=10 [36m304[0m 47.764 ms - -[0m
2023-04-15 13:17:09 info: [0mGET /admins/profile [36m304[0m 101.292 ms - -[0m
2023-04-15 13:17:09 info: [0mGET /jobs?page=1&page_size=10 [36m304[0m 13.150 ms - -[0m
2023-04-15 13:17:33 info: =================================
2023-04-15 13:17:33 info: ======= ENV: development =======
2023-04-15 13:17:33 info: 🚀 App listening on the port 8000
2023-04-15 13:17:33 info: =================================
2023-04-15 13:17:34 info: [0mOPTIONS /jobs/create [32m204[0m 2.638 ms - 0[0m
2023-04-15 13:17:35 info: [0mPOST /jobs/create [31m500[0m 310.824 ms - -[0m
2023-04-15 13:18:03 info: [0mOPTIONS /admins/profile [32m204[0m 0.715 ms - 0[0m
2023-04-15 13:18:04 info: [0mGET /jobs?[object%20Object] [36m304[0m 216.997 ms - -[0m
2023-04-15 13:18:04 info: [0mGET /admins/profile [36m304[0m 405.558 ms - -[0m
2023-04-15 13:18:12 info: [0mOPTIONS /jobs/create [32m204[0m 1.667 ms - 0[0m
2023-04-15 13:18:12 info: [0mPOST /jobs/create [31m500[0m 26.473 ms - -[0m
2023-04-15 13:18:16 info: [0mPOST /jobs/create [31m500[0m 15.071 ms - -[0m
2023-04-15 13:19:10 info: =================================
2023-04-15 13:19:10 info: ======= ENV: development =======
2023-04-15 13:19:10 info: 🚀 App listening on the port 8000
2023-04-15 13:19:10 info: =================================
2023-04-15 13:19:10 info: [0mOPTIONS /jobs/create [32m204[0m 4.561 ms - 0[0m
2023-04-15 13:19:10 info: [0mPOST /jobs/create [32m200[0m 34.170 ms - 16[0m
2023-04-15 13:19:11 info: [0mOPTIONS /admins/profile [32m204[0m 0.571 ms - 0[0m
2023-04-15 13:19:12 info: [0mGET /jobs?page=1&page_size=10 [36m304[0m 380.122 ms - -[0m
2023-04-15 13:19:12 info: [0mGET /admins/profile [36m304[0m 501.627 ms - -[0m
2023-04-15 13:19:12 info: [0mGET /jobs?page=1&page_size=10 [36m304[0m 7.511 ms - -[0m
2023-04-15 13:19:15 info: [0mGET /admins/profile [36m304[0m 91.025 ms - -[0m
2023-04-15 13:19:15 info: [0mGET /jobs?[object%20Object] [36m304[0m 85.241 ms - -[0m
2023-04-15 13:19:21 info: [0mOPTIONS /jobs/create [32m204[0m 0.502 ms - 0[0m
2023-04-15 13:19:21 info: [0mPOST /jobs/create [32m200[0m 2.523 ms - 16[0m
2023-04-15 13:19:22 info: [0mOPTIONS /admins/profile [32m204[0m 0.811 ms - 0[0m
2023-04-15 13:19:22 info: [0mGET /jobs?page=1&page_size=10 [36m304[0m 52.960 ms - -[0m
2023-04-15 13:19:22 info: [0mGET /admins/profile [36m304[0m 159.612 ms - -[0m
2023-04-15 13:19:22 info: [0mGET /jobs?page=1&page_size=10 [36m304[0m 43.646 ms - -[0m
2023-04-15 13:19:55 info: =================================
2023-04-15 13:19:55 info: ======= ENV: development =======
2023-04-15 13:19:55 info: 🚀 App listening on the port 8000
2023-04-15 13:19:55 info: =================================
2023-04-15 13:20:09 info: [0mOPTIONS /admins/profile [32m204[0m 2.195 ms - 0[0m
2023-04-15 13:20:10 info: [0mGET /admins/profile [36m304[0m 371.633 ms - -[0m
2023-04-15 13:20:10 info: [0mGET /posts? [32m200[0m 335.872 ms - 472[0m
2023-04-15 13:20:10 info: [0mGET /posts?page=1&page_size=10 [32m200[0m 326.898 ms - 472[0m
2023-04-15 13:20:11 info: [0mGET /ceos?[object%20Object] [32m200[0m 26.661 ms - 362[0m
2023-04-15 13:20:11 info: [0mGET /admins/profile [36m304[0m 42.743 ms - -[0m
2023-04-15 13:20:11 info: [0mGET /categories?[object%20Object] [32m200[0m 44.646 ms - 372[0m
2023-04-15 13:20:11 info: [0mGET /posts?[object%20Object] [32m200[0m 30.568 ms - 472[0m
2023-04-15 13:20:37 info: [0mGET /posts?[object%20Object] [36m304[0m 221.527 ms - -[0m
2023-04-15 13:23:09 info: [0mOPTIONS /admins/profile [32m204[0m 7.089 ms - 0[0m
2023-04-15 13:23:10 info: [0mGET /projects? [32m200[0m 517.196 ms - 477[0m
2023-04-15 13:23:10 info: [0mGET /admins/profile [36m304[0m 378.247 ms - -[0m
2023-04-15 13:23:10 info: [0mGET /projects?page=1&page_size=10 [32m200[0m 223.809 ms - 477[0m
2023-04-15 13:23:12 info: [0mGET /admins/profile [36m304[0m 91.260 ms - -[0m
2023-04-15 13:23:13 info: [0mGET /projects?[object%20Object] [32m200[0m 88.234 ms - 477[0m
