2023-05-03 13:53:22 info: =================================
2023-05-03 13:53:22 info: ======= ENV: development =======
2023-05-03 13:53:22 info: 🚀 App listening on the port 8000
2023-05-03 13:53:22 info: =================================
2023-05-03 14:01:13 info: [0mGET /banners/getListBanner [36m304[0m 386.558 ms - -[0m
2023-05-03 14:01:13 info: [0mGET /posts/getListFeatured [36m304[0m 390.256 ms - -[0m
2023-05-03 14:01:13 info: [0mGET /services/nav [32m200[0m 491.993 ms - 677[0m
2023-05-03 14:01:13 info: [0mGET /services/nav [36m304[0m 76.157 ms - -[0m
2023-05-03 14:02:17 info: [0mGET /branchs/getListBranch [36m304[0m 118.197 ms - -[0m
2023-05-03 14:02:17 info: [0mGET /services/getListService [36m304[0m 169.875 ms - -[0m
2023-05-03 14:02:18 info: [0mGET /projects/getProjectsClient [36m304[0m 224.274 ms - -[0m
2023-05-03 14:03:03 info: [0mGET /jobs/getListFeatured [36m304[0m 136.748 ms - -[0m
2023-05-03 14:03:11 info: [0mGET /categories/post [36m304[0m 53.132 ms - -[0m
2023-05-03 14:03:11 info: [0mGET /posts/getPageAll [36m304[0m 148.883 ms - -[0m
2023-05-03 14:06:46 info: [0mGET /categories/post [36m304[0m 246.523 ms - -[0m
2023-05-03 14:06:46 info: [0mGET /services/nav [36m304[0m 286.808 ms - -[0m
2023-05-03 14:06:46 info: [0mGET /posts/getPageAll [36m304[0m 312.114 ms - -[0m
2023-05-03 14:06:49 info: [0mGET /categories/post [36m304[0m 33.967 ms - -[0m
2023-05-03 14:06:49 info: [0mGET /posts/category/website [36m304[0m 59.300 ms - -[0m
2023-05-03 14:06:51 info: [0mGET /posts/category/android [36m304[0m 21.993 ms - -[0m
2023-05-03 14:06:51 info: [0mGET /posts/category/website [36m304[0m 23.371 ms - -[0m
2023-05-03 14:06:52 info: [0mGET /posts/category/android [36m304[0m 34.861 ms - -[0m
2023-05-03 14:06:53 info: [0mGET /posts/category/website [36m304[0m 22.596 ms - -[0m
2023-05-03 14:06:53 info: [0mGET /categories/post [36m304[0m 32.555 ms - -[0m
2023-05-03 14:06:53 info: [0mGET /posts/getPageAll [36m304[0m 74.395 ms - -[0m
2023-05-03 14:06:54 info: [0mGET /categories/post [36m304[0m 12.540 ms - -[0m
2023-05-03 14:06:54 info: [0mGET /posts/category/website [36m304[0m 26.543 ms - -[0m
2023-05-03 14:06:55 info: [0mGET /categories/post [36m304[0m 5.714 ms - -[0m
2023-05-03 14:06:55 info: [0mGET /posts/getPageAll [36m304[0m 53.666 ms - -[0m
2023-05-03 14:06:56 info: [0mGET /categories/post [36m304[0m 11.069 ms - -[0m
2023-05-03 14:06:56 info: [0mGET /posts/category/website [36m304[0m 13.038 ms - -[0m
2023-05-03 14:06:56 info: [0mGET /posts/category/android [36m304[0m 22.727 ms - -[0m
2023-05-03 14:06:57 info: [0mGET /categories/post [36m304[0m 8.302 ms - -[0m
2023-05-03 14:06:57 info: [0mGET /posts/getPageAll [36m304[0m 33.756 ms - -[0m
2023-05-03 14:06:58 info: [0mGET /categories/post [36m304[0m 11.702 ms - -[0m
2023-05-03 14:06:58 info: [0mGET /posts/category/website [36m304[0m 52.662 ms - -[0m
2023-05-03 14:07:03 info: [0mGET /posts/category/android [36m304[0m 26.780 ms - -[0m
2023-05-03 14:07:19 info: [0mGET /posts/category/website [36m304[0m 53.683 ms - -[0m
2023-05-03 14:07:20 info: [0mGET /categories/post [36m304[0m 21.242 ms - -[0m
2023-05-03 14:07:20 info: [0mGET /posts/getPageAll [36m304[0m 59.130 ms - -[0m
2023-05-03 14:07:21 info: [0mGET /categories/post [36m304[0m 6.259 ms - -[0m
2023-05-03 14:07:21 info: [0mGET /posts/category/website [36m304[0m 37.372 ms - -[0m
2023-05-03 14:07:22 info: [0mGET /posts/category/android [36m304[0m 36.272 ms - -[0m
2023-05-03 14:07:22 info: [0mGET /posts/category/website [36m304[0m 33.909 ms - -[0m
2023-05-03 14:07:23 info: [0mGET /categories/post [36m304[0m 9.118 ms - -[0m
2023-05-03 14:07:23 info: [0mGET /posts/getPageAll [36m304[0m 74.615 ms - -[0m
2023-05-03 14:22:41 info: [0mGET /banners/getListBanner [36m304[0m 244.833 ms - -[0m
2023-05-03 14:22:41 info: [0mGET /posts/getListFeatured [36m304[0m 174.160 ms - -[0m
2023-05-03 14:22:41 info: [0mGET /services/nav [36m304[0m 177.822 ms - -[0m
2023-05-03 14:23:57 info: [0mGET /banners/getListBanner [36m304[0m 58.426 ms - -[0m
2023-05-03 14:23:58 info: [0mGET /banners/getListBanner [36m304[0m 26.593 ms - -[0m
2023-05-03 14:24:37 info: [0mGET /banners/getListBanner [36m304[0m 37.573 ms - -[0m
2023-05-03 14:25:02 info: [0mGET /banners/getListBanner [36m304[0m 52.748 ms - -[0m
2023-05-03 14:25:14 info: [0mGET /banners/getListBanner [36m304[0m 32.137 ms - -[0m
2023-05-03 14:25:27 info: [0mGET /banners/getListBanner [36m304[0m 46.652 ms - -[0m
2023-05-03 14:26:07 info: [0mGET /banners/getListBanner [36m304[0m 46.219 ms - -[0m
2023-05-03 14:26:14 info: [0mGET /banners/getListBanner [36m304[0m 17.867 ms - -[0m
2023-05-03 14:26:20 info: [0mGET /banners/getListBanner [36m304[0m 50.960 ms - -[0m
2023-05-03 14:26:31 info: [0mGET /banners/getListBanner [36m304[0m 10.990 ms - -[0m
2023-05-03 14:27:01 info: [0mGET /banners/getListBanner [36m304[0m 67.861 ms - -[0m
2023-05-03 14:27:01 info: [0mGET /posts/getListFeatured [36m304[0m 118.134 ms - -[0m
2023-05-03 14:27:01 info: [0mGET /services/nav [36m304[0m 143.616 ms - -[0m
2023-05-03 14:27:01 info: [0mGET /services/nav [36m304[0m 11.064 ms - -[0m
2023-05-03 14:27:17 info: [0mGET /banners/getListBanner [36m304[0m 36.337 ms - -[0m
2023-05-03 14:27:58 info: [0mGET /banners/getListBanner [36m304[0m 165.121 ms - -[0m
2023-05-03 14:28:05 info: [0mGET /services/nav [36m304[0m 91.592 ms - -[0m
2023-05-03 14:28:05 info: [0mGET /banners/getListBanner [36m304[0m 128.588 ms - -[0m
2023-05-03 14:28:05 info: [0mGET /posts/getListFeatured [36m304[0m 125.365 ms - -[0m
2023-05-03 14:28:05 info: [0mGET /services/nav [36m304[0m 22.986 ms - -[0m
2023-05-03 14:28:13 info: [0mGET /banners/getListBanner [36m304[0m 70.061 ms - -[0m
2023-05-03 14:28:29 info: [0mGET /banners/getListBanner [36m304[0m 15.913 ms - -[0m
2023-05-03 14:28:57 info: [0mGET /banners/getListBanner [36m304[0m 15.115 ms - -[0m
2023-05-03 14:29:07 info: [0mGET /services/nav [36m304[0m 55.506 ms - -[0m
2023-05-03 14:29:07 info: [0mGET /banners/getListBanner [36m304[0m 124.546 ms - -[0m
2023-05-03 14:29:07 info: [0mGET /services/nav [36m304[0m 99.892 ms - -[0m
2023-05-03 14:29:07 info: [0mGET /posts/getListFeatured [36m304[0m 164.585 ms - -[0m
2023-05-03 14:29:21 info: [0mGET /banners/getListBanner [36m304[0m 13.619 ms - -[0m
2023-05-03 14:29:46 info: [0mGET /banners/getListBanner [36m304[0m 32.407 ms - -[0m
2023-05-03 14:30:23 info: [0mGET /banners/getListBanner [36m304[0m 85.627 ms - -[0m
2023-05-03 14:31:09 info: [0mGET /branchs/getListBranch [36m304[0m 125.243 ms - -[0m
2023-05-03 14:31:09 info: [0mGET /services/getListService [36m304[0m 120.764 ms - -[0m
2023-05-03 14:31:09 info: [0mGET /projects/getProjectsClient [36m304[0m 123.212 ms - -[0m
2023-05-03 14:31:11 info: [0mGET /categories/post [36m304[0m 12.398 ms - -[0m
2023-05-03 14:31:11 info: [0mGET /posts/getPageAll [36m304[0m 63.914 ms - -[0m
2023-05-03 14:31:14 info: [0mGET /jobs/getListFeatured [36m304[0m 27.499 ms - -[0m
2023-05-03 14:31:14 info: [0mGET /ceos/getlistCeo [36m304[0m 81.434 ms - -[0m
2023-05-03 14:31:15 info: [0mGET /banners/getListBanner [36m304[0m 9.992 ms - -[0m
2023-05-03 14:31:15 info: [0mGET /posts/getListFeatured [36m304[0m 23.589 ms - -[0m
2023-05-03 14:31:15 info: [0mGET /services/nav [36m304[0m 32.368 ms - -[0m
2023-05-03 14:32:33 info: [0mGET /banners/getListBanner [36m304[0m 50.741 ms - -[0m
2023-05-03 14:32:35 info: [0mGET /banners/getListBanner [36m304[0m 4.805 ms - -[0m
2023-05-03 14:32:46 info: [0mGET /banners/getListBanner [36m304[0m 189.361 ms - -[0m
2023-05-03 14:32:47 info: [0mGET /banners/getListBanner [36m304[0m 124.234 ms - -[0m
2023-05-03 14:33:11 info: [0mGET /banners/getListBanner [36m304[0m 33.994 ms - -[0m
2023-05-03 14:33:33 info: [0mGET /banners/getListBanner [36m304[0m 346.940 ms - -[0m
2023-05-03 14:33:38 info: [0mGET /banners/getListBanner [36m304[0m 14.000 ms - -[0m
2023-05-03 14:33:43 info: [0mGET /services/nav [36m304[0m 44.778 ms - -[0m
2023-05-03 14:33:43 info: [0mGET /banners/getListBanner [36m304[0m 56.416 ms - -[0m
2023-05-03 14:33:43 info: [0mGET /posts/getListFeatured [36m304[0m 98.409 ms - -[0m
2023-05-03 14:33:43 info: [0mGET /services/nav [36m304[0m 71.413 ms - -[0m
2023-05-03 14:34:04 info: [0mGET /banners/getListBanner [36m304[0m 36.500 ms - -[0m
2023-05-03 14:34:11 info: [0mGET /banners/getListBanner [36m304[0m 13.284 ms - -[0m
2023-05-03 14:34:21 info: [0mGET /banners/getListBanner [36m304[0m 23.853 ms - -[0m
2023-05-03 14:34:33 info: [0mGET /banners/getListBanner [36m304[0m 88.520 ms - -[0m
2023-05-03 14:34:35 info: [0mGET /banners/getListBanner [36m304[0m 13.306 ms - -[0m
2023-05-03 14:34:57 info: [0mGET /banners/getListBanner [36m304[0m 113.823 ms - -[0m
2023-05-03 14:35:13 info: [0mGET /banners/getListBanner [36m304[0m 42.595 ms - -[0m
2023-05-03 14:35:41 info: [0mGET /banners/getListBanner [36m304[0m 59.913 ms - -[0m
2023-05-03 14:35:59 info: [0mGET /banners/getListBanner [36m304[0m 68.502 ms - -[0m
2023-05-03 14:36:01 info: [0mGET /banners/getListBanner [36m304[0m 4.451 ms - -[0m
2023-05-03 14:36:05 info: [0mGET /banners/getListBanner [36m304[0m 16.257 ms - -[0m
2023-05-03 14:37:33 info: [0mGET /branchs/getListBranch [36m304[0m 56.803 ms - -[0m
2023-05-03 14:37:33 info: [0mGET /projects/getProjectsClient [36m304[0m 52.858 ms - -[0m
2023-05-03 14:37:33 info: [0mGET /services/getListService [36m304[0m 98.514 ms - -[0m
2023-05-03 14:37:36 info: [0mGET /categories/post [36m304[0m 16.358 ms - -[0m
2023-05-03 14:37:36 info: [0mGET /posts/getPageAll [36m304[0m 90.907 ms - -[0m
2023-05-03 14:37:36 info: [0mGET /services/getListService [36m304[0m 10.933 ms - -[0m
2023-05-03 14:37:36 info: [0mGET /branchs/getListBranch [36m304[0m 4.707 ms - -[0m
2023-05-03 14:37:36 info: [0mGET /projects/getProjectsClient [36m304[0m 10.569 ms - -[0m
2023-05-03 14:37:37 info: [0mGET /categories/post [36m304[0m 9.389 ms - -[0m
2023-05-03 14:37:37 info: [0mGET /posts/getPageAll [36m304[0m 36.726 ms - -[0m
2023-05-03 14:37:38 info: [0mGET /branchs/getListBranch [36m304[0m 10.126 ms - -[0m
2023-05-03 14:37:38 info: [0mGET /services/getListService [36m304[0m 11.825 ms - -[0m
2023-05-03 14:37:38 info: [0mGET /projects/getProjectsClient [36m304[0m 8.163 ms - -[0m
2023-05-03 14:37:39 info: [0mGET /ceos/getlistCeo [36m304[0m 33.645 ms - -[0m
2023-05-03 14:37:40 info: [0mGET /categories/post [36m304[0m 4.897 ms - -[0m
2023-05-03 14:37:40 info: [0mGET /posts/getPageAll [36m304[0m 42.254 ms - -[0m
2023-05-03 14:37:41 info: [0mGET /jobs/getListFeatured [36m304[0m 17.884 ms - -[0m
2023-05-03 14:37:45 info: [0mGET /categories/post [36m304[0m 10.679 ms - -[0m
2023-05-03 14:37:45 info: [0mGET /posts/getPageAll [36m304[0m 61.926 ms - -[0m
2023-05-03 14:37:46 info: [0mGET /branchs/getListBranch [36m304[0m 6.817 ms - -[0m
2023-05-03 14:37:46 info: [0mGET /projects/getProjectsClient [36m304[0m 10.509 ms - -[0m
2023-05-03 14:37:46 info: [0mGET /services/getListService [36m304[0m 27.796 ms - -[0m
2023-05-03 14:37:53 info: [0mGET /services/findByIdClient/4 [36m304[0m 49.071 ms - -[0m
2023-05-03 14:38:21 info: [0mGET /branchs/getListBranch [36m304[0m 37.069 ms - -[0m
2023-05-03 14:38:21 info: [0mGET /projects/getProjectsClient [36m304[0m 29.848 ms - -[0m
2023-05-03 14:38:21 info: [0mGET /services/getListService [36m304[0m 41.839 ms - -[0m
2023-05-03 14:38:37 info: [0mGET /projects/getProjectsClient?branch_id=1 [36m304[0m 24.689 ms - -[0m
2023-05-03 14:38:39 info: [0mGET /projects/getProjectsClient [36m304[0m 9.848 ms - -[0m
2023-05-03 14:38:50 info: [0mGET /projects/getProjectsClient [36m304[0m 42.696 ms - -[0m
2023-05-03 14:38:58 info: [0mGET /services/getListService [36m304[0m 22.442 ms - -[0m
2023-05-03 14:38:58 info: [0mGET /branchs/getListBranch [36m304[0m 25.699 ms - -[0m
2023-05-03 14:38:58 info: [0mGET /projects/getProjectsClient [36m304[0m 46.997 ms - -[0m
2023-05-03 14:39:11 info: [0mGET /services/getListService [36m304[0m 141.704 ms - -[0m
2023-05-03 14:39:11 info: [0mGET /branchs/getListBranch [36m304[0m 181.834 ms - -[0m
2023-05-03 14:39:11 info: [0mGET /projects/getProjectsClient [36m304[0m 171.767 ms - -[0m
2023-05-03 14:39:14 info: [0mGET /projects/getProjectsClient?branch_id=1 [36m304[0m 19.779 ms - -[0m
2023-05-03 14:39:16 info: [0mGET /projects/getProjectsClient [36m304[0m 9.356 ms - -[0m
2023-05-03 14:39:17 info: [0mGET /projects/getProjectsClient?branch_id=2 [36m304[0m 79.165 ms - -[0m
2023-05-03 14:39:19 info: [0mGET /projects/getProjectsClient?branch_id=1 [36m304[0m 16.851 ms - -[0m
2023-05-03 14:39:20 info: [0mGET /projects/getProjectsClient [36m304[0m 31.093 ms - -[0m
2023-05-03 14:40:29 info: [0mGET /branchs/getListBranch [36m304[0m 64.019 ms - -[0m
2023-05-03 14:40:29 info: [0mGET /services/getListService [36m304[0m 50.026 ms - -[0m
2023-05-03 14:40:29 info: [0mGET /projects/getProjectsClient [36m304[0m 35.977 ms - -[0m
2023-05-03 14:40:32 info: [0mGET /projects/getProjectsClient?service_id=1 [36m304[0m 59.728 ms - -[0m
2023-05-03 14:40:33 info: [0mGET /projects/getProjectsClient?service_id=2 [36m304[0m 9.590 ms - -[0m
2023-05-03 14:40:34 info: [0mGET /projects/getProjectsClient?service_id=3 [36m304[0m 7.311 ms - -[0m
2023-05-03 14:40:34 info: [0mGET /projects/getProjectsClient?service_id=4 [36m304[0m 10.405 ms - -[0m
2023-05-03 14:40:35 info: [0mGET /projects/getProjectsClient?service_id=3 [36m304[0m 9.929 ms - -[0m
2023-05-03 14:40:35 info: [0mGET /projects/getProjectsClient?service_id=2 [36m304[0m 8.709 ms - -[0m
2023-05-03 14:40:36 info: [0mGET /projects/getProjectsClient?service_id=1 [36m304[0m 4.576 ms - -[0m
2023-05-03 14:40:37 info: [0mGET /projects/getProjectsClient [36m304[0m 6.508 ms - -[0m
2023-05-03 14:40:37 info: [0mGET /projects/getProjectsClient?service_id=1 [36m304[0m 22.137 ms - -[0m
2023-05-03 14:40:38 info: [0mGET /projects/getProjectsClient [36m304[0m 4.807 ms - -[0m
2023-05-03 14:40:40 info: [0mGET /projects/getProjectsClient?service_id=1 [36m304[0m 9.576 ms - -[0m
2023-05-03 14:40:41 info: [0mGET /projects/getProjectsClient [36m304[0m 5.626 ms - -[0m
2023-05-03 14:41:07 info: [0mGET /projects/getProjectsClient?service_id=1 [36m304[0m 27.575 ms - -[0m
2023-05-03 14:41:08 info: [0mGET /projects/getProjectsClient?service_id=2 [36m304[0m 34.441 ms - -[0m
2023-05-03 14:41:08 info: [0mGET /projects/getProjectsClient?service_id=1 [36m304[0m 10.373 ms - -[0m
2023-05-03 14:41:11 info: [0mGET /services/nav [36m304[0m 50.272 ms - -[0m
2023-05-03 14:41:11 info: [0mGET /branchs/getListBranch [36m304[0m 76.548 ms - -[0m
2023-05-03 14:41:11 info: [0mGET /services/getListService [36m304[0m 86.333 ms - -[0m
2023-05-03 14:41:11 info: [0mGET /projects/getProjectsClient [36m304[0m 136.310 ms - -[0m
2023-05-03 14:41:11 info: [0mGET /projects/getProjectsClient?service_id=1 [36m304[0m 24.592 ms - -[0m
2023-05-03 14:41:29 info: [0mGET /projects/getProjectsClient?service_id=2 [36m304[0m 37.060 ms - -[0m
2023-05-03 14:41:30 info: [0mGET /projects/getProjectsClient?service_id=1 [36m304[0m 11.448 ms - -[0m
2023-05-03 14:41:31 info: [0mGET /projects/getProjectsClient?service_id=2 [36m304[0m 6.632 ms - -[0m
2023-05-03 14:41:31 info: [0mGET /projects/getProjectsClient?service_id=3 [36m304[0m 7.711 ms - -[0m
2023-05-03 14:41:32 info: [0mGET /projects/getProjectsClient?service_id=3&branch_id=1 [32m200[0m 32.288 ms - 40[0m
2023-05-03 14:41:34 info: [0mGET /projects/getProjectsClient?service_id=3&branch_id=2 [36m304[0m 6.489 ms - -[0m
2023-05-03 14:41:35 info: [0mGET /projects/getProjectsClient?service_id=3&branch_id=1 [36m304[0m 15.937 ms - -[0m
2023-05-03 14:41:39 info: [0mGET /projects/getProjectsClient?service_id=3 [36m304[0m 9.980 ms - -[0m
2023-05-03 14:41:40 info: [0mGET /projects/getProjectsClient?service_id=1 [36m304[0m 7.883 ms - -[0m
2023-05-03 14:41:42 info: [0mGET /projects/getProjectsClient?service_id=1 [36m304[0m 6.325 ms - -[0m
2023-05-03 14:41:45 info: [0mGET /projects/getProjectsClient?service_id=1&branch_id=1 [32m200[0m 6.804 ms - 40[0m
2023-05-03 14:41:46 info: [0mGET /projects/getProjectsClient?branch_id=1 [36m304[0m 10.750 ms - -[0m
2023-05-03 14:41:53 info: [0mGET /categories/post [36m304[0m 38.616 ms - -[0m
2023-05-03 14:41:53 info: [0mGET /posts/getPageAll [36m304[0m 77.162 ms - -[0m
2023-05-03 14:41:56 info: [0mGET /categories/post [36m304[0m 35.627 ms - -[0m
2023-05-03 14:41:56 info: [0mGET /posts/category/website [36m304[0m 55.306 ms - -[0m
2023-05-03 14:41:57 info: [0mGET /posts/category/android [36m304[0m 13.419 ms - -[0m
2023-05-03 14:41:59 info: [0mGET /posts/category/website [36m304[0m 56.146 ms - -[0m
2023-05-03 14:42:03 info: [0mGET /ceos/getlistCeo [36m304[0m 22.767 ms - -[0m
2023-05-03 14:42:05 info: [0mGET /banners/getListBanner [36m304[0m 29.290 ms - -[0m
2023-05-03 14:42:05 info: [0mGET /posts/getListFeatured [36m304[0m 32.767 ms - -[0m
2023-05-03 14:42:05 info: [0mGET /services/nav [36m304[0m 27.773 ms - -[0m
2023-05-03 14:42:48 info: [0mGET /branchs/getListBranch [36m304[0m 44.146 ms - -[0m
2023-05-03 14:42:48 info: [0mGET /services/getListService [36m304[0m 48.387 ms - -[0m
2023-05-03 14:42:48 info: [0mGET /projects/getProjectsClient [36m304[0m 48.533 ms - -[0m
2023-05-03 14:42:48 info: [0mGET /categories/post [36m304[0m 24.494 ms - -[0m
2023-05-03 14:42:49 info: [0mGET /posts/getPageAll [36m304[0m 60.694 ms - -[0m
2023-05-03 14:42:49 info: [0mGET /jobs/getListFeatured [36m304[0m 8.533 ms - -[0m
2023-05-03 14:42:53 info: [0mGET /posts/getListFeatured [36m304[0m 30.479 ms - -[0m
2023-05-03 14:42:53 info: [0mGET /banners/getListBanner [36m304[0m 29.256 ms - -[0m
2023-05-03 14:42:53 info: [0mGET /services/nav [36m304[0m 44.468 ms - -[0m
2023-05-03 14:44:08 info: [0mGET /services/findByIdClient/10 [36m304[0m 348.023 ms - -[0m
2023-05-03 14:44:12 info: [0mGET /ceos/getlistCeo [36m304[0m 12.786 ms - -[0m
2023-05-03 14:48:52 info: [0mGET /services/findByIdClient/4 [36m304[0m 127.521 ms - -[0m
2023-05-03 14:54:23 info: [0mGET /services/findByIdClient/4 [36m304[0m 63.763 ms - -[0m
2023-05-03 14:54:23 info: [0mGET /services/nav [36m304[0m 123.738 ms - -[0m
2023-05-03 14:55:26 info: [0mGET /services/findByIdClient/4 [36m304[0m 50.734 ms - -[0m
2023-05-03 14:56:22 info: [0mGET /services/findByIdClient/4 [36m304[0m 24.649 ms - -[0m
2023-05-03 14:56:44 info: [0mGET /services/findByIdClient/4 [36m304[0m 20.448 ms - -[0m
2023-05-03 14:56:48 info: [0mGET /services/findByIdClient/4 [36m304[0m 13.574 ms - -[0m
2023-05-03 14:59:21 info: [0mGET /services/findByIdClient/4 [36m304[0m 121.519 ms - -[0m
2023-05-03 14:59:24 info: [0mGET /services/findByIdClient/4 [36m304[0m 14.314 ms - -[0m
2023-05-03 15:00:24 info: [0mGET /services/findByIdClient/4 [36m304[0m 89.261 ms - -[0m
2023-05-03 15:00:24 info: [0mGET /services/nav [36m304[0m 135.933 ms - -[0m
2023-05-03 15:06:28 info: [0mGET /services/findByIdClient/4 [36m304[0m 145.489 ms - -[0m
2023-05-03 15:08:12 info: [0mGET /services/nav [36m304[0m 822.142 ms - -[0m
2023-05-03 15:08:16 info: [0mGET /services/findByIdClient/4 [36m304[0m 58.839 ms - -[0m
2023-05-03 15:09:34 info: [0mGET /branchs/getListBranch [36m304[0m 102.160 ms - -[0m
2023-05-03 15:09:34 info: [0mGET /services/getListService [36m304[0m 110.294 ms - -[0m
2023-05-03 15:09:34 info: [0mGET /projects/getProjectsClient [36m304[0m 89.886 ms - -[0m
2023-05-03 15:09:36 info: [0mGET /categories/post [36m304[0m 13.462 ms - -[0m
2023-05-03 15:09:36 info: [0mGET /posts/getPageAll [36m304[0m 94.821 ms - -[0m
2023-05-03 15:09:37 info: [0mGET /jobs/getListFeatured [36m304[0m 61.181 ms - -[0m
2023-05-03 15:09:38 info: [0mGET /ceos/getlistCeo [36m304[0m 13.789 ms - -[0m
2023-05-03 15:09:40 info: [0mGET /banners/getListBanner [36m304[0m 96.303 ms - -[0m
2023-05-03 15:09:40 info: [0mGET /services/nav [36m304[0m 98.008 ms - -[0m
2023-05-03 15:09:40 info: [0mGET /posts/getListFeatured [36m304[0m 79.628 ms - -[0m
2023-05-03 15:27:15 info: [0mGET /branchs/getListBranch [36m304[0m 126.073 ms - -[0m
2023-05-03 15:27:15 info: [0mGET /projects/getProjectsClient [36m304[0m 115.665 ms - -[0m
2023-05-03 15:27:15 info: [0mGET /services/getListService [36m304[0m 134.588 ms - -[0m
2023-05-03 15:27:15 info: [0mGET /categories/post [36m304[0m 9.332 ms - -[0m
2023-05-03 15:27:15 info: [0mGET /posts/getPageAll [36m304[0m 40.669 ms - -[0m
2023-05-03 15:27:15 info: [0mGET /jobs/getListFeatured [36m304[0m 8.095 ms - -[0m
2023-05-03 15:27:16 info: [0mGET /ceos/getlistCeo [36m304[0m 27.727 ms - -[0m
2023-05-03 15:27:17 info: [0mGET /banners/getListBanner [36m304[0m 10.900 ms - -[0m
2023-05-03 15:27:17 info: [0mGET /posts/getListFeatured [36m304[0m 20.075 ms - -[0m
2023-05-03 15:27:17 info: [0mGET /services/nav [36m304[0m 25.831 ms - -[0m
2023-05-03 15:28:09 info: [0mGET /categories/post [36m304[0m 64.372 ms - -[0m
2023-05-03 15:28:09 info: [0mGET /posts/getPageAll [36m304[0m 128.186 ms - -[0m
2023-05-03 15:28:12 info: [0mGET /categories/post [36m304[0m 17.539 ms - -[0m
2023-05-03 15:28:12 info: [0mGET /posts/category/website [36m304[0m 36.087 ms - -[0m
2023-05-03 15:28:12 info: [0mGET /posts/category/android [36m304[0m 15.899 ms - -[0m
2023-05-03 15:28:13 info: [0mGET /posts/category/website [36m304[0m 18.476 ms - -[0m
2023-05-03 15:28:14 info: [0mGET /posts/category/android [36m304[0m 9.502 ms - -[0m
2023-05-03 15:28:14 info: [0mGET /posts/category/website [36m304[0m 20.128 ms - -[0m
2023-05-03 15:28:15 info: [0mGET /categories/post [36m304[0m 21.743 ms - -[0m
2023-05-03 15:28:15 info: [0mGET /posts/getPageAll [36m304[0m 44.244 ms - -[0m
2023-05-03 15:28:15 info: [0mGET /categories/post [36m304[0m 14.588 ms - -[0m
2023-05-03 15:28:15 info: [0mGET /posts/category/website [36m304[0m 19.213 ms - -[0m
2023-05-03 15:28:16 info: [0mGET /categories/post [36m304[0m 11.632 ms - -[0m
2023-05-03 15:28:16 info: [0mGET /posts/getPageAll [36m304[0m 32.869 ms - -[0m
2023-05-03 15:28:18 info: [0mGET /categories/post [36m304[0m 7.718 ms - -[0m
2023-05-03 15:28:18 info: [0mGET /posts/category/website [36m304[0m 17.945 ms - -[0m
2023-05-03 15:37:45 info: [0mGET /ceos/getlistCeo [36m304[0m 145.518 ms - -[0m
2023-05-03 15:37:46 info: [0mGET /banners/getListBanner [36m304[0m 30.130 ms - -[0m
2023-05-03 15:37:46 info: [0mGET /posts/getListFeatured [36m304[0m 123.786 ms - -[0m
2023-05-03 15:37:46 info: [0mGET /services/nav [36m304[0m 131.016 ms - -[0m
2023-05-03 15:37:46 info: [0mGET /ceos/getlistCeo [36m304[0m 23.446 ms - -[0m
2023-05-03 15:37:47 info: [0mGET /branchs/getListBranch [36m304[0m 24.935 ms - -[0m
2023-05-03 15:37:47 info: [0mGET /services/getListService [36m304[0m 19.386 ms - -[0m
2023-05-03 15:37:47 info: [0mGET /projects/getProjectsClient [36m304[0m 19.733 ms - -[0m
2023-05-03 15:37:48 info: [0mGET /categories/post [36m304[0m 8.234 ms - -[0m
2023-05-03 15:37:48 info: [0mGET /posts/getPageAll [36m304[0m 60.208 ms - -[0m
2023-05-03 15:37:49 info: [0mGET /jobs/getListFeatured [36m304[0m 57.691 ms - -[0m
2023-05-03 15:37:50 info: [0mGET /ceos/getlistCeo [36m304[0m 6.722 ms - -[0m
2023-05-03 15:38:12 info: [0mGET /banners/getListBanner [36m304[0m 76.109 ms - -[0m
2023-05-03 15:38:12 info: [0mGET /posts/getListFeatured [36m304[0m 77.554 ms - -[0m
2023-05-03 15:38:12 info: [0mGET /services/nav [36m304[0m 71.067 ms - -[0m
2023-05-03 15:38:13 info: [0mGET /branchs/getListBranch [36m304[0m 10.243 ms - -[0m
2023-05-03 15:38:13 info: [0mGET /services/getListService [36m304[0m 10.160 ms - -[0m
2023-05-03 15:38:13 info: [0mGET /projects/getProjectsClient [36m304[0m 17.664 ms - -[0m
2023-05-03 15:38:14 info: [0mGET /categories/post [36m304[0m 16.849 ms - -[0m
2023-05-03 15:38:14 info: [0mGET /posts/getPageAll [36m304[0m 52.128 ms - -[0m
2023-05-03 15:38:14 info: [0mGET /jobs/getListFeatured [36m304[0m 6.606 ms - -[0m
2023-05-03 15:49:11 info: [0mGET /banners/getListBanner [36m304[0m 211.556 ms - -[0m
2023-05-03 15:49:11 info: [0mGET /services/nav [36m304[0m 209.801 ms - -[0m
2023-05-03 15:49:11 info: [0mGET /posts/getListFeatured [36m304[0m 220.091 ms - -[0m
2023-05-03 16:05:12 info: [0mOPTIONS /admins/login [32m204[0m 6.370 ms - 0[0m
2023-05-03 16:05:12 info: [0mPOST /admins/login [32m200[0m 359.901 ms - 744[0m
2023-05-03 16:05:13 info: [0mOPTIONS /admins/profile [32m204[0m 0.232 ms - 0[0m
2023-05-03 16:05:13 info: [0mGET /admins/profile [36m304[0m 284.967 ms - -[0m
2023-05-03 16:05:17 info: [0mGET /admins/profile [36m304[0m 165.891 ms - -[0m
2023-05-03 16:05:17 info: [0mGET /banners?page=1&page_size=10 [36m304[0m 25.737 ms - -[0m
2023-05-03 16:05:17 info: [0mGET /banners? [32m200[0m 195.719 ms - 963[0m
2023-05-03 16:05:20 info: [0mOPTIONS /admins/profile [32m204[0m 0.464 ms - 0[0m
2023-05-03 16:05:20 info: [0mGET /services/nav [32m200[0m 16.786 ms - 621[0m
2023-05-03 16:05:20 info: [0mGET /admins/profile [36m304[0m 18.926 ms - -[0m
2023-05-03 16:05:25 info: [0mGET /admins/profile [36m304[0m 15.494 ms - -[0m
2023-05-03 16:05:25 info: [0mGET /services/nav [32m200[0m 14.123 ms - 677[0m
2023-05-03 16:05:28 info: [0mGET /services/show/8 [32m200[0m 9.405 ms - 249[0m
2023-05-03 16:05:29 info: [0mGET /services/show/7 [32m200[0m 5.130 ms - 294[0m
2023-05-03 16:05:29 info: [0mGET /services/show/2 [36m304[0m 6.466 ms - -[0m
2023-05-03 16:05:29 info: [0mGET /services/show/5 [32m200[0m 4.233 ms - 269[0m
2023-05-03 16:05:29 info: [0mGET /services/show/4 [36m304[0m 4.702 ms - -[0m
2023-05-03 16:05:30 info: [0mGET /services/show/1 [36m304[0m 4.670 ms - -[0m
2023-05-03 16:05:30 info: [0mGET /services/show/5 [36m304[0m 3.535 ms - -[0m
2023-05-03 16:05:30 info: [0mGET /services/show/2 [36m304[0m 7.230 ms - -[0m
2023-05-03 16:05:30 info: [0mGET /services/show/7 [36m304[0m 5.055 ms - -[0m
2023-05-03 16:05:34 info: [0mGET /services/show/4 [36m304[0m 2.563 ms - -[0m
2023-05-03 16:05:34 info: [0mGET /services/show/1 [36m304[0m 3.227 ms - -[0m
2023-05-03 16:05:34 info: [0mGET /services/show/5 [36m304[0m 2.826 ms - -[0m
2023-05-03 16:05:35 info: [0mGET /services/show/2 [36m304[0m 4.892 ms - -[0m
2023-05-03 16:05:35 info: [0mGET /services/show/8 [36m304[0m 4.615 ms - -[0m
2023-05-03 16:05:36 info: [0mGET /services/show/4 [36m304[0m 37.349 ms - -[0m
2023-05-03 16:05:37 info: [0mGET /services/show/1 [36m304[0m 7.805 ms - -[0m
2023-05-03 16:05:37 info: [0mGET /services/show/5 [36m304[0m 3.851 ms - -[0m
2023-05-03 16:05:37 info: [0mGET /services/show/2 [36m304[0m 6.198 ms - -[0m
2023-05-03 16:05:46 info: [0mGET /services/nav [36m304[0m 53.997 ms - -[0m
2023-05-03 16:05:46 info: [0mGET /banners/getListBanner [36m304[0m 113.727 ms - -[0m
2023-05-03 16:05:47 info: [0mGET /services/nav [36m304[0m 224.675 ms - -[0m
2023-05-03 16:05:47 info: [0mGET /posts/getListFeatured [36m304[0m 280.080 ms - -[0m
2023-05-03 16:06:29 info: [0mGET /services/findByIdClient/4 [36m304[0m 68.095 ms - -[0m
2023-05-03 16:06:38 info: [0mGET /services/nav [36m304[0m 105.081 ms - -[0m
2023-05-03 16:06:38 info: [0mGET /services/findByIdClient/layout_2 [32m200[0m 7.328 ms - 28[0m
2023-05-03 16:08:29 info: [0mGET /services/nav [36m304[0m 171.416 ms - -[0m
2023-05-03 16:08:29 info: [0mGET /services/findByIdClient/layout_2 [36m304[0m 48.233 ms - -[0m
2023-05-03 16:09:04 info: [0mGET /services/nav [36m304[0m 155.925 ms - -[0m
2023-05-03 16:09:04 info: [0mGET /services/findByIdClient/layout_2 [36m304[0m 73.582 ms - -[0m
2023-05-03 16:09:52 info: [0mGET /services/nav [36m304[0m 120.186 ms - -[0m
2023-05-03 16:19:12 info: [0mGET /services/nav [36m304[0m 297.517 ms - -[0m
2023-05-03 16:19:14 info: [0mGET /services/nav [36m304[0m 29.286 ms - -[0m
2023-05-03 16:25:28 info: [0mGET /services/nav [36m304[0m 342.085 ms - -[0m
2023-05-03 16:27:32 info: [0mGET /services/nav [36m304[0m 169.578 ms - -[0m
2023-05-03 16:27:45 info: [0mGET /services/getListService [36m304[0m 45.842 ms - -[0m
2023-05-03 16:27:45 info: [0mGET /branchs/getListBranch [36m304[0m 87.723 ms - -[0m
2023-05-03 16:27:45 info: [0mGET /projects/getProjectsClient [36m304[0m 71.932 ms - -[0m
2023-05-03 16:28:48 info: [0mGET /projects/getProjectsClient [36m304[0m 128.595 ms - -[0m
2023-05-03 16:28:50 info: [0mGET /services/findByIdClient/4 [36m304[0m 84.284 ms - -[0m
2023-05-03 16:28:57 info: [0mGET /services/nav [36m304[0m 15.410 ms - -[0m
2023-05-03 16:34:04 info: [0mGET /services/nav [36m304[0m 174.071 ms - -[0m
2023-05-03 16:47:43 info: [0mGET /ceos/getlistCeo [36m304[0m 178.180 ms - -[0m
2023-05-03 16:47:44 info: [0mGET /banners/getListBanner [36m304[0m 270.215 ms - -[0m
2023-05-03 16:47:45 info: [0mGET /posts/getListFeatured [36m304[0m 305.414 ms - -[0m
2023-05-03 16:47:45 info: [0mGET /services/nav [36m304[0m 298.111 ms - -[0m
2023-05-03 16:47:46 info: [0mGET /ceos/getlistCeo [36m304[0m 12.384 ms - -[0m
2023-05-03 16:47:57 info: [0mGET /branchs/getListBranch [36m304[0m 50.839 ms - -[0m
2023-05-03 16:47:57 info: [0mGET /projects/getProjectsClient [36m304[0m 42.683 ms - -[0m
2023-05-03 16:47:57 info: [0mGET /services/getListService [36m304[0m 38.591 ms - -[0m
2023-05-03 16:48:00 info: [0mGET /categories/post [36m304[0m 14.094 ms - -[0m
2023-05-03 16:48:00 info: [0mGET /posts/getPageAll [36m304[0m 89.889 ms - -[0m
2023-05-03 16:48:03 info: [0mGET /jobs/getListFeatured [36m304[0m 74.489 ms - -[0m
2023-05-03 16:48:05 info: [0mGET /services/findByIdClient/7 [36m304[0m 9.519 ms - -[0m
2023-05-03 16:48:11 info: [0mGET /ceos/getlistCeo [36m304[0m 16.754 ms - -[0m
2023-05-03 16:48:13 info: [0mGET /banners/getListBanner [36m304[0m 29.585 ms - -[0m
2023-05-03 16:48:13 info: [0mGET /posts/getListFeatured [36m304[0m 33.184 ms - -[0m
2023-05-03 16:48:13 info: [0mGET /services/nav [36m304[0m 35.501 ms - -[0m
2023-05-03 16:48:46 info: [0mGET /services/findByIdClient/10 [36m304[0m 52.312 ms - -[0m
2023-05-03 16:56:27 info: [0mGET /banners/getListBanner [36m304[0m 440.064 ms - -[0m
2023-05-03 16:56:27 info: [0mGET /services/nav [36m304[0m 401.110 ms - -[0m
2023-05-03 16:56:27 info: [0mGET /posts/getListFeatured [36m304[0m 427.116 ms - -[0m
2023-05-03 16:56:36 info: [0mGET /services/nav [36m304[0m 71.578 ms - -[0m
2023-05-03 16:57:01 info: [0mGET /services/nav [36m304[0m 292.444 ms - -[0m
2023-05-03 16:57:15 info: [0mGET /services/nav [36m304[0m 304.241 ms - -[0m
2023-05-03 17:02:04 info: [0mGET /branchs/getListBranch [36m304[0m 111.576 ms - -[0m
2023-05-03 17:02:04 info: [0mGET /services/getListService [36m304[0m 91.291 ms - -[0m
2023-05-03 17:02:04 info: [0mGET /projects/getProjectsClient [36m304[0m 97.647 ms - -[0m
2023-05-03 17:02:06 info: [0mGET /categories/post [36m304[0m 24.766 ms - -[0m
2023-05-03 17:02:06 info: [0mGET /posts/getPageAll [36m304[0m 84.608 ms - -[0m
2023-05-03 17:02:07 info: [0mGET /jobs/getListFeatured [36m304[0m 23.509 ms - -[0m
2023-05-03 17:02:07 info: [0mGET /categories/post [36m304[0m 11.090 ms - -[0m
2023-05-03 17:02:07 info: [0mGET /posts/getPageAll [36m304[0m 33.337 ms - -[0m
2023-05-03 17:02:08 info: [0mGET /branchs/getListBranch [36m304[0m 9.924 ms - -[0m
2023-05-03 17:02:08 info: [0mGET /projects/getProjectsClient [36m304[0m 12.232 ms - -[0m
2023-05-03 17:02:08 info: [0mGET /services/getListService [36m304[0m 14.005 ms - -[0m
2023-05-03 17:02:09 info: [0mGET /ceos/getlistCeo [36m304[0m 42.598 ms - -[0m
2023-05-03 17:02:11 info: [0mGET /banners/getListBanner [36m304[0m 41.445 ms - -[0m
2023-05-03 17:02:11 info: [0mGET /posts/getListFeatured [36m304[0m 42.163 ms - -[0m
2023-05-03 17:02:11 info: [0mGET /services/nav [36m304[0m 48.056 ms - -[0m
2023-05-03 17:03:58 info: [0mGET /branchs/getListBranch [36m304[0m 63.761 ms - -[0m
2023-05-03 17:03:58 info: [0mGET /services/getListService [36m304[0m 59.055 ms - -[0m
2023-05-03 17:03:58 info: [0mGET /projects/getProjectsClient [36m304[0m 62.555 ms - -[0m
2023-05-03 17:04:00 info: [0mGET /categories/post [36m304[0m 10.397 ms - -[0m
2023-05-03 17:04:00 info: [0mGET /posts/getPageAll [36m304[0m 35.171 ms - -[0m
2023-05-03 17:04:01 info: [0mGET /jobs/getListFeatured [36m304[0m 9.455 ms - -[0m
2023-05-03 17:04:02 info: [0mGET /branchs/getListBranch [36m304[0m 12.238 ms - -[0m
2023-05-03 17:04:02 info: [0mGET /services/getListService [36m304[0m 15.824 ms - -[0m
2023-05-03 17:04:02 info: [0mGET /projects/getProjectsClient [36m304[0m 46.031 ms - -[0m
2023-05-03 17:06:38 info: [0mGET /jobs/getListFeatured [36m304[0m 78.986 ms - -[0m
2023-05-03 17:06:40 info: [0mGET /banners/getListBanner [36m304[0m 35.470 ms - -[0m
2023-05-03 17:06:40 info: [0mGET /posts/getListFeatured [36m304[0m 46.243 ms - -[0m
2023-05-03 17:06:40 info: [0mGET /services/nav [36m304[0m 46.511 ms - -[0m
2023-05-03 17:06:57 info: [0mGET /services/nav [36m304[0m 145.777 ms - -[0m
2023-05-03 20:59:33 info: [0mGET /posts/getListFeatured [36m304[0m 259.730 ms - -[0m
2023-05-03 20:59:33 info: [0mGET /banners/getListBanner [36m304[0m 507.018 ms - -[0m
2023-05-03 20:59:34 info: [0mGET /services/nav [36m304[0m 320.270 ms - -[0m
2023-05-03 21:12:57 info: [0mGET /services/nav [36m304[0m 569.601 ms - -[0m
2023-05-03 21:21:06 info: [0mGET /banners/getListBanner [36m304[0m 395.336 ms - -[0m
2023-05-03 21:21:06 info: [0mGET /services/nav [36m304[0m 326.214 ms - -[0m
2023-05-03 21:21:06 info: [0mGET /posts/getListFeatured [36m304[0m 367.627 ms - -[0m
2023-05-03 21:22:08 info: [0mGET /services/nav [36m304[0m 48.927 ms - -[0m
2023-05-03 21:22:08 info: [0mGET /posts/getListFeatured [36m304[0m 69.202 ms - -[0m
2023-05-03 21:23:43 info: [0mGET /services/nav [36m304[0m 165.767 ms - -[0m
2023-05-03 21:26:43 info: [0mGET /services/nav [36m304[0m 130.533 ms - -[0m
2023-05-03 21:28:54 info: [0mGET /services/nav [36m304[0m 132.582 ms - -[0m
2023-05-03 21:35:37 info: [0mGET /services/nav [36m304[0m 76.098 ms - -[0m
2023-05-03 21:52:37 info: [0mGET /services/nav [36m304[0m 140.824 ms - -[0m
2023-05-03 21:53:39 info: [0mGET /posts/getListFeatured [36m304[0m 66.283 ms - -[0m
2023-05-03 21:53:39 info: [0mGET /services/nav [36m304[0m 64.484 ms - -[0m
2023-05-03 21:53:39 info: [0mGET /banners/getListBanner [36m304[0m 98.751 ms - -[0m
2023-05-03 21:59:57 info: [0mGET /services/nav [36m304[0m 113.998 ms - -[0m
2023-05-03 22:01:13 info: [0mGET /services/nav [36m304[0m 108.656 ms - -[0m
2023-05-03 22:07:44 info: [0mGET /branchs/getListBranch [36m304[0m 838.112 ms - -[0m
2023-05-03 22:07:44 info: [0mGET /projects/getProjectsClient [36m304[0m 838.474 ms - -[0m
2023-05-03 22:07:44 info: [0mGET /services/getListService [36m304[0m 926.727 ms - -[0m
2023-05-03 22:07:44 info: [0mGET /categories/post [36m304[0m 32.198 ms - -[0m
2023-05-03 22:07:44 info: [0mGET /posts/getPageAll [36m304[0m 145.624 ms - -[0m
2023-05-03 22:07:47 info: [0mGET /jobs/getListFeatured [36m304[0m 90.109 ms - -[0m
2023-05-03 22:07:49 info: [0mGET /ceos/getlistCeo [36m304[0m 31.174 ms - -[0m
2023-05-03 22:07:50 info: [0mGET /banners/getListBanner [36m304[0m 32.022 ms - -[0m
2023-05-03 22:07:50 info: [0mGET /posts/getListFeatured [36m304[0m 29.837 ms - -[0m
2023-05-03 22:07:50 info: [0mGET /services/nav [36m304[0m 28.736 ms - -[0m
2023-05-03 22:10:41 info: [0mGET /services/nav [36m304[0m 215.155 ms - -[0m
2023-05-03 22:10:56 info: [0mGET /services/nav [36m304[0m 87.858 ms - -[0m
2023-05-03 22:12:11 info: [0mGET /ceos/getlistCeo [36m304[0m 142.350 ms - -[0m
2023-05-03 22:12:11 info: [0mGET /banners/getListBanner [36m304[0m 175.208 ms - -[0m
2023-05-03 22:12:11 info: [0mGET /posts/getListFeatured [36m304[0m 211.274 ms - -[0m
2023-05-03 22:12:11 info: [0mGET /services/nav [36m304[0m 205.860 ms - -[0m
2023-05-03 22:13:39 info: [0mOPTIONS /skills/getLists [32m204[0m 0.999 ms - 0[0m
2023-05-03 22:13:39 info: [0mGET /skills/getLists [33m404[0m 13.520 ms - 154[0m
2023-05-03 22:13:48 info: [0mOPTIONS /posts/index [32m204[0m 0.319 ms - 0[0m
2023-05-03 22:13:48 info: [0mGET /posts/index [33m404[0m 13.355 ms - 150[0m
2023-05-03 22:13:49 info: [0mGET /posts/index [33m404[0m 0.935 ms - 150[0m
2023-05-03 22:13:51 info: [0mOPTIONS /skills/getLists [32m204[0m 0.413 ms - 0[0m
2023-05-03 22:13:51 info: [0mGET /skills/getLists [33m404[0m 0.950 ms - 154[0m
2023-05-03 22:13:58 info: [0mOPTIONS /posts/index [32m204[0m 0.204 ms - 0[0m
2023-05-03 22:13:58 info: [0mGET /posts/index [33m404[0m 0.573 ms - 150[0m
2023-05-03 22:20:02 info: [0mGET /ceos/getlistCeo [36m304[0m 88.041 ms - -[0m
2023-05-03 22:20:04 info: [0mGET /services/findByIdClient/7 [36m304[0m 256.336 ms - -[0m
2023-05-03 22:20:05 info: [0mGET /ceos/getlistCeo [36m304[0m 14.040 ms - -[0m
2023-05-03 22:20:07 info: [0mGET /services/findByIdClient/8 [36m304[0m 83.170 ms - -[0m
2023-05-03 22:20:09 info: [0mGET /branchs/getListBranch [36m304[0m 38.896 ms - -[0m
2023-05-03 22:20:09 info: [0mGET /services/getListService [36m304[0m 48.509 ms - -[0m
2023-05-03 22:20:09 info: [0mGET /projects/getProjectsClient [36m304[0m 46.134 ms - -[0m
2023-05-03 22:22:18 info: [0mGET /services/nav [36m304[0m 61.277 ms - -[0m
2023-05-03 22:22:23 info: [0mGET /services/nav [36m304[0m 21.961 ms - -[0m
2023-05-03 22:22:26 info: [0mGET /banners/getListBanner [36m304[0m 37.838 ms - -[0m
2023-05-03 22:22:26 info: [0mGET /posts/getListFeatured [36m304[0m 41.611 ms - -[0m
2023-05-03 22:22:26 info: [0mGET /services/nav [36m304[0m 46.073 ms - -[0m
2023-05-03 22:22:41 info: [0mGET /services/nav [36m304[0m 189.157 ms - -[0m
2023-05-03 22:22:56 info: [0mGET /services/nav [36m304[0m 22.894 ms - -[0m
2023-05-03 22:23:09 info: [0mGET /services/nav [36m304[0m 79.257 ms - -[0m
2023-05-03 22:23:35 info: [0mGET /services/nav [36m304[0m 26.863 ms - -[0m
2023-05-03 22:24:01 info: [0mGET /services/nav [36m304[0m 52.642 ms - -[0m
2023-05-03 22:24:01 info: [0mGET /services/nav [36m304[0m 5.747 ms - -[0m
2023-05-03 22:24:43 info: [0mGET /ceos/getlistCeo [36m304[0m 116.323 ms - -[0m
2023-05-03 22:24:47 info: [0mGET /banners/getListBanner [36m304[0m 102.797 ms - -[0m
2023-05-03 22:24:47 info: [0mGET /services/nav [36m304[0m 125.737 ms - -[0m
2023-05-03 22:24:47 info: [0mGET /posts/getListFeatured [36m304[0m 161.704 ms - -[0m
2023-05-03 22:25:01 info: [0mGET /services/getListService [36m304[0m 79.086 ms - -[0m
2023-05-03 22:25:01 info: [0mGET /branchs/getListBranch [36m304[0m 117.980 ms - -[0m
2023-05-03 22:25:01 info: [0mGET /projects/getProjectsClient [36m304[0m 48.952 ms - -[0m
2023-05-03 22:25:03 info: [0mGET /projects/getProjectsClient?service_id=1 [36m304[0m 6.580 ms - -[0m
2023-05-03 22:25:04 info: [0mGET /projects/getProjectsClient?service_id=2 [36m304[0m 6.639 ms - -[0m
2023-05-03 22:25:04 info: [0mGET /projects/getProjectsClient?service_id=3 [36m304[0m 6.850 ms - -[0m
2023-05-03 22:25:05 info: [0mGET /categories/post [36m304[0m 20.976 ms - -[0m
2023-05-03 22:25:05 info: [0mGET /posts/getPageAll [36m304[0m 80.972 ms - -[0m
2023-05-03 22:25:07 info: [0mGET /categories/post [36m304[0m 8.036 ms - -[0m
2023-05-03 22:25:07 info: [0mGET /posts/category/android [36m304[0m 31.813 ms - -[0m
2023-05-03 22:25:07 info: [0mGET /posts/category/website [36m304[0m 32.107 ms - -[0m
2023-05-03 22:25:08 info: [0mGET /posts/category/android [36m304[0m 36.284 ms - -[0m
2023-05-03 22:25:09 info: [0mGET /categories/post [36m304[0m 4.670 ms - -[0m
2023-05-03 22:25:09 info: [0mGET /posts/getPageAll [36m304[0m 35.184 ms - -[0m
2023-05-03 22:25:09 info: [0mGET /categories/post [36m304[0m 9.110 ms - -[0m
2023-05-03 22:25:09 info: [0mGET /posts/category/website [36m304[0m 17.741 ms - -[0m
2023-05-03 22:27:19 info: [0mGET /services/nav [36m304[0m 31.636 ms - -[0m
2023-05-03 22:27:20 info: [0mGET /banners/getListBanner [36m304[0m 100.750 ms - -[0m
2023-05-03 22:27:20 info: [0mGET /posts/getListFeatured [36m304[0m 101.598 ms - -[0m
2023-05-03 22:30:13 info: [0mGET /banners/getListBanner [36m304[0m 48.135 ms - -[0m
2023-05-03 22:30:37 info: [0mGET /banners/getListBanner [36m304[0m 89.152 ms - -[0m
2023-05-03 22:30:52 info: [0mGET /banners/getListBanner [36m304[0m 32.899 ms - -[0m
2023-05-03 22:31:09 info: [0mGET /banners/getListBanner [36m304[0m 42.878 ms - -[0m
2023-05-03 22:31:44 info: [0mGET /banners/getListBanner [36m304[0m 21.533 ms - -[0m
2023-05-03 22:31:53 info: [0mGET /banners/getListBanner [36m304[0m 20.944 ms - -[0m
2023-05-03 22:32:08 info: [0mGET /banners/getListBanner [36m304[0m 124.028 ms - -[0m
2023-05-03 22:33:17 info: [0mGET /ceos/getlistCeo [36m304[0m 98.679 ms - -[0m
2023-05-03 22:41:08 info: [0mGET /banners/getListBanner [36m304[0m 198.610 ms - -[0m
2023-05-03 22:41:08 info: [0mGET /posts/getListFeatured [36m304[0m 187.665 ms - -[0m
2023-05-03 22:41:08 info: [0mGET /services/nav [36m304[0m 183.945 ms - -[0m
