2023-05-05 00:11:54 info: =================================
2023-05-05 00:11:54 info: ======= ENV: development =======
2023-05-05 00:11:54 info: 🚀 App listening on the port 8000
2023-05-05 00:11:54 info: =================================
2023-05-05 00:12:46 info: [0mGET /banners/getListBanner [36m304[0m 252.394 ms - -[0m
2023-05-05 00:12:46 info: [0mGET /posts/getListFeatured [36m304[0m 253.917 ms - -[0m
2023-05-05 00:12:46 info: [0mGET /services/nav [36m304[0m 346.721 ms - -[0m
2023-05-05 00:12:46 info: [0mGET /services/nav [36m304[0m 32.056 ms - -[0m
2023-05-05 00:19:10 info: [0mGET /ceos/getlistCeo [36m304[0m 141.717 ms - -[0m
2023-05-05 00:19:15 info: [0mGET /banners/getListBanner [36m304[0m 32.654 ms - -[0m
2023-05-05 00:19:15 info: [0mGET /posts/getListFeatured [36m304[0m 40.755 ms - -[0m
2023-05-05 00:19:15 info: [0mGET /services/nav [36m304[0m 43.176 ms - -[0m
2023-05-05 00:19:16 info: [0mGET /branchs/getListBranch [36m304[0m 37.834 ms - -[0m
2023-05-05 00:19:16 info: [0mGET /services/getListService [36m304[0m 40.908 ms - -[0m
2023-05-05 00:19:17 info: [0mGET /projects/getProjectsClient [36m304[0m 44.133 ms - -[0m
2023-05-05 00:19:21 info: [0mOPTIONS /admins/profile [32m204[0m 0.903 ms - 0[0m
2023-05-05 00:19:21 info: [0mGET /roles?[object%20Object] [36m304[0m 35.114 ms - -[0m
2023-05-05 00:19:21 info: [0mGET /admins/profile [36m304[0m 41.343 ms - -[0m
2023-05-05 00:19:23 info: [0mGET /admins/profile [36m304[0m 16.515 ms - -[0m
2023-05-05 00:19:23 info: [0mGET /admins?page=1&page_size=10 [36m304[0m 26.223 ms - -[0m
2023-05-05 00:19:23 info: [0mGET /admins?page=1&page_size=10 [36m304[0m 20.929 ms - -[0m
2023-05-05 00:19:25 info: [0mGET /admins/profile [36m304[0m 39.516 ms - -[0m
2023-05-05 00:19:25 info: [0mGET /banners? [36m304[0m 97.390 ms - -[0m
2023-05-05 00:19:25 info: [0mGET /banners?page=1&page_size=10 [36m304[0m 27.311 ms - -[0m
2023-05-05 00:20:06 info: [0mGET /ceos/getlistCeo [36m304[0m 461.527 ms - -[0m
2023-05-05 00:20:07 info: [0mGET /banners/getListBanner [36m304[0m 42.049 ms - -[0m
2023-05-05 00:20:07 info: [0mGET /services/nav [36m304[0m 87.093 ms - -[0m
2023-05-05 00:20:07 info: [0mGET /posts/getListFeatured [36m304[0m 127.470 ms - -[0m
2023-05-05 00:20:15 info: [0mGET /services/findByIdClient/4 [36m304[0m 237.484 ms - -[0m
2023-05-05 00:20:18 info: [0mGET /services/findByIdClient/5 [36m304[0m 11.069 ms - -[0m
2023-05-05 00:20:25 info: [0mGET /services/nav [36m304[0m 60.734 ms - -[0m
2023-05-05 00:20:27 info: [0mGET /services/findByIdClient/13 [36m304[0m 8.945 ms - -[0m
2023-05-05 00:20:29 info: [0mGET /services/findByIdClient/5 [36m304[0m 5.699 ms - -[0m
2023-05-05 00:20:30 info: [0mGET /services/findByIdClient/4 [36m304[0m 5.795 ms - -[0m
2023-05-05 00:20:41 info: [0mOPTIONS /admins/profile [32m204[0m 27.005 ms - 0[0m
2023-05-05 00:20:41 info: [0mGET /branchs?page=1&page_size=10 [36m304[0m 38.072 ms - -[0m
2023-05-05 00:20:41 info: [0mGET /branchs? [36m304[0m 70.752 ms - -[0m
2023-05-05 00:20:41 info: [0mGET /admins/profile [36m304[0m 145.688 ms - -[0m
2023-05-05 00:20:42 info: [0mGET /admins/profile [36m304[0m 157.059 ms - -[0m
2023-05-05 00:20:42 info: [0mGET /projects? [36m304[0m 210.246 ms - -[0m
2023-05-05 00:20:42 info: [0mGET /projects?page=1&page_size=10 [36m304[0m 73.957 ms - -[0m
2023-05-05 00:20:45 info: [0mGET /services/nav [36m304[0m 63.056 ms - -[0m
2023-05-05 00:20:45 info: [0mGET /admins/profile [36m304[0m 107.343 ms - -[0m
2023-05-05 00:20:49 info: [0mGET /services/show/4 [36m304[0m 10.984 ms - -[0m
2023-05-05 00:21:24 info: [0mOPTIONS /services/update/4 [32m204[0m 0.493 ms - 0[0m
2023-05-05 00:21:24 info: [0mPUT /services/update/4 [32m200[0m 88.311 ms - 744[0m
2023-05-05 00:21:24 info: [0mGET /services/nav [36m304[0m 18.750 ms - -[0m
2023-05-05 00:21:27 info: [0mGET /services/show/5 [36m304[0m 7.528 ms - -[0m
2023-05-05 00:21:29 info: [0mGET /services/show/4 [32m200[0m 4.028 ms - 728[0m
2023-05-05 00:21:59 info: [0mOPTIONS /services/update/4 [32m204[0m 0.435 ms - 0[0m
2023-05-05 00:22:00 info: [0mPUT /services/update/4 [32m200[0m 92.114 ms - -[0m
2023-05-05 00:22:00 info: [0mGET /services/nav [36m304[0m 7.968 ms - -[0m
2023-05-05 00:22:04 info: [0mOPTIONS /admins/profile [32m204[0m 0.850 ms - 0[0m
2023-05-05 00:22:04 info: [0mGET /services/nav [36m304[0m 105.624 ms - -[0m
2023-05-05 00:22:04 info: [0mGET /admins/profile [36m304[0m 149.001 ms - -[0m
2023-05-05 00:22:06 info: [0mGET /services/show/4 [32m200[0m 63.355 ms - -[0m
2023-05-05 00:22:16 info: [0mGET /services/show/5 [36m304[0m 11.066 ms - -[0m
2023-05-05 00:22:24 info: [0mGET /services/show/4 [36m304[0m 21.619 ms - -[0m
2023-05-05 00:22:40 info: [0mGET /services/show/1 [32m200[0m 32.735 ms - 897[0m
2023-05-05 00:22:56 info: [0mOPTIONS /services/update/4 [32m204[0m 0.633 ms - 0[0m
2023-05-05 00:22:57 info: [0mPUT /services/update/4 [32m200[0m 52.361 ms - -[0m
2023-05-05 00:22:57 info: [0mGET /services/nav [36m304[0m 9.413 ms - -[0m
2023-05-05 00:23:05 info: [0mOPTIONS /admins/profile [32m204[0m 0.719 ms - 0[0m
2023-05-05 00:23:05 info: [0mGET /services/nav [36m304[0m 55.148 ms - -[0m
2023-05-05 00:23:05 info: [0mGET /admins/profile [36m304[0m 104.588 ms - -[0m
2023-05-05 00:23:07 info: [0mGET /services/show/4 [32m200[0m 8.022 ms - -[0m
2023-05-05 00:25:48 info: [0mGET /services/nav [36m304[0m 140.546 ms - -[0m
2023-05-05 00:25:48 info: [0mGET /services/findByIdClient/4 [32m200[0m 111.944 ms - -[0m
2023-05-05 00:28:26 info: [0mGET /banners/getListBanner [36m304[0m 167.417 ms - -[0m
2023-05-05 00:28:26 info: [0mGET /posts/getListFeatured [36m304[0m 130.430 ms - -[0m
2023-05-05 00:28:26 info: [0mGET /services/nav [36m304[0m 182.181 ms - -[0m
2023-05-05 00:28:31 info: [0mGET /services/show/5 [36m304[0m 11.527 ms - -[0m
2023-05-05 00:28:33 info: [0mGET /services/show/4 [36m304[0m 181.947 ms - -[0m
2023-05-05 00:28:35 info: [0mGET /services/show/1 [32m200[0m 7.799 ms - 985[0m
2023-05-05 00:28:50 info: [0mGET /services/findByIdClient/4 [36m304[0m 109.588 ms - -[0m
2023-05-05 00:29:27 info: [0mGET /services/nav [36m304[0m 123.388 ms - -[0m
2023-05-05 00:29:27 info: [0mGET /services/findByIdClient/4 [36m304[0m 60.189 ms - -[0m
2023-05-05 00:29:42 info: [0mGET /services/findByIdClient/4 [36m304[0m 53.104 ms - -[0m
2023-05-05 00:32:27 info: [0mGET /services/show/4 [36m304[0m 84.399 ms - -[0m
2023-05-05 00:32:28 info: [0mGET /services/show/5 [36m304[0m 5.396 ms - -[0m
2023-05-05 00:33:58 info: [0mGET /services/show/4 [36m304[0m 17.672 ms - -[0m
2023-05-05 00:34:00 info: [0mGET /services/show/5 [36m304[0m 6.112 ms - -[0m
2023-05-05 00:34:03 info: [0mGET /services/show/4 [36m304[0m 8.160 ms - -[0m
2023-05-05 00:34:04 info: [0mGET /services/show/1 [36m304[0m 3.349 ms - -[0m
2023-05-05 00:34:39 info: [0mGET /services/findByIdClient/4 [36m304[0m 29.010 ms - -[0m
2023-05-05 00:34:45 info: [0mGET /services/findByIdClient/4 [36m304[0m 13.031 ms - -[0m
2023-05-05 00:35:10 info: [0mGET /services/findByIdClient/4 [36m304[0m 16.536 ms - -[0m
2023-05-05 00:35:35 info: [0mGET /services/findByIdClient/4 [36m304[0m 107.473 ms - -[0m
2023-05-05 00:36:12 info: [0mGET /services/show/4 [36m304[0m 69.569 ms - -[0m
2023-05-05 00:36:19 info: [0mGET /services/nav [36m304[0m 89.655 ms - -[0m
2023-05-05 00:36:19 info: [0mGET /services/show/4 [36m304[0m 6.983 ms - -[0m
2023-05-05 00:36:43 info: [0mGET /services/show/4 [36m304[0m 48.016 ms - -[0m
2023-05-05 00:38:02 info: [0mGET /services/show/4 [36m304[0m 47.465 ms - -[0m
2023-05-05 00:38:03 info: [0mGET /services/show/5 [36m304[0m 4.341 ms - -[0m
2023-05-05 00:38:04 info: [0mGET /services/show/2 [36m304[0m 5.637 ms - -[0m
2023-05-05 00:38:09 info: [0mGET /services/show/1 [36m304[0m 5.697 ms - -[0m
2023-05-05 00:38:13 info: [0mGET /services/show/4 [36m304[0m 17.813 ms - -[0m
2023-05-05 00:38:21 info: [0mOPTIONS /services/update/4 [32m204[0m 0.515 ms - 0[0m
2023-05-05 00:38:21 info: [0mPUT /services/update/4 [32m200[0m 129.040 ms - -[0m
2023-05-05 00:38:21 info: [0mGET /services/nav [36m304[0m 47.008 ms - -[0m
2023-05-05 00:38:26 info: [0mGET /services/nav [36m304[0m 102.579 ms - -[0m
2023-05-05 00:38:26 info: [0mGET /services/show/4 [32m200[0m 33.423 ms - -[0m
2023-05-05 00:40:36 info: [0mGET /services/show/4 [36m304[0m 95.652 ms - -[0m
2023-05-05 00:40:36 info: [0mGET /services/nav [36m304[0m 82.136 ms - -[0m
2023-05-05 00:40:51 info: [0mGET /services/show/4 [36m304[0m 55.035 ms - -[0m
2023-05-05 00:40:51 info: [0mGET /services/nav [36m304[0m 74.990 ms - -[0m
2023-05-05 00:43:03 info: [0mGET /services/show/4 [36m304[0m 42.928 ms - -[0m
2023-05-05 00:43:03 info: [0mGET /services/nav [36m304[0m 114.913 ms - -[0m
2023-05-05 00:43:06 info: [0mGET /services/nav [36m304[0m 21.506 ms - -[0m
2023-05-05 00:43:06 info: [0mGET /services/show/4 [36m304[0m 18.845 ms - -[0m
2023-05-05 00:43:33 info: [0mGET /services/show/4 [36m304[0m 26.177 ms - -[0m
2023-05-05 00:43:33 info: [0mGET /services/nav [36m304[0m 49.963 ms - -[0m
2023-05-05 00:45:09 info: [0mGET /banners/getListBanner [36m304[0m 51.562 ms - -[0m
2023-05-05 00:45:09 info: [0mGET /services/nav [36m304[0m 60.894 ms - -[0m
2023-05-05 00:45:09 info: [0mGET /posts/getListFeatured [36m304[0m 92.741 ms - -[0m
2023-05-05 00:45:12 info: [0mGET /services/show/4 [36m304[0m 105.177 ms - -[0m
2023-05-05 00:48:25 info: [0mGET /services/nav [36m304[0m 95.204 ms - -[0m
2023-05-05 00:48:25 info: [0mGET /services/show/4 [36m304[0m 38.785 ms - -[0m
2023-05-05 00:49:23 info: [0mOPTIONS /services/update/4 [32m204[0m 0.760 ms - 0[0m
2023-05-05 00:49:23 info: [0mPUT /services/update/4 [32m200[0m 47.267 ms - -[0m
2023-05-05 00:49:23 info: [0mGET /services/nav [36m304[0m 8.324 ms - -[0m
2023-05-05 00:49:27 info: [0mGET /services/nav [36m304[0m 12.366 ms - -[0m
2023-05-05 00:49:27 info: [0mGET /services/show/4 [32m200[0m 8.374 ms - -[0m
2023-05-05 00:50:42 info: [0mOPTIONS /services/update/4 [32m204[0m 0.830 ms - 0[0m
2023-05-05 00:50:42 info: [0mPUT /services/update/4 [32m200[0m 55.306 ms - -[0m
2023-05-05 00:50:42 info: [0mGET /services/nav [36m304[0m 12.310 ms - -[0m
2023-05-05 00:50:45 info: [0mGET /services/nav [36m304[0m 11.280 ms - -[0m
2023-05-05 00:50:45 info: [0mGET /services/show/4 [32m200[0m 5.463 ms - -[0m
2023-05-05 00:52:44 info: [0mGET /services/show/1 [36m304[0m 88.694 ms - -[0m
2023-05-05 00:52:46 info: [0mGET /services/show/4 [36m304[0m 3.131 ms - -[0m
2023-05-05 00:52:48 info: [0mGET /services/show/5 [36m304[0m 3.271 ms - -[0m
2023-05-05 00:52:50 info: [0mGET /services/show/2 [36m304[0m 4.975 ms - -[0m
2023-05-05 00:52:52 info: [0mGET /services/show/7 [36m304[0m 4.044 ms - -[0m
2023-05-05 00:52:55 info: [0mGET /services/show/8 [36m304[0m 3.885 ms - -[0m
2023-05-05 00:52:56 info: [0mGET /services/show/3 [36m304[0m 3.201 ms - -[0m
2023-05-05 00:52:58 info: [0mGET /services/show/10 [36m304[0m 4.226 ms - -[0m
2023-05-05 00:52:59 info: [0mGET /services/show/13 [36m304[0m 4.635 ms - -[0m
2023-05-05 00:53:03 info: [0mGET /services/show/14 [36m304[0m 6.376 ms - -[0m
2023-05-05 00:53:07 info: [0mOPTIONS /admins/profile [32m204[0m 0.212 ms - 0[0m
2023-05-05 00:53:07 info: [0mGET /admins/profile [36m304[0m 216.935 ms - -[0m
2023-05-05 00:53:07 info: [0mGET /banners? [32m200[0m 261.390 ms - 972[0m
2023-05-05 00:53:07 info: [0mGET /banners?page=1&page_size=10 [36m304[0m 57.766 ms - -[0m
2023-05-05 00:54:43 info: [0mGET /ceos/getlistCeo [36m304[0m 32.628 ms - -[0m
2023-05-05 00:54:52 info: [0mGET /branchs/getListBranch [36m304[0m 45.589 ms - -[0m
2023-05-05 00:54:52 info: [0mGET /services/getListService [36m304[0m 42.569 ms - -[0m
2023-05-05 00:54:52 info: [0mGET /projects/getProjectsClient [36m304[0m 42.831 ms - -[0m
2023-05-05 00:54:55 info: [0mGET /jobs/getListFeatured [36m304[0m 28.069 ms - -[0m
2023-05-05 00:54:57 info: [0mGET /categories/post [36m304[0m 17.411 ms - -[0m
2023-05-05 00:54:57 info: [0mGET /posts/getPageAll [36m304[0m 102.579 ms - -[0m
2023-05-05 00:54:57 info: [0mGET /branchs/getListBranch [36m304[0m 21.950 ms - -[0m
2023-05-05 00:54:57 info: [0mGET /services/getListService [36m304[0m 17.345 ms - -[0m
2023-05-05 00:54:57 info: [0mGET /projects/getProjectsClient [36m304[0m 16.366 ms - -[0m
2023-05-05 00:54:59 info: [0mGET /ceos/getlistCeo [36m304[0m 27.002 ms - -[0m
2023-05-05 00:55:00 info: [0mGET /banners/getListBanner [36m304[0m 17.347 ms - -[0m
2023-05-05 00:55:00 info: [0mGET /posts/getListFeatured [36m304[0m 33.829 ms - -[0m
2023-05-05 00:55:00 info: [0mGET /services/nav [36m304[0m 36.985 ms - -[0m
2023-05-05 00:55:47 info: [0mGET /services/show/4 [36m304[0m 57.956 ms - -[0m
2023-05-05 00:56:27 info: [0mGET /banners/getListBanner [36m304[0m 143.592 ms - -[0m
2023-05-05 00:56:27 info: [0mGET /posts/getListFeatured [36m304[0m 130.992 ms - -[0m
2023-05-05 00:56:27 info: [0mGET /services/nav [36m304[0m 136.221 ms - -[0m
2023-05-05 00:57:11 info: [0mGET /services/getListService [36m304[0m 47.402 ms - -[0m
2023-05-05 00:57:11 info: [0mGET /branchs/getListBranch [36m304[0m 68.727 ms - -[0m
2023-05-05 00:57:11 info: [0mGET /projects/getProjectsClient [36m304[0m 55.387 ms - -[0m
2023-05-05 00:57:17 info: [0mGET /projects/getProjectsClient [36m304[0m 5.478 ms - -[0m
2023-05-05 00:57:19 info: [0mGET /categories/post [36m304[0m 6.166 ms - -[0m
2023-05-05 00:57:19 info: [0mGET /posts/getPageAll [36m304[0m 150.166 ms - -[0m
2023-05-05 00:57:22 info: [0mGET /jobs/getListFeatured [36m304[0m 15.766 ms - -[0m
2023-05-05 00:57:23 info: [0mGET /ceos/getlistCeo [36m304[0m 12.916 ms - -[0m
2023-05-05 00:57:25 info: [0mGET /posts/getListFeatured [36m304[0m 14.764 ms - -[0m
2023-05-05 00:57:25 info: [0mGET /banners/getListBanner [36m304[0m 15.827 ms - -[0m
2023-05-05 00:57:25 info: [0mGET /services/nav [36m304[0m 50.581 ms - -[0m
2023-05-05 01:04:52 info: [0mGET /branchs/getListBranch [36m304[0m 268.340 ms - -[0m
2023-05-05 01:04:52 info: [0mGET /services/getListService [36m304[0m 259.785 ms - -[0m
2023-05-05 01:04:52 info: [0mGET /projects/getProjectsClient [36m304[0m 257.446 ms - -[0m
2023-05-05 01:04:53 info: [0mGET /categories/post [36m304[0m 9.180 ms - -[0m
2023-05-05 01:04:53 info: [0mGET /posts/getPageAll [36m304[0m 86.853 ms - -[0m
2023-05-05 01:04:56 info: [0mGET /jobs/getListFeatured [36m304[0m 36.304 ms - -[0m
2023-05-05 01:05:00 info: [0mGET /ceos/getlistCeo [36m304[0m 30.983 ms - -[0m
2023-05-05 01:05:01 info: [0mGET /banners/getListBanner [36m304[0m 15.815 ms - -[0m
2023-05-05 01:05:01 info: [0mGET /services/nav [36m304[0m 19.084 ms - -[0m
2023-05-05 01:05:01 info: [0mGET /posts/getListFeatured [36m304[0m 20.366 ms - -[0m
2023-05-05 01:05:33 info: [0mGET /branchs/getListBranch [36m304[0m 56.623 ms - -[0m
2023-05-05 01:05:33 info: [0mGET /projects/getProjectsClient [36m304[0m 87.095 ms - -[0m
2023-05-05 01:05:33 info: [0mGET /services/getListService [36m304[0m 97.815 ms - -[0m
2023-05-05 01:05:34 info: [0mGET /categories/post [36m304[0m 19.854 ms - -[0m
2023-05-05 01:05:34 info: [0mGET /posts/getPageAll [36m304[0m 56.123 ms - -[0m
2023-05-05 01:05:34 info: [0mGET /jobs/getListFeatured [36m304[0m 17.343 ms - -[0m
2023-05-05 01:05:35 info: [0mGET /ceos/getlistCeo [36m304[0m 7.965 ms - -[0m
2023-05-05 01:05:36 info: [0mGET /posts/getListFeatured [36m304[0m 8.951 ms - -[0m
2023-05-05 01:05:36 info: [0mGET /banners/getListBanner [36m304[0m 12.390 ms - -[0m
2023-05-05 01:05:36 info: [0mGET /services/nav [36m304[0m 16.407 ms - -[0m
2023-05-05 01:08:32 info: [0mOPTIONS /admins/profile [32m204[0m 1.643 ms - 0[0m
2023-05-05 01:08:32 info: [0mGET /services/nav [32m200[0m 74.006 ms - 762[0m
2023-05-05 01:08:32 info: [0mGET /admins/profile [36m304[0m 63.600 ms - -[0m
2023-05-05 01:08:32 info: [0mGET /services/show/1 [36m304[0m 8.811 ms - -[0m
2023-05-05 01:09:55 info: [0mOPTIONS /admins/profile [32m204[0m 0.628 ms - 0[0m
2023-05-05 01:09:55 info: [0mGET /services/nav [32m200[0m 90.800 ms - 901[0m
2023-05-05 01:09:56 info: [0mGET /admins/profile [36m304[0m 206.921 ms - -[0m
2023-05-05 01:10:00 info: [0mGET /services/show/1 [36m304[0m 62.451 ms - -[0m
2023-05-05 01:10:10 info: [0mOPTIONS /services/update/1 [32m204[0m 0.308 ms - 0[0m
2023-05-05 01:10:10 info: [0mPUT /services/update/1 [32m200[0m 67.764 ms - -[0m
2023-05-05 01:10:10 info: [0mGET /services/nav [36m304[0m 10.131 ms - -[0m
2023-05-05 01:10:12 info: [0mOPTIONS /admins/profile [32m204[0m 0.274 ms - 0[0m
2023-05-05 01:10:13 info: [0mGET /services/nav [36m304[0m 11.424 ms - -[0m
2023-05-05 01:10:13 info: [0mGET /admins/profile [36m304[0m 18.064 ms - -[0m
2023-05-05 01:10:14 info: [0mGET /services/show/1 [32m200[0m 10.974 ms - -[0m
2023-05-05 01:10:18 info: [0mGET /services/show/4 [36m304[0m 14.436 ms - -[0m
2023-05-05 01:10:39 info: [0mOPTIONS /services/update/4 [32m204[0m 2.291 ms - 0[0m
2023-05-05 01:11:00 info: [0mOPTIONS /admins/profile [32m204[0m 0.648 ms - 0[0m
2023-05-05 01:11:32 info: =================================
2023-05-05 01:11:32 info: ======= ENV: development =======
2023-05-05 01:11:32 info: 🚀 App listening on the port 8000
2023-05-05 01:11:32 info: =================================
2023-05-05 01:11:48 info: [0mOPTIONS /admins/profile [32m204[0m 4.207 ms - 0[0m
2023-05-05 01:11:48 info: [0mGET /branchs?page=1&page_size=10 [36m304[0m 40.557 ms - -[0m
2023-05-05 01:11:48 info: [0mGET /branchs? [32m200[0m 273.369 ms - 255[0m
2023-05-05 01:11:48 info: [0mGET /admins/profile [36m304[0m 188.011 ms - -[0m
2023-05-05 01:11:49 info: [0mGET /admins/profile [36m304[0m 54.063 ms - -[0m
2023-05-05 01:11:49 info: [0mGET /services/nav [36m304[0m 62.869 ms - -[0m
2023-05-05 01:11:51 info: [0mGET /services/show/4 [36m304[0m 8.043 ms - -[0m
2023-05-05 01:11:56 info: [0mOPTIONS /services/update/4 [32m204[0m 0.160 ms - 0[0m
2023-05-05 01:11:56 info: [0mPUT /services/update/4 [32m200[0m 78.371 ms - -[0m
2023-05-05 01:11:56 info: [0mGET /services/nav [36m304[0m 38.365 ms - -[0m
2023-05-05 01:12:24 info: [0mGET /services/show/1 [36m304[0m 34.078 ms - -[0m
2023-05-05 01:12:24 info: [0mGET /services/show/4 [32m200[0m 4.954 ms - -[0m
2023-05-05 01:12:25 info: [0mGET /services/show/5 [36m304[0m 6.070 ms - -[0m
2023-05-05 01:12:25 info: [0mGET /services/show/2 [36m304[0m 5.062 ms - -[0m
2023-05-05 01:12:26 info: [0mGET /services/show/3 [36m304[0m 4.226 ms - -[0m
2023-05-05 01:12:26 info: [0mGET /services/show/2 [36m304[0m 4.064 ms - -[0m
2023-05-05 01:12:27 info: [0mGET /services/show/5 [36m304[0m 5.053 ms - -[0m
2023-05-05 01:12:27 info: [0mGET /services/show/4 [36m304[0m 4.740 ms - -[0m
2023-05-05 01:12:28 info: [0mGET /services/show/1 [36m304[0m 4.983 ms - -[0m
2023-05-05 01:12:29 info: [0mGET /services/show/4 [36m304[0m 3.556 ms - -[0m
2023-05-05 01:12:29 info: [0mGET /services/show/5 [36m304[0m 4.385 ms - -[0m
2023-05-05 01:12:30 info: [0mGET /services/show/2 [36m304[0m 3.878 ms - -[0m
2023-05-05 01:12:30 info: [0mGET /services/show/3 [36m304[0m 5.837 ms - -[0m
2023-05-05 01:13:39 info: [0mGET /branchs/getListBranch [36m304[0m 95.693 ms - -[0m
2023-05-05 01:13:39 info: [0mGET /services/getListService [36m304[0m 94.483 ms - -[0m
2023-05-05 01:13:39 info: [0mGET /projects/getProjectsClient [36m304[0m 90.621 ms - -[0m
2023-05-05 01:13:41 info: [0mGET /projects/getProjectsClient?service_id=1 [36m304[0m 10.687 ms - -[0m
2023-05-05 01:13:41 info: [0mGET /projects/getProjectsClient?service_id=2 [36m304[0m 9.272 ms - -[0m
2023-05-05 01:13:42 info: [0mGET /projects/getProjectsClient?service_id=3 [36m304[0m 18.897 ms - -[0m
2023-05-05 01:13:43 info: [0mGET /categories/post [36m304[0m 35.916 ms - -[0m
2023-05-05 01:13:43 info: [0mGET /posts/getPageAll [36m304[0m 94.912 ms - -[0m
2023-05-05 01:13:45 info: [0mGET /jobs/getListFeatured [36m304[0m 36.157 ms - -[0m
2023-05-05 01:13:46 info: [0mGET /ceos/getlistCeo [36m304[0m 51.897 ms - -[0m
2023-05-05 01:13:47 info: [0mGET /banners/getListBanner [36m304[0m 50.689 ms - -[0m
2023-05-05 01:13:47 info: [0mGET /posts/getListFeatured [36m304[0m 74.709 ms - -[0m
2023-05-05 01:13:47 info: [0mGET /services/nav [36m304[0m 73.382 ms - -[0m
2023-05-05 01:14:49 info: [0mGET /services/show/5 [36m304[0m 185.532 ms - -[0m
2023-05-05 01:14:55 info: [0mGET /services/show/10 [36m304[0m 8.870 ms - -[0m
2023-05-05 01:14:58 info: [0mGET /services/show/13 [36m304[0m 8.173 ms - -[0m
2023-05-05 01:15:02 info: [0mGET /services/nav [36m304[0m 14.077 ms - -[0m
2023-05-05 01:15:03 info: [0mGET /services/show/8 [36m304[0m 14.958 ms - -[0m
2023-05-05 01:15:07 info: [0mGET /services/show/5 [36m304[0m 12.309 ms - -[0m
2023-05-05 01:15:59 info: [0mGET /services/show/4 [36m304[0m 16.128 ms - -[0m
2023-05-05 01:16:02 info: [0mGET /services/show/5 [36m304[0m 7.616 ms - -[0m
2023-05-05 01:16:07 info: [0mGET /services/show/4 [36m304[0m 27.881 ms - -[0m
2023-05-05 01:16:08 info: [0mGET /services/show/5 [36m304[0m 8.211 ms - -[0m
2023-05-05 01:17:38 info: [0mGET /services/show/8 [36m304[0m 64.095 ms - -[0m
2023-05-05 01:17:43 info: [0mGET /services/show/8 [36m304[0m 10.073 ms - -[0m
2023-05-05 01:18:00 info: [0mOPTIONS /services/update/8 [32m204[0m 0.819 ms - 0[0m
2023-05-05 01:18:00 info: [0mPUT /services/update/8 [32m200[0m 87.935 ms - -[0m
2023-05-05 01:18:00 info: [0mGET /services/nav [36m304[0m 15.753 ms - -[0m
2023-05-05 01:18:05 info: [0mGET /services/nav [36m304[0m 20.915 ms - -[0m
2023-05-05 01:18:05 info: [0mGET /services/show/8 [32m200[0m 5.286 ms - -[0m
2023-05-05 01:22:08 info: [0mOPTIONS /services/update/8 [32m204[0m 1.166 ms - 0[0m
2023-05-05 01:22:08 info: [0mPUT /services/update/8 [32m200[0m 116.957 ms - -[0m
2023-05-05 01:22:08 info: [0mGET /services/nav [36m304[0m 13.927 ms - -[0m
2023-05-05 01:22:12 info: [0mGET /services/nav [36m304[0m 13.966 ms - -[0m
2023-05-05 01:22:12 info: [0mGET /services/show/8 [32m200[0m 25.014 ms - -[0m
2023-05-05 01:25:05 info: [0mGET /services/show/8 [36m304[0m 98.796 ms - -[0m
2023-05-05 01:25:05 info: [0mGET /services/nav [36m304[0m 104.851 ms - -[0m
2023-05-05 01:25:08 info: [0mGET /services/show/8 [36m304[0m 45.310 ms - -[0m
2023-05-05 01:25:08 info: [0mGET /services/nav [36m304[0m 61.642 ms - -[0m
2023-05-05 01:25:23 info: [0mGET /services/show/8 [36m304[0m 90.279 ms - -[0m
2023-05-05 01:25:23 info: [0mGET /services/nav [36m304[0m 229.580 ms - -[0m
2023-05-05 01:25:56 info: [0mOPTIONS /services/update/8 [32m204[0m 0.567 ms - 0[0m
2023-05-05 01:25:56 info: [0mPUT /services/update/8 [32m200[0m 91.711 ms - -[0m
2023-05-05 01:25:56 info: [0mGET /services/nav [36m304[0m 8.492 ms - -[0m
2023-05-05 01:26:00 info: [0mGET /services/nav [36m304[0m 11.845 ms - -[0m
2023-05-05 01:26:00 info: [0mGET /services/show/8 [32m200[0m 4.670 ms - -[0m
2023-05-05 01:26:28 info: [0mOPTIONS /services/update/8 [32m204[0m 0.745 ms - 0[0m
2023-05-05 01:26:28 info: [0mPUT /services/update/8 [32m200[0m 54.831 ms - -[0m
2023-05-05 01:26:28 info: [0mGET /services/nav [36m304[0m 9.542 ms - -[0m
2023-05-05 01:26:31 info: [0mGET /services/nav [36m304[0m 6.476 ms - -[0m
2023-05-05 01:26:31 info: [0mGET /services/show/8 [32m200[0m 6.780 ms - -[0m
2023-05-05 01:28:12 info: =================================
2023-05-05 01:28:12 info: ======= ENV: development =======
2023-05-05 01:28:12 info: 🚀 App listening on the port 8000
2023-05-05 01:28:12 info: =================================
2023-05-05 01:28:38 info: =================================
2023-05-05 01:28:38 info: ======= ENV: development =======
2023-05-05 01:28:38 info: 🚀 App listening on the port 8000
2023-05-05 01:28:38 info: =================================
2023-05-05 01:29:07 info: =================================
2023-05-05 01:29:07 info: ======= ENV: development =======
2023-05-05 01:29:07 info: 🚀 App listening on the port 8000
2023-05-05 01:29:07 info: =================================
2023-05-05 01:29:08 info: [0mGET /services/show/5 [36m304[0m 134.859 ms - -[0m
2023-05-05 01:29:17 info: [0mGET /services/show/8 [36m304[0m 23.582 ms - -[0m
2023-05-05 01:29:24 info: [0mGET /branchs/getListBranch [36m304[0m 61.513 ms - -[0m
2023-05-05 01:29:24 info: [0mGET /services/getListService [36m304[0m 65.744 ms - -[0m
2023-05-05 01:29:24 info: [0mGET /projects/getProjectsClient [36m304[0m 72.574 ms - -[0m
2023-05-05 01:29:26 info: [0mGET /categories/post [36m304[0m 43.937 ms - -[0m
2023-05-05 01:29:26 info: [0mGET /posts/getPageAll [36m304[0m 132.303 ms - -[0m
2023-05-05 01:29:27 info: [0mGET /jobs/getListFeatured [36m304[0m 11.265 ms - -[0m
2023-05-05 01:29:28 info: [0mGET /ceos/getlistCeo [36m304[0m 91.343 ms - -[0m
2023-05-05 01:29:29 info: [0mGET /banners/getListBanner [36m304[0m 24.405 ms - -[0m
2023-05-05 01:29:29 info: [0mGET /posts/getListFeatured [36m304[0m 21.605 ms - -[0m
2023-05-05 01:29:29 info: [0mGET /services/nav [36m304[0m 25.754 ms - -[0m
2023-05-05 01:29:43 info: [0mGET /services/show/1 [32m200[0m 23.792 ms - 897[0m
2023-05-05 01:30:09 info: =================================
2023-05-05 01:30:09 info: ======= ENV: development =======
2023-05-05 01:30:09 info: 🚀 App listening on the port 8000
2023-05-05 01:30:09 info: =================================
2023-05-05 01:30:09 info: [0mGET /services/show/1 [32m200[0m 78.141 ms - 915[0m
2023-05-05 01:31:11 info: [0mGET /services/nav [36m304[0m 133.967 ms - -[0m
2023-05-05 01:31:14 info: [0mGET /services/show/13 [32m200[0m 22.176 ms - 332[0m
2023-05-05 01:31:17 info: [0mGET /services/show/5 [32m200[0m 11.068 ms - 552[0m
2023-05-05 01:31:20 info: [0mGET /services/show/8 [32m200[0m 24.120 ms - -[0m
2023-05-05 01:31:49 info: =================================
2023-05-05 01:31:49 info: ======= ENV: development =======
2023-05-05 01:31:49 info: 🚀 App listening on the port 8000
2023-05-05 01:31:49 info: =================================
2023-05-05 01:31:50 info: [0mGET /services/nav [36m304[0m 154.013 ms - -[0m
2023-05-05 01:31:50 info: [0mGET /services/show/8 [32m200[0m 26.447 ms - -[0m
2023-05-05 01:32:07 info: =================================
2023-05-05 01:32:07 info: ======= ENV: development =======
2023-05-05 01:32:07 info: 🚀 App listening on the port 8000
2023-05-05 01:32:07 info: =================================
2023-05-05 01:33:34 info: [0mGET /services/nav [36m304[0m 321.478 ms - -[0m
2023-05-05 01:33:34 info: [0mGET /services/show/8 [32m200[0m 130.767 ms - -[0m
2023-05-05 01:34:25 info: [0mGET /services/nav [36m304[0m 218.054 ms - -[0m
2023-05-05 01:34:25 info: [0mGET /services/show/8 [36m304[0m 34.935 ms - -[0m
2023-05-05 01:34:55 info: [0mGET /services/show/10 [32m200[0m 49.995 ms - 427[0m
2023-05-05 01:38:36 info: [0mGET /services/show/7 [32m200[0m 67.110 ms - 383[0m
2023-05-05 01:38:36 info: [0mGET /services/show/2 [32m200[0m 5.349 ms - 476[0m
2023-05-05 01:38:37 info: [0mGET /services/show/5 [32m200[0m 13.987 ms - 552[0m
2023-05-05 01:38:37 info: [0mGET /services/show/4 [32m200[0m 9.791 ms - -[0m
2023-05-05 01:38:37 info: [0mGET /services/show/1 [32m200[0m 6.202 ms - -[0m
2023-05-05 01:39:28 info: [0mOPTIONS /admins/profile [32m204[0m 1.037 ms - 0[0m
2023-05-05 01:39:28 info: [0mGET /services/nav [36m304[0m 217.142 ms - -[0m
2023-05-05 01:39:28 info: [0mGET /admins/profile [36m304[0m 346.389 ms - -[0m
2023-05-05 01:40:43 info: [0mOPTIONS /admins/profile [32m204[0m 5.663 ms - 0[0m
2023-05-05 01:40:44 info: [0mGET /admins/profile [36m304[0m 64.174 ms - -[0m
2023-05-05 01:40:44 info: [0mGET /banners? [36m304[0m 164.906 ms - -[0m
2023-05-05 01:40:44 info: [0mGET /banners?page=1&page_size=10 [36m304[0m 70.315 ms - -[0m
2023-05-05 01:40:46 info: [0mGET /banners/show/1 [32m200[0m 9.949 ms - 468[0m
2023-05-05 01:40:46 info: [0mGET /admins/profile [36m304[0m 36.118 ms - -[0m
2023-05-05 01:41:28 info: [0mOPTIONS /admins/profile [32m204[0m 3.935 ms - 0[0m
2023-05-05 01:41:28 info: [0mGET /banners/show/1 [36m304[0m 80.969 ms - -[0m
2023-05-05 01:41:28 info: [0mGET /services/nav [36m304[0m 48.397 ms - -[0m
2023-05-05 01:41:28 info: [0mGET /admins/profile [36m304[0m 68.514 ms - -[0m
2023-05-05 01:41:29 info: [0mGET /services/show/1 [36m304[0m 6.959 ms - -[0m
2023-05-05 01:41:44 info: [0mGET /services/show/1 [36m304[0m 74.112 ms - -[0m
2023-05-05 01:41:44 info: [0mGET /services/nav [36m304[0m 70.237 ms - -[0m
2023-05-05 01:41:57 info: [0mGET /services/show/1 [36m304[0m 85.979 ms - -[0m
2023-05-05 01:41:57 info: [0mGET /services/nav [36m304[0m 83.278 ms - -[0m
2023-05-05 01:42:32 info: [0mGET /services/show/1 [36m304[0m 58.458 ms - -[0m
2023-05-05 01:42:32 info: [0mGET /services/nav [36m304[0m 55.905 ms - -[0m
2023-05-05 01:42:43 info: [0mGET /services/show/1 [36m304[0m 61.274 ms - -[0m
2023-05-05 01:42:43 info: [0mGET /services/nav [36m304[0m 59.667 ms - -[0m
2023-05-05 01:42:50 info: [0mGET /services/show/1 [36m304[0m 36.842 ms - -[0m
2023-05-05 01:42:50 info: [0mGET /services/nav [36m304[0m 43.145 ms - -[0m
2023-05-05 01:44:15 info: =================================
2023-05-05 01:44:15 info: ======= ENV: development =======
2023-05-05 01:44:15 info: 🚀 App listening on the port 8000
2023-05-05 01:44:15 info: =================================
2023-05-05 01:44:18 info: [0mOPTIONS /services/update/1 [32m204[0m 3.876 ms - 0[0m
2023-05-05 01:44:18 info: [0mPUT /services/update/1 [32m200[0m 227.988 ms - -[0m
2023-05-05 01:44:18 info: [0mGET /services/nav [36m304[0m 57.414 ms - -[0m
2023-05-05 01:44:24 info: [0mOPTIONS /services/update/1 [32m204[0m 0.171 ms - 0[0m
2023-05-05 01:44:24 info: [0mPUT /services/update/1 [32m200[0m 55.992 ms - -[0m
2023-05-05 01:44:24 info: [0mGET /services/nav [36m304[0m 14.911 ms - -[0m
2023-05-05 01:44:29 info: [0mPUT /services/update/1 [32m200[0m 24.464 ms - -[0m
2023-05-05 01:44:29 info: [0mGET /services/nav [36m304[0m 13.447 ms - -[0m
2023-05-05 01:44:31 info: [0mGET /services/show/4 [36m304[0m 12.478 ms - -[0m
2023-05-05 01:44:33 info: [0mOPTIONS /services/update/4 [32m204[0m 0.341 ms - 0[0m
2023-05-05 01:44:33 info: [0mPUT /services/update/4 [32m200[0m 25.157 ms - -[0m
2023-05-05 01:44:33 info: [0mGET /services/nav [36m304[0m 20.961 ms - -[0m
2023-05-05 01:44:37 info: [0mGET /services/show/8 [36m304[0m 3.749 ms - -[0m
2023-05-05 01:44:39 info: [0mOPTIONS /services/update/8 [32m204[0m 0.124 ms - 0[0m
2023-05-05 01:44:39 info: [0mPUT /services/update/8 [32m200[0m 19.057 ms - -[0m
2023-05-05 01:44:39 info: [0mGET /services/nav [36m304[0m 9.342 ms - -[0m
2023-05-05 01:44:44 info: [0mGET /services/show/3 [32m200[0m 12.423 ms - 599[0m
2023-05-05 01:44:46 info: [0mGET /services/show/10 [36m304[0m 5.524 ms - -[0m
2023-05-05 01:44:54 info: [0mGET /services/show/3 [36m304[0m 4.025 ms - -[0m
2023-05-05 01:44:56 info: [0mGET /services/show/10 [36m304[0m 16.167 ms - -[0m
2023-05-05 01:44:57 info: [0mGET /services/show/13 [32m200[0m 3.975 ms - 332[0m
2023-05-05 01:44:58 info: [0mGET /services/show/7 [36m304[0m 4.621 ms - -[0m
2023-05-05 01:45:00 info: [0mGET /services/show/8 [32m200[0m 4.368 ms - -[0m
2023-05-05 01:45:01 info: [0mGET /services/show/7 [36m304[0m 4.521 ms - -[0m
2023-05-05 01:45:02 info: [0mGET /services/show/2 [36m304[0m 3.617 ms - -[0m
2023-05-05 01:45:03 info: [0mGET /services/show/5 [36m304[0m 5.970 ms - -[0m
2023-05-05 01:45:03 info: [0mGET /services/show/4 [32m200[0m 5.188 ms - -[0m
2023-05-05 01:45:04 info: [0mGET /services/show/1 [36m304[0m 4.338 ms - -[0m
2023-05-05 01:45:04 info: [0mGET /services/show/2 [36m304[0m 5.248 ms - -[0m
2023-05-05 01:45:05 info: [0mGET /services/show/7 [36m304[0m 4.024 ms - -[0m
2023-05-05 01:45:05 info: [0mGET /services/show/3 [36m304[0m 3.644 ms - -[0m
2023-05-05 01:45:06 info: [0mGET /services/show/10 [36m304[0m 13.906 ms - -[0m
2023-05-05 01:45:06 info: [0mGET /services/show/13 [36m304[0m 3.796 ms - -[0m
2023-05-05 01:45:07 info: [0mGET /services/show/14 [32m200[0m 3.128 ms - 332[0m
2023-05-05 01:45:10 info: [0mGET /services/show/10 [36m304[0m 2.864 ms - -[0m
2023-05-05 01:45:12 info: [0mOPTIONS /services/update/10 [32m204[0m 0.204 ms - 0[0m
2023-05-05 01:45:12 info: [0mPUT /services/update/10 [32m200[0m 30.140 ms - 427[0m
2023-05-05 01:45:12 info: [0mGET /services/nav [36m304[0m 10.486 ms - -[0m
2023-05-05 01:45:26 info: [0mGET /services/show/8 [36m304[0m 29.221 ms - -[0m
2023-05-05 01:45:31 info: [0mGET /services/show/4 [36m304[0m 35.704 ms - -[0m
2023-05-05 01:45:35 info: [0mGET /banners/getListBanner [36m304[0m 107.804 ms - -[0m
2023-05-05 01:45:36 info: [0mGET /services/nav [36m304[0m 273.382 ms - -[0m
2023-05-05 01:45:36 info: [0mGET /posts/getListFeatured [36m304[0m 293.086 ms - -[0m
2023-05-05 01:45:59 info: [0mGET /ceos/getlistCeo [36m304[0m 91.979 ms - -[0m
2023-05-05 01:46:03 info: [0mGET /services/show/5 [36m304[0m 41.962 ms - -[0m
2023-05-05 01:47:04 info: [0mGET /services/show/5 [36m304[0m 37.845 ms - -[0m
2023-05-05 01:47:51 info: [0mGET /services/show/5 [36m304[0m 19.137 ms - -[0m
2023-05-05 01:48:06 info: [0mGET /services/show/5 [36m304[0m 57.795 ms - -[0m
2023-05-05 01:48:12 info: [0mGET /services/show/5 [36m304[0m 29.123 ms - -[0m
2023-05-05 01:48:18 info: [0mGET /services/show/5 [36m304[0m 145.007 ms - -[0m
2023-05-05 01:49:11 info: [0mGET /services/show/5 [36m304[0m 46.971 ms - -[0m
2023-05-05 01:49:14 info: [0mGET /services/show/8 [36m304[0m 10.994 ms - -[0m
2023-05-05 01:49:32 info: [0mGET /services/show/8 [36m304[0m 57.613 ms - -[0m
2023-05-05 01:49:34 info: [0mGET /services/show/10 [36m304[0m 13.351 ms - -[0m
2023-05-05 01:49:51 info: [0mGET /services/show/10 [36m304[0m 69.574 ms - -[0m
2023-05-05 01:49:58 info: [0mGET /banners/getListBanner [36m304[0m 48.166 ms - -[0m
2023-05-05 01:49:58 info: [0mGET /posts/getListFeatured [36m304[0m 46.906 ms - -[0m
2023-05-05 01:49:58 info: [0mGET /services/nav [36m304[0m 29.827 ms - -[0m
2023-05-05 01:50:06 info: [0mGET /ceos/getlistCeo [36m304[0m 35.507 ms - -[0m
2023-05-05 01:50:06 info: [0mGET /branchs/getListBranch [36m304[0m 40.097 ms - -[0m
2023-05-05 01:50:07 info: [0mGET /services/getListService [36m304[0m 71.820 ms - -[0m
2023-05-05 01:50:07 info: [0mGET /projects/getProjectsClient [36m304[0m 94.740 ms - -[0m
2023-05-05 01:50:08 info: [0mGET /jobs/getListFeatured [36m304[0m 31.303 ms - -[0m
2023-05-05 01:50:08 info: [0mGET /categories/post [36m304[0m 14.499 ms - -[0m
2023-05-05 01:50:08 info: [0mGET /posts/getPageAll [36m304[0m 80.381 ms - -[0m
2023-05-05 01:50:09 info: [0mGET /branchs/getListBranch [36m304[0m 11.682 ms - -[0m
2023-05-05 01:50:09 info: [0mGET /services/getListService [36m304[0m 18.559 ms - -[0m
2023-05-05 01:50:09 info: [0mGET /projects/getProjectsClient [36m304[0m 18.576 ms - -[0m
2023-05-05 01:50:12 info: [0mGET /services/nav [36m304[0m 46.661 ms - -[0m
2023-05-05 01:50:13 info: [0mGET /ceos/getlistCeo [36m304[0m 63.826 ms - -[0m
2023-05-05 01:50:14 info: [0mGET /categories/post [36m304[0m 18.249 ms - -[0m
2023-05-05 01:50:15 info: [0mGET /posts/getPageAll [36m304[0m 106.816 ms - -[0m
2023-05-05 01:50:15 info: [0mGET /jobs/getListFeatured [36m304[0m 18.052 ms - -[0m
2023-05-05 01:50:16 info: [0mGET /banners/getListBanner [36m304[0m 23.676 ms - -[0m
2023-05-05 01:50:16 info: [0mGET /posts/getListFeatured [36m304[0m 35.823 ms - -[0m
2023-05-05 01:50:16 info: [0mGET /services/nav [36m304[0m 37.545 ms - -[0m
2023-05-05 09:19:39 info: =================================
2023-05-05 09:19:39 info: ======= ENV: development =======
2023-05-05 09:19:39 info: 🚀 App listening on the port 8000
2023-05-05 09:19:39 info: =================================
2023-05-05 09:19:44 info: [0mGET /banners/getListBanner [36m304[0m 228.578 ms - -[0m
2023-05-05 09:19:44 info: [0mGET /posts/getListFeatured [36m304[0m 237.926 ms - -[0m
2023-05-05 09:19:44 info: [0mGET /services/nav [36m304[0m 340.643 ms - -[0m
2023-05-05 09:19:44 info: [0mGET /services/nav [36m304[0m 139.017 ms - -[0m
2023-05-05 09:20:37 info: [0mGET /branchs/getListBranch [36m304[0m 44.576 ms - -[0m
2023-05-05 09:20:37 info: [0mGET /services/getListService [36m304[0m 90.077 ms - -[0m
2023-05-05 09:20:37 info: [0mGET /projects/getProjectsClient [36m304[0m 82.219 ms - -[0m
2023-05-05 09:20:41 info: [0mGET /projects/getProjectsClient [36m304[0m 14.035 ms - -[0m
2023-05-05 09:20:42 info: [0mGET /categories/post [36m304[0m 21.592 ms - -[0m
2023-05-05 09:20:42 info: [0mGET /posts/getPageAll [36m304[0m 186.122 ms - -[0m
2023-05-05 09:20:42 info: [0mGET /ceos/getlistCeo [36m304[0m 80.615 ms - -[0m
2023-05-05 09:20:46 info: [0mGET /services/show/10 [36m304[0m 46.600 ms - -[0m
2023-05-05 09:31:02 info: =================================
2023-05-05 09:31:02 info: ======= ENV: development =======
2023-05-05 09:31:02 info: 🚀 App listening on the port 8000
2023-05-05 09:31:02 info: =================================
2023-05-05 09:31:43 info: [0mGET /services/show/10 [36m304[0m 584.161 ms - -[0m
2023-05-05 09:31:43 info: [0mGET /services/nav [36m304[0m 1009.893 ms - -[0m
2023-05-05 09:46:08 info: =================================
2023-05-05 09:46:08 info: ======= ENV: development =======
2023-05-05 09:46:08 info: 🚀 App listening on the port 8000
2023-05-05 09:46:08 info: =================================
2023-05-05 09:46:11 info: [0mGET /ceos/getlistCeo [36m304[0m 236.877 ms - -[0m
2023-05-05 09:46:12 info: [0mGET /branchs/getListBranch [36m304[0m 38.278 ms - -[0m
2023-05-05 09:46:13 info: [0mGET /services/getListService [36m304[0m 131.662 ms - -[0m
2023-05-05 09:46:13 info: [0mGET /projects/getProjectsClient [36m304[0m 131.796 ms - -[0m
2023-05-05 09:46:13 info: [0mGET /categories/post [36m304[0m 13.687 ms - -[0m
2023-05-05 09:46:13 info: [0mGET /posts/getPageAll [36m304[0m 137.998 ms - -[0m
2023-05-05 09:46:17 info: [0mGET /banners/getListBanner [36m304[0m 55.441 ms - -[0m
2023-05-05 09:46:17 info: [0mGET /posts/getListFeatured [36m304[0m 47.563 ms - -[0m
2023-05-05 09:46:17 info: [0mGET /services/nav [36m304[0m 64.096 ms - -[0m
2023-05-05 09:46:20 info: [0mGET /services/nav [36m304[0m 34.583 ms - -[0m
2023-05-05 09:46:20 info: [0mGET /banners/getListBanner [36m304[0m 26.782 ms - -[0m
2023-05-05 09:46:20 info: [0mGET /posts/getListFeatured [36m304[0m 129.512 ms - -[0m
2023-05-05 09:46:20 info: [0mGET /services/nav [36m304[0m 114.411 ms - -[0m
2023-05-05 09:46:24 info: [0mGET /services/nav [36m304[0m 41.689 ms - -[0m
2023-05-05 09:46:26 info: [0mGET /banners/getListBanner [36m304[0m 10.755 ms - -[0m
2023-05-05 09:46:26 info: [0mGET /services/nav [36m304[0m 26.753 ms - -[0m
2023-05-05 09:46:26 info: [0mGET /posts/getListFeatured [36m304[0m 107.459 ms - -[0m
2023-05-05 09:46:26 info: [0mGET /services/nav [36m304[0m 91.984 ms - -[0m
2023-05-05 09:46:28 info: [0mGET /services/show/10 [36m304[0m 72.699 ms - -[0m
2023-05-05 09:46:43 info: [0mGET /services/show/4 [36m304[0m 31.759 ms - -[0m
2023-05-05 09:46:44 info: [0mGET /services/show/5 [36m304[0m 7.144 ms - -[0m
2023-05-05 09:46:46 info: [0mGET /services/show/4 [36m304[0m 8.846 ms - -[0m
2023-05-05 09:46:47 info: [0mGET /services/show/5 [36m304[0m 4.483 ms - -[0m
2023-05-05 09:46:51 info: [0mGET /services/show/4 [36m304[0m 23.952 ms - -[0m
2023-05-05 09:46:52 info: [0mGET /services/show/10 [36m304[0m 8.250 ms - -[0m
2023-05-05 10:19:50 info: [0mGET /categories/post [36m304[0m 213.981 ms - -[0m
2023-05-05 10:19:50 info: [0mGET /posts/getPageAll [36m304[0m 417.313 ms - -[0m
2023-05-05 10:19:55 info: [0mGET /services/show/10 [36m304[0m 45.165 ms - -[0m
2023-05-05 10:29:34 info: [0mOPTIONS /admins/login [32m204[0m 5.166 ms - 0[0m
2023-05-05 10:29:34 info: [0mPOST /admins/login [32m200[0m 434.513 ms - 744[0m
2023-05-05 10:29:36 info: [0mOPTIONS /admins/profile [32m204[0m 8.682 ms - 0[0m
2023-05-05 10:29:36 info: [0mGET /admins/profile [36m304[0m 188.440 ms - -[0m
2023-05-05 10:29:40 info: [0mGET /services/nav [36m304[0m 93.524 ms - -[0m
2023-05-05 10:29:40 info: [0mGET /admins/profile [36m304[0m 114.047 ms - -[0m
2023-05-05 10:29:41 info: [0mOPTIONS /admins/profile [32m204[0m 0.230 ms - 0[0m
2023-05-05 10:29:41 info: [0mGET /admins/profile [36m304[0m 84.109 ms - -[0m
2023-05-05 10:29:41 info: [0mGET /branchs? [32m200[0m 150.954 ms - 266[0m
2023-05-05 10:29:41 info: [0mGET /branchs?page=1&page_size=10 [36m304[0m 49.947 ms - -[0m
2023-05-05 10:29:42 info: [0mGET /admins/profile [36m304[0m 48.906 ms - -[0m
2023-05-05 10:29:42 info: [0mGET /services/nav [36m304[0m 64.940 ms - -[0m
2023-05-05 10:29:43 info: [0mGET /services/show/1 [36m304[0m 14.729 ms - -[0m
2023-05-05 10:29:44 info: [0mGET /services/show/4 [36m304[0m 4.403 ms - -[0m
2023-05-05 10:29:45 info: [0mGET /services/show/5 [36m304[0m 8.421 ms - -[0m
2023-05-05 10:29:45 info: [0mGET /services/show/2 [36m304[0m 3.917 ms - -[0m
2023-05-05 10:29:46 info: [0mGET /services/show/4 [36m304[0m 3.944 ms - -[0m
2023-05-05 10:29:47 info: [0mGET /services/show/1 [36m304[0m 6.388 ms - -[0m
2023-05-05 10:29:47 info: [0mGET /services/show/4 [36m304[0m 3.772 ms - -[0m
2023-05-05 10:29:48 info: [0mGET /services/show/5 [36m304[0m 3.990 ms - -[0m
2023-05-05 10:29:48 info: [0mGET /services/show/2 [36m304[0m 4.489 ms - -[0m
2023-05-05 10:29:49 info: [0mGET /services/show/3 [36m304[0m 4.913 ms - -[0m
2023-05-05 10:29:50 info: [0mGET /services/show/2 [36m304[0m 3.620 ms - -[0m
2023-05-05 10:29:52 info: [0mGET /services/show/4 [36m304[0m 3.477 ms - -[0m
2023-05-05 10:29:53 info: [0mGET /services/show/3 [36m304[0m 3.727 ms - -[0m
2023-05-05 10:29:54 info: [0mGET /services/show/10 [36m304[0m 6.271 ms - -[0m
2023-05-05 10:29:54 info: [0mGET /services/show/13 [36m304[0m 3.966 ms - -[0m
2023-05-05 10:29:54 info: [0mGET /services/show/14 [36m304[0m 3.224 ms - -[0m
2023-05-05 10:36:57 info: [0mGET /services/show/4 [36m304[0m 88.534 ms - -[0m
2023-05-05 10:36:59 info: [0mGET /services/show/10 [36m304[0m 10.449 ms - -[0m
2023-05-05 10:38:50 info: [0mGET /services/nav [36m304[0m 347.752 ms - -[0m
2023-05-05 10:38:50 info: [0mGET /posts/getListFeatured [36m304[0m 371.680 ms - -[0m
2023-05-05 10:38:50 info: [0mGET /banners/getListBanner [36m304[0m 342.354 ms - -[0m
2023-05-05 10:38:57 info: [0mGET /jobs/getListFeatured [36m304[0m 312.409 ms - -[0m
