2023-05-08 01:50:03 info: =================================
2023-05-08 01:50:03 info: ======= ENV: development =======
2023-05-08 01:50:03 info: 🚀 App listening on the port 8000
2023-05-08 01:50:03 info: =================================
2023-05-08 01:50:22 info: [0mGET / [33m404[0m 5.653 ms - 139[0m
2023-05-08 01:50:40 info: [0mGET / [33m404[0m 18.111 ms - 139[0m
2023-05-08 01:51:47 info: [0mGET /posts [32m200[0m 366.970 ms - 580[0m
2023-05-08 01:51:50 info: [0mGET /posts [36m304[0m 15.816 ms - -[0m
2023-05-08 02:53:42 info: [0mGET /branchs/getListBranch [36m304[0m 149.481 ms - -[0m
2023-05-08 02:53:42 info: [0mGET /projects/getProjectsClient [36m304[0m 196.022 ms - -[0m
2023-05-08 02:53:43 info: [0mGET /services/getListService [36m304[0m 320.291 ms - -[0m
2023-05-08 02:53:43 info: [0mGET /categories/getListCategories [36m304[0m 249.501 ms - -[0m
2023-05-08 02:53:43 info: [0mGET /jobs/getListFeatured [36m304[0m 123.014 ms - -[0m
2023-05-08 02:53:43 info: [0mGET /posts/getPageAll [36m304[0m 548.131 ms - -[0m
2023-05-08 17:46:21 info: =================================
2023-05-08 17:46:21 info: ======= ENV: development =======
2023-05-08 17:46:21 info: 🚀 App listening on the port 8000
2023-05-08 17:46:21 info: =================================
2023-05-08 17:46:34 info: [0mGET /banners/getListBanner [36m304[0m 551.472 ms - -[0m
2023-05-08 17:46:34 info: [0mGET /services/nav [36m304[0m 636.833 ms - -[0m
2023-05-08 17:46:34 info: [0mGET /posts/getListFeatured [36m304[0m 600.350 ms - -[0m
2023-05-08 17:46:34 info: [0mGET /services/nav [36m304[0m 109.333 ms - -[0m
2023-05-08 17:46:43 info: [0mOPTIONS /admins/login [32m204[0m 1.537 ms - 0[0m
2023-05-08 17:46:43 info: [0mPOST /admins/login [32m200[0m 48.282 ms - 560[0m
2023-05-08 17:46:44 info: [0mOPTIONS /admins/profile [32m204[0m 0.256 ms - 0[0m
2023-05-08 17:46:44 info: [0mGET /admins/profile [36m304[0m 59.834 ms - -[0m
2023-05-08 17:46:49 info: [0mOPTIONS /admins/profile [32m204[0m 0.845 ms - 0[0m
2023-05-08 17:46:50 info: [0mGET /admins/profile [36m304[0m 105.058 ms - -[0m
2023-05-08 17:46:50 info: [0mGET /jobs? [32m200[0m 179.860 ms - 996[0m
2023-05-08 17:46:50 info: [0mGET /jobs?page=1&page_size=10 [32m200[0m 68.475 ms - 996[0m
2023-05-08 17:46:52 info: [0mGET /admins/profile [36m304[0m 124.910 ms - -[0m
2023-05-08 17:46:52 info: [0mGET /contacts? [36m304[0m 186.907 ms - -[0m
2023-05-08 17:46:52 info: [0mGET /contacts?page=1&page_size=10 [36m304[0m 77.970 ms - -[0m
2023-05-08 17:47:18 info: [0mOPTIONS /admins/profile [32m204[0m 0.779 ms - 0[0m
2023-05-08 17:47:18 info: [0mGET /contacts?page=1&page_size=10 [36m304[0m 108.784 ms - -[0m
2023-05-08 17:47:18 info: [0mGET /contacts? [36m304[0m 177.222 ms - -[0m
2023-05-08 17:47:18 info: [0mGET /admins/profile [36m304[0m 205.325 ms - -[0m
2023-05-08 17:49:11 info: [0mOPTIONS /admins/profile [32m204[0m 1.019 ms - 0[0m
2023-05-08 17:49:11 info: [0mGET /contacts? [36m304[0m 153.264 ms - -[0m
2023-05-08 17:49:11 info: [0mGET /admins/profile [36m304[0m 245.926 ms - -[0m
2023-05-08 17:49:11 info: [0mGET /contacts?page=1&page_size=10 [36m304[0m 74.446 ms - -[0m
2023-05-08 17:50:23 info: [0mGET /contacts?page=1&page_size=10&param=undefined [32m200[0m 28.685 ms - 87[0m
2023-05-08 17:50:30 info: [0mOPTIONS /admins/profile [32m204[0m 7.239 ms - 0[0m
2023-05-08 17:50:31 info: [0mGET /projects?param=undefined [32m200[0m 350.706 ms - 529[0m
2023-05-08 17:50:31 info: [0mGET /projects?page=1&page_size=10&param=undefined [32m200[0m 671.580 ms - 529[0m
2023-05-08 17:50:32 info: [0mGET /admins/profile [36m304[0m 938.024 ms - -[0m
2023-05-08 17:50:34 info: [0mGET /projects?page=1&page_size=10&search=n&param=undefined [32m200[0m 244.768 ms - 529[0m
2023-05-08 17:50:34 info: [0mGET /projects?page=1&page_size=10&search=name&param=undefined [32m200[0m 104.900 ms - 529[0m
2023-05-08 17:50:36 info: [0mGET /projects?page=1&page_size=10&param=undefined [36m304[0m 23.996 ms - -[0m
2023-05-08 17:50:36 info: [0mGET /projects?page=1&page_size=10&search=v&param=undefined [32m200[0m 291.055 ms - 529[0m
2023-05-08 17:50:37 info: [0mGET /projects?page=1&page_size=10&search=vsvs&param=undefined [32m200[0m 97.550 ms - 92[0m
2023-05-08 17:50:37 info: [0mGET /projects?page=1&page_size=10&search=vs&param=undefined [32m200[0m 336.349 ms - 92[0m
2023-05-08 17:50:37 info: [0mGET /projects?page=1&page_size=10&search=vsv&param=undefined [32m200[0m 227.949 ms - 92[0m
2023-05-08 17:50:37 info: [0mGET /projects?page=1&page_size=10&param=undefined [36m304[0m 46.409 ms - -[0m
2023-05-08 17:50:38 info: [0mGET /projects?page=1&page_size=10&search=h&param=undefined [32m200[0m 76.207 ms - 92[0m
2023-05-08 17:50:38 info: [0mGET /projects?page=1&page_size=10&search=haot&param=undefined [32m200[0m 54.526 ms - 92[0m
2023-05-08 17:50:38 info: [0mGET /projects?page=1&page_size=10&search=haot+&param=undefined [32m200[0m 11.999 ms - 92[0m
2023-05-08 17:50:39 info: [0mGET /projects?page=1&page_size=10&param=undefined [36m304[0m 31.173 ms - -[0m
2023-05-08 17:50:39 info: [0mGET /projects?page=1&page_size=10&search=jhoat&param=undefined [32m200[0m 35.433 ms - 92[0m
2023-05-08 17:50:40 info: [0mGET /projects?page=1&page_size=10&param=undefined [36m304[0m 38.548 ms - -[0m
2023-05-08 17:50:40 info: [0mGET /projects?page=1&page_size=10&search=h&param=undefined [36m304[0m 12.494 ms - -[0m
2023-05-08 17:50:40 info: [0mGET /projects?page=1&page_size=10&search=ho&param=undefined [32m200[0m 11.818 ms - 92[0m
2023-05-08 17:50:40 info: [0mGET /projects?page=1&page_size=10&search=hoa&param=undefined [32m200[0m 8.751 ms - 92[0m
2023-05-08 17:50:41 info: [0mGET /projects?page=1&page_size=10&search=hoat&param=undefined [32m200[0m 7.625 ms - 92[0m
2023-05-08 17:50:41 info: [0mGET /projects?page=1&page_size=10&search=hoat+&param=undefined [32m200[0m 12.448 ms - 92[0m
2023-05-08 17:50:41 info: [0mGET /projects?page=1&page_size=10&search=hoat+d&param=undefined [32m200[0m 7.956 ms - 92[0m
2023-05-08 17:50:41 info: [0mGET /projects?page=1&page_size=10&search=hoat+dn&param=undefined [32m200[0m 21.153 ms - 92[0m
2023-05-08 17:50:41 info: [0mGET /projects?page=1&page_size=10&search=hoat+dng&param=undefined [32m200[0m 7.216 ms - 92[0m
2023-05-08 17:50:42 info: [0mGET /projects?page=1&page_size=10&param=undefined [36m304[0m 6.295 ms - -[0m
2023-05-08 17:50:44 info: [0mOPTIONS /admins/profile [32m204[0m 1.421 ms - 0[0m
2023-05-08 17:50:45 info: [0mGET /admins/profile [36m304[0m 101.559 ms - -[0m
2023-05-08 17:50:45 info: [0mGET /jobs?page=1&page_size=10&param=undefined [32m200[0m 64.640 ms - 996[0m
2023-05-08 17:50:45 info: [0mGET /jobs?param=undefined [32m200[0m 120.194 ms - 996[0m
2023-05-08 17:50:46 info: [0mGET /contacts?param=undefined [32m200[0m 18.598 ms - 87[0m
2023-05-08 17:50:46 info: [0mGET /contacts?page=1&page_size=10&param=undefined [36m304[0m 35.344 ms - -[0m
2023-05-08 17:50:46 info: [0mGET /admins/profile [36m304[0m 92.321 ms - -[0m
2023-05-08 17:51:18 info: [0mGET /contacts?page=1&page_size=10&param=undefined [36m304[0m 21.095 ms - -[0m
2023-05-08 17:52:12 info: [0mGET /contacts?page=1&page_size=10&param=type%3D%27recruitments%27 [32m200[0m 105.453 ms - 87[0m
2023-05-08 17:53:24 info: =================================
2023-05-08 17:53:24 info: ======= ENV: development =======
2023-05-08 17:53:24 info: 🚀 App listening on the port 8000
2023-05-08 17:53:24 info: =================================
2023-05-08 17:53:32 info: [0mOPTIONS /admins/profile [32m204[0m 1.627 ms - 0[0m
2023-05-08 17:53:33 info: [0mGET /contacts?page=1&page_size=10&param=type%3D%27recruitments%27 [36m304[0m 196.530 ms - -[0m
2023-05-08 17:53:33 info: [0mGET /admins/profile [36m304[0m 419.146 ms - -[0m
2023-05-08 17:53:33 info: [0mGET /contacts?page=1&page_size=10&param=type%3D%27recruitments%27 [36m304[0m 15.526 ms - -[0m
2023-05-08 17:53:35 info: [0mGET /contacts?param=type%3D%27recruitments%27 [32m200[0m 27.907 ms - 87[0m
2023-05-08 17:53:36 info: [0mGET /contacts?param=undefined [36m304[0m 23.619 ms - -[0m
2023-05-08 17:53:36 info: [0mGET /admins/profile [36m304[0m 112.845 ms - -[0m
2023-05-08 17:53:36 info: [0mGET /contacts?page=1&page_size=10&param=undefined [36m304[0m 12.893 ms - -[0m
2023-05-08 17:53:37 info: [0mGET /contacts?param=type%3D%27recruitments%27 [36m304[0m 14.034 ms - -[0m
2023-05-08 17:53:37 info: [0mGET /admins/profile [36m304[0m 37.676 ms - -[0m
2023-05-08 17:53:37 info: [0mGET /contacts?page=1&page_size=10&param=type%3D%27recruitments%27 [36m304[0m 37.087 ms - -[0m
2023-05-08 17:53:38 info: [0mOPTIONS /admins/profile [32m204[0m 0.187 ms - 0[0m
2023-05-08 17:53:38 info: [0mGET /contacts?param=undefined [36m304[0m 12.097 ms - -[0m
2023-05-08 17:53:38 info: [0mGET /admins/profile [36m304[0m 23.235 ms - -[0m
2023-05-08 17:53:38 info: [0mGET /contacts?page=1&page_size=10&param=undefined [36m304[0m 17.572 ms - -[0m
2023-05-08 17:53:39 info: [0mGET /contacts?param=type%3D%27recruitments%27 [36m304[0m 27.653 ms - -[0m
2023-05-08 17:53:39 info: [0mGET /admins/profile [36m304[0m 95.461 ms - -[0m
2023-05-08 17:53:39 info: [0mGET /contacts?page=1&page_size=10&param=type%3D%27recruitments%27 [36m304[0m 30.671 ms - -[0m
2023-05-08 17:54:04 info: [0mGET /contacts?page=1&page_size=10&param=type%3D%27recruitments%27 [36m304[0m 46.804 ms - -[0m
2023-05-08 17:54:19 info: [0mOPTIONS /admins/profile [32m204[0m 0.756 ms - 0[0m
2023-05-08 17:54:20 info: [0mGET /admins/profile [36m304[0m 378.493 ms - -[0m
2023-05-08 17:54:20 info: [0mGET /contacts?page=1&page_size=10&param=type%3D%27recruitments%27 [36m304[0m 150.391 ms - -[0m
2023-05-08 17:54:20 info: [0mGET /contacts?page=1&page_size=10&param=type%3D%27recruitments%27 [36m304[0m 32.034 ms - -[0m
2023-05-08 17:54:36 info: [0mGET /contacts?0=t&1=y&2=p&3=e&4=%3D&5=%27&6=r&7=e&8=c&9=r&10=u&11=i&12=t&13=m&14=e&15=n&16=t&17=s&18=%27&page=1&page_size=10 [32m200[0m 148.872 ms - 87[0m
2023-05-08 17:54:42 info: [0mOPTIONS /admins/profile [32m204[0m 0.578 ms - 0[0m
2023-05-08 17:54:42 info: [0mGET /admins/profile [36m304[0m 62.944 ms - -[0m
2023-05-08 17:54:43 info: [0mGET /contacts?0=t&1=y&2=p&3=e&4=%3D&5=%27&6=r&7=e&8=c&9=r&10=u&11=i&12=t&13=m&14=e&15=n&16=t&17=s&18=%27&page=1&page_size=10 [36m304[0m 117.845 ms - -[0m
2023-05-08 17:54:43 info: [0mGET /contacts?0=t&1=y&2=p&3=e&4=%3D&5=%27&6=r&7=e&8=c&9=r&10=u&11=i&12=t&13=m&14=e&15=n&16=t&17=s&18=%27&page=1&page_size=10 [36m304[0m 35.629 ms - -[0m
2023-05-08 17:54:47 info: [0mGET /contacts?page=1&page_size=10&param=type%3D%27recruitments%27 [36m304[0m 48.408 ms - -[0m
2023-05-08 17:55:26 info: [0mGET /contacts?page=1&page_size=10&param=%26type%3Drecruitments [32m200[0m 59.786 ms - 87[0m
2023-05-08 17:55:30 info: [0mOPTIONS /admins/profile [32m204[0m 0.745 ms - 0[0m
2023-05-08 17:55:31 info: [0mGET /admins/profile [36m304[0m 304.457 ms - -[0m
2023-05-08 17:55:31 info: [0mGET /contacts?page=1&page_size=10&param=%26type%3Drecruitments [36m304[0m 181.666 ms - -[0m
2023-05-08 17:55:31 info: [0mGET /contacts?page=1&page_size=10&param=%26type%3Drecruitments [36m304[0m 29.764 ms - -[0m
2023-05-08 17:55:46 info: [0mOPTIONS /admins/profile [32m204[0m 7.794 ms - 0[0m
2023-05-08 17:55:47 info: [0mGET /admins/profile [36m304[0m 229.601 ms - -[0m
2023-05-08 17:55:47 info: [0mGET /contacts?page=1&page_size=10&param=%26type%3Drecruitments [36m304[0m 39.235 ms - -[0m
2023-05-08 17:55:47 info: [0mGET /contacts?page=1&page_size=10&param=%26type%3Drecruitments [36m304[0m 37.747 ms - -[0m
2023-05-08 17:56:16 info: [0mOPTIONS /admins/profile [32m204[0m 1.337 ms - 0[0m
2023-05-08 17:56:17 info: [0mGET /contacts?page=1&page_size=10&type=%26type%3Drecruitments [32m200[0m 262.297 ms - 87[0m
2023-05-08 17:56:17 info: [0mGET /admins/profile [36m304[0m 338.030 ms - -[0m
2023-05-08 17:56:17 info: [0mGET /contacts?page=1&page_size=10&type=%26type%3Drecruitments [36m304[0m 97.361 ms - -[0m
2023-05-08 17:56:24 info: [0mGET /contacts?page=1&page_size=10&type=recruitments [32m200[0m 61.916 ms - 87[0m
2023-05-08 17:56:33 info: [0mOPTIONS /admins/profile [32m204[0m 0.702 ms - 0[0m
2023-05-08 17:56:33 info: [0mGET /admins/profile [36m304[0m 279.343 ms - -[0m
2023-05-08 17:56:34 info: [0mGET /contacts?page=1&page_size=10&type=recruitments [36m304[0m 23.274 ms - -[0m
2023-05-08 17:56:34 info: [0mGET /contacts?page=1&page_size=10&type=recruitments [36m304[0m 13.876 ms - -[0m
2023-05-08 17:56:42 info: [0mOPTIONS /admins/profile [32m204[0m 1.303 ms - 0[0m
2023-05-08 17:56:42 info: [0mGET /admins/profile [36m304[0m 128.234 ms - -[0m
2023-05-08 17:56:42 info: [0mGET /contacts?page=1&page_size=10&type=recruitments [36m304[0m 8.760 ms - -[0m
2023-05-08 17:56:42 info: [0mGET /contacts?page=1&page_size=10&type=recruitments [36m304[0m 23.534 ms - -[0m
2023-05-08 17:56:51 info: [0mGET /contacts?0=r&1=e&2=c&3=r&4=u&5=i&6=t&7=m&8=e&9=n&10=t&11=s&page=1&page_size=10 [32m200[0m 46.977 ms - 87[0m
2023-05-08 17:56:56 info: [0mGET /contacts?page=1&page_size=10&type=recruitments [36m304[0m 48.407 ms - -[0m
2023-05-08 17:56:58 info: [0mGET /contacts?page=1&page_size=10&type=recruitments [36m304[0m 50.033 ms - -[0m
2023-05-08 17:57:07 info: [0mGET /contacts?page=1&page_size=10&type=recruitments [36m304[0m 10.947 ms - -[0m
2023-05-08 17:57:42 info: [0mGET /contacts?page=1&page_size=10&type=recruitments [36m304[0m 98.426 ms - -[0m
2023-05-08 17:57:49 info: [0mGET /contacts?page=1&page_size=10&type=recruitments [36m304[0m 21.611 ms - -[0m
2023-05-08 17:57:54 info: [0mOPTIONS /admins/profile [32m204[0m 1.725 ms - 0[0m
2023-05-08 17:57:54 info: [0mGET /admins/profile [36m304[0m 71.615 ms - -[0m
2023-05-08 17:57:55 info: [0mGET /contacts?page=1&page_size=10&type=recruitments [36m304[0m 12.339 ms - -[0m
2023-05-08 17:58:05 info: [0mOPTIONS /admins/profile [32m204[0m 4.687 ms - 0[0m
2023-05-08 17:58:06 info: [0mGET /admins/profile [36m304[0m 158.423 ms - -[0m
2023-05-08 17:58:06 info: [0mGET /contacts?page=1&page_size=10&type=recruitments [36m304[0m 20.197 ms - -[0m
2023-05-08 17:58:14 info: [0mGET /contacts?page=1&page_size=10&type=recruitments [36m304[0m 41.661 ms - -[0m
2023-05-08 17:58:15 info: [0mGET /contacts?page=1&page_size=10&type=recruitments [36m304[0m 14.074 ms - -[0m
2023-05-08 17:58:38 info: [0mOPTIONS /admins/profile [32m204[0m 0.941 ms - 0[0m
2023-05-08 17:58:38 info: [0mGET /admins/profile [36m304[0m 147.486 ms - -[0m
2023-05-08 17:58:38 info: [0mGET /contacts?page=1&page_size=10&type=recruitments [36m304[0m 84.274 ms - -[0m
2023-05-08 17:58:38 info: [0mGET /contacts?page=1&page_size=10&type=recruitments [36m304[0m 35.246 ms - -[0m
2023-05-08 17:59:16 info: [0mGET /contacts?page=1&page_size=10&type=undefined [32m200[0m 34.304 ms - 87[0m
2023-05-08 17:59:37 info: [0mOPTIONS /admins/profile [32m204[0m 1.063 ms - 0[0m
2023-05-08 17:59:37 info: [0mGET /contacts?page=1&page_size=10 [36m304[0m 186.487 ms - -[0m
2023-05-08 17:59:37 info: [0mGET /admins/profile [36m304[0m 186.917 ms - -[0m
2023-05-08 17:59:38 info: [0mGET /contacts?page=1&page_size=10 [36m304[0m 38.760 ms - -[0m
2023-05-08 19:30:48 info: [0mOPTIONS /admins/profile [32m204[0m 2.712 ms - 0[0m
2023-05-08 19:30:50 info: [0mGET /contacts?page=1&page_size=10 [36m304[0m 329.884 ms - -[0m
2023-05-08 19:30:50 info: [0mGET /contacts?page=1&page_size=10 [36m304[0m 89.305 ms - -[0m
2023-05-08 19:30:50 info: [0mGET /admins/profile [36m304[0m 1634.978 ms - -[0m
