2023-04-14 00:07:07 info: [0mOPTIONS /admins/profile [32m204[0m 8.703 ms - 0[0m
2023-04-14 00:07:08 info: [0mGET /projects? [32m200[0m 412.454 ms - 477[0m
2023-04-14 00:07:08 info: [0mGET /projects?page=1&page_size=10 [32m200[0m 203.339 ms - 477[0m
2023-04-14 00:07:08 info: [0mGET /admins/profile [36m304[0m 519.044 ms - -[0m
2023-04-14 00:07:10 info: [0mGET /admins/profile [36m304[0m 116.072 ms - -[0m
2023-04-14 00:07:10 info: [0mGET /posts? [32m200[0m 145.048 ms - 472[0m
2023-04-14 00:07:10 info: [0mGET /posts?page=1&page_size=10 [32m200[0m 48.449 ms - 472[0m
2023-04-14 00:07:12 info: [0mGET /admins/profile [36m304[0m 142.741 ms - -[0m
2023-04-14 00:07:12 info: [0mGET /categories? [32m200[0m 110.617 ms - 372[0m
2023-04-14 00:07:12 info: [0mGET /categories?page=1&page_size=10 [32m200[0m 34.121 ms - 372[0m
2023-04-14 00:07:15 info: [0mOPTIONS /admins/profile [32m204[0m 0.951 ms - 0[0m
2023-04-14 00:07:15 info: [0mGET /admins/profile [36m304[0m 24.348 ms - -[0m
2023-04-14 00:07:17 info: [0mGET /admins/profile [36m304[0m 59.020 ms - -[0m
2023-04-14 00:07:17 info: [0mGET /categories?page=1&page_size=10 [36m304[0m 91.567 ms - -[0m
2023-04-14 00:07:17 info: [0mGET /categories?page=1&page_size=10 [36m304[0m 23.672 ms - -[0m
2023-04-14 00:07:18 info: [0mGET /admins/profile [36m304[0m 45.390 ms - -[0m
2023-04-14 00:07:33 info: [0mOPTIONS /admins/profile [32m204[0m 1.442 ms - 0[0m
2023-04-14 00:07:34 info: [0mGET /categories? [36m304[0m 61.670 ms - -[0m
2023-04-14 00:07:34 info: [0mGET /admins/profile [36m304[0m 104.829 ms - -[0m
2023-04-14 00:07:34 info: [0mGET /categories?page=1&page_size=10 [36m304[0m 9.772 ms - -[0m
2023-04-14 00:07:35 info: [0mGET /admins/profile [36m304[0m 26.854 ms - -[0m
2023-04-14 00:07:35 info: [0mGET /jobs? [36m304[0m 58.896 ms - -[0m
2023-04-14 00:07:35 info: [0mGET /jobs?page=1&page_size=10 [36m304[0m 12.011 ms - -[0m
2023-04-14 00:08:23 info: [0mOPTIONS /admins/profile [32m204[0m 0.807 ms - 0[0m
2023-04-14 00:08:24 info: [0mGET /jobs?[object%20Object] [36m304[0m 81.479 ms - -[0m
2023-04-14 00:08:24 info: [0mGET /admins/profile [36m304[0m 116.557 ms - -[0m
2023-04-14 17:29:57 info: =================================
2023-04-14 17:29:57 info: ======= ENV: development =======
2023-04-14 17:29:57 info: 🚀 App listening on the port 8000
2023-04-14 17:29:57 info: =================================
2023-04-14 17:33:48 info: [0mOPTIONS /admins/login [32m204[0m 10.441 ms - 0[0m
2023-04-14 17:33:49 info: [0mPOST /admins/login [32m200[0m 204.509 ms - -[0m
2023-04-14 17:33:50 info: [0mOPTIONS /admins/profile [32m204[0m 0.191 ms - 0[0m
2023-04-14 17:33:50 info: [0mGET /admins/profile [36m304[0m 119.928 ms - -[0m
2023-04-14 17:33:53 info: [0mGET /admins/profile [36m304[0m 200.176 ms - -[0m
2023-04-14 17:33:53 info: [0mGET /projects? [36m304[0m 213.124 ms - -[0m
2023-04-14 17:33:53 info: [0mGET /projects?page=1&page_size=10 [36m304[0m 102.904 ms - -[0m
2023-04-14 17:33:56 info: [0mOPTIONS /admins/profile [32m204[0m 0.819 ms - 0[0m
2023-04-14 17:33:56 info: [0mGET /projects?[object%20Object] [32m200[0m 219.654 ms - 477[0m
2023-04-14 17:33:56 info: [0mGET /admins/profile [36m304[0m 245.240 ms - -[0m
2023-04-14 17:35:44 info: [0mOPTIONS /admins/profile [32m204[0m 11.931 ms - 0[0m
2023-04-14 17:35:45 info: [0mGET /posts? [32m200[0m 202.877 ms - 472[0m
2023-04-14 17:35:45 info: [0mGET /admins/profile [36m304[0m 312.657 ms - -[0m
2023-04-14 17:35:45 info: [0mGET /posts?page=1&page_size=10 [36m304[0m 136.876 ms - -[0m
2023-04-14 17:35:47 info: [0mGET /categories? [36m304[0m 84.220 ms - -[0m
2023-04-14 17:35:47 info: [0mGET /admins/profile [36m304[0m 101.866 ms - -[0m
2023-04-14 17:35:48 info: [0mGET /admins/profile [36m304[0m 54.238 ms - -[0m
2023-04-14 17:35:48 info: [0mGET /projects? [36m304[0m 116.913 ms - -[0m
2023-04-14 17:35:48 info: [0mGET /projects?page=1&page_size=10 [36m304[0m 73.210 ms - -[0m
2023-04-14 17:35:48 info: [0mGET /admins/profile [36m304[0m 37.959 ms - -[0m
2023-04-14 17:35:48 info: [0mGET /posts? [32m200[0m 50.962 ms - 472[0m
2023-04-14 17:35:48 info: [0mGET /posts?page=1&page_size=10 [36m304[0m 21.765 ms - -[0m
2023-04-14 17:35:50 info: [0mOPTIONS /admins/profile [32m204[0m 1.480 ms - 0[0m
2023-04-14 17:35:50 info: [0mGET /admins/profile [36m304[0m 94.031 ms - -[0m
2023-04-14 17:35:50 info: [0mGET /jobs? [36m304[0m 84.228 ms - -[0m
2023-04-14 17:35:51 info: [0mGET /jobs?page=1&page_size=10 [36m304[0m 42.105 ms - -[0m
2023-04-14 17:38:18 info: =================================
2023-04-14 17:38:18 info: ======= ENV: development =======
2023-04-14 17:38:18 info: 🚀 App listening on the port 8000
2023-04-14 17:38:18 info: =================================
2023-04-14 17:38:49 info: =================================
2023-04-14 17:38:49 info: ======= ENV: development =======
2023-04-14 17:38:49 info: 🚀 App listening on the port 8000
2023-04-14 17:38:49 info: =================================
2023-04-14 17:40:15 info: [0mOPTIONS /admins/profile [32m204[0m 3.998 ms - 0[0m
2023-04-14 17:40:15 info: [0mGET /posts? [32m200[0m 282.580 ms - 472[0m
2023-04-14 17:40:15 info: [0mGET /posts?page=1&page_size=10 [36m304[0m 195.970 ms - -[0m
2023-04-14 17:40:15 info: [0mGET /admins/profile [36m304[0m 216.266 ms - -[0m
2023-04-14 17:41:54 info: [0mOPTIONS /admins/profile [32m204[0m 0.753 ms - 0[0m
2023-04-14 17:41:54 info: [0mGET /categories?[object%20Object] [32m200[0m 157.047 ms - 372[0m
2023-04-14 17:41:54 info: [0mGET /admins/profile [36m304[0m 184.077 ms - -[0m
2023-04-14 17:41:54 info: [0mGET /ceos?[object%20Object] [32m200[0m 151.476 ms - 362[0m
2023-04-14 17:41:54 info: [0mGET /posts?[object%20Object] [32m200[0m 145.407 ms - 472[0m
2023-04-14 17:42:35 info: [0mOPTIONS /admins/profile [32m204[0m 0.622 ms - 0[0m
2023-04-14 17:42:35 info: [0mGET /categories?[object%20Object] [36m304[0m 109.980 ms - -[0m
2023-04-14 17:42:35 info: [0mGET /ceos?[object%20Object] [36m304[0m 114.369 ms - -[0m
2023-04-14 17:42:35 info: [0mGET /posts?[object%20Object] [36m304[0m 109.568 ms - -[0m
2023-04-14 17:42:35 info: [0mGET /admins/profile [36m304[0m 162.153 ms - -[0m
2023-04-14 17:43:53 info: [0mOPTIONS /admins/profile [32m204[0m 1.103 ms - 0[0m
2023-04-14 17:43:53 info: [0mGET /categories?[object%20Object] [36m304[0m 132.568 ms - -[0m
2023-04-14 17:43:53 info: [0mGET /posts?[object%20Object] [36m304[0m 84.247 ms - -[0m
2023-04-14 17:43:53 info: [0mGET /ceos?[object%20Object] [36m304[0m 117.031 ms - -[0m
2023-04-14 17:43:53 info: [0mGET /admins/profile [36m304[0m 174.889 ms - -[0m
2023-04-14 17:46:09 info: [0mOPTIONS /admins/profile [32m204[0m 0.898 ms - 0[0m
2023-04-14 17:46:09 info: [0mGET /posts?[object%20Object] [36m304[0m 90.193 ms - -[0m
2023-04-14 17:46:09 info: [0mGET /categories?[object%20Object] [36m304[0m 143.969 ms - -[0m
2023-04-14 17:46:09 info: [0mGET /ceos?[object%20Object] [36m304[0m 134.565 ms - -[0m
2023-04-14 17:46:09 info: [0mGET /admins/profile [36m304[0m 209.074 ms - -[0m
2023-04-14 17:47:00 info: [0mOPTIONS /admins/profile [32m204[0m 0.917 ms - 0[0m
2023-04-14 17:47:00 info: [0mGET /categories?[object%20Object] [36m304[0m 182.554 ms - -[0m
2023-04-14 17:47:00 info: [0mGET /ceos?[object%20Object] [36m304[0m 163.470 ms - -[0m
2023-04-14 17:47:00 info: [0mGET /admins/profile [36m304[0m 299.538 ms - -[0m
2023-04-14 17:47:00 info: [0mGET /posts?[object%20Object] [36m304[0m 172.290 ms - -[0m
2023-04-14 17:49:03 info: [0mOPTIONS /admins/profile [32m204[0m 3.572 ms - 0[0m
2023-04-14 17:49:03 info: [0mGET /categories?[object%20Object] [36m304[0m 170.414 ms - -[0m
2023-04-14 17:49:03 info: [0mGET /ceos?[object%20Object] [36m304[0m 158.417 ms - -[0m
2023-04-14 17:49:03 info: [0mGET /admins/profile [36m304[0m 247.294 ms - -[0m
2023-04-14 17:49:03 info: [0mGET /posts?[object%20Object] [36m304[0m 180.429 ms - -[0m
2023-04-14 17:51:21 info: [0mOPTIONS /admins/profile [32m204[0m 2.031 ms - 0[0m
2023-04-14 17:51:21 info: [0mGET /categories?[object%20Object] [36m304[0m 196.558 ms - -[0m
2023-04-14 17:51:21 info: [0mGET /posts?[object%20Object] [36m304[0m 155.432 ms - -[0m
2023-04-14 17:51:21 info: [0mGET /ceos?[object%20Object] [36m304[0m 204.800 ms - -[0m
2023-04-14 17:51:21 info: [0mGET /admins/profile [36m304[0m 282.969 ms - -[0m
2023-04-14 17:52:09 info: [0mOPTIONS /admins/profile [32m204[0m 1.046 ms - 0[0m
2023-04-14 17:52:09 info: [0mGET /posts?[object%20Object] [36m304[0m 155.052 ms - -[0m
2023-04-14 17:52:09 info: [0mGET /ceos?[object%20Object] [36m304[0m 223.048 ms - -[0m
2023-04-14 17:52:09 info: [0mGET /admins/profile [36m304[0m 281.788 ms - -[0m
2023-04-14 17:52:09 info: [0mGET /categories?[object%20Object] [36m304[0m 263.325 ms - -[0m
2023-04-14 17:52:48 info: [0mOPTIONS /admins/profile [32m204[0m 0.873 ms - 0[0m
2023-04-14 17:52:48 info: [0mGET /categories?[object%20Object] [36m304[0m 465.012 ms - -[0m
2023-04-14 17:52:48 info: [0mGET /ceos?[object%20Object] [36m304[0m 380.263 ms - -[0m
2023-04-14 17:52:48 info: [0mGET /posts?[object%20Object] [36m304[0m 375.759 ms - -[0m
2023-04-14 17:52:49 info: [0mGET /admins/profile [36m304[0m 858.101 ms - -[0m
2023-04-14 17:54:30 info: =================================
2023-04-14 17:54:30 info: ======= ENV: development =======
2023-04-14 17:54:30 info: 🚀 App listening on the port 8000
2023-04-14 17:54:30 info: =================================
2023-04-14 17:55:50 info: =================================
2023-04-14 17:55:50 info: ======= ENV: development =======
2023-04-14 17:55:50 info: 🚀 App listening on the port 8000
2023-04-14 17:55:50 info: =================================
2023-04-14 17:55:59 info: =================================
2023-04-14 17:55:59 info: ======= ENV: development =======
2023-04-14 17:55:59 info: 🚀 App listening on the port 8000
2023-04-14 17:55:59 info: =================================
2023-04-14 17:56:04 info: [0mOPTIONS /admins/profile [32m204[0m 3.998 ms - 0[0m
2023-04-14 17:56:05 info: [0mGET /categories?[object%20Object] [36m304[0m 235.724 ms - -[0m
2023-04-14 17:56:05 info: [0mGET /posts?[object%20Object] [36m304[0m 230.899 ms - -[0m
2023-04-14 17:56:05 info: [0mGET /ceos?[object%20Object] [36m304[0m 261.629 ms - -[0m
2023-04-14 17:56:05 info: [0mGET /admins/profile [36m304[0m 556.493 ms - -[0m
2023-04-14 17:56:18 info: [0mGET /posts [32m200[0m 31.802 ms - 472[0m
2023-04-14 17:56:21 info: [0mGET /posts/show/1 [32m200[0m 76.084 ms - 434[0m
2023-04-14 17:56:22 info: [0mGET /favicon.ico [33m404[0m 3.125 ms - 150[0m
2023-04-14 17:56:41 info: [0mOPTIONS /admins/profile [32m204[0m 1.935 ms - 0[0m
2023-04-14 17:56:42 info: [0mGET /categories?[object%20Object] [36m304[0m 106.005 ms - -[0m
2023-04-14 17:56:42 info: [0mGET /ceos?[object%20Object] [36m304[0m 78.178 ms - -[0m
2023-04-14 17:56:42 info: [0mGET /admins/profile [36m304[0m 196.237 ms - -[0m
2023-04-14 17:56:42 info: [0mGET /posts?[object%20Object] [36m304[0m 83.766 ms - -[0m
2023-04-14 17:57:10 info: [0mOPTIONS /admins/profile [32m204[0m 0.999 ms - 0[0m
2023-04-14 17:57:10 info: [0mGET /categories?[object%20Object] [36m304[0m 124.179 ms - -[0m
2023-04-14 17:57:10 info: [0mGET /admins/profile [36m304[0m 157.748 ms - -[0m
2023-04-14 17:57:10 info: [0mGET /posts?[object%20Object] [36m304[0m 121.790 ms - -[0m
2023-04-14 17:57:10 info: [0mGET /ceos?[object%20Object] [36m304[0m 138.355 ms - -[0m
2023-04-14 17:58:21 info: [0mGET /posts/show/1 [36m304[0m 85.483 ms - -[0m
2023-04-14 18:00:03 info: [0mOPTIONS /admins/profile [32m204[0m 0.924 ms - 0[0m
2023-04-14 18:00:03 info: [0mGET /categories?[object%20Object] [36m304[0m 85.235 ms - -[0m
2023-04-14 18:00:03 info: [0mGET /ceos?[object%20Object] [36m304[0m 82.018 ms - -[0m
2023-04-14 18:00:03 info: [0mGET /posts?[object%20Object] [36m304[0m 73.455 ms - -[0m
2023-04-14 18:00:03 info: [0mGET /admins/profile [36m304[0m 124.236 ms - -[0m
2023-04-14 18:01:08 info: =================================
2023-04-14 18:01:08 info: ======= ENV: development =======
2023-04-14 18:01:08 info: 🚀 App listening on the port 8000
2023-04-14 18:01:08 info: =================================
2023-04-14 18:01:18 info: [0mOPTIONS /admins/profile [32m204[0m 2.546 ms - 0[0m
2023-04-14 18:01:18 info: [0mGET /categories?[object%20Object] [36m304[0m 171.028 ms - -[0m
2023-04-14 18:01:18 info: [0mGET /posts?[object%20Object] [36m304[0m 187.415 ms - -[0m
2023-04-14 18:01:18 info: [0mGET /ceos?[object%20Object] [36m304[0m 238.735 ms - -[0m
2023-04-14 18:01:18 info: [0mGET /admins/profile [36m304[0m 340.397 ms - -[0m
2023-04-14 18:05:58 info: [0mOPTIONS /admins/profile [32m204[0m 2.204 ms - 0[0m
2023-04-14 18:05:59 info: [0mGET /categories?[object%20Object] [36m304[0m 477.691 ms - -[0m
2023-04-14 18:05:59 info: [0mGET /ceos?[object%20Object] [36m304[0m 464.389 ms - -[0m
2023-04-14 18:05:59 info: [0mGET /posts?[object%20Object] [36m304[0m 481.782 ms - -[0m
2023-04-14 18:05:59 info: [0mGET /admins/profile [36m304[0m 571.978 ms - -[0m
2023-04-14 18:10:28 info: [0mOPTIONS /admins/profile [32m204[0m 0.617 ms - 0[0m
2023-04-14 18:10:29 info: [0mGET /categories?[object%20Object] [36m304[0m 142.504 ms - -[0m
2023-04-14 18:10:29 info: [0mGET /ceos?[object%20Object] [36m304[0m 135.742 ms - -[0m
2023-04-14 18:10:29 info: [0mGET /admins/profile [36m304[0m 186.809 ms - -[0m
2023-04-14 18:10:29 info: [0mGET /posts?[object%20Object] [36m304[0m 149.319 ms - -[0m
2023-04-14 18:10:58 info: [0mOPTIONS /admins/profile [32m204[0m 0.864 ms - 0[0m
2023-04-14 18:10:59 info: [0mGET /categories?[object%20Object] [36m304[0m 267.335 ms - -[0m
2023-04-14 18:10:59 info: [0mGET /ceos?[object%20Object] [36m304[0m 339.547 ms - -[0m
2023-04-14 18:10:59 info: [0mGET /posts?[object%20Object] [36m304[0m 271.466 ms - -[0m
2023-04-14 18:10:59 info: [0mGET /admins/profile [36m304[0m 312.861 ms - -[0m
2023-04-14 18:12:26 info: [0mOPTIONS /admins/profile [32m204[0m 7.087 ms - 0[0m
2023-04-14 18:12:26 info: [0mGET /categories?[object%20Object] [36m304[0m 193.123 ms - -[0m
2023-04-14 18:12:26 info: [0mGET /posts?[object%20Object] [36m304[0m 186.065 ms - -[0m
2023-04-14 18:12:26 info: [0mGET /admins/profile [36m304[0m 231.741 ms - -[0m
2023-04-14 18:12:26 info: [0mGET /ceos?[object%20Object] [36m304[0m 214.019 ms - -[0m
2023-04-14 18:12:48 info: [0mGET /categories?[object%20Object] [36m304[0m 227.916 ms - -[0m
2023-04-14 18:12:48 info: [0mGET /posts?[object%20Object] [36m304[0m 180.336 ms - -[0m
2023-04-14 18:12:48 info: [0mGET /ceos?[object%20Object] [36m304[0m 346.532 ms - -[0m
2023-04-14 18:14:20 info: [0mOPTIONS /admins/profile [32m204[0m 1.125 ms - 0[0m
2023-04-14 18:14:20 info: [0mGET /categories?[object%20Object] [36m304[0m 180.689 ms - -[0m
2023-04-14 18:14:20 info: [0mGET /posts?[object%20Object] [36m304[0m 186.180 ms - -[0m
2023-04-14 18:14:20 info: [0mGET /admins/profile [36m304[0m 263.238 ms - -[0m
2023-04-14 18:14:20 info: [0mGET /ceos?[object%20Object] [36m304[0m 211.430 ms - -[0m
2023-04-14 18:14:44 info: [0mOPTIONS /admins/profile [32m204[0m 0.947 ms - 0[0m
2023-04-14 18:14:45 info: [0mGET /categories?[object%20Object] [36m304[0m 553.061 ms - -[0m
2023-04-14 18:14:45 info: [0mGET /posts?[object%20Object] [36m304[0m 540.769 ms - -[0m
2023-04-14 18:14:45 info: [0mGET /ceos?[object%20Object] [36m304[0m 564.627 ms - -[0m
2023-04-14 18:14:45 info: [0mGET /categories?[object%20Object] [36m304[0m 116.829 ms - -[0m
2023-04-14 18:14:45 info: [0mGET /posts?[object%20Object] [36m304[0m 115.521 ms - -[0m
2023-04-14 18:14:45 info: [0mGET /ceos?[object%20Object] [36m304[0m 119.996 ms - -[0m
2023-04-14 18:14:45 info: [0mGET /admins/profile [36m304[0m 765.124 ms - -[0m
2023-04-14 18:14:49 info: [0mGET /posts?page=1&page_size=10 [36m304[0m 17.295 ms - -[0m
2023-04-14 18:14:49 info: [0mGET /admins/profile [36m304[0m 31.135 ms - -[0m
2023-04-14 18:14:49 info: [0mGET /posts?page=1&page_size=10 [36m304[0m 6.606 ms - -[0m
2023-04-14 18:14:52 info: [0mGET /posts? [32m200[0m 5.644 ms - 472[0m
2023-04-14 18:14:55 info: [0mOPTIONS /admins/profile [32m204[0m 0.207 ms - 0[0m
2023-04-14 18:14:55 info: [0mGET /admins/profile [36m304[0m 16.086 ms - -[0m
2023-04-14 18:14:55 info: [0mGET /posts/show/1 [36m304[0m 60.821 ms - -[0m
2023-04-14 18:14:55 info: [0mGET /ceos?[object%20Object] [36m304[0m 12.385 ms - -[0m
2023-04-14 18:14:55 info: [0mGET /categories?[object%20Object] [36m304[0m 16.971 ms - -[0m
2023-04-14 18:14:55 info: [0mGET /posts?[object%20Object] [36m304[0m 25.605 ms - -[0m
2023-04-14 18:15:01 info: [0mOPTIONS /posts/update/1 [32m204[0m 0.761 ms - 0[0m
2023-04-14 18:15:01 error: {"name":"SequelizeUniqueConstraintError","errors":[{"message":"slug must be unique","type":"unique violation","path":"slug","value":"name-test-1-en","origin":"DB","instance":null,"validatorKey":"not_unique","validatorName":null,"validatorArgs":[]}],"parent":{"code":"ER_DUP_ENTRY","errno":1062,"sqlState":"23000","sqlMessage":"Duplicate entry 'name-test-1-en' for key 'post_translation.slug'","sql":"UPDATE `post_translation` SET `name`=?,`content`=?,`description`=?,`slug`=?,`custom_slug`=? WHERE `post_id` = ? AND `locale` = ?","parameters":["Name En","content en","description en","name-test-1-en","name-en","1","vi"]},"original":{"code":"ER_DUP_ENTRY","errno":1062,"sqlState":"23000","sqlMessage":"Duplicate entry 'name-test-1-en' for key 'post_translation.slug'","sql":"UPDATE `post_translation` SET `name`=?,`content`=?,`description`=?,`slug`=?,`custom_slug`=? WHERE `post_id` = ? AND `locale` = ?","parameters":["Name En","content en","description en","name-test-1-en","name-en","1","vi"]},"fields":{"slug":"name-test-1-en"},"sql":"UPDATE `post_translation` SET `name`=?,`content`=?,`description`=?,`slug`=?,`custom_slug`=? WHERE `post_id` = ? AND `locale` = ?"}
2023-04-14 18:15:01 info: [0mPUT /posts/update/1 [32m200[0m 222.441 ms - 16[0m
2023-04-14 18:15:01 info: [0mGET /posts/show/1 [32m200[0m 25.896 ms - 434[0m
2023-04-14 18:15:02 info: [0mGET /categories?[object%20Object] [36m304[0m 25.211 ms - -[0m
2023-04-14 18:15:02 info: [0mGET /posts?[object%20Object] [32m200[0m 20.055 ms - 472[0m
2023-04-14 18:15:02 info: [0mGET /ceos?[object%20Object] [36m304[0m 36.767 ms - -[0m
2023-04-14 18:15:06 info: [0mOPTIONS /posts/update/1 [32m204[0m 0.319 ms - 0[0m
2023-04-14 18:15:06 info: [0mPUT /posts/update/1 [32m200[0m 12.528 ms - 16[0m
2023-04-14 18:15:06 info: [0mGET /posts/show/1 [32m200[0m 7.655 ms - 438[0m
2023-04-14 18:15:07 info: [0mGET /categories?[object%20Object] [36m304[0m 10.604 ms - -[0m
2023-04-14 18:15:07 info: [0mGET /ceos?[object%20Object] [36m304[0m 12.821 ms - -[0m
2023-04-14 18:15:07 info: [0mGET /posts?[object%20Object] [32m200[0m 18.572 ms - 472[0m
2023-04-14 18:15:09 info: [0mOPTIONS /admins/profile [32m204[0m 1.276 ms - 0[0m
2023-04-14 18:15:09 info: [0mGET /categories?[object%20Object] [36m304[0m 20.041 ms - -[0m
2023-04-14 18:15:09 info: [0mGET /admins/profile [36m304[0m 33.783 ms - -[0m
2023-04-14 18:15:09 info: [0mGET /ceos?[object%20Object] [36m304[0m 25.125 ms - -[0m
2023-04-14 18:15:09 info: [0mGET /posts?[object%20Object] [36m304[0m 74.405 ms - -[0m
2023-04-14 18:15:09 info: [0mGET /posts/show/1 [36m304[0m 10.311 ms - -[0m
2023-04-14 18:15:09 info: [0mGET /categories?[object%20Object] [36m304[0m 5.689 ms - -[0m
2023-04-14 18:15:10 info: [0mGET /ceos?[object%20Object] [36m304[0m 14.602 ms - -[0m
2023-04-14 18:15:10 info: [0mGET /posts?[object%20Object] [36m304[0m 17.623 ms - -[0m
2023-04-14 18:15:44 info: [0mOPTIONS /admins/profile [32m204[0m 0.241 ms - 0[0m
2023-04-14 18:15:44 info: [0mGET /posts/show/1 [36m304[0m 212.957 ms - -[0m
2023-04-14 18:15:44 info: [0mGET /posts? [32m200[0m 191.299 ms - 472[0m
2023-04-14 18:15:44 info: [0mGET /admins/profile [36m304[0m 181.674 ms - -[0m
2023-04-14 18:15:44 info: [0mGET /posts?page=1&page_size=10 [32m200[0m 5.860 ms - 472[0m
2023-04-14 18:15:45 info: [0mGET /admins/profile [36m304[0m 16.471 ms - -[0m
2023-04-14 18:15:45 info: [0mGET /categories?[object%20Object] [36m304[0m 19.103 ms - -[0m
2023-04-14 18:15:45 info: [0mGET /posts?[object%20Object] [36m304[0m 22.666 ms - -[0m
2023-04-14 18:15:45 info: [0mGET /ceos?[object%20Object] [36m304[0m 30.992 ms - -[0m
2023-04-14 18:15:53 info: [0mOPTIONS /posts/create [32m204[0m 0.267 ms - 0[0m
2023-04-14 18:15:53 info: [0mPOST /posts/create [32m200[0m 18.718 ms - 16[0m
2023-04-14 18:15:53 info: [0mOPTIONS /admins/profile [32m204[0m 0.592 ms - 0[0m
2023-04-14 18:15:53 info: [0mGET /posts?page=1&page_size=10 [32m200[0m 31.514 ms - 639[0m
2023-04-14 18:15:53 info: [0mGET /admins/profile [36m304[0m 175.125 ms - -[0m
2023-04-14 18:15:53 info: [0mGET /posts?page=1&page_size=10 [36m304[0m 69.416 ms - -[0m
2023-04-14 18:15:55 info: [0mGET /posts/show/3 [32m200[0m 9.397 ms - 410[0m
2023-04-14 18:15:55 info: [0mGET /admins/profile [36m304[0m 19.634 ms - -[0m
2023-04-14 18:15:55 info: [0mGET /categories?[object%20Object] [36m304[0m 11.727 ms - -[0m
2023-04-14 18:15:56 info: [0mGET /posts?[object%20Object] [32m200[0m 10.997 ms - 639[0m
2023-04-14 18:15:56 info: [0mGET /ceos?[object%20Object] [36m304[0m 18.954 ms - -[0m
2023-04-14 18:16:54 info: [0mOPTIONS /admins/profile [32m204[0m 0.825 ms - 0[0m
2023-04-14 18:16:54 info: [0mGET /ceos?[object%20Object] [36m304[0m 225.870 ms - -[0m
2023-04-14 18:16:54 info: [0mGET /categories?[object%20Object] [36m304[0m 260.858 ms - -[0m
2023-04-14 18:16:54 info: [0mGET /posts/show/3 [36m304[0m 81.184 ms - -[0m
2023-04-14 18:16:54 info: [0mGET /posts?[object%20Object] [36m304[0m 218.075 ms - -[0m
2023-04-14 18:16:54 info: [0mGET /admins/profile [36m304[0m 284.750 ms - -[0m
2023-04-14 18:16:54 info: [0mGET /categories?[object%20Object] [36m304[0m 4.271 ms - -[0m
2023-04-14 18:16:54 info: [0mGET /ceos?[object%20Object] [36m304[0m 12.983 ms - -[0m
2023-04-14 18:16:54 info: [0mGET /posts?[object%20Object] [36m304[0m 15.137 ms - -[0m
2023-04-14 18:17:01 info: [0mOPTIONS /admins/profile [32m204[0m 0.290 ms - 0[0m
2023-04-14 18:17:01 info: [0mGET /posts/show/3 [36m304[0m 62.524 ms - -[0m
2023-04-14 18:17:01 info: [0mGET /posts?page=1&page_size=10 [36m304[0m 123.416 ms - -[0m
2023-04-14 18:17:01 info: [0mGET /admins/profile [36m304[0m 135.261 ms - -[0m
2023-04-14 18:17:01 info: [0mGET /posts?page=1&page_size=10 [36m304[0m 12.950 ms - -[0m
2023-04-14 18:17:03 info: [0mGET /admins/profile [36m304[0m 19.492 ms - -[0m
2023-04-14 18:17:03 info: [0mGET /posts/show/3 [36m304[0m 24.545 ms - -[0m
2023-04-14 18:17:03 info: [0mGET /categories?[object%20Object] [36m304[0m 31.334 ms - -[0m
2023-04-14 18:17:04 info: [0mGET /posts?[object%20Object] [36m304[0m 36.013 ms - -[0m
2023-04-14 18:17:04 info: [0mGET /ceos?[object%20Object] [36m304[0m 38.425 ms - -[0m
2023-04-14 18:17:33 info: [0mOPTIONS /admins/profile [32m204[0m 0.922 ms - 0[0m
2023-04-14 18:17:33 info: [0mGET /admins/profile [36m304[0m 281.764 ms - -[0m
2023-04-14 18:17:33 info: [0mGET /categories?[object%20Object] [36m304[0m 271.797 ms - -[0m
2023-04-14 18:17:33 info: [0mGET /posts/show/3 [36m304[0m 60.583 ms - -[0m
2023-04-14 18:17:33 info: [0mGET /ceos?[object%20Object] [36m304[0m 249.596 ms - -[0m
2023-04-14 18:17:33 info: [0mGET /posts?[object%20Object] [36m304[0m 233.048 ms - -[0m
2023-04-14 18:17:34 info: [0mGET /categories?[object%20Object] [36m304[0m 21.303 ms - -[0m
2023-04-14 18:17:34 info: [0mGET /posts?[object%20Object] [36m304[0m 19.726 ms - -[0m
2023-04-14 18:17:34 info: [0mGET /ceos?[object%20Object] [36m304[0m 27.395 ms - -[0m
2023-04-14 18:17:37 info: [0mGET /categories?[object%20Object] [36m304[0m 93.943 ms - -[0m
2023-04-14 18:17:37 info: [0mGET /ceos?[object%20Object] [36m304[0m 95.304 ms - -[0m
2023-04-14 18:17:37 info: [0mGET /posts?[object%20Object] [36m304[0m 96.106 ms - -[0m
2023-04-14 18:17:37 info: [0mGET /admins/profile [36m304[0m 144.771 ms - -[0m
2023-04-14 18:17:37 info: [0mGET /posts/show/3 [36m304[0m 43.082 ms - -[0m
2023-04-14 18:17:38 info: [0mGET /categories?[object%20Object] [36m304[0m 81.244 ms - -[0m
2023-04-14 18:17:38 info: [0mGET /ceos?[object%20Object] [36m304[0m 81.729 ms - -[0m
2023-04-14 18:17:38 info: [0mGET /posts?[object%20Object] [36m304[0m 84.141 ms - -[0m
2023-04-14 18:17:58 info: [0mOPTIONS /admins/profile [32m204[0m 0.253 ms - 0[0m
2023-04-14 18:17:58 info: [0mGET /posts/show/3 [36m304[0m 111.496 ms - -[0m
2023-04-14 18:17:58 info: [0mGET /posts?page=1&page_size=10 [32m200[0m 104.533 ms - 639[0m
2023-04-14 18:17:58 info: [0mGET /admins/profile [36m304[0m 98.988 ms - -[0m
2023-04-14 18:17:58 info: [0mGET /posts?page=1&page_size=10 [32m200[0m 8.893 ms - 639[0m
2023-04-14 18:17:58 info: [0mGET /posts? [32m200[0m 6.123 ms - 639[0m
2023-04-14 18:18:00 info: [0mGET /admins/profile [36m304[0m 95.842 ms - -[0m
2023-04-14 18:18:00 info: [0mGET /posts/show/3 [36m304[0m 89.733 ms - -[0m
2023-04-14 18:18:01 info: [0mGET /categories?[object%20Object] [36m304[0m 26.682 ms - -[0m
2023-04-14 18:18:01 info: [0mGET /ceos?[object%20Object] [36m304[0m 27.057 ms - -[0m
2023-04-14 18:18:01 info: [0mGET /posts?[object%20Object] [36m304[0m 27.551 ms - -[0m
2023-04-14 18:18:02 info: [0mGET /posts/show/3 [36m304[0m 10.236 ms - -[0m
2023-04-14 18:18:02 info: [0mGET /posts? [36m304[0m 12.216 ms - -[0m
2023-04-14 18:18:02 info: [0mGET /admins/profile [36m304[0m 62.113 ms - -[0m
2023-04-14 18:18:02 info: [0mGET /posts?page=1&page_size=10 [36m304[0m 11.271 ms - -[0m
2023-04-14 18:18:04 info: [0mOPTIONS /admins/profile [32m204[0m 0.432 ms - 0[0m
2023-04-14 18:18:04 info: [0mGET /posts/show/3 [32m200[0m 13.300 ms - 416[0m
2023-04-14 18:18:04 info: [0mGET /admins/profile [36m304[0m 12.625 ms - -[0m
2023-04-14 18:18:04 info: [0mGET /ceos?[object%20Object] [36m304[0m 7.672 ms - -[0m
2023-04-14 18:18:04 info: [0mGET /categories?[object%20Object] [36m304[0m 8.493 ms - -[0m
2023-04-14 18:18:04 info: [0mGET /posts?[object%20Object] [36m304[0m 11.826 ms - -[0m
2023-04-14 18:18:33 info: [0mOPTIONS /admins/profile [32m204[0m 0.683 ms - 0[0m
2023-04-14 18:18:33 info: [0mGET /categories?[object%20Object] [36m304[0m 92.313 ms - -[0m
2023-04-14 18:18:33 info: [0mGET /ceos?[object%20Object] [36m304[0m 83.163 ms - -[0m
2023-04-14 18:18:33 info: [0mGET /posts?[object%20Object] [36m304[0m 59.575 ms - -[0m
2023-04-14 18:18:33 info: [0mGET /admins/profile [36m304[0m 115.282 ms - -[0m
2023-04-14 18:18:34 info: [0mGET /posts/show/3 [32m200[0m 13.872 ms - 410[0m
2023-04-14 18:18:34 info: [0mGET /categories?[object%20Object] [36m304[0m 15.439 ms - -[0m
2023-04-14 18:18:34 info: [0mGET /ceos?[object%20Object] [36m304[0m 29.567 ms - -[0m
2023-04-14 18:18:34 info: [0mGET /posts?[object%20Object] [36m304[0m 36.521 ms - -[0m
2023-04-14 18:19:31 info: [0mOPTIONS /admins/profile [32m204[0m 1.011 ms - 0[0m
2023-04-14 18:19:32 info: [0mGET /ceos?[object%20Object] [36m304[0m 287.998 ms - -[0m
2023-04-14 18:19:32 info: [0mGET /categories?[object%20Object] [36m304[0m 320.191 ms - -[0m
2023-04-14 18:19:32 info: [0mGET /admins/profile [36m304[0m 440.156 ms - -[0m
2023-04-14 18:19:32 info: [0mGET /posts?[object%20Object] [36m304[0m 324.595 ms - -[0m
2023-04-14 18:19:32 info: [0mGET /posts/show/3 [36m304[0m 44.027 ms - -[0m
2023-04-14 18:19:32 info: [0mGET /categories?[object%20Object] [36m304[0m 37.739 ms - -[0m
2023-04-14 18:19:32 info: [0mGET /ceos?[object%20Object] [36m304[0m 43.063 ms - -[0m
2023-04-14 18:19:32 info: [0mGET /posts?[object%20Object] [36m304[0m 47.918 ms - -[0m
2023-04-14 18:19:44 info: [0mOPTIONS /admins/profile [32m204[0m 0.205 ms - 0[0m
2023-04-14 18:19:44 info: [0mGET /posts/show/3 [36m304[0m 122.685 ms - -[0m
2023-04-14 18:19:44 info: [0mGET /posts?page=1&page_size=10 [32m200[0m 112.014 ms - 639[0m
2023-04-14 18:19:44 info: [0mGET /admins/profile [36m304[0m 108.820 ms - -[0m
2023-04-14 18:19:44 info: [0mGET /posts?page=1&page_size=10 [32m200[0m 20.962 ms - 639[0m
2023-04-14 18:20:01 info: [0mOPTIONS /admins/profile [32m204[0m 0.780 ms - 0[0m
2023-04-14 18:20:01 info: [0mGET /posts/show/3 [36m304[0m 59.121 ms - -[0m
2023-04-14 18:20:01 info: [0mGET /admins/profile [36m304[0m 46.153 ms - -[0m
2023-04-14 18:20:01 info: [0mGET /categories?[object%20Object] [36m304[0m 18.892 ms - -[0m
2023-04-14 18:20:01 info: [0mGET /ceos?[object%20Object] [36m304[0m 25.444 ms - -[0m
2023-04-14 18:20:01 info: [0mGET /posts?[object%20Object] [36m304[0m 23.067 ms - -[0m
2023-04-14 18:20:12 info: [0mGET /posts/show/3 [32m200[0m 10.972 ms - 416[0m
2023-04-14 18:21:03 info: [0mOPTIONS /admins/profile [32m204[0m 4.580 ms - 0[0m
2023-04-14 18:21:04 info: [0mGET /categories?[object%20Object] [32m200[0m 304.845 ms - 356[0m
2023-04-14 18:21:04 info: [0mGET /posts?[object%20Object] [36m304[0m 241.663 ms - -[0m
2023-04-14 18:21:04 info: [0mGET /ceos?[object%20Object] [32m200[0m 283.107 ms - 362[0m
2023-04-14 18:21:04 info: [0mGET /admins/profile [36m304[0m 280.648 ms - -[0m
2023-04-14 18:21:04 info: [0mGET /posts/show/3 [32m200[0m 13.320 ms - 410[0m
2023-04-14 18:21:05 info: [0mGET /categories?[object%20Object] [32m200[0m 11.676 ms - 372[0m
2023-04-14 18:21:05 info: [0mGET /ceos?[object%20Object] [32m200[0m 53.585 ms - 362[0m
2023-04-14 18:21:05 info: [0mGET /posts?[object%20Object] [36m304[0m 53.876 ms - -[0m
2023-04-14 18:21:58 info: [0mGET /posts/show/3 [36m304[0m 235.078 ms - -[0m
2023-04-14 18:21:58 info: [0mGET /posts/show/3 [36m304[0m 18.081 ms - -[0m
2023-04-14 18:21:59 info: [0mGET /categories?[object%20Object] [36m304[0m 48.100 ms - -[0m
2023-04-14 18:21:59 info: [0mGET /ceos?[object%20Object] [36m304[0m 97.447 ms - -[0m
2023-04-14 18:21:59 info: [0mGET /posts?[object%20Object] [36m304[0m 118.800 ms - -[0m
2023-04-14 18:22:03 info: [0mGET /posts/show/3 [36m304[0m 48.340 ms - -[0m
2023-04-14 18:22:03 info: [0mGET /posts/show/3 [36m304[0m 20.873 ms - -[0m
2023-04-14 18:22:04 info: [0mGET /categories?[object%20Object] [36m304[0m 110.246 ms - -[0m
2023-04-14 18:22:04 info: [0mGET /posts?[object%20Object] [36m304[0m 119.728 ms - -[0m
2023-04-14 18:22:04 info: [0mGET /ceos?[object%20Object] [36m304[0m 133.246 ms - -[0m
2023-04-14 18:22:10 info: [0mOPTIONS /admins/profile [32m204[0m 0.650 ms - 0[0m
2023-04-14 18:22:10 info: [0mGET /categories?[object%20Object] [36m304[0m 122.011 ms - -[0m
2023-04-14 18:22:10 info: [0mGET /ceos?[object%20Object] [36m304[0m 109.179 ms - -[0m
2023-04-14 18:22:10 info: [0mGET /posts?[object%20Object] [36m304[0m 101.319 ms - -[0m
2023-04-14 18:22:10 info: [0mGET /admins/profile [36m304[0m 157.775 ms - -[0m
2023-04-14 18:22:10 info: [0mGET /posts/show/3 [36m304[0m 41.353 ms - -[0m
2023-04-14 18:22:11 info: [0mGET /categories?[object%20Object] [36m304[0m 14.307 ms - -[0m
2023-04-14 18:22:11 info: [0mGET /posts?[object%20Object] [36m304[0m 16.689 ms - -[0m
2023-04-14 18:22:11 info: [0mGET /ceos?[object%20Object] [36m304[0m 24.504 ms - -[0m
2023-04-14 18:23:44 info: [0mOPTIONS /posts/update/3 [32m204[0m 0.967 ms - 0[0m
2023-04-14 18:23:45 error: Incorrect datetime value: 'Invalid date' for column 'createdAt' at row 1
2023-04-14 18:23:45 info: [0mPUT /posts/update/3 [31m500[0m 64.044 ms - 72[0m
2023-04-14 18:23:59 info: [0mOPTIONS /admins/profile [32m204[0m 0.650 ms - 0[0m
2023-04-14 18:23:59 info: [0mGET /ceos?[object%20Object] [36m304[0m 197.955 ms - -[0m
2023-04-14 18:23:59 info: [0mGET /categories?[object%20Object] [36m304[0m 215.777 ms - -[0m
2023-04-14 18:23:59 info: [0mGET /posts?[object%20Object] [36m304[0m 246.732 ms - -[0m
2023-04-14 18:23:59 info: [0mGET /admins/profile [36m304[0m 282.275 ms - -[0m
2023-04-14 18:24:00 info: [0mGET /posts/show/3 [36m304[0m 23.681 ms - -[0m
2023-04-14 18:24:00 info: [0mGET /posts?[object%20Object] [36m304[0m 28.541 ms - -[0m
2023-04-14 18:24:00 info: [0mGET /categories?[object%20Object] [36m304[0m 140.058 ms - -[0m
2023-04-14 18:24:00 info: [0mGET /ceos?[object%20Object] [36m304[0m 50.674 ms - -[0m
2023-04-14 18:24:03 info: [0mOPTIONS /posts/update/3 [32m204[0m 0.766 ms - 0[0m
2023-04-14 18:24:03 error: Incorrect datetime value: 'Invalid date' for column 'createdAt' at row 1
2023-04-14 18:24:03 info: [0mPUT /posts/update/3 [31m500[0m 72.104 ms - 72[0m
2023-04-14 18:24:44 info: =================================
2023-04-14 18:24:44 info: ======= ENV: development =======
2023-04-14 18:24:44 info: 🚀 App listening on the port 8000
2023-04-14 18:24:44 info: =================================
2023-04-14 18:24:50 info: [0mOPTIONS /admins/profile [32m204[0m 5.535 ms - 0[0m
2023-04-14 18:24:51 info: [0mGET /posts?page=1&page_size=10 [32m200[0m 116.806 ms - 639[0m
2023-04-14 18:24:51 info: [0mGET /posts/show/3 [32m200[0m 211.376 ms - 366[0m
2023-04-14 18:24:51 info: [0mGET /posts?page=1&page_size=10 [32m200[0m 61.595 ms - 639[0m
2023-04-14 18:24:51 info: [0mGET /admins/profile [36m304[0m 214.175 ms - -[0m
2023-04-14 18:24:52 info: [0mGET /admins/profile [36m304[0m 36.956 ms - -[0m
2023-04-14 18:24:52 info: [0mGET /posts/show/3 [32m200[0m 42.875 ms - 360[0m
2023-04-14 18:24:53 info: [0mGET /categories?[object%20Object] [36m304[0m 37.671 ms - -[0m
2023-04-14 18:24:53 info: [0mGET /ceos?[object%20Object] [36m304[0m 76.082 ms - -[0m
2023-04-14 18:24:53 info: [0mGET /posts?[object%20Object] [36m304[0m 75.127 ms - -[0m
2023-04-14 18:24:59 info: [0mOPTIONS /posts/update/3 [32m204[0m 0.209 ms - 0[0m
2023-04-14 18:24:59 info: [0mPUT /posts/update/3 [32m200[0m 78.902 ms - 16[0m
2023-04-14 18:24:59 info: [0mGET /posts/show/3 [32m200[0m 30.578 ms - 375[0m
2023-04-14 18:24:59 info: [0mGET /posts/show/3 [36m304[0m 9.386 ms - -[0m
2023-04-14 18:25:00 info: [0mGET /categories?[object%20Object] [36m304[0m 31.686 ms - -[0m
2023-04-14 18:25:00 info: [0mGET /ceos?[object%20Object] [36m304[0m 35.701 ms - -[0m
2023-04-14 18:25:00 info: [0mGET /posts?[object%20Object] [32m200[0m 36.251 ms - 654[0m
2023-04-14 18:25:05 info: [0mOPTIONS /posts/update/3 [32m204[0m 0.181 ms - 0[0m
2023-04-14 18:25:05 info: [0mPUT /posts/update/3 [32m200[0m 20.067 ms - 16[0m
2023-04-14 18:25:05 info: [0mGET /posts/show/3 [36m304[0m 57.656 ms - -[0m
2023-04-14 18:25:05 info: [0mGET /posts/show/3 [36m304[0m 14.649 ms - -[0m
2023-04-14 18:25:06 info: [0mGET /categories?[object%20Object] [36m304[0m 10.252 ms - -[0m
2023-04-14 18:25:06 info: [0mGET /ceos?[object%20Object] [36m304[0m 15.659 ms - -[0m
2023-04-14 18:25:06 info: [0mGET /posts?[object%20Object] [36m304[0m 26.557 ms - -[0m
2023-04-14 18:25:09 info: [0mOPTIONS /admins/profile [32m204[0m 0.760 ms - 0[0m
2023-04-14 18:25:09 info: [0mGET /categories?[object%20Object] [36m304[0m 105.362 ms - -[0m
2023-04-14 18:25:09 info: [0mGET /ceos?[object%20Object] [36m304[0m 104.716 ms - -[0m
2023-04-14 18:25:09 info: [0mGET /admins/profile [36m304[0m 132.847 ms - -[0m
2023-04-14 18:25:09 info: [0mGET /posts?[object%20Object] [36m304[0m 115.877 ms - -[0m
2023-04-14 18:25:09 info: [0mGET /posts/show/3 [36m304[0m 38.920 ms - -[0m
2023-04-14 18:25:10 info: [0mGET /ceos?[object%20Object] [36m304[0m 107.521 ms - -[0m
2023-04-14 18:25:10 info: [0mGET /categories?[object%20Object] [36m304[0m 72.640 ms - -[0m
2023-04-14 18:25:10 info: [0mGET /posts?[object%20Object] [36m304[0m 10.137 ms - -[0m
2023-04-14 18:26:15 info: [0mOPTIONS /posts/update/3 [32m204[0m 0.758 ms - 0[0m
2023-04-14 18:26:15 info: [0mPUT /posts/update/3 [32m200[0m 30.295 ms - 16[0m
2023-04-14 18:26:15 info: [0mGET /posts/show/3 [36m304[0m 17.579 ms - -[0m
2023-04-14 18:26:15 info: [0mGET /categories?[object%20Object] [36m304[0m 34.851 ms - -[0m
2023-04-14 18:26:15 info: [0mGET /ceos?[object%20Object] [36m304[0m 41.296 ms - -[0m
2023-04-14 18:26:15 info: [0mGET /posts?[object%20Object] [36m304[0m 26.286 ms - -[0m
2023-04-14 18:26:54 info: =================================
2023-04-14 18:26:54 info: ======= ENV: development =======
2023-04-14 18:26:54 info: 🚀 App listening on the port 8000
2023-04-14 18:26:54 info: =================================
2023-04-14 18:27:05 info: [0mOPTIONS /admins/profile [32m204[0m 2.455 ms - 0[0m
2023-04-14 18:27:05 info: [0mGET /posts/show/3 [36m304[0m 240.166 ms - -[0m
2023-04-14 18:27:06 info: [0mGET /posts?page=1&page_size=10 [32m200[0m 156.381 ms - 654[0m
2023-04-14 18:27:06 info: [0mGET /admins/profile [36m304[0m 146.350 ms - -[0m
2023-04-14 18:27:06 info: [0mGET /posts?page=1&page_size=10 [36m304[0m 10.373 ms - -[0m
2023-04-14 18:27:07 info: [0mGET /posts/show/3 [36m304[0m 53.763 ms - -[0m
2023-04-14 18:27:07 info: [0mGET /admins/profile [36m304[0m 75.344 ms - -[0m
2023-04-14 18:27:07 info: [0mGET /categories?[object%20Object] [36m304[0m 25.625 ms - -[0m
2023-04-14 18:27:07 info: [0mGET /ceos?[object%20Object] [36m304[0m 49.829 ms - -[0m
2023-04-14 18:27:07 info: [0mGET /posts?[object%20Object] [36m304[0m 48.719 ms - -[0m
2023-04-14 18:27:15 info: [0mOPTIONS /posts/update/3 [32m204[0m 0.348 ms - 0[0m
2023-04-14 18:27:15 error: {"name":"SequelizeUniqueConstraintError","errors":[{"message":"PRIMARY must be unique","type":"unique violation","path":"PRIMARY","value":"3","origin":"DB","instance":null,"validatorKey":"not_unique","validatorName":null,"validatorArgs":[]}],"parent":{"code":"ER_DUP_ENTRY","errno":1062,"sqlState":"23000","sqlMessage":"Duplicate entry '3' for key 'post_translation.PRIMARY'","sql":"UPDATE `post_translation` SET `name`=?,`description`=?,`content`=?,`custom_slug`=?,`meta_title`=?,`meta_description`=?,`canonica_link`=?,`meta_robots`=?,`meta_image`=?,`locale`=?,`id`=?,`slug`=?,`meta_keyword`=?,`meta_viewport`=? WHERE `post_id` = ? AND `locale` = ?","parameters":["test","test","<p>test</p>","test","test","test","test","test","test","vi",3,"test","","","3","vi"]},"original":{"code":"ER_DUP_ENTRY","errno":1062,"sqlState":"23000","sqlMessage":"Duplicate entry '3' for key 'post_translation.PRIMARY'","sql":"UPDATE `post_translation` SET `name`=?,`description`=?,`content`=?,`custom_slug`=?,`meta_title`=?,`meta_description`=?,`canonica_link`=?,`meta_robots`=?,`meta_image`=?,`locale`=?,`id`=?,`slug`=?,`meta_keyword`=?,`meta_viewport`=? WHERE `post_id` = ? AND `locale` = ?","parameters":["test","test","<p>test</p>","test","test","test","test","test","test","vi",3,"test","","","3","vi"]},"fields":{"PRIMARY":"3"},"sql":"UPDATE `post_translation` SET `name`=?,`description`=?,`content`=?,`custom_slug`=?,`meta_title`=?,`meta_description`=?,`canonica_link`=?,`meta_robots`=?,`meta_image`=?,`locale`=?,`id`=?,`slug`=?,`meta_keyword`=?,`meta_viewport`=? WHERE `post_id` = ? AND `locale` = ?"}
2023-04-14 18:27:15 info: [0mPUT /posts/update/3 [32m200[0m 112.284 ms - 16[0m
2023-04-14 18:27:15 info: [0mGET /posts/show/3 [36m304[0m 13.718 ms - -[0m
2023-04-14 18:27:15 info: [0mGET /posts/show/3 [36m304[0m 43.112 ms - -[0m
2023-04-14 18:27:16 info: [0mGET /categories?[object%20Object] [36m304[0m 11.696 ms - -[0m
2023-04-14 18:27:16 info: [0mGET /ceos?[object%20Object] [36m304[0m 12.969 ms - -[0m
2023-04-14 18:27:16 info: [0mGET /posts?[object%20Object] [36m304[0m 16.638 ms - -[0m
2023-04-14 18:27:35 info: [0mOPTIONS /admins/profile [32m204[0m 0.671 ms - 0[0m
2023-04-14 18:27:35 info: [0mGET /categories?[object%20Object] [36m304[0m 215.694 ms - -[0m
2023-04-14 18:27:35 info: [0mGET /ceos?[object%20Object] [36m304[0m 216.222 ms - -[0m
2023-04-14 18:27:35 info: [0mGET /posts?[object%20Object] [36m304[0m 265.515 ms - -[0m
2023-04-14 18:27:35 info: [0mGET /admins/profile [36m304[0m 307.830 ms - -[0m
2023-04-14 18:27:35 info: [0mGET /posts/show/3 [36m304[0m 37.520 ms - -[0m
2023-04-14 18:27:36 info: [0mGET /categories?[object%20Object] [36m304[0m 30.791 ms - -[0m
2023-04-14 18:27:36 info: [0mGET /posts?[object%20Object] [36m304[0m 90.242 ms - -[0m
2023-04-14 18:27:36 info: [0mGET /ceos?[object%20Object] [36m304[0m 153.327 ms - -[0m
2023-04-14 18:27:54 info: =================================
2023-04-14 18:27:54 info: ======= ENV: development =======
2023-04-14 18:27:54 info: 🚀 App listening on the port 8000
2023-04-14 18:27:54 info: =================================
2023-04-14 18:28:01 info: [0mOPTIONS /posts/update/3 [32m204[0m 1.751 ms - 0[0m
2023-04-14 18:28:02 error: {"name":"SequelizeUniqueConstraintError","errors":[{"message":"PRIMARY must be unique","type":"unique violation","path":"PRIMARY","value":"3","origin":"DB","instance":null,"validatorKey":"not_unique","validatorName":null,"validatorArgs":[]}],"parent":{"code":"ER_DUP_ENTRY","errno":1062,"sqlState":"23000","sqlMessage":"Duplicate entry '3' for key 'post_translation.PRIMARY'","sql":"UPDATE `post_translation` SET `name`=?,`description`=?,`content`=?,`custom_slug`=?,`meta_title`=?,`meta_description`=?,`canonica_link`=?,`meta_robots`=?,`meta_image`=?,`locale`=?,`id`=?,`slug`=?,`meta_keyword`=?,`meta_viewport`=? WHERE `post_id` = ? AND `locale` = ?","parameters":["test","test","<p>test</p>","test","test","test","test","test","test","vi",3,"test","","","3","vi"]},"original":{"code":"ER_DUP_ENTRY","errno":1062,"sqlState":"23000","sqlMessage":"Duplicate entry '3' for key 'post_translation.PRIMARY'","sql":"UPDATE `post_translation` SET `name`=?,`description`=?,`content`=?,`custom_slug`=?,`meta_title`=?,`meta_description`=?,`canonica_link`=?,`meta_robots`=?,`meta_image`=?,`locale`=?,`id`=?,`slug`=?,`meta_keyword`=?,`meta_viewport`=? WHERE `post_id` = ? AND `locale` = ?","parameters":["test","test","<p>test</p>","test","test","test","test","test","test","vi",3,"test","","","3","vi"]},"fields":{"PRIMARY":"3"},"sql":"UPDATE `post_translation` SET `name`=?,`description`=?,`content`=?,`custom_slug`=?,`meta_title`=?,`meta_description`=?,`canonica_link`=?,`meta_robots`=?,`meta_image`=?,`locale`=?,`id`=?,`slug`=?,`meta_keyword`=?,`meta_viewport`=? WHERE `post_id` = ? AND `locale` = ?"}
2023-04-14 18:28:02 info: [0mPUT /posts/update/3 [32m200[0m 299.107 ms - 16[0m
2023-04-14 18:28:02 info: [0mGET /posts/show/3 [36m304[0m 65.244 ms - -[0m
2023-04-14 18:28:03 info: [0mGET /categories?[object%20Object] [36m304[0m 317.435 ms - -[0m
2023-04-14 18:28:03 info: [0mGET /ceos?[object%20Object] [36m304[0m 326.620 ms - -[0m
2023-04-14 18:28:03 info: [0mGET /posts?[object%20Object] [36m304[0m 302.043 ms - -[0m
2023-04-14 18:30:09 info: =================================
2023-04-14 18:30:09 info: ======= ENV: development =======
2023-04-14 18:30:09 info: 🚀 App listening on the port 8000
2023-04-14 18:30:09 info: =================================
2023-04-14 18:30:12 info: [0mOPTIONS /admins/profile [32m204[0m 2.510 ms - 0[0m
2023-04-14 18:30:12 info: [0mGET /categories?[object%20Object] [36m304[0m 323.242 ms - -[0m
2023-04-14 18:30:12 info: [0mGET /ceos?[object%20Object] [36m304[0m 292.085 ms - -[0m
2023-04-14 18:30:12 info: [0mGET /posts/show/3 [36m304[0m 97.658 ms - -[0m
2023-04-14 18:30:12 info: [0mGET /admins/profile [36m304[0m 441.983 ms - -[0m
2023-04-14 18:30:12 info: [0mGET /posts?[object%20Object] [36m304[0m 343.541 ms - -[0m
2023-04-14 18:30:13 info: [0mGET /posts?[object%20Object] [36m304[0m 42.241 ms - -[0m
2023-04-14 18:30:13 info: [0mGET /ceos?[object%20Object] [36m304[0m 58.908 ms - -[0m
2023-04-14 18:30:13 info: [0mGET /categories?[object%20Object] [36m304[0m 68.591 ms - -[0m
2023-04-14 18:30:32 info: [0mOPTIONS /posts/update/3 [32m204[0m 8.213 ms - 0[0m
2023-04-14 18:30:32 error: {"name":"SequelizeUniqueConstraintError","errors":[{"message":"PRIMARY must be unique","type":"unique violation","path":"PRIMARY","value":"3","origin":"DB","instance":null,"validatorKey":"not_unique","validatorName":null,"validatorArgs":[]}],"parent":{"code":"ER_DUP_ENTRY","errno":1062,"sqlState":"23000","sqlMessage":"Duplicate entry '3' for key 'post_translation.PRIMARY'","sql":"UPDATE `post_translation` SET `name`=?,`description`=?,`content`=?,`custom_slug`=?,`meta_title`=?,`meta_description`=?,`canonica_link`=?,`meta_robots`=?,`meta_image`=?,`locale`=?,`id`=?,`slug`=?,`meta_keyword`=?,`meta_viewport`=? WHERE `post_id` = ? AND `locale` = ?","parameters":["test","test","<p>test</p>","test","test","testvvsvsvs","","","","vi",3,"test","","","3","vi"]},"original":{"code":"ER_DUP_ENTRY","errno":1062,"sqlState":"23000","sqlMessage":"Duplicate entry '3' for key 'post_translation.PRIMARY'","sql":"UPDATE `post_translation` SET `name`=?,`description`=?,`content`=?,`custom_slug`=?,`meta_title`=?,`meta_description`=?,`canonica_link`=?,`meta_robots`=?,`meta_image`=?,`locale`=?,`id`=?,`slug`=?,`meta_keyword`=?,`meta_viewport`=? WHERE `post_id` = ? AND `locale` = ?","parameters":["test","test","<p>test</p>","test","test","testvvsvsvs","","","","vi",3,"test","","","3","vi"]},"fields":{"PRIMARY":"3"},"sql":"UPDATE `post_translation` SET `name`=?,`description`=?,`content`=?,`custom_slug`=?,`meta_title`=?,`meta_description`=?,`canonica_link`=?,`meta_robots`=?,`meta_image`=?,`locale`=?,`id`=?,`slug`=?,`meta_keyword`=?,`meta_viewport`=? WHERE `post_id` = ? AND `locale` = ?"}
2023-04-14 18:30:32 info: [0mPUT /posts/update/3 [32m200[0m 134.354 ms - 16[0m
2023-04-14 18:30:32 info: [0mGET /posts/show/3 [36m304[0m 34.526 ms - -[0m
2023-04-14 18:30:33 info: [0mGET /categories?[object%20Object] [36m304[0m 27.449 ms - -[0m
2023-04-14 18:30:33 info: [0mGET /ceos?[object%20Object] [36m304[0m 67.863 ms - -[0m
2023-04-14 18:30:33 info: [0mGET /posts?[object%20Object] [36m304[0m 65.663 ms - -[0m
2023-04-14 18:30:39 info: [0mOPTIONS /posts/update/3 [32m204[0m 0.453 ms - 0[0m
2023-04-14 18:30:39 error: {"name":"SequelizeUniqueConstraintError","errors":[{"message":"PRIMARY must be unique","type":"unique violation","path":"PRIMARY","value":"3","origin":"DB","instance":null,"validatorKey":"not_unique","validatorName":null,"validatorArgs":[]}],"parent":{"code":"ER_DUP_ENTRY","errno":1062,"sqlState":"23000","sqlMessage":"Duplicate entry '3' for key 'post_translation.PRIMARY'","sql":"UPDATE `post_translation` SET `name`=?,`description`=?,`content`=?,`custom_slug`=?,`meta_title`=?,`meta_description`=?,`canonica_link`=?,`meta_robots`=?,`meta_image`=?,`locale`=?,`id`=?,`slug`=?,`meta_keyword`=?,`meta_viewport`=? WHERE `post_id` = ? AND `locale` = ?","parameters":["test","test","<p>test</p>","test","test","testvsvsvs","","","","vi",3,"test","","","3","vi"]},"original":{"code":"ER_DUP_ENTRY","errno":1062,"sqlState":"23000","sqlMessage":"Duplicate entry '3' for key 'post_translation.PRIMARY'","sql":"UPDATE `post_translation` SET `name`=?,`description`=?,`content`=?,`custom_slug`=?,`meta_title`=?,`meta_description`=?,`canonica_link`=?,`meta_robots`=?,`meta_image`=?,`locale`=?,`id`=?,`slug`=?,`meta_keyword`=?,`meta_viewport`=? WHERE `post_id` = ? AND `locale` = ?","parameters":["test","test","<p>test</p>","test","test","testvsvsvs","","","","vi",3,"test","","","3","vi"]},"fields":{"PRIMARY":"3"},"sql":"UPDATE `post_translation` SET `name`=?,`description`=?,`content`=?,`custom_slug`=?,`meta_title`=?,`meta_description`=?,`canonica_link`=?,`meta_robots`=?,`meta_image`=?,`locale`=?,`id`=?,`slug`=?,`meta_keyword`=?,`meta_viewport`=? WHERE `post_id` = ? AND `locale` = ?"}
2023-04-14 18:30:39 info: [0mPUT /posts/update/3 [32m200[0m 37.341 ms - 16[0m
2023-04-14 18:30:39 info: [0mGET /posts/show/3 [36m304[0m 13.035 ms - -[0m
2023-04-14 18:30:39 info: [0mGET /categories?[object%20Object] [36m304[0m 39.380 ms - -[0m
2023-04-14 18:30:39 info: [0mGET /ceos?[object%20Object] [36m304[0m 41.023 ms - -[0m
2023-04-14 18:30:39 info: [0mGET /posts?[object%20Object] [36m304[0m 37.365 ms - -[0m
2023-04-14 18:30:42 info: [0mOPTIONS /admins/profile [32m204[0m 1.031 ms - 0[0m
2023-04-14 18:30:42 info: [0mGET /categories?[object%20Object] [36m304[0m 46.888 ms - -[0m
2023-04-14 18:30:42 info: [0mGET /ceos?[object%20Object] [36m304[0m 49.882 ms - -[0m
2023-04-14 18:30:42 info: [0mGET /admins/profile [36m304[0m 81.433 ms - -[0m
2023-04-14 18:30:42 info: [0mGET /posts?[object%20Object] [36m304[0m 33.408 ms - -[0m
2023-04-14 18:30:42 info: [0mGET /posts/show/3 [36m304[0m 39.190 ms - -[0m
2023-04-14 18:30:42 info: [0mGET /categories?[object%20Object] [36m304[0m 11.675 ms - -[0m
2023-04-14 18:30:42 info: [0mGET /ceos?[object%20Object] [36m304[0m 12.244 ms - -[0m
2023-04-14 18:30:42 info: [0mGET /posts?[object%20Object] [36m304[0m 17.916 ms - -[0m
2023-04-14 18:30:45 info: [0mGET /posts/show/3 [36m304[0m 18.256 ms - -[0m
2023-04-14 18:30:45 info: [0mGET /posts?page=1&page_size=10 [36m304[0m 14.552 ms - -[0m
2023-04-14 18:30:45 info: [0mGET /admins/profile [36m304[0m 21.425 ms - -[0m
2023-04-14 18:30:45 info: [0mGET /posts?page=1&page_size=10 [36m304[0m 7.867 ms - -[0m
2023-04-14 18:30:47 info: [0mOPTIONS /admins/profile [32m204[0m 1.286 ms - 0[0m
2023-04-14 18:30:47 info: [0mGET /categories?[object%20Object] [36m304[0m 7.020 ms - -[0m
2023-04-14 18:30:47 info: [0mGET /posts?[object%20Object] [36m304[0m 25.298 ms - -[0m
2023-04-14 18:30:47 info: [0mGET /ceos?[object%20Object] [36m304[0m 23.825 ms - -[0m
2023-04-14 18:30:47 info: [0mGET /admins/profile [36m304[0m 28.246 ms - -[0m
2023-04-14 18:31:03 info: [0mOPTIONS /posts/create [32m204[0m 0.680 ms - 0[0m
2023-04-14 18:31:03 info: [0mPOST /posts/create [32m200[0m 57.680 ms - 16[0m
2023-04-14 18:31:03 info: [0mOPTIONS /admins/profile [32m204[0m 0.927 ms - 0[0m
2023-04-14 18:31:03 info: [0mGET /posts?page=1&page_size=10 [32m200[0m 101.485 ms - 863[0m
2023-04-14 18:31:03 info: [0mGET /admins/profile [36m304[0m 128.886 ms - -[0m
2023-04-14 18:31:03 info: [0mGET /posts?page=1&page_size=10 [36m304[0m 18.755 ms - -[0m
2023-04-14 18:31:05 info: [0mGET /posts/show/4 [32m200[0m 27.399 ms - 438[0m
2023-04-14 18:31:05 info: [0mGET /admins/profile [36m304[0m 33.727 ms - -[0m
2023-04-14 18:31:05 info: [0mGET /categories?[object%20Object] [36m304[0m 19.132 ms - -[0m
2023-04-14 18:31:05 info: [0mGET /posts?[object%20Object] [32m200[0m 13.901 ms - 863[0m
2023-04-14 18:31:05 info: [0mGET /ceos?[object%20Object] [36m304[0m 29.110 ms - -[0m
2023-04-14 18:31:13 info: [0mOPTIONS /posts/update/4 [32m204[0m 0.841 ms - 0[0m
2023-04-14 18:31:13 error: {"name":"SequelizeUniqueConstraintError","errors":[{"message":"PRIMARY must be unique","type":"unique violation","path":"PRIMARY","value":"4","origin":"DB","instance":null,"validatorKey":"not_unique","validatorName":null,"validatorArgs":[]}],"parent":{"code":"ER_DUP_ENTRY","errno":1062,"sqlState":"23000","sqlMessage":"Duplicate entry '4' for key 'post_translation.PRIMARY'","sql":"UPDATE `post_translation` SET `name`=?,`description`=?,`content`=?,`custom_slug`=?,`meta_title`=?,`meta_description`=?,`canonica_link`=?,`meta_robots`=?,`meta_image`=?,`locale`=?,`id`=?,`slug`=?,`meta_keyword`=?,`meta_viewport`=? WHERE `post_id` = ? AND `locale` = ?","parameters":["bai viet test","bai viet test","<p>bai viet test</p>","bai-viet-test","bai viet test","bai viet test","","bai viet test","","vi",4,"bai-viet-test","","","4","vi"]},"original":{"code":"ER_DUP_ENTRY","errno":1062,"sqlState":"23000","sqlMessage":"Duplicate entry '4' for key 'post_translation.PRIMARY'","sql":"UPDATE `post_translation` SET `name`=?,`description`=?,`content`=?,`custom_slug`=?,`meta_title`=?,`meta_description`=?,`canonica_link`=?,`meta_robots`=?,`meta_image`=?,`locale`=?,`id`=?,`slug`=?,`meta_keyword`=?,`meta_viewport`=? WHERE `post_id` = ? AND `locale` = ?","parameters":["bai viet test","bai viet test","<p>bai viet test</p>","bai-viet-test","bai viet test","bai viet test","","bai viet test","","vi",4,"bai-viet-test","","","4","vi"]},"fields":{"PRIMARY":"4"},"sql":"UPDATE `post_translation` SET `name`=?,`description`=?,`content`=?,`custom_slug`=?,`meta_title`=?,`meta_description`=?,`canonica_link`=?,`meta_robots`=?,`meta_image`=?,`locale`=?,`id`=?,`slug`=?,`meta_keyword`=?,`meta_viewport`=? WHERE `post_id` = ? AND `locale` = ?"}
2023-04-14 18:31:13 info: [0mPUT /posts/update/4 [32m200[0m 56.480 ms - 16[0m
2023-04-14 18:31:13 info: [0mGET /posts/show/3 [36m304[0m 20.614 ms - -[0m
2023-04-14 18:31:13 info: [0mGET /posts/show/4 [36m304[0m 89.833 ms - -[0m
2023-04-14 18:31:14 info: [0mGET /categories?[object%20Object] [36m304[0m 16.230 ms - -[0m
2023-04-14 18:31:14 info: [0mGET /ceos?[object%20Object] [36m304[0m 13.133 ms - -[0m
2023-04-14 18:31:14 info: [0mGET /posts?[object%20Object] [36m304[0m 12.925 ms - -[0m
2023-04-14 18:31:17 error: {"name":"SequelizeUniqueConstraintError","errors":[{"message":"PRIMARY must be unique","type":"unique violation","path":"PRIMARY","value":"4","origin":"DB","instance":null,"validatorKey":"not_unique","validatorName":null,"validatorArgs":[]}],"parent":{"code":"ER_DUP_ENTRY","errno":1062,"sqlState":"23000","sqlMessage":"Duplicate entry '4' for key 'post_translation.PRIMARY'","sql":"UPDATE `post_translation` SET `name`=?,`description`=?,`content`=?,`custom_slug`=?,`meta_title`=?,`meta_description`=?,`canonica_link`=?,`meta_robots`=?,`meta_image`=?,`locale`=?,`id`=?,`slug`=?,`meta_keyword`=?,`meta_viewport`=? WHERE `post_id` = ? AND `locale` = ?","parameters":["bai viet test","bai viet test","<p>bai viet test</p>","bai-viet-test","bai viet test","bai viet test","","bai viet test","","vi",4,"bai-viet-test","","","4","vi"]},"original":{"code":"ER_DUP_ENTRY","errno":1062,"sqlState":"23000","sqlMessage":"Duplicate entry '4' for key 'post_translation.PRIMARY'","sql":"UPDATE `post_translation` SET `name`=?,`description`=?,`content`=?,`custom_slug`=?,`meta_title`=?,`meta_description`=?,`canonica_link`=?,`meta_robots`=?,`meta_image`=?,`locale`=?,`id`=?,`slug`=?,`meta_keyword`=?,`meta_viewport`=? WHERE `post_id` = ? AND `locale` = ?","parameters":["bai viet test","bai viet test","<p>bai viet test</p>","bai-viet-test","bai viet test","bai viet test","","bai viet test","","vi",4,"bai-viet-test","","","4","vi"]},"fields":{"PRIMARY":"4"},"sql":"UPDATE `post_translation` SET `name`=?,`description`=?,`content`=?,`custom_slug`=?,`meta_title`=?,`meta_description`=?,`canonica_link`=?,`meta_robots`=?,`meta_image`=?,`locale`=?,`id`=?,`slug`=?,`meta_keyword`=?,`meta_viewport`=? WHERE `post_id` = ? AND `locale` = ?"}
2023-04-14 18:31:17 info: [0mPUT /posts/update/4 [32m200[0m 12.649 ms - 16[0m
2023-04-14 18:31:17 info: [0mGET /posts/show/4 [36m304[0m 52.621 ms - -[0m
2023-04-14 18:31:17 info: [0mGET /posts/show/3 [36m304[0m 48.169 ms - -[0m
2023-04-14 18:31:17 info: [0mGET /ceos?[object%20Object] [36m304[0m 12.746 ms - -[0m
2023-04-14 18:31:17 info: [0mGET /posts?[object%20Object] [36m304[0m 19.499 ms - -[0m
2023-04-14 18:31:17 info: [0mGET /categories?[object%20Object] [36m304[0m 19.819 ms - -[0m
2023-04-14 18:31:21 info: [0mOPTIONS /posts/update/4 [32m204[0m 0.157 ms - 0[0m
2023-04-14 18:31:21 error: {"name":"SequelizeUniqueConstraintError","errors":[{"message":"PRIMARY must be unique","type":"unique violation","path":"PRIMARY","value":"4","origin":"DB","instance":null,"validatorKey":"not_unique","validatorName":null,"validatorArgs":[]}],"parent":{"code":"ER_DUP_ENTRY","errno":1062,"sqlState":"23000","sqlMessage":"Duplicate entry '4' for key 'post_translation.PRIMARY'","sql":"UPDATE `post_translation` SET `name`=?,`description`=?,`content`=?,`custom_slug`=?,`meta_title`=?,`meta_description`=?,`canonica_link`=?,`meta_robots`=?,`meta_image`=?,`locale`=?,`id`=?,`slug`=?,`meta_keyword`=?,`meta_viewport`=? WHERE `post_id` = ? AND `locale` = ?","parameters":["bai viet test","bai viet test","<p>bai viet test</p>","bai-viet-test","bai viet test","bai viet test1211","","","","vi",4,"bai-viet-test","","","4","vi"]},"original":{"code":"ER_DUP_ENTRY","errno":1062,"sqlState":"23000","sqlMessage":"Duplicate entry '4' for key 'post_translation.PRIMARY'","sql":"UPDATE `post_translation` SET `name`=?,`description`=?,`content`=?,`custom_slug`=?,`meta_title`=?,`meta_description`=?,`canonica_link`=?,`meta_robots`=?,`meta_image`=?,`locale`=?,`id`=?,`slug`=?,`meta_keyword`=?,`meta_viewport`=? WHERE `post_id` = ? AND `locale` = ?","parameters":["bai viet test","bai viet test","<p>bai viet test</p>","bai-viet-test","bai viet test","bai viet test1211","","","","vi",4,"bai-viet-test","","","4","vi"]},"fields":{"PRIMARY":"4"},"sql":"UPDATE `post_translation` SET `name`=?,`description`=?,`content`=?,`custom_slug`=?,`meta_title`=?,`meta_description`=?,`canonica_link`=?,`meta_robots`=?,`meta_image`=?,`locale`=?,`id`=?,`slug`=?,`meta_keyword`=?,`meta_viewport`=? WHERE `post_id` = ? AND `locale` = ?"}
2023-04-14 18:31:21 info: [0mPUT /posts/update/4 [32m200[0m 11.859 ms - 16[0m
2023-04-14 18:31:21 info: [0mGET /posts/show/4 [36m304[0m 34.654 ms - -[0m
2023-04-14 18:31:21 info: [0mGET /posts/show/3 [36m304[0m 43.888 ms - -[0m
2023-04-14 18:31:21 info: [0mGET /categories?[object%20Object] [36m304[0m 10.173 ms - -[0m
2023-04-14 18:31:21 info: [0mGET /ceos?[object%20Object] [36m304[0m 11.181 ms - -[0m
2023-04-14 18:31:21 info: [0mGET /posts?[object%20Object] [36m304[0m 22.998 ms - -[0m
2023-04-14 18:31:55 info: [0mOPTIONS /posts/update/4 [32m204[0m 1.822 ms - 0[0m
2023-04-14 18:31:55 error: {"name":"SequelizeUniqueConstraintError","errors":[{"message":"PRIMARY must be unique","type":"unique violation","path":"PRIMARY","value":"4","origin":"DB","instance":null,"validatorKey":"not_unique","validatorName":null,"validatorArgs":[]}],"parent":{"code":"ER_DUP_ENTRY","errno":1062,"sqlState":"23000","sqlMessage":"Duplicate entry '4' for key 'post_translation.PRIMARY'","sql":"UPDATE `post_translation` SET `name`=?,`description`=?,`content`=?,`custom_slug`=?,`meta_title`=?,`meta_description`=?,`canonica_link`=?,`meta_robots`=?,`meta_image`=?,`locale`=?,`id`=?,`slug`=?,`meta_keyword`=?,`meta_viewport`=? WHERE `post_id` = ? AND `locale` = ?","parameters":["bai viet test","bai viet test","<p>bai viet test</p>","bai-viet-test","bai viet test","bai viet test","","","","vi",4,"bai-viet-test","","","4","vi"]},"original":{"code":"ER_DUP_ENTRY","errno":1062,"sqlState":"23000","sqlMessage":"Duplicate entry '4' for key 'post_translation.PRIMARY'","sql":"UPDATE `post_translation` SET `name`=?,`description`=?,`content`=?,`custom_slug`=?,`meta_title`=?,`meta_description`=?,`canonica_link`=?,`meta_robots`=?,`meta_image`=?,`locale`=?,`id`=?,`slug`=?,`meta_keyword`=?,`meta_viewport`=? WHERE `post_id` = ? AND `locale` = ?","parameters":["bai viet test","bai viet test","<p>bai viet test</p>","bai-viet-test","bai viet test","bai viet test","","","","vi",4,"bai-viet-test","","","4","vi"]},"fields":{"PRIMARY":"4"},"sql":"UPDATE `post_translation` SET `name`=?,`description`=?,`content`=?,`custom_slug`=?,`meta_title`=?,`meta_description`=?,`canonica_link`=?,`meta_robots`=?,`meta_image`=?,`locale`=?,`id`=?,`slug`=?,`meta_keyword`=?,`meta_viewport`=? WHERE `post_id` = ? AND `locale` = ?"}
2023-04-14 18:31:55 info: [0mPUT /posts/update/4 [32m200[0m 86.137 ms - 16[0m
2023-04-14 18:31:55 info: [0mGET /posts/show/3 [36m304[0m 13.566 ms - -[0m
2023-04-14 18:31:55 info: [0mGET /posts/show/4 [36m304[0m 38.356 ms - -[0m
2023-04-14 18:31:56 info: [0mGET /categories?[object%20Object] [36m304[0m 9.511 ms - -[0m
2023-04-14 18:31:56 info: [0mGET /ceos?[object%20Object] [36m304[0m 32.654 ms - -[0m
2023-04-14 18:31:56 info: [0mGET /posts?[object%20Object] [36m304[0m 33.820 ms - -[0m
2023-04-14 18:32:42 info: =================================
2023-04-14 18:32:42 info: ======= ENV: development =======
2023-04-14 18:32:42 info: 🚀 App listening on the port 8000
2023-04-14 18:32:42 info: =================================
2023-04-14 18:32:47 info: [0mOPTIONS /admins/profile [32m204[0m 2.696 ms - 0[0m
2023-04-14 18:32:48 info: [0mGET /admins/profile [36m304[0m 510.839 ms - -[0m
2023-04-14 18:32:48 info: [0mGET /categories?[object%20Object] [36m304[0m 474.961 ms - -[0m
2023-04-14 18:32:48 info: [0mGET /ceos?[object%20Object] [36m304[0m 450.193 ms - -[0m
2023-04-14 18:32:48 info: [0mGET /posts?[object%20Object] [36m304[0m 460.593 ms - -[0m
2023-04-14 18:32:48 info: [0mGET /posts/show/4 [36m304[0m 328.274 ms - -[0m
2023-04-14 18:32:49 info: [0mGET /ceos?[object%20Object] [36m304[0m 38.455 ms - -[0m
2023-04-14 18:32:49 info: [0mGET /categories?[object%20Object] [36m304[0m 98.348 ms - -[0m
2023-04-14 18:32:49 info: [0mGET /posts?[object%20Object] [36m304[0m 99.786 ms - -[0m
2023-04-14 18:32:52 info: [0mOPTIONS /posts/update/4 [32m204[0m 0.369 ms - 0[0m
2023-04-14 18:32:52 info: [0mPUT /posts/update/4 [32m200[0m 156.794 ms - 16[0m
2023-04-14 18:32:52 info: [0mGET /posts/show/4 [36m304[0m 89.251 ms - -[0m
2023-04-14 18:32:53 info: [0mGET /categories?[object%20Object] [36m304[0m 95.371 ms - -[0m
2023-04-14 18:32:53 info: [0mGET /ceos?[object%20Object] [36m304[0m 90.622 ms - -[0m
2023-04-14 18:32:53 info: [0mGET /posts?[object%20Object] [36m304[0m 91.321 ms - -[0m
2023-04-14 18:33:29 info: [0mOPTIONS /admins/profile [32m204[0m 1.115 ms - 0[0m
2023-04-14 18:33:29 info: [0mGET /categories?[object%20Object] [32m200[0m 373.747 ms - 356[0m
2023-04-14 18:33:29 info: [0mGET /posts?[object%20Object] [36m304[0m 259.206 ms - -[0m
2023-04-14 18:33:29 info: [0mGET /ceos?[object%20Object] [36m304[0m 278.203 ms - -[0m
2023-04-14 18:33:29 info: [0mGET /posts/show/4 [36m304[0m 94.483 ms - -[0m
2023-04-14 18:33:29 info: [0mGET /admins/profile [36m304[0m 348.206 ms - -[0m
2023-04-14 18:33:30 info: [0mGET /ceos?[object%20Object] [36m304[0m 114.930 ms - -[0m
2023-04-14 18:33:30 info: [0mGET /posts?[object%20Object] [36m304[0m 118.802 ms - -[0m
2023-04-14 18:33:30 info: [0mGET /categories?[object%20Object] [32m200[0m 160.734 ms - 372[0m
2023-04-14 18:33:36 info: [0mOPTIONS /posts/update/4 [32m204[0m 1.696 ms - 0[0m
2023-04-14 18:33:36 info: [0mPUT /posts/update/4 [32m200[0m 30.114 ms - 16[0m
2023-04-14 18:33:36 info: [0mGET /posts/show/4 [36m304[0m 59.285 ms - -[0m
2023-04-14 18:33:37 info: [0mGET /categories?[object%20Object] [36m304[0m 67.383 ms - -[0m
2023-04-14 18:33:37 info: [0mGET /ceos?[object%20Object] [36m304[0m 41.985 ms - -[0m
2023-04-14 18:33:37 info: [0mGET /posts?[object%20Object] [36m304[0m 65.144 ms - -[0m
2023-04-14 18:36:20 info: =================================
2023-04-14 18:36:20 info: ======= ENV: development =======
2023-04-14 18:36:20 info: 🚀 App listening on the port 8000
2023-04-14 18:36:20 info: =================================
2023-04-14 18:36:53 info: =================================
2023-04-14 18:36:53 info: ======= ENV: development =======
2023-04-14 18:36:53 info: 🚀 App listening on the port 8000
2023-04-14 18:36:53 info: =================================
2023-04-14 18:37:01 info: =================================
2023-04-14 18:37:01 info: ======= ENV: development =======
2023-04-14 18:37:01 info: 🚀 App listening on the port 8000
2023-04-14 18:37:01 info: =================================
2023-04-14 18:37:02 info: [0mOPTIONS /admins/profile [32m204[0m 1.795 ms - 0[0m
2023-04-14 18:37:02 info: [0mGET /posts/show/4 [36m304[0m 74.392 ms - -[0m
2023-04-14 18:37:02 info: [0mGET /posts?[object%20Object] [36m304[0m 147.493 ms - -[0m
2023-04-14 18:37:02 info: [0mGET /ceos?[object%20Object] [36m304[0m 173.861 ms - -[0m
2023-04-14 18:37:02 info: [0mGET /categories?[object%20Object] [36m304[0m 208.365 ms - -[0m
2023-04-14 18:37:02 info: [0mGET /admins/profile [36m304[0m 252.229 ms - -[0m
2023-04-14 18:37:02 info: [0mGET /categories?[object%20Object] [36m304[0m 43.712 ms - -[0m
2023-04-14 18:37:02 info: [0mGET /ceos?[object%20Object] [36m304[0m 39.561 ms - -[0m
2023-04-14 18:37:02 info: [0mGET /posts?[object%20Object] [36m304[0m 35.010 ms - -[0m
2023-04-14 18:37:20 info: [0mOPTIONS /posts/update/4 [32m204[0m 0.830 ms - 0[0m
2023-04-14 18:37:21 info: [0mPUT /posts/update/4 [32m200[0m 121.752 ms - 16[0m
2023-04-14 18:37:21 info: [0mGET /posts/show/4 [32m200[0m 16.891 ms - 477[0m
2023-04-14 18:37:21 info: [0mGET /categories?[object%20Object] [36m304[0m 34.841 ms - -[0m
2023-04-14 18:37:21 info: [0mGET /ceos?[object%20Object] [36m304[0m 63.219 ms - -[0m
2023-04-14 18:37:21 info: [0mGET /posts?[object%20Object] [36m304[0m 63.106 ms - -[0m
2023-04-14 18:37:23 info: [0mOPTIONS /admins/profile [32m204[0m 0.280 ms - 0[0m
2023-04-14 18:37:23 info: [0mGET /categories?[object%20Object] [36m304[0m 33.463 ms - -[0m
2023-04-14 18:37:23 info: [0mGET /ceos?[object%20Object] [36m304[0m 46.791 ms - -[0m
2023-04-14 18:37:23 info: [0mGET /posts?[object%20Object] [36m304[0m 45.180 ms - -[0m
2023-04-14 18:37:23 info: [0mGET /admins/profile [36m304[0m 116.412 ms - -[0m
2023-04-14 18:37:24 info: [0mGET /posts/show/4 [36m304[0m 15.519 ms - -[0m
2023-04-14 18:37:24 info: [0mGET /categories?[object%20Object] [36m304[0m 15.559 ms - -[0m
2023-04-14 18:37:24 info: [0mGET /ceos?[object%20Object] [36m304[0m 20.601 ms - -[0m
2023-04-14 18:37:24 info: [0mGET /posts?[object%20Object] [36m304[0m 24.431 ms - -[0m
2023-04-14 18:37:32 info: [0mOPTIONS /posts/update/4 [32m204[0m 0.552 ms - 0[0m
2023-04-14 18:37:32 info: [0mPUT /posts/update/4 [32m200[0m 30.761 ms - 16[0m
2023-04-14 18:37:32 info: [0mGET /posts/show/4 [32m200[0m 54.927 ms - 497[0m
2023-04-14 18:37:32 info: [0mGET /categories?[object%20Object] [36m304[0m 13.850 ms - -[0m
2023-04-14 18:37:32 info: [0mGET /ceos?[object%20Object] [36m304[0m 13.104 ms - -[0m
2023-04-14 18:37:32 info: [0mGET /posts?[object%20Object] [36m304[0m 14.381 ms - -[0m
2023-04-14 21:54:40 info: [0mOPTIONS /admins/profile [32m204[0m 1.244 ms - 0[0m
2023-04-14 21:54:40 info: [0mGET /posts/show/4 [36m304[0m 80.286 ms - -[0m
2023-04-14 21:54:40 info: [0mGET /posts?[object%20Object] [36m304[0m 163.334 ms - -[0m
2023-04-14 21:54:40 info: [0mGET /ceos?[object%20Object] [36m304[0m 160.255 ms - -[0m
2023-04-14 21:54:40 info: [0mGET /categories?[object%20Object] [36m304[0m 196.433 ms - -[0m
2023-04-14 21:54:40 info: [0mGET /admins/profile [36m304[0m 277.364 ms - -[0m
2023-04-14 21:54:41 info: [0mGET /categories?[object%20Object] [36m304[0m 51.694 ms - -[0m
2023-04-14 21:54:41 info: [0mGET /posts?[object%20Object] [36m304[0m 61.245 ms - -[0m
2023-04-14 21:54:41 info: [0mGET /ceos?[object%20Object] [36m304[0m 70.477 ms - -[0m
2023-04-14 21:55:04 info: =================================
2023-04-14 21:55:04 info: ======= ENV: development =======
2023-04-14 21:55:04 info: 🚀 App listening on the port 8000
2023-04-14 21:55:04 info: =================================
2023-04-14 21:55:23 info: =================================
2023-04-14 21:55:23 info: ======= ENV: development =======
2023-04-14 21:55:23 info: 🚀 App listening on the port 8000
2023-04-14 21:55:23 info: =================================
2023-04-14 22:46:22 info: [0mOPTIONS /admins/profile [32m204[0m 9.895 ms - 0[0m
2023-04-14 22:46:23 info: [0mGET /categories?[object%20Object] [36m304[0m 729.066 ms - -[0m
2023-04-14 22:46:23 info: [0mGET /posts?[object%20Object] [36m304[0m 702.796 ms - -[0m
2023-04-14 22:46:23 info: [0mGET /ceos?[object%20Object] [36m304[0m 662.992 ms - -[0m
2023-04-14 22:46:24 info: [0mGET /posts/show/4 [36m304[0m 139.152 ms - -[0m
2023-04-14 22:46:24 info: [0mGET /admins/profile [36m304[0m 1042.821 ms - -[0m
2023-04-14 22:46:24 info: [0mGET /ceos?[object%20Object] [36m304[0m 43.924 ms - -[0m
2023-04-14 22:46:24 info: [0mGET /posts?[object%20Object] [36m304[0m 43.107 ms - -[0m
2023-04-14 22:46:24 info: [0mGET /categories?[object%20Object] [36m304[0m 47.177 ms - -[0m
2023-04-14 23:41:00 info: [0mOPTIONS /admins/login [32m204[0m 5.961 ms - 0[0m
2023-04-14 23:41:00 info: [0mPOST /admins/login [32m200[0m 269.892 ms - -[0m
2023-04-14 23:41:01 info: [0mOPTIONS /admins/profile [32m204[0m 0.214 ms - 0[0m
2023-04-14 23:41:01 info: [0mGET /admins/profile [36m304[0m 147.747 ms - -[0m
2023-04-14 23:41:03 info: [0mGET /admins/profile [36m304[0m 50.632 ms - -[0m
2023-04-14 23:41:03 info: [0mGET /ceos? [32m200[0m 93.590 ms - 362[0m
2023-04-14 23:41:03 info: [0mGET /ceos?page=1&page_size=10 [32m200[0m 15.342 ms - 362[0m
2023-04-14 23:41:08 info: [0mOPTIONS /admins/profile [32m204[0m 0.353 ms - 0[0m
2023-04-14 23:41:08 info: [0mGET /admins/profile [36m304[0m 38.680 ms - -[0m
2023-04-14 23:51:06 info: [0mOPTIONS /admins/profile [32m204[0m 0.810 ms - 0[0m
2023-04-14 23:51:07 info: [0mGET /admins/profile [36m304[0m 185.251 ms - -[0m
2023-04-14 23:51:13 info: [0mOPTIONS /admins/profile [32m204[0m 0.176 ms - 0[0m
2023-04-14 23:51:13 info: [0mGET /admins/profile [36m304[0m 47.648 ms - -[0m
2023-04-14 23:51:13 info: [0mGET /projects? [36m304[0m 114.349 ms - -[0m
2023-04-14 23:51:13 info: [0mGET /projects?page=1&page_size=10 [36m304[0m 8.723 ms - -[0m
2023-04-14 23:51:14 info: [0mGET /admins/profile [36m304[0m 38.694 ms - -[0m
2023-04-14 23:51:14 info: [0mGET /posts? [32m200[0m 106.570 ms - 863[0m
2023-04-14 23:51:14 info: [0mGET /posts?page=1&page_size=10 [36m304[0m 28.892 ms - -[0m
2023-04-14 23:51:15 info: [0mGET /categories?[object%20Object] [36m304[0m 85.674 ms - -[0m
2023-04-14 23:51:16 info: [0mGET /posts?[object%20Object] [36m304[0m 137.924 ms - -[0m
2023-04-14 23:51:16 info: [0mGET /admins/profile [36m304[0m 166.955 ms - -[0m
2023-04-14 23:51:16 info: [0mGET /ceos?[object%20Object] [36m304[0m 173.078 ms - -[0m
2023-04-14 23:51:16 info: [0mGET /admins/profile [36m304[0m 23.609 ms - -[0m
2023-04-14 23:51:16 info: [0mGET /posts?page=1&page_size=10 [36m304[0m 21.059 ms - -[0m
2023-04-14 23:51:16 info: [0mGET /posts?page=1&page_size=10 [36m304[0m 8.893 ms - -[0m
2023-04-14 23:51:17 info: [0mGET /admins/profile [36m304[0m 13.635 ms - -[0m
2023-04-14 23:51:17 info: [0mGET /projects? [36m304[0m 16.972 ms - -[0m
2023-04-14 23:51:17 info: [0mGET /projects?page=1&page_size=10 [36m304[0m 15.714 ms - -[0m
2023-04-14 23:51:18 info: [0mOPTIONS /admins/profile [32m204[0m 0.206 ms - 0[0m
2023-04-14 23:51:18 info: [0mGET /projects?[object%20Object] [32m200[0m 8.238 ms - 477[0m
2023-04-14 23:51:18 info: [0mGET /admins/profile [36m304[0m 8.881 ms - -[0m
2023-04-14 23:51:19 info: [0mGET /projects?page=1&page_size=10 [36m304[0m 10.128 ms - -[0m
2023-04-14 23:51:19 info: [0mGET /admins/profile [36m304[0m 20.201 ms - -[0m
2023-04-14 23:51:19 info: [0mGET /projects?page=1&page_size=10 [36m304[0m 18.126 ms - -[0m
2023-04-14 23:51:20 info: [0mGET /admins/profile [36m304[0m 14.925 ms - -[0m
2023-04-14 23:51:20 info: [0mGET /jobs? [36m304[0m 27.274 ms - -[0m
2023-04-14 23:51:20 info: [0mGET /jobs?page=1&page_size=10 [36m304[0m 12.449 ms - -[0m
2023-04-14 23:51:22 info: [0mGET /admins/profile [36m304[0m 20.387 ms - -[0m
2023-04-14 23:51:22 info: [0mGET /jobs?[object%20Object] [36m304[0m 51.422 ms - -[0m
2023-04-14 23:51:23 info: [0mOPTIONS /admins/profile [32m204[0m 0.207 ms - 0[0m
2023-04-14 23:51:23 info: [0mGET /admins/profile [36m304[0m 15.511 ms - -[0m
2023-04-14 23:51:27 info: [0mGET /admins/profile [36m304[0m 11.618 ms - -[0m
2023-04-14 23:51:27 info: [0mGET /projects? [36m304[0m 13.449 ms - -[0m
2023-04-14 23:51:27 info: [0mGET /projects?page=1&page_size=10 [36m304[0m 8.577 ms - -[0m
2023-04-14 23:54:51 info: [0mOPTIONS /admins/login [32m204[0m 15.449 ms - 0[0m
2023-04-14 23:54:51 info: [0mPOST /admins/login [32m200[0m 123.098 ms - -[0m
2023-04-14 23:54:51 info: [0mOPTIONS /admins/profile [32m204[0m 0.320 ms - 0[0m
2023-04-14 23:54:51 info: [0mGET /admins/profile [36m304[0m 100.515 ms - -[0m
2023-04-14 23:54:53 info: [0mGET /ceos? [36m304[0m 20.332 ms - -[0m
2023-04-14 23:54:53 info: [0mGET /admins/profile [36m304[0m 56.244 ms - -[0m
2023-04-14 23:54:53 info: [0mGET /ceos?page=1&page_size=10 [36m304[0m 10.587 ms - -[0m
2023-04-14 23:54:54 info: [0mGET /admins/profile [36m304[0m 46.658 ms - -[0m
2023-04-14 23:56:10 info: [0mOPTIONS /admins/profile [32m204[0m 0.601 ms - 0[0m
2023-04-14 23:56:10 info: [0mGET /projects?[object%20Object] [32m200[0m 91.840 ms - 477[0m
2023-04-14 23:56:10 info: [0mGET /admins/profile [36m304[0m 106.311 ms - -[0m
