2023-04-15 13:07:36 error: uncaughtException: Unrecognized datatype for attribute "jobs.view"
Error: Unrecognized datatype for attribute "jobs.view"
    at /Users/toannguyen/Documents/Source/tn-uptech-backend/node_modules/sequelize/src/model.js:1046:15
    at /Users/toannguyen/Documents/Source/tn-uptech-backend/node_modules/lodash/lodash.js:13469:38
    at /Users/toannguyen/Documents/Source/tn-uptech-backend/node_modules/lodash/lodash.js:4967:15
    at baseForOwn (/Users/toannguyen/Documents/Source/tn-uptech-backend/node_modules/lodash/lodash.js:3032:24)
    at Function.mapValues (/Users/toannguyen/Documents/Source/tn-uptech-backend/node_modules/lodash/lodash.js:13468:7)
    at Function.init (/Users/toannguyen/Documents/Source/tn-uptech-backend/node_modules/sequelize/src/model.js:1042:28)
    at Sequelize.define (/Users/toannguyen/Documents/Source/tn-uptech-backend/node_modules/sequelize/src/sequelize.js:468:11)
    at module.exports (/Users/toannguyen/Documents/Source/tn-uptech-backend/src/infra/sequelize/models/job.model.ts:5:27)
    at /Users/toannguyen/Documents/Source/tn-uptech-backend/src/infra/sequelize/models/index.ts:38:63
    at Array.map (<anonymous>)
2023-04-15 13:12:31 error: uncaughtException: тип Unable to compile TypeScript:
[96msrc/services/job.service.ts[0m:[93m90[0m:[93m41[0m - [91merror[0m[90m TS1003: [0mIdentifier expected.

[7m90[0m         return await models.Job.create({..body })
[7m  [0m [91m                                        ~[0m
[96msrc/services/job.service.ts[0m:[93m90[0m:[93m42[0m - [91merror[0m[90m TS1003: [0mIdentifier expected.

[7m90[0m         return await models.Job.create({..body })
[7m  [0m [91m                                         ~[0m

TSError: тип Unable to compile TypeScript:
[96msrc/services/job.service.ts[0m:[93m90[0m:[93m41[0m - [91merror[0m[90m TS1003: [0mIdentifier expected.

[7m90[0m         return await models.Job.create({..body })
[7m  [0m [91m                                        ~[0m
[96msrc/services/job.service.ts[0m:[93m90[0m:[93m42[0m - [91merror[0m[90m TS1003: [0mIdentifier expected.

[7m90[0m         return await models.Job.create({..body })
[7m  [0m [91m                                         ~[0m

    at createTSError (/Users/toannguyen/Documents/Source/tn-uptech-backend/node_modules/ts-node/src/index.ts:859:12)
    at reportTSError (/Users/toannguyen/Documents/Source/tn-uptech-backend/node_modules/ts-node/src/index.ts:863:19)
    at getOutput (/Users/toannguyen/Documents/Source/tn-uptech-backend/node_modules/ts-node/src/index.ts:1077:36)
    at Object.compile (/Users/toannguyen/Documents/Source/tn-uptech-backend/node_modules/ts-node/src/index.ts:1433:41)
    at Module.m._compile (/Users/toannguyen/Documents/Source/tn-uptech-backend/node_modules/ts-node/src/index.ts:1617:30)
    at Module._extensions..js (node:internal/modules/cjs/loader:1245:10)
    at Object.require.extensions.<computed> [as .ts] (/Users/toannguyen/Documents/Source/tn-uptech-backend/node_modules/ts-node/src/index.ts:1621:12)
    at Module.load (node:internal/modules/cjs/loader:1069:32)
    at Function.Module._load (node:internal/modules/cjs/loader:904:12)
    at Module.require (node:internal/modules/cjs/loader:1093:19)
