2023-05-07 00:02:14 error: uncaughtException: тип Unable to compile TypeScript:
[96msrc/services/service.service.ts[0m:[93m201[0m:[93m17[0m - [91merror[0m[90m TS2588: [0mCannot assign to 'newData' because it is a constant.

[7m201[0m                 newData = [...newData, element.children];
[7m   [0m [91m                ~~~~~~~[0m

TSError: тип Unable to compile TypeScript:
[96msrc/services/service.service.ts[0m:[93m201[0m:[93m17[0m - [91merror[0m[90m TS2588: [0mCannot assign to 'newData' because it is a constant.

[7m201[0m                 newData = [...newData, element.children];
[7m   [0m [91m                ~~~~~~~[0m

    at createTSError (/Users/toannguyen/Documents/Source/tn-uptech-backend/node_modules/ts-node/src/index.ts:859:12)
    at reportTSError (/Users/toannguyen/Documents/Source/tn-uptech-backend/node_modules/ts-node/src/index.ts:863:19)
    at getOutput (/Users/toannguyen/Documents/Source/tn-uptech-backend/node_modules/ts-node/src/index.ts:1077:36)
    at Object.compile (/Users/toannguyen/Documents/Source/tn-uptech-backend/node_modules/ts-node/src/index.ts:1433:41)
    at Module.m._compile (/Users/toannguyen/Documents/Source/tn-uptech-backend/node_modules/ts-node/src/index.ts:1617:30)
    at Module._extensions..js (node:internal/modules/cjs/loader:1245:10)
    at Object.require.extensions.<computed> [as .ts] (/Users/toannguyen/Documents/Source/tn-uptech-backend/node_modules/ts-node/src/index.ts:1621:12)
    at Module.load (node:internal/modules/cjs/loader:1069:32)
    at Function.Module._load (node:internal/modules/cjs/loader:904:12)
    at Module.require (node:internal/modules/cjs/loader:1093:19)
2023-05-07 00:04:49 error: {}
2023-05-07 00:04:50 error: {}
2023-05-07 00:04:56 error: {}
2023-05-07 00:04:57 error: {}
2023-05-07 00:06:15 error: uncaughtException: тип Unable to compile TypeScript:
[96msrc/modules/controllers/service.controller.ts[0m:[93m25[0m:[93m40[0m - [91merror[0m[90m TS2339: [0mProperty 'getListService' does not exist on type 'ServiceService'.

[7m25[0m             const data = await service.getListService();
[7m  [0m [91m                                       ~~~~~~~~~~~~~~[0m
[96msrc/modules/controllers/service.controller.ts[0m:[93m36[0m:[93m40[0m - [91merror[0m[90m TS2339: [0mProperty 'getListFeatured' does not exist on type 'ServiceService'.

[7m36[0m             const data = await service.getListFeatured();
[7m  [0m [91m                                       ~~~~~~~~~~~~~~~[0m
[96msrc/modules/controllers/service.controller.ts[0m:[93m47[0m:[93m40[0m - [91merror[0m[90m TS2339: [0mProperty 'getNav' does not exist on type 'ServiceService'.

[7m47[0m             const data = await service.getNav();
[7m  [0m [91m                                       ~~~~~~[0m
[96msrc/modules/controllers/service.controller.ts[0m:[93m58[0m:[93m46[0m - [91merror[0m[90m TS2339: [0mProperty 'store' does not exist on type 'ServiceService'.

[7m58[0m             const data = await await service.store(req.body);
[7m  [0m [91m                                             ~~~~~[0m
[96msrc/modules/controllers/service.controller.ts[0m:[93m68[0m:[93m40[0m - [91merror[0m[90m TS2339: [0mProperty 'findById' does not exist on type 'ServiceService'.

[7m68[0m             const data = await service.findById(req.params.id);
[7m  [0m [91m                                       ~~~~~~~~[0m
[96msrc/modules/controllers/service.controller.ts[0m:[93m78[0m:[93m40[0m - [91merror[0m[90m TS2339: [0mProperty 'findByIdClient' does not exist on type 'ServiceService'.

[7m78[0m             const data = await service.findByIdClient(req.params.id);
[7m  [0m [91m                                       ~~~~~~~~~~~~~~[0m
[96msrc/modules/controllers/service.controller.ts[0m:[93m89[0m:[93m40[0m - [91merror[0m[90m TS2339: [0mProperty 'updateById' does not exist on type 'ServiceService'.

[7m89[0m             const data = await service.updateById(id, req.body);
[7m  [0m [91m                                       ~~~~~~~~~~[0m
[96msrc/modules/controllers/service.controller.ts[0m:[93m99[0m:[93m40[0m - [91merror[0m[90m TS2339: [0mProperty 'deleteById' does not exist on type 'ServiceService'.

[7m99[0m             const data = await service.deleteById(req.params.id);
[7m  [0m [91m                                       ~~~~~~~~~~[0m

TSError: тип Unable to compile TypeScript:
[96msrc/modules/controllers/service.controller.ts[0m:[93m25[0m:[93m40[0m - [91merror[0m[90m TS2339: [0mProperty 'getListService' does not exist on type 'ServiceService'.

[7m25[0m             const data = await service.getListService();
[7m  [0m [91m                                       ~~~~~~~~~~~~~~[0m
[96msrc/modules/controllers/service.controller.ts[0m:[93m36[0m:[93m40[0m - [91merror[0m[90m TS2339: [0mProperty 'getListFeatured' does not exist on type 'ServiceService'.

[7m36[0m             const data = await service.getListFeatured();
[7m  [0m [91m                                       ~~~~~~~~~~~~~~~[0m
[96msrc/modules/controllers/service.controller.ts[0m:[93m47[0m:[93m40[0m - [91merror[0m[90m TS2339: [0mProperty 'getNav' does not exist on type 'ServiceService'.

[7m47[0m             const data = await service.getNav();
[7m  [0m [91m                                       ~~~~~~[0m
[96msrc/modules/controllers/service.controller.ts[0m:[93m58[0m:[93m46[0m - [91merror[0m[90m TS2339: [0mProperty 'store' does not exist on type 'ServiceService'.

[7m58[0m             const data = await await service.store(req.body);
[7m  [0m [91m                                             ~~~~~[0m
[96msrc/modules/controllers/service.controller.ts[0m:[93m68[0m:[93m40[0m - [91merror[0m[90m TS2339: [0mProperty 'findById' does not exist on type 'ServiceService'.

[7m68[0m             const data = await service.findById(req.params.id);
[7m  [0m [91m                                       ~~~~~~~~[0m
[96msrc/modules/controllers/service.controller.ts[0m:[93m78[0m:[93m40[0m - [91merror[0m[90m TS2339: [0mProperty 'findByIdClient' does not exist on type 'ServiceService'.

[7m78[0m             const data = await service.findByIdClient(req.params.id);
[7m  [0m [91m                                       ~~~~~~~~~~~~~~[0m
[96msrc/modules/controllers/service.controller.ts[0m:[93m89[0m:[93m40[0m - [91merror[0m[90m TS2339: [0mProperty 'updateById' does not exist on type 'ServiceService'.

[7m89[0m             const data = await service.updateById(id, req.body);
[7m  [0m [91m                                       ~~~~~~~~~~[0m
[96msrc/modules/controllers/service.controller.ts[0m:[93m99[0m:[93m40[0m - [91merror[0m[90m TS2339: [0mProperty 'deleteById' does not exist on type 'ServiceService'.

[7m99[0m             const data = await service.deleteById(req.params.id);
[7m  [0m [91m                                       ~~~~~~~~~~[0m

    at createTSError (/Users/toannguyen/Documents/Source/tn-uptech-backend/node_modules/ts-node/src/index.ts:859:12)
    at reportTSError (/Users/toannguyen/Documents/Source/tn-uptech-backend/node_modules/ts-node/src/index.ts:863:19)
    at getOutput (/Users/toannguyen/Documents/Source/tn-uptech-backend/node_modules/ts-node/src/index.ts:1077:36)
    at Object.compile (/Users/toannguyen/Documents/Source/tn-uptech-backend/node_modules/ts-node/src/index.ts:1433:41)
    at Module.m._compile (/Users/toannguyen/Documents/Source/tn-uptech-backend/node_modules/ts-node/src/index.ts:1617:30)
    at Module._extensions..js (node:internal/modules/cjs/loader:1245:10)
    at Object.require.extensions.<computed> [as .ts] (/Users/toannguyen/Documents/Source/tn-uptech-backend/node_modules/ts-node/src/index.ts:1621:12)
    at Module.load (node:internal/modules/cjs/loader:1069:32)
    at Function.Module._load (node:internal/modules/cjs/loader:904:12)
    at Module.require (node:internal/modules/cjs/loader:1093:19)
2023-05-07 00:06:27 error: {}
2023-05-07 00:06:29 error: {}
2023-05-07 01:26:58 error: {}
2023-05-07 01:27:02 error: {}
2023-05-07 01:27:53 error: {}
2023-05-07 01:37:03 error: {}
2023-05-07 01:47:32 error: {}
2023-05-07 14:10:22 error: uncaughtException: тип Unable to compile TypeScript:
[96msrc/route/categories.route.ts[0m:[93m16[0m:[93m63[0m - [91merror[0m[90m TS2339: [0mProperty 'getList' does not exist on type 'CategoryController'.

[7m16[0m         this.router.get(`${this.path}/getList`, this.category.getList);
[7m  [0m [91m                                                              ~~~~~~~[0m

TSError: тип Unable to compile TypeScript:
[96msrc/route/categories.route.ts[0m:[93m16[0m:[93m63[0m - [91merror[0m[90m TS2339: [0mProperty 'getList' does not exist on type 'CategoryController'.

[7m16[0m         this.router.get(`${this.path}/getList`, this.category.getList);
[7m  [0m [91m                                                              ~~~~~~~[0m

    at createTSError (/Users/toannguyen/Documents/Source/tn-uptech-backend/node_modules/ts-node/src/index.ts:859:12)
    at reportTSError (/Users/toannguyen/Documents/Source/tn-uptech-backend/node_modules/ts-node/src/index.ts:863:19)
    at getOutput (/Users/toannguyen/Documents/Source/tn-uptech-backend/node_modules/ts-node/src/index.ts:1077:36)
    at Object.compile (/Users/toannguyen/Documents/Source/tn-uptech-backend/node_modules/ts-node/src/index.ts:1433:41)
    at Module.m._compile (/Users/toannguyen/Documents/Source/tn-uptech-backend/node_modules/ts-node/src/index.ts:1617:30)
    at Module._extensions..js (node:internal/modules/cjs/loader:1245:10)
    at Object.require.extensions.<computed> [as .ts] (/Users/toannguyen/Documents/Source/tn-uptech-backend/node_modules/ts-node/src/index.ts:1621:12)
    at Module.load (node:internal/modules/cjs/loader:1069:32)
    at Function.Module._load (node:internal/modules/cjs/loader:904:12)
    at Module.require (node:internal/modules/cjs/loader:1093:19)
2023-05-07 14:10:42 error: uncaughtException: тип Unable to compile TypeScript:
[96msrc/modules/controllers/categories.controller.ts[0m:[93m23[0m:[93m41[0m - [91merror[0m[90m TS2554: [0mExpected 1 arguments, but got 0.

[7m23[0m             const data = await category.getList();
[7m  [0m [91m                                        ~~~~~~~~~[0m

  [96msrc/services/categories.service.ts[0m:[93m9[0m:[93m29[0m
    [7m9[0m     public getList = async (query) => {
    [7m [0m [96m                            ~~~~~[0m
    An argument for 'query' was not provided.

TSError: тип Unable to compile TypeScript:
[96msrc/modules/controllers/categories.controller.ts[0m:[93m23[0m:[93m41[0m - [91merror[0m[90m TS2554: [0mExpected 1 arguments, but got 0.

[7m23[0m             const data = await category.getList();
[7m  [0m [91m                                        ~~~~~~~~~[0m

  [96msrc/services/categories.service.ts[0m:[93m9[0m:[93m29[0m
    [7m9[0m     public getList = async (query) => {
    [7m [0m [96m                            ~~~~~[0m
    An argument for 'query' was not provided.

    at createTSError (/Users/toannguyen/Documents/Source/tn-uptech-backend/node_modules/ts-node/src/index.ts:859:12)
    at reportTSError (/Users/toannguyen/Documents/Source/tn-uptech-backend/node_modules/ts-node/src/index.ts:863:19)
    at getOutput (/Users/toannguyen/Documents/Source/tn-uptech-backend/node_modules/ts-node/src/index.ts:1077:36)
    at Object.compile (/Users/toannguyen/Documents/Source/tn-uptech-backend/node_modules/ts-node/src/index.ts:1433:41)
    at Module.m._compile (/Users/toannguyen/Documents/Source/tn-uptech-backend/node_modules/ts-node/src/index.ts:1617:30)
    at Module._extensions..js (node:internal/modules/cjs/loader:1245:10)
    at Object.require.extensions.<computed> [as .ts] (/Users/toannguyen/Documents/Source/tn-uptech-backend/node_modules/ts-node/src/index.ts:1621:12)
    at Module.load (node:internal/modules/cjs/loader:1069:32)
    at Function.Module._load (node:internal/modules/cjs/loader:904:12)
    at Module.require (node:internal/modules/cjs/loader:1093:19)
2023-05-07 14:10:56 error: uncaughtException: тип Unable to compile TypeScript:
[96msrc/modules/controllers/categories.controller.ts[0m:[93m23[0m:[93m41[0m - [91merror[0m[90m TS2339: [0mProperty 'getListCategories' does not exist on type 'CategoryService'.

[7m23[0m             const data = await category.getListCategories();
[7m  [0m [91m                                        ~~~~~~~~~~~~~~~~~[0m

TSError: тип Unable to compile TypeScript:
[96msrc/modules/controllers/categories.controller.ts[0m:[93m23[0m:[93m41[0m - [91merror[0m[90m TS2339: [0mProperty 'getListCategories' does not exist on type 'CategoryService'.

[7m23[0m             const data = await category.getListCategories();
[7m  [0m [91m                                        ~~~~~~~~~~~~~~~~~[0m

    at createTSError (/Users/toannguyen/Documents/Source/tn-uptech-backend/node_modules/ts-node/src/index.ts:859:12)
    at reportTSError (/Users/toannguyen/Documents/Source/tn-uptech-backend/node_modules/ts-node/src/index.ts:863:19)
    at getOutput (/Users/toannguyen/Documents/Source/tn-uptech-backend/node_modules/ts-node/src/index.ts:1077:36)
    at Object.compile (/Users/toannguyen/Documents/Source/tn-uptech-backend/node_modules/ts-node/src/index.ts:1433:41)
    at Module.m._compile (/Users/toannguyen/Documents/Source/tn-uptech-backend/node_modules/ts-node/src/index.ts:1617:30)
    at Module._extensions..js (node:internal/modules/cjs/loader:1245:10)
    at Object.require.extensions.<computed> [as .ts] (/Users/toannguyen/Documents/Source/tn-uptech-backend/node_modules/ts-node/src/index.ts:1621:12)
    at Module.load (node:internal/modules/cjs/loader:1069:32)
    at Function.Module._load (node:internal/modules/cjs/loader:904:12)
    at Module.require (node:internal/modules/cjs/loader:1093:19)
2023-05-07 14:11:11 error: uncaughtException: тип Unable to compile TypeScript:
[96msrc/services/categories.service.ts[0m:[93m91[0m:[93m22[0m - [91merror[0m[90m TS18004: [0mNo value exists in scope for the shorthand property 'type'. Either declare one or provide an initializer.

[7m91[0m             where: { type }, include: {
[7m  [0m [91m                     ~~~~[0m

TSError: тип Unable to compile TypeScript:
[96msrc/services/categories.service.ts[0m:[93m91[0m:[93m22[0m - [91merror[0m[90m TS18004: [0mNo value exists in scope for the shorthand property 'type'. Either declare one or provide an initializer.

[7m91[0m             where: { type }, include: {
[7m  [0m [91m                     ~~~~[0m

    at createTSError (/Users/toannguyen/Documents/Source/tn-uptech-backend/node_modules/ts-node/src/index.ts:859:12)
    at reportTSError (/Users/toannguyen/Documents/Source/tn-uptech-backend/node_modules/ts-node/src/index.ts:863:19)
    at getOutput (/Users/toannguyen/Documents/Source/tn-uptech-backend/node_modules/ts-node/src/index.ts:1077:36)
    at Object.compile (/Users/toannguyen/Documents/Source/tn-uptech-backend/node_modules/ts-node/src/index.ts:1433:41)
    at Module.m._compile (/Users/toannguyen/Documents/Source/tn-uptech-backend/node_modules/ts-node/src/index.ts:1617:30)
    at Module._extensions..js (node:internal/modules/cjs/loader:1245:10)
    at Object.require.extensions.<computed> [as .ts] (/Users/toannguyen/Documents/Source/tn-uptech-backend/node_modules/ts-node/src/index.ts:1621:12)
    at Module.load (node:internal/modules/cjs/loader:1069:32)
    at Function.Module._load (node:internal/modules/cjs/loader:904:12)
    at Module.require (node:internal/modules/cjs/loader:1093:19)
2023-05-07 14:11:36 error: uncaughtException: тип Unable to compile TypeScript:
[96msrc/route/categories.route.ts[0m:[93m16[0m:[93m73[0m - [91merror[0m[90m TS2339: [0mProperty 'getListCategories' does not exist on type 'CategoryController'.

[7m16[0m         this.router.get(`${this.path}/getListCategories`, this.category.getListCategories);
[7m  [0m [91m                                                                        ~~~~~~~~~~~~~~~~~[0m

TSError: тип Unable to compile TypeScript:
[96msrc/route/categories.route.ts[0m:[93m16[0m:[93m73[0m - [91merror[0m[90m TS2339: [0mProperty 'getListCategories' does not exist on type 'CategoryController'.

[7m16[0m         this.router.get(`${this.path}/getListCategories`, this.category.getListCategories);
[7m  [0m [91m                                                                        ~~~~~~~~~~~~~~~~~[0m

    at createTSError (/Users/toannguyen/Documents/Source/tn-uptech-backend/node_modules/ts-node/src/index.ts:859:12)
    at reportTSError (/Users/toannguyen/Documents/Source/tn-uptech-backend/node_modules/ts-node/src/index.ts:863:19)
    at getOutput (/Users/toannguyen/Documents/Source/tn-uptech-backend/node_modules/ts-node/src/index.ts:1077:36)
    at Object.compile (/Users/toannguyen/Documents/Source/tn-uptech-backend/node_modules/ts-node/src/index.ts:1433:41)
    at Module.m._compile (/Users/toannguyen/Documents/Source/tn-uptech-backend/node_modules/ts-node/src/index.ts:1617:30)
    at Module._extensions..js (node:internal/modules/cjs/loader:1245:10)
    at Object.require.extensions.<computed> [as .ts] (/Users/toannguyen/Documents/Source/tn-uptech-backend/node_modules/ts-node/src/index.ts:1621:12)
    at Module.load (node:internal/modules/cjs/loader:1069:32)
    at Function.Module._load (node:internal/modules/cjs/loader:904:12)
    at Module.require (node:internal/modules/cjs/loader:1093:19)
2023-05-07 14:22:18 error: uncaughtException: тип Unable to compile TypeScript:
[96msrc/services/project.service.ts[0m:[93m228[0m:[93m20[0m - [91merror[0m[90m TS2488: [0mType '{ model: any; as: string; required: boolean; include: { model: any; as: string; required: boolean; where: { locale: any; }; }[]; through: { where: { service_id: { [x: number]: any; }; }; }; }' must have a '[Symbol.iterator]()' method that returns an iterator.

[7m228[0m                 ...{
[7m   [0m [91m                   ~[0m
[7m229[0m                     model: models.Service,
[7m   [0m [91m~~~~~~~~~~~~~~~~~~~~~~~~~~~~~~~~~~~~~~~~~~[0m
[7m...[0m 
[7m247[0m                     } : null
[7m   [0m [91m~~~~~~~~~~~~~~~~~~~~~~~~~~~~[0m
[7m248[0m                 },
[7m   [0m [91m~~~~~~~~~~~~~~~~~[0m
[96msrc/services/project.service.ts[0m:[93m225[0m:[93m13[0m - [91merror[0m[90m TS1109: [0mExpression expected.

[7m225[0m         if () {
[7m   [0m [91m            ~[0m

TSError: тип Unable to compile TypeScript:
[96msrc/services/project.service.ts[0m:[93m228[0m:[93m20[0m - [91merror[0m[90m TS2488: [0mType '{ model: any; as: string; required: boolean; include: { model: any; as: string; required: boolean; where: { locale: any; }; }[]; through: { where: { service_id: { [x: number]: any; }; }; }; }' must have a '[Symbol.iterator]()' method that returns an iterator.

[7m228[0m                 ...{
[7m   [0m [91m                   ~[0m
[7m229[0m                     model: models.Service,
[7m   [0m [91m~~~~~~~~~~~~~~~~~~~~~~~~~~~~~~~~~~~~~~~~~~[0m
[7m...[0m 
[7m247[0m                     } : null
[7m   [0m [91m~~~~~~~~~~~~~~~~~~~~~~~~~~~~[0m
[7m248[0m                 },
[7m   [0m [91m~~~~~~~~~~~~~~~~~[0m
[96msrc/services/project.service.ts[0m:[93m225[0m:[93m13[0m - [91merror[0m[90m TS1109: [0mExpression expected.

[7m225[0m         if () {
[7m   [0m [91m            ~[0m

    at createTSError (/Users/toannguyen/Documents/Source/tn-uptech-backend/node_modules/ts-node/src/index.ts:859:12)
    at reportTSError (/Users/toannguyen/Documents/Source/tn-uptech-backend/node_modules/ts-node/src/index.ts:863:19)
    at getOutput (/Users/toannguyen/Documents/Source/tn-uptech-backend/node_modules/ts-node/src/index.ts:1077:36)
    at Object.compile (/Users/toannguyen/Documents/Source/tn-uptech-backend/node_modules/ts-node/src/index.ts:1433:41)
    at Module.m._compile (/Users/toannguyen/Documents/Source/tn-uptech-backend/node_modules/ts-node/src/index.ts:1617:30)
    at Module._extensions..js (node:internal/modules/cjs/loader:1245:10)
    at Object.require.extensions.<computed> [as .ts] (/Users/toannguyen/Documents/Source/tn-uptech-backend/node_modules/ts-node/src/index.ts:1621:12)
    at Module.load (node:internal/modules/cjs/loader:1069:32)
    at Function.Module._load (node:internal/modules/cjs/loader:904:12)
    at Module.require (node:internal/modules/cjs/loader:1093:19)
2023-05-07 14:22:33 error: uncaughtException: тип Unable to compile TypeScript:
[96msrc/services/project.service.ts[0m:[93m232[0m:[93m21[0m - [91merror[0m[90m TS2322: [0mType '{ model: any; as: string; required: boolean; where?: undefined; } | { model: any; as: string; required: boolean; where: { locale: any; }; } | { model: any; as: string; required: false; include: { model: any; as: string; required: boolean; where: { ...; }; }[]; through: { ...; }; }' is not assignable to type '{ model: any; as: string; required: boolean; where?: undefined; } | { model: any; as: string; required: boolean; where: { locale: any; }; }'.
  Type '{ model: any; as: string; required: false; include: { model: any; as: string; required: boolean; where: { locale: any; }; }[]; through: { where: { service_id: { [x: number]: any; }; }; }; }' is not assignable to type '{ model: any; as: string; required: boolean; where?: undefined; } | { model: any; as: string; required: boolean; where: { locale: any; }; }'.
    Object literal may only specify known properties, and 'include' does not exist in type '{ model: any; as: string; required: boolean; where?: undefined; } | { model: any; as: string; required: boolean; where: { locale: any; }; }'.

[7m232[0m                     include: [
[7m   [0m [91m                    ~~~~~~~~~~[0m
[7m233[0m                         {
[7m   [0m [91m~~~~~~~~~~~~~~~~~~~~~~~~~[0m
[7m...[0m 
[7m241[0m                         }
[7m   [0m [91m~~~~~~~~~~~~~~~~~~~~~~~~~[0m
[7m242[0m                     ],
[7m   [0m [91m~~~~~~~~~~~~~~~~~~~~~[0m
[96msrc/services/project.service.ts[0m:[93m232[0m:[93m21[0m - [91merror[0m[90m TS2322: [0mType '{ model: any; as: string; required: false; include: { model: any; as: string; required: true; where: { locale: any; }; }[]; through: { where: { service_id: { [x: number]: any; }; }; }; }' is not assignable to type '{ model: any; as: string; required: boolean; where?: undefined; } | { model: any; as: string; required: boolean; where: { locale: any; }; }'.
  Object literal may only specify known properties, and 'include' does not exist in type '{ model: any; as: string; required: boolean; where?: undefined; } | { model: any; as: string; required: boolean; where: { locale: any; }; }'.

[7m232[0m                     include: [
[7m   [0m [91m                    ~~~~~~~~~~[0m
[7m233[0m                         {
[7m   [0m [91m~~~~~~~~~~~~~~~~~~~~~~~~~[0m
[7m...[0m 
[7m241[0m                         }
[7m   [0m [91m~~~~~~~~~~~~~~~~~~~~~~~~~[0m
[7m242[0m                     ],
[7m   [0m [91m~~~~~~~~~~~~~~~~~~~~~[0m

TSError: тип Unable to compile TypeScript:
[96msrc/services/project.service.ts[0m:[93m232[0m:[93m21[0m - [91merror[0m[90m TS2322: [0mType '{ model: any; as: string; required: boolean; where?: undefined; } | { model: any; as: string; required: boolean; where: { locale: any; }; } | { model: any; as: string; required: false; include: { model: any; as: string; required: boolean; where: { ...; }; }[]; through: { ...; }; }' is not assignable to type '{ model: any; as: string; required: boolean; where?: undefined; } | { model: any; as: string; required: boolean; where: { locale: any; }; }'.
  Type '{ model: any; as: string; required: false; include: { model: any; as: string; required: boolean; where: { locale: any; }; }[]; through: { where: { service_id: { [x: number]: any; }; }; }; }' is not assignable to type '{ model: any; as: string; required: boolean; where?: undefined; } | { model: any; as: string; required: boolean; where: { locale: any; }; }'.
    Object literal may only specify known properties, and 'include' does not exist in type '{ model: any; as: string; required: boolean; where?: undefined; } | { model: any; as: string; required: boolean; where: { locale: any; }; }'.

[7m232[0m                     include: [
[7m   [0m [91m                    ~~~~~~~~~~[0m
[7m233[0m                         {
[7m   [0m [91m~~~~~~~~~~~~~~~~~~~~~~~~~[0m
[7m...[0m 
[7m241[0m                         }
[7m   [0m [91m~~~~~~~~~~~~~~~~~~~~~~~~~[0m
[7m242[0m                     ],
[7m   [0m [91m~~~~~~~~~~~~~~~~~~~~~[0m
[96msrc/services/project.service.ts[0m:[93m232[0m:[93m21[0m - [91merror[0m[90m TS2322: [0mType '{ model: any; as: string; required: false; include: { model: any; as: string; required: true; where: { locale: any; }; }[]; through: { where: { service_id: { [x: number]: any; }; }; }; }' is not assignable to type '{ model: any; as: string; required: boolean; where?: undefined; } | { model: any; as: string; required: boolean; where: { locale: any; }; }'.
  Object literal may only specify known properties, and 'include' does not exist in type '{ model: any; as: string; required: boolean; where?: undefined; } | { model: any; as: string; required: boolean; where: { locale: any; }; }'.

[7m232[0m                     include: [
[7m   [0m [91m                    ~~~~~~~~~~[0m
[7m233[0m                         {
[7m   [0m [91m~~~~~~~~~~~~~~~~~~~~~~~~~[0m
[7m...[0m 
[7m241[0m                         }
[7m   [0m [91m~~~~~~~~~~~~~~~~~~~~~~~~~[0m
[7m242[0m                     ],
[7m   [0m [91m~~~~~~~~~~~~~~~~~~~~~[0m

    at createTSError (/Users/toannguyen/Documents/Source/tn-uptech-backend/node_modules/ts-node/src/index.ts:859:12)
    at reportTSError (/Users/toannguyen/Documents/Source/tn-uptech-backend/node_modules/ts-node/src/index.ts:863:19)
    at getOutput (/Users/toannguyen/Documents/Source/tn-uptech-backend/node_modules/ts-node/src/index.ts:1077:36)
    at Object.compile (/Users/toannguyen/Documents/Source/tn-uptech-backend/node_modules/ts-node/src/index.ts:1433:41)
    at Module.m._compile (/Users/toannguyen/Documents/Source/tn-uptech-backend/node_modules/ts-node/src/index.ts:1617:30)
    at Module._extensions..js (node:internal/modules/cjs/loader:1245:10)
    at Object.require.extensions.<computed> [as .ts] (/Users/toannguyen/Documents/Source/tn-uptech-backend/node_modules/ts-node/src/index.ts:1621:12)
    at Module.load (node:internal/modules/cjs/loader:1069:32)
    at Function.Module._load (node:internal/modules/cjs/loader:904:12)
    at Module.require (node:internal/modules/cjs/loader:1093:19)
2023-05-07 14:23:16 error: uncaughtException: тип Unable to compile TypeScript:
[96msrc/services/project.service.ts[0m:[93m254[0m:[93m21[0m - [91merror[0m[90m TS2322: [0mType '{ model: any; as: string; required: boolean; where?: undefined; } | { model: any; as: string; required: boolean; where: { locale: any; }; } | { model: any; as: string; required: false; include: { model: any; as: string; required: boolean; where: { ...; }; }[]; through: { ...; }; }' is not assignable to type '{ model: any; as: string; required: boolean; where?: undefined; } | { model: any; as: string; required: boolean; where: { locale: any; }; }'.
  Type '{ model: any; as: string; required: false; include: { model: any; as: string; required: boolean; where: { locale: any; }; }[]; through: { where: { service_id: { [x: number]: any; }; }; }; }' is not assignable to type '{ model: any; as: string; required: boolean; where?: undefined; } | { model: any; as: string; required: boolean; where: { locale: any; }; }'.
    Object literal may only specify known properties, and 'include' does not exist in type '{ model: any; as: string; required: boolean; where?: undefined; } | { model: any; as: string; required: boolean; where: { locale: any; }; }'.

[7m254[0m                     include: [
[7m   [0m [91m                    ~~~~~~~~~~[0m
[7m255[0m                         {
[7m   [0m [91m~~~~~~~~~~~~~~~~~~~~~~~~~[0m
[7m...[0m 
[7m263[0m                         }
[7m   [0m [91m~~~~~~~~~~~~~~~~~~~~~~~~~[0m
[7m264[0m                     ],
[7m   [0m [91m~~~~~~~~~~~~~~~~~~~~~[0m
[96msrc/services/project.service.ts[0m:[93m254[0m:[93m21[0m - [91merror[0m[90m TS2322: [0mType '{ model: any; as: string; required: false; include: { model: any; as: string; required: true; where: { locale: any; }; }[]; through: { where: { service_id: { [x: number]: any; }; }; }; }' is not assignable to type '{ model: any; as: string; required: boolean; where?: undefined; } | { model: any; as: string; required: boolean; where: { locale: any; }; }'.
  Object literal may only specify known properties, and 'include' does not exist in type '{ model: any; as: string; required: boolean; where?: undefined; } | { model: any; as: string; required: boolean; where: { locale: any; }; }'.

[7m254[0m                     include: [
[7m   [0m [91m                    ~~~~~~~~~~[0m
[7m255[0m                         {
[7m   [0m [91m~~~~~~~~~~~~~~~~~~~~~~~~~[0m
[7m...[0m 
[7m263[0m                         }
[7m   [0m [91m~~~~~~~~~~~~~~~~~~~~~~~~~[0m
[7m264[0m                     ],
[7m   [0m [91m~~~~~~~~~~~~~~~~~~~~~[0m

TSError: тип Unable to compile TypeScript:
[96msrc/services/project.service.ts[0m:[93m254[0m:[93m21[0m - [91merror[0m[90m TS2322: [0mType '{ model: any; as: string; required: boolean; where?: undefined; } | { model: any; as: string; required: boolean; where: { locale: any; }; } | { model: any; as: string; required: false; include: { model: any; as: string; required: boolean; where: { ...; }; }[]; through: { ...; }; }' is not assignable to type '{ model: any; as: string; required: boolean; where?: undefined; } | { model: any; as: string; required: boolean; where: { locale: any; }; }'.
  Type '{ model: any; as: string; required: false; include: { model: any; as: string; required: boolean; where: { locale: any; }; }[]; through: { where: { service_id: { [x: number]: any; }; }; }; }' is not assignable to type '{ model: any; as: string; required: boolean; where?: undefined; } | { model: any; as: string; required: boolean; where: { locale: any; }; }'.
    Object literal may only specify known properties, and 'include' does not exist in type '{ model: any; as: string; required: boolean; where?: undefined; } | { model: any; as: string; required: boolean; where: { locale: any; }; }'.

[7m254[0m                     include: [
[7m   [0m [91m                    ~~~~~~~~~~[0m
[7m255[0m                         {
[7m   [0m [91m~~~~~~~~~~~~~~~~~~~~~~~~~[0m
[7m...[0m 
[7m263[0m                         }
[7m   [0m [91m~~~~~~~~~~~~~~~~~~~~~~~~~[0m
[7m264[0m                     ],
[7m   [0m [91m~~~~~~~~~~~~~~~~~~~~~[0m
[96msrc/services/project.service.ts[0m:[93m254[0m:[93m21[0m - [91merror[0m[90m TS2322: [0mType '{ model: any; as: string; required: false; include: { model: any; as: string; required: true; where: { locale: any; }; }[]; through: { where: { service_id: { [x: number]: any; }; }; }; }' is not assignable to type '{ model: any; as: string; required: boolean; where?: undefined; } | { model: any; as: string; required: boolean; where: { locale: any; }; }'.
  Object literal may only specify known properties, and 'include' does not exist in type '{ model: any; as: string; required: boolean; where?: undefined; } | { model: any; as: string; required: boolean; where: { locale: any; }; }'.

[7m254[0m                     include: [
[7m   [0m [91m                    ~~~~~~~~~~[0m
[7m255[0m                         {
[7m   [0m [91m~~~~~~~~~~~~~~~~~~~~~~~~~[0m
[7m...[0m 
[7m263[0m                         }
[7m   [0m [91m~~~~~~~~~~~~~~~~~~~~~~~~~[0m
[7m264[0m                     ],
[7m   [0m [91m~~~~~~~~~~~~~~~~~~~~~[0m

    at createTSError (/Users/toannguyen/Documents/Source/tn-uptech-backend/node_modules/ts-node/src/index.ts:859:12)
    at reportTSError (/Users/toannguyen/Documents/Source/tn-uptech-backend/node_modules/ts-node/src/index.ts:863:19)
    at getOutput (/Users/toannguyen/Documents/Source/tn-uptech-backend/node_modules/ts-node/src/index.ts:1077:36)
    at Object.compile (/Users/toannguyen/Documents/Source/tn-uptech-backend/node_modules/ts-node/src/index.ts:1433:41)
    at Module.m._compile (/Users/toannguyen/Documents/Source/tn-uptech-backend/node_modules/ts-node/src/index.ts:1617:30)
    at Module._extensions..js (node:internal/modules/cjs/loader:1245:10)
    at Object.require.extensions.<computed> [as .ts] (/Users/toannguyen/Documents/Source/tn-uptech-backend/node_modules/ts-node/src/index.ts:1621:12)
    at Module.load (node:internal/modules/cjs/loader:1069:32)
    at Function.Module._load (node:internal/modules/cjs/loader:904:12)
    at Module.require (node:internal/modules/cjs/loader:1093:19)
2023-05-07 15:02:58 error: uncaughtException: тип Unable to compile TypeScript:
[96msrc/infra/sequelize/models/post.model.ts[0m:[93m119[0m:[93m18[0m - [91merror[0m[90m TS2304: [0mCannot find name 'models'.

[7m119[0m     Post.hasMany(models.PostTranslation, {
[7m   [0m [91m                 ~~~~~~[0m
[96msrc/infra/sequelize/models/post.model.ts[0m:[93m124[0m:[93m20[0m - [91merror[0m[90m TS2304: [0mCannot find name 'models'.

[7m124[0m     Post.belongsTo(models.Category, {
[7m   [0m [91m                   ~~~~~~[0m
[96msrc/infra/sequelize/models/post.model.ts[0m:[93m116[0m:[93m13[0m - [91merror[0m[90m TS1136: [0mProperty assignment expected.

[7m116[0m             { onDelete: 'CASCADE' }
[7m   [0m [91m            ~[0m
[96msrc/infra/sequelize/models/post.model.ts[0m:[93m117[0m:[93m9[0m - [91merror[0m[90m TS1005: [0m',' expected.

[7m117[0m         });
[7m   [0m [91m        ~[0m
[96msrc/infra/sequelize/models/post.model.ts[0m:[93m117[0m:[93m10[0m - [91merror[0m[90m TS1005: [0m';' expected.

[7m117[0m         });
[7m   [0m [91m         ~[0m
[96msrc/infra/sequelize/models/post.model.ts[0m:[93m131[0m:[93m1[0m - [91merror[0m[90m TS1128: [0mDeclaration or statement expected.

[7m131[0m };
[7m   [0m [91m~[0m

TSError: тип Unable to compile TypeScript:
[96msrc/infra/sequelize/models/post.model.ts[0m:[93m119[0m:[93m18[0m - [91merror[0m[90m TS2304: [0mCannot find name 'models'.

[7m119[0m     Post.hasMany(models.PostTranslation, {
[7m   [0m [91m                 ~~~~~~[0m
[96msrc/infra/sequelize/models/post.model.ts[0m:[93m124[0m:[93m20[0m - [91merror[0m[90m TS2304: [0mCannot find name 'models'.

[7m124[0m     Post.belongsTo(models.Category, {
[7m   [0m [91m                   ~~~~~~[0m
[96msrc/infra/sequelize/models/post.model.ts[0m:[93m116[0m:[93m13[0m - [91merror[0m[90m TS1136: [0mProperty assignment expected.

[7m116[0m             { onDelete: 'CASCADE' }
[7m   [0m [91m            ~[0m
[96msrc/infra/sequelize/models/post.model.ts[0m:[93m117[0m:[93m9[0m - [91merror[0m[90m TS1005: [0m',' expected.

[7m117[0m         });
[7m   [0m [91m        ~[0m
[96msrc/infra/sequelize/models/post.model.ts[0m:[93m117[0m:[93m10[0m - [91merror[0m[90m TS1005: [0m';' expected.

[7m117[0m         });
[7m   [0m [91m         ~[0m
[96msrc/infra/sequelize/models/post.model.ts[0m:[93m131[0m:[93m1[0m - [91merror[0m[90m TS1128: [0mDeclaration or statement expected.

[7m131[0m };
[7m   [0m [91m~[0m

    at createTSError (/Users/toannguyen/Documents/Source/tn-uptech-backend/node_modules/ts-node/src/index.ts:859:12)
    at reportTSError (/Users/toannguyen/Documents/Source/tn-uptech-backend/node_modules/ts-node/src/index.ts:863:19)
    at getOutput (/Users/toannguyen/Documents/Source/tn-uptech-backend/node_modules/ts-node/src/index.ts:1077:36)
    at Object.compile (/Users/toannguyen/Documents/Source/tn-uptech-backend/node_modules/ts-node/src/index.ts:1433:41)
    at Module.m._compile (/Users/toannguyen/Documents/Source/tn-uptech-backend/node_modules/ts-node/src/index.ts:1617:30)
    at Module._extensions..js (node:internal/modules/cjs/loader:1245:10)
    at Object.require.extensions.<computed> [as .ts] (/Users/toannguyen/Documents/Source/tn-uptech-backend/node_modules/ts-node/src/index.ts:1621:12)
    at Module.load (node:internal/modules/cjs/loader:1069:32)
    at Function.Module._load (node:internal/modules/cjs/loader:904:12)
    at Module.require (node:internal/modules/cjs/loader:1093:19)
2023-05-07 15:32:15 error: {"name":"SequelizeDatabaseError","parent":{"code":"ER_BAD_FIELD_ERROR","errno":1054,"sqlState":"42S22","sqlMessage":"Unknown column 'category.type' in 'field list'","sql":"SELECT `posts`.*, `image`.`id` AS `image.id`, `image`.`filename` AS `image.filename`, `image`.`disk` AS `image.disk`, `image`.`folder_id` AS `image.folder_id`, `image`.`path` AS `image.path`, `image`.`extension` AS `image.extension`, `image`.`mime` AS `image.mime`, `image`.`size` AS `image.size`, `image`.`width` AS `image.width`, `image`.`height` AS `image.height`, `image`.`alt` AS `image.alt`, `image`.`creator` AS `image.creator`, `image`.`editor` AS `image.editor`, `image`.`createdAt` AS `image.createdAt`, `image`.`updatedAt` AS `image.updatedAt`, `category`.`id` AS `category.id`, `category`.`status` AS `category.status`, `category`.`type` AS `category.type`, `category`.`createdAt` AS `category.createdAt`, `category`.`updatedAt` AS `category.updatedAt`, `category->translations`.`id` AS `category.translations.id`, `category->translations`.`slug` AS `category.translations.slug`, `category->translations`.`category_id` AS `category.translations.category_id`, `category->translations`.`locale` AS `category.translations.locale`, `category->translations`.`name` AS `category.translations.name`, `category->translations`.`description` AS `category.translations.description`, `translations`.`id` AS `translations.id`, `translations`.`post_id` AS `translations.post_id`, `translations`.`locale` AS `translations.locale`, `translations`.`name` AS `translations.name`, `translations`.`content` AS `translations.content`, `translations`.`description` AS `translations.description`, `translations`.`slug` AS `translations.slug`, `translations`.`custom_slug` AS `translations.custom_slug`, `translations`.`meta_title` AS `translations.meta_title`, `translations`.`meta_description` AS `translations.meta_description`, `translations`.`meta_keyword` AS `translations.meta_keyword`, `translations`.`meta_robots` AS `translations.meta_robots`, `translations`.`canonica_link` AS `translations.canonica_link`, `translations`.`meta_image` AS `translations.meta_image`, `translations`.`meta_viewport` AS `translations.meta_viewport` FROM (SELECT `posts`.`id`, `posts`.`thumbnail`, `posts`.`category_id`, `posts`.`ceo_id`, `posts`.`related`, `posts`.`banner`, `posts`.`isFeatured`, `posts`.`status`, `posts`.`posted_at`, `posts`.`view`, `posts`.`createdAt`, `posts`.`updatedAt`, `posts`.`deletedAt` FROM `posts` AS `posts` WHERE ( SELECT `post_id` FROM `post_translation` AS `translations` WHERE (`translations`.`locale` = 'vi' AND `translations`.`post_id` = `posts`.`id`) LIMIT 1 ) IS NOT NULL ORDER BY `posts`.`createdAt` DESC LIMIT 0, 10) AS `posts` LEFT OUTER JOIN `medias` AS `image` ON `posts`.`thumbnail` = `image`.`id` LEFT OUTER JOIN `categories` AS `category` ON `posts`.`category_id` = `category`.`id` LEFT OUTER JOIN `category_translation` AS `category->translations` ON `category`.`id` = `category->translations`.`category_id` AND `category->translations`.`locale` = 'vi' INNER JOIN `post_translation` AS `translations` ON `posts`.`id` = `translations`.`post_id` AND `translations`.`locale` = 'vi' ORDER BY `posts`.`createdAt` DESC;"},"original":{"code":"ER_BAD_FIELD_ERROR","errno":1054,"sqlState":"42S22","sqlMessage":"Unknown column 'category.type' in 'field list'","sql":"SELECT `posts`.*, `image`.`id` AS `image.id`, `image`.`filename` AS `image.filename`, `image`.`disk` AS `image.disk`, `image`.`folder_id` AS `image.folder_id`, `image`.`path` AS `image.path`, `image`.`extension` AS `image.extension`, `image`.`mime` AS `image.mime`, `image`.`size` AS `image.size`, `image`.`width` AS `image.width`, `image`.`height` AS `image.height`, `image`.`alt` AS `image.alt`, `image`.`creator` AS `image.creator`, `image`.`editor` AS `image.editor`, `image`.`createdAt` AS `image.createdAt`, `image`.`updatedAt` AS `image.updatedAt`, `category`.`id` AS `category.id`, `category`.`status` AS `category.status`, `category`.`type` AS `category.type`, `category`.`createdAt` AS `category.createdAt`, `category`.`updatedAt` AS `category.updatedAt`, `category->translations`.`id` AS `category.translations.id`, `category->translations`.`slug` AS `category.translations.slug`, `category->translations`.`category_id` AS `category.translations.category_id`, `category->translations`.`locale` AS `category.translations.locale`, `category->translations`.`name` AS `category.translations.name`, `category->translations`.`description` AS `category.translations.description`, `translations`.`id` AS `translations.id`, `translations`.`post_id` AS `translations.post_id`, `translations`.`locale` AS `translations.locale`, `translations`.`name` AS `translations.name`, `translations`.`content` AS `translations.content`, `translations`.`description` AS `translations.description`, `translations`.`slug` AS `translations.slug`, `translations`.`custom_slug` AS `translations.custom_slug`, `translations`.`meta_title` AS `translations.meta_title`, `translations`.`meta_description` AS `translations.meta_description`, `translations`.`meta_keyword` AS `translations.meta_keyword`, `translations`.`meta_robots` AS `translations.meta_robots`, `translations`.`canonica_link` AS `translations.canonica_link`, `translations`.`meta_image` AS `translations.meta_image`, `translations`.`meta_viewport` AS `translations.meta_viewport` FROM (SELECT `posts`.`id`, `posts`.`thumbnail`, `posts`.`category_id`, `posts`.`ceo_id`, `posts`.`related`, `posts`.`banner`, `posts`.`isFeatured`, `posts`.`status`, `posts`.`posted_at`, `posts`.`view`, `posts`.`createdAt`, `posts`.`updatedAt`, `posts`.`deletedAt` FROM `posts` AS `posts` WHERE ( SELECT `post_id` FROM `post_translation` AS `translations` WHERE (`translations`.`locale` = 'vi' AND `translations`.`post_id` = `posts`.`id`) LIMIT 1 ) IS NOT NULL ORDER BY `posts`.`createdAt` DESC LIMIT 0, 10) AS `posts` LEFT OUTER JOIN `medias` AS `image` ON `posts`.`thumbnail` = `image`.`id` LEFT OUTER JOIN `categories` AS `category` ON `posts`.`category_id` = `category`.`id` LEFT OUTER JOIN `category_translation` AS `category->translations` ON `category`.`id` = `category->translations`.`category_id` AND `category->translations`.`locale` = 'vi' INNER JOIN `post_translation` AS `translations` ON `posts`.`id` = `translations`.`post_id` AND `translations`.`locale` = 'vi' ORDER BY `posts`.`createdAt` DESC;"},"sql":"SELECT `posts`.*, `image`.`id` AS `image.id`, `image`.`filename` AS `image.filename`, `image`.`disk` AS `image.disk`, `image`.`folder_id` AS `image.folder_id`, `image`.`path` AS `image.path`, `image`.`extension` AS `image.extension`, `image`.`mime` AS `image.mime`, `image`.`size` AS `image.size`, `image`.`width` AS `image.width`, `image`.`height` AS `image.height`, `image`.`alt` AS `image.alt`, `image`.`creator` AS `image.creator`, `image`.`editor` AS `image.editor`, `image`.`createdAt` AS `image.createdAt`, `image`.`updatedAt` AS `image.updatedAt`, `category`.`id` AS `category.id`, `category`.`status` AS `category.status`, `category`.`type` AS `category.type`, `category`.`createdAt` AS `category.createdAt`, `category`.`updatedAt` AS `category.updatedAt`, `category->translations`.`id` AS `category.translations.id`, `category->translations`.`slug` AS `category.translations.slug`, `category->translations`.`category_id` AS `category.translations.category_id`, `category->translations`.`locale` AS `category.translations.locale`, `category->translations`.`name` AS `category.translations.name`, `category->translations`.`description` AS `category.translations.description`, `translations`.`id` AS `translations.id`, `translations`.`post_id` AS `translations.post_id`, `translations`.`locale` AS `translations.locale`, `translations`.`name` AS `translations.name`, `translations`.`content` AS `translations.content`, `translations`.`description` AS `translations.description`, `translations`.`slug` AS `translations.slug`, `translations`.`custom_slug` AS `translations.custom_slug`, `translations`.`meta_title` AS `translations.meta_title`, `translations`.`meta_description` AS `translations.meta_description`, `translations`.`meta_keyword` AS `translations.meta_keyword`, `translations`.`meta_robots` AS `translations.meta_robots`, `translations`.`canonica_link` AS `translations.canonica_link`, `translations`.`meta_image` AS `translations.meta_image`, `translations`.`meta_viewport` AS `translations.meta_viewport` FROM (SELECT `posts`.`id`, `posts`.`thumbnail`, `posts`.`category_id`, `posts`.`ceo_id`, `posts`.`related`, `posts`.`banner`, `posts`.`isFeatured`, `posts`.`status`, `posts`.`posted_at`, `posts`.`view`, `posts`.`createdAt`, `posts`.`updatedAt`, `posts`.`deletedAt` FROM `posts` AS `posts` WHERE ( SELECT `post_id` FROM `post_translation` AS `translations` WHERE (`translations`.`locale` = 'vi' AND `translations`.`post_id` = `posts`.`id`) LIMIT 1 ) IS NOT NULL ORDER BY `posts`.`createdAt` DESC LIMIT 0, 10) AS `posts` LEFT OUTER JOIN `medias` AS `image` ON `posts`.`thumbnail` = `image`.`id` LEFT OUTER JOIN `categories` AS `category` ON `posts`.`category_id` = `category`.`id` LEFT OUTER JOIN `category_translation` AS `category->translations` ON `category`.`id` = `category->translations`.`category_id` AND `category->translations`.`locale` = 'vi' INNER JOIN `post_translation` AS `translations` ON `posts`.`id` = `translations`.`post_id` AND `translations`.`locale` = 'vi' ORDER BY `posts`.`createdAt` DESC;","parameters":{}}
2023-05-07 15:32:15 error: {"name":"SequelizeDatabaseError","parent":{"code":"ER_BAD_FIELD_ERROR","errno":1054,"sqlState":"42S22","sqlMessage":"Unknown column 'category.type' in 'field list'","sql":"SELECT `posts`.*, `image`.`id` AS `image.id`, `image`.`filename` AS `image.filename`, `image`.`disk` AS `image.disk`, `image`.`folder_id` AS `image.folder_id`, `image`.`path` AS `image.path`, `image`.`extension` AS `image.extension`, `image`.`mime` AS `image.mime`, `image`.`size` AS `image.size`, `image`.`width` AS `image.width`, `image`.`height` AS `image.height`, `image`.`alt` AS `image.alt`, `image`.`creator` AS `image.creator`, `image`.`editor` AS `image.editor`, `image`.`createdAt` AS `image.createdAt`, `image`.`updatedAt` AS `image.updatedAt`, `category`.`id` AS `category.id`, `category`.`status` AS `category.status`, `category`.`type` AS `category.type`, `category`.`createdAt` AS `category.createdAt`, `category`.`updatedAt` AS `category.updatedAt`, `category->translations`.`id` AS `category.translations.id`, `category->translations`.`slug` AS `category.translations.slug`, `category->translations`.`category_id` AS `category.translations.category_id`, `category->translations`.`locale` AS `category.translations.locale`, `category->translations`.`name` AS `category.translations.name`, `category->translations`.`description` AS `category.translations.description`, `translations`.`id` AS `translations.id`, `translations`.`post_id` AS `translations.post_id`, `translations`.`locale` AS `translations.locale`, `translations`.`name` AS `translations.name`, `translations`.`content` AS `translations.content`, `translations`.`description` AS `translations.description`, `translations`.`slug` AS `translations.slug`, `translations`.`custom_slug` AS `translations.custom_slug`, `translations`.`meta_title` AS `translations.meta_title`, `translations`.`meta_description` AS `translations.meta_description`, `translations`.`meta_keyword` AS `translations.meta_keyword`, `translations`.`meta_robots` AS `translations.meta_robots`, `translations`.`canonica_link` AS `translations.canonica_link`, `translations`.`meta_image` AS `translations.meta_image`, `translations`.`meta_viewport` AS `translations.meta_viewport` FROM (SELECT `posts`.`id`, `posts`.`thumbnail`, `posts`.`category_id`, `posts`.`ceo_id`, `posts`.`related`, `posts`.`banner`, `posts`.`isFeatured`, `posts`.`status`, `posts`.`posted_at`, `posts`.`view`, `posts`.`createdAt`, `posts`.`updatedAt`, `posts`.`deletedAt` FROM `posts` AS `posts` WHERE ( SELECT `post_id` FROM `post_translation` AS `translations` WHERE (`translations`.`locale` = 'vi' AND `translations`.`post_id` = `posts`.`id`) LIMIT 1 ) IS NOT NULL ORDER BY `posts`.`createdAt` DESC LIMIT 0, 10) AS `posts` LEFT OUTER JOIN `medias` AS `image` ON `posts`.`thumbnail` = `image`.`id` LEFT OUTER JOIN `categories` AS `category` ON `posts`.`category_id` = `category`.`id` LEFT OUTER JOIN `category_translation` AS `category->translations` ON `category`.`id` = `category->translations`.`category_id` AND `category->translations`.`locale` = 'vi' INNER JOIN `post_translation` AS `translations` ON `posts`.`id` = `translations`.`post_id` AND `translations`.`locale` = 'vi' ORDER BY `posts`.`createdAt` DESC;"},"original":{"code":"ER_BAD_FIELD_ERROR","errno":1054,"sqlState":"42S22","sqlMessage":"Unknown column 'category.type' in 'field list'","sql":"SELECT `posts`.*, `image`.`id` AS `image.id`, `image`.`filename` AS `image.filename`, `image`.`disk` AS `image.disk`, `image`.`folder_id` AS `image.folder_id`, `image`.`path` AS `image.path`, `image`.`extension` AS `image.extension`, `image`.`mime` AS `image.mime`, `image`.`size` AS `image.size`, `image`.`width` AS `image.width`, `image`.`height` AS `image.height`, `image`.`alt` AS `image.alt`, `image`.`creator` AS `image.creator`, `image`.`editor` AS `image.editor`, `image`.`createdAt` AS `image.createdAt`, `image`.`updatedAt` AS `image.updatedAt`, `category`.`id` AS `category.id`, `category`.`status` AS `category.status`, `category`.`type` AS `category.type`, `category`.`createdAt` AS `category.createdAt`, `category`.`updatedAt` AS `category.updatedAt`, `category->translations`.`id` AS `category.translations.id`, `category->translations`.`slug` AS `category.translations.slug`, `category->translations`.`category_id` AS `category.translations.category_id`, `category->translations`.`locale` AS `category.translations.locale`, `category->translations`.`name` AS `category.translations.name`, `category->translations`.`description` AS `category.translations.description`, `translations`.`id` AS `translations.id`, `translations`.`post_id` AS `translations.post_id`, `translations`.`locale` AS `translations.locale`, `translations`.`name` AS `translations.name`, `translations`.`content` AS `translations.content`, `translations`.`description` AS `translations.description`, `translations`.`slug` AS `translations.slug`, `translations`.`custom_slug` AS `translations.custom_slug`, `translations`.`meta_title` AS `translations.meta_title`, `translations`.`meta_description` AS `translations.meta_description`, `translations`.`meta_keyword` AS `translations.meta_keyword`, `translations`.`meta_robots` AS `translations.meta_robots`, `translations`.`canonica_link` AS `translations.canonica_link`, `translations`.`meta_image` AS `translations.meta_image`, `translations`.`meta_viewport` AS `translations.meta_viewport` FROM (SELECT `posts`.`id`, `posts`.`thumbnail`, `posts`.`category_id`, `posts`.`ceo_id`, `posts`.`related`, `posts`.`banner`, `posts`.`isFeatured`, `posts`.`status`, `posts`.`posted_at`, `posts`.`view`, `posts`.`createdAt`, `posts`.`updatedAt`, `posts`.`deletedAt` FROM `posts` AS `posts` WHERE ( SELECT `post_id` FROM `post_translation` AS `translations` WHERE (`translations`.`locale` = 'vi' AND `translations`.`post_id` = `posts`.`id`) LIMIT 1 ) IS NOT NULL ORDER BY `posts`.`createdAt` DESC LIMIT 0, 10) AS `posts` LEFT OUTER JOIN `medias` AS `image` ON `posts`.`thumbnail` = `image`.`id` LEFT OUTER JOIN `categories` AS `category` ON `posts`.`category_id` = `category`.`id` LEFT OUTER JOIN `category_translation` AS `category->translations` ON `category`.`id` = `category->translations`.`category_id` AND `category->translations`.`locale` = 'vi' INNER JOIN `post_translation` AS `translations` ON `posts`.`id` = `translations`.`post_id` AND `translations`.`locale` = 'vi' ORDER BY `posts`.`createdAt` DESC;"},"sql":"SELECT `posts`.*, `image`.`id` AS `image.id`, `image`.`filename` AS `image.filename`, `image`.`disk` AS `image.disk`, `image`.`folder_id` AS `image.folder_id`, `image`.`path` AS `image.path`, `image`.`extension` AS `image.extension`, `image`.`mime` AS `image.mime`, `image`.`size` AS `image.size`, `image`.`width` AS `image.width`, `image`.`height` AS `image.height`, `image`.`alt` AS `image.alt`, `image`.`creator` AS `image.creator`, `image`.`editor` AS `image.editor`, `image`.`createdAt` AS `image.createdAt`, `image`.`updatedAt` AS `image.updatedAt`, `category`.`id` AS `category.id`, `category`.`status` AS `category.status`, `category`.`type` AS `category.type`, `category`.`createdAt` AS `category.createdAt`, `category`.`updatedAt` AS `category.updatedAt`, `category->translations`.`id` AS `category.translations.id`, `category->translations`.`slug` AS `category.translations.slug`, `category->translations`.`category_id` AS `category.translations.category_id`, `category->translations`.`locale` AS `category.translations.locale`, `category->translations`.`name` AS `category.translations.name`, `category->translations`.`description` AS `category.translations.description`, `translations`.`id` AS `translations.id`, `translations`.`post_id` AS `translations.post_id`, `translations`.`locale` AS `translations.locale`, `translations`.`name` AS `translations.name`, `translations`.`content` AS `translations.content`, `translations`.`description` AS `translations.description`, `translations`.`slug` AS `translations.slug`, `translations`.`custom_slug` AS `translations.custom_slug`, `translations`.`meta_title` AS `translations.meta_title`, `translations`.`meta_description` AS `translations.meta_description`, `translations`.`meta_keyword` AS `translations.meta_keyword`, `translations`.`meta_robots` AS `translations.meta_robots`, `translations`.`canonica_link` AS `translations.canonica_link`, `translations`.`meta_image` AS `translations.meta_image`, `translations`.`meta_viewport` AS `translations.meta_viewport` FROM (SELECT `posts`.`id`, `posts`.`thumbnail`, `posts`.`category_id`, `posts`.`ceo_id`, `posts`.`related`, `posts`.`banner`, `posts`.`isFeatured`, `posts`.`status`, `posts`.`posted_at`, `posts`.`view`, `posts`.`createdAt`, `posts`.`updatedAt`, `posts`.`deletedAt` FROM `posts` AS `posts` WHERE ( SELECT `post_id` FROM `post_translation` AS `translations` WHERE (`translations`.`locale` = 'vi' AND `translations`.`post_id` = `posts`.`id`) LIMIT 1 ) IS NOT NULL ORDER BY `posts`.`createdAt` DESC LIMIT 0, 10) AS `posts` LEFT OUTER JOIN `medias` AS `image` ON `posts`.`thumbnail` = `image`.`id` LEFT OUTER JOIN `categories` AS `category` ON `posts`.`category_id` = `category`.`id` LEFT OUTER JOIN `category_translation` AS `category->translations` ON `category`.`id` = `category->translations`.`category_id` AND `category->translations`.`locale` = 'vi' INNER JOIN `post_translation` AS `translations` ON `posts`.`id` = `translations`.`post_id` AND `translations`.`locale` = 'vi' ORDER BY `posts`.`createdAt` DESC;","parameters":{}}
2023-05-07 15:32:20 error: {"name":"SequelizeDatabaseError","parent":{"code":"ER_BAD_FIELD_ERROR","errno":1054,"sqlState":"42S22","sqlMessage":"Unknown column 'category.type' in 'field list'","sql":"SELECT `posts`.*, `image`.`id` AS `image.id`, `image`.`filename` AS `image.filename`, `image`.`disk` AS `image.disk`, `image`.`folder_id` AS `image.folder_id`, `image`.`path` AS `image.path`, `image`.`extension` AS `image.extension`, `image`.`mime` AS `image.mime`, `image`.`size` AS `image.size`, `image`.`width` AS `image.width`, `image`.`height` AS `image.height`, `image`.`alt` AS `image.alt`, `image`.`creator` AS `image.creator`, `image`.`editor` AS `image.editor`, `image`.`createdAt` AS `image.createdAt`, `image`.`updatedAt` AS `image.updatedAt`, `category`.`id` AS `category.id`, `category`.`status` AS `category.status`, `category`.`type` AS `category.type`, `category`.`createdAt` AS `category.createdAt`, `category`.`updatedAt` AS `category.updatedAt`, `category->translations`.`id` AS `category.translations.id`, `category->translations`.`slug` AS `category.translations.slug`, `category->translations`.`category_id` AS `category.translations.category_id`, `category->translations`.`locale` AS `category.translations.locale`, `category->translations`.`name` AS `category.translations.name`, `category->translations`.`description` AS `category.translations.description`, `translations`.`id` AS `translations.id`, `translations`.`post_id` AS `translations.post_id`, `translations`.`locale` AS `translations.locale`, `translations`.`name` AS `translations.name`, `translations`.`content` AS `translations.content`, `translations`.`description` AS `translations.description`, `translations`.`slug` AS `translations.slug`, `translations`.`custom_slug` AS `translations.custom_slug`, `translations`.`meta_title` AS `translations.meta_title`, `translations`.`meta_description` AS `translations.meta_description`, `translations`.`meta_keyword` AS `translations.meta_keyword`, `translations`.`meta_robots` AS `translations.meta_robots`, `translations`.`canonica_link` AS `translations.canonica_link`, `translations`.`meta_image` AS `translations.meta_image`, `translations`.`meta_viewport` AS `translations.meta_viewport` FROM (SELECT `posts`.`id`, `posts`.`thumbnail`, `posts`.`category_id`, `posts`.`ceo_id`, `posts`.`related`, `posts`.`banner`, `posts`.`isFeatured`, `posts`.`status`, `posts`.`posted_at`, `posts`.`view`, `posts`.`createdAt`, `posts`.`updatedAt`, `posts`.`deletedAt` FROM `posts` AS `posts` WHERE ( SELECT `post_id` FROM `post_translation` AS `translations` WHERE (`translations`.`locale` = 'vi' AND `translations`.`post_id` = `posts`.`id`) LIMIT 1 ) IS NOT NULL ORDER BY `posts`.`createdAt` DESC LIMIT 0, 10) AS `posts` LEFT OUTER JOIN `medias` AS `image` ON `posts`.`thumbnail` = `image`.`id` LEFT OUTER JOIN `categories` AS `category` ON `posts`.`category_id` = `category`.`id` LEFT OUTER JOIN `category_translation` AS `category->translations` ON `category`.`id` = `category->translations`.`category_id` AND `category->translations`.`locale` = 'vi' INNER JOIN `post_translation` AS `translations` ON `posts`.`id` = `translations`.`post_id` AND `translations`.`locale` = 'vi' ORDER BY `posts`.`createdAt` DESC;"},"original":{"code":"ER_BAD_FIELD_ERROR","errno":1054,"sqlState":"42S22","sqlMessage":"Unknown column 'category.type' in 'field list'","sql":"SELECT `posts`.*, `image`.`id` AS `image.id`, `image`.`filename` AS `image.filename`, `image`.`disk` AS `image.disk`, `image`.`folder_id` AS `image.folder_id`, `image`.`path` AS `image.path`, `image`.`extension` AS `image.extension`, `image`.`mime` AS `image.mime`, `image`.`size` AS `image.size`, `image`.`width` AS `image.width`, `image`.`height` AS `image.height`, `image`.`alt` AS `image.alt`, `image`.`creator` AS `image.creator`, `image`.`editor` AS `image.editor`, `image`.`createdAt` AS `image.createdAt`, `image`.`updatedAt` AS `image.updatedAt`, `category`.`id` AS `category.id`, `category`.`status` AS `category.status`, `category`.`type` AS `category.type`, `category`.`createdAt` AS `category.createdAt`, `category`.`updatedAt` AS `category.updatedAt`, `category->translations`.`id` AS `category.translations.id`, `category->translations`.`slug` AS `category.translations.slug`, `category->translations`.`category_id` AS `category.translations.category_id`, `category->translations`.`locale` AS `category.translations.locale`, `category->translations`.`name` AS `category.translations.name`, `category->translations`.`description` AS `category.translations.description`, `translations`.`id` AS `translations.id`, `translations`.`post_id` AS `translations.post_id`, `translations`.`locale` AS `translations.locale`, `translations`.`name` AS `translations.name`, `translations`.`content` AS `translations.content`, `translations`.`description` AS `translations.description`, `translations`.`slug` AS `translations.slug`, `translations`.`custom_slug` AS `translations.custom_slug`, `translations`.`meta_title` AS `translations.meta_title`, `translations`.`meta_description` AS `translations.meta_description`, `translations`.`meta_keyword` AS `translations.meta_keyword`, `translations`.`meta_robots` AS `translations.meta_robots`, `translations`.`canonica_link` AS `translations.canonica_link`, `translations`.`meta_image` AS `translations.meta_image`, `translations`.`meta_viewport` AS `translations.meta_viewport` FROM (SELECT `posts`.`id`, `posts`.`thumbnail`, `posts`.`category_id`, `posts`.`ceo_id`, `posts`.`related`, `posts`.`banner`, `posts`.`isFeatured`, `posts`.`status`, `posts`.`posted_at`, `posts`.`view`, `posts`.`createdAt`, `posts`.`updatedAt`, `posts`.`deletedAt` FROM `posts` AS `posts` WHERE ( SELECT `post_id` FROM `post_translation` AS `translations` WHERE (`translations`.`locale` = 'vi' AND `translations`.`post_id` = `posts`.`id`) LIMIT 1 ) IS NOT NULL ORDER BY `posts`.`createdAt` DESC LIMIT 0, 10) AS `posts` LEFT OUTER JOIN `medias` AS `image` ON `posts`.`thumbnail` = `image`.`id` LEFT OUTER JOIN `categories` AS `category` ON `posts`.`category_id` = `category`.`id` LEFT OUTER JOIN `category_translation` AS `category->translations` ON `category`.`id` = `category->translations`.`category_id` AND `category->translations`.`locale` = 'vi' INNER JOIN `post_translation` AS `translations` ON `posts`.`id` = `translations`.`post_id` AND `translations`.`locale` = 'vi' ORDER BY `posts`.`createdAt` DESC;"},"sql":"SELECT `posts`.*, `image`.`id` AS `image.id`, `image`.`filename` AS `image.filename`, `image`.`disk` AS `image.disk`, `image`.`folder_id` AS `image.folder_id`, `image`.`path` AS `image.path`, `image`.`extension` AS `image.extension`, `image`.`mime` AS `image.mime`, `image`.`size` AS `image.size`, `image`.`width` AS `image.width`, `image`.`height` AS `image.height`, `image`.`alt` AS `image.alt`, `image`.`creator` AS `image.creator`, `image`.`editor` AS `image.editor`, `image`.`createdAt` AS `image.createdAt`, `image`.`updatedAt` AS `image.updatedAt`, `category`.`id` AS `category.id`, `category`.`status` AS `category.status`, `category`.`type` AS `category.type`, `category`.`createdAt` AS `category.createdAt`, `category`.`updatedAt` AS `category.updatedAt`, `category->translations`.`id` AS `category.translations.id`, `category->translations`.`slug` AS `category.translations.slug`, `category->translations`.`category_id` AS `category.translations.category_id`, `category->translations`.`locale` AS `category.translations.locale`, `category->translations`.`name` AS `category.translations.name`, `category->translations`.`description` AS `category.translations.description`, `translations`.`id` AS `translations.id`, `translations`.`post_id` AS `translations.post_id`, `translations`.`locale` AS `translations.locale`, `translations`.`name` AS `translations.name`, `translations`.`content` AS `translations.content`, `translations`.`description` AS `translations.description`, `translations`.`slug` AS `translations.slug`, `translations`.`custom_slug` AS `translations.custom_slug`, `translations`.`meta_title` AS `translations.meta_title`, `translations`.`meta_description` AS `translations.meta_description`, `translations`.`meta_keyword` AS `translations.meta_keyword`, `translations`.`meta_robots` AS `translations.meta_robots`, `translations`.`canonica_link` AS `translations.canonica_link`, `translations`.`meta_image` AS `translations.meta_image`, `translations`.`meta_viewport` AS `translations.meta_viewport` FROM (SELECT `posts`.`id`, `posts`.`thumbnail`, `posts`.`category_id`, `posts`.`ceo_id`, `posts`.`related`, `posts`.`banner`, `posts`.`isFeatured`, `posts`.`status`, `posts`.`posted_at`, `posts`.`view`, `posts`.`createdAt`, `posts`.`updatedAt`, `posts`.`deletedAt` FROM `posts` AS `posts` WHERE ( SELECT `post_id` FROM `post_translation` AS `translations` WHERE (`translations`.`locale` = 'vi' AND `translations`.`post_id` = `posts`.`id`) LIMIT 1 ) IS NOT NULL ORDER BY `posts`.`createdAt` DESC LIMIT 0, 10) AS `posts` LEFT OUTER JOIN `medias` AS `image` ON `posts`.`thumbnail` = `image`.`id` LEFT OUTER JOIN `categories` AS `category` ON `posts`.`category_id` = `category`.`id` LEFT OUTER JOIN `category_translation` AS `category->translations` ON `category`.`id` = `category->translations`.`category_id` AND `category->translations`.`locale` = 'vi' INNER JOIN `post_translation` AS `translations` ON `posts`.`id` = `translations`.`post_id` AND `translations`.`locale` = 'vi' ORDER BY `posts`.`createdAt` DESC;","parameters":{}}
2023-05-07 15:32:20 error: {"name":"SequelizeDatabaseError","parent":{"code":"ER_BAD_FIELD_ERROR","errno":1054,"sqlState":"42S22","sqlMessage":"Unknown column 'category.type' in 'field list'","sql":"SELECT `posts`.*, `image`.`id` AS `image.id`, `image`.`filename` AS `image.filename`, `image`.`disk` AS `image.disk`, `image`.`folder_id` AS `image.folder_id`, `image`.`path` AS `image.path`, `image`.`extension` AS `image.extension`, `image`.`mime` AS `image.mime`, `image`.`size` AS `image.size`, `image`.`width` AS `image.width`, `image`.`height` AS `image.height`, `image`.`alt` AS `image.alt`, `image`.`creator` AS `image.creator`, `image`.`editor` AS `image.editor`, `image`.`createdAt` AS `image.createdAt`, `image`.`updatedAt` AS `image.updatedAt`, `category`.`id` AS `category.id`, `category`.`status` AS `category.status`, `category`.`type` AS `category.type`, `category`.`createdAt` AS `category.createdAt`, `category`.`updatedAt` AS `category.updatedAt`, `category->translations`.`id` AS `category.translations.id`, `category->translations`.`slug` AS `category.translations.slug`, `category->translations`.`category_id` AS `category.translations.category_id`, `category->translations`.`locale` AS `category.translations.locale`, `category->translations`.`name` AS `category.translations.name`, `category->translations`.`description` AS `category.translations.description`, `translations`.`id` AS `translations.id`, `translations`.`post_id` AS `translations.post_id`, `translations`.`locale` AS `translations.locale`, `translations`.`name` AS `translations.name`, `translations`.`content` AS `translations.content`, `translations`.`description` AS `translations.description`, `translations`.`slug` AS `translations.slug`, `translations`.`custom_slug` AS `translations.custom_slug`, `translations`.`meta_title` AS `translations.meta_title`, `translations`.`meta_description` AS `translations.meta_description`, `translations`.`meta_keyword` AS `translations.meta_keyword`, `translations`.`meta_robots` AS `translations.meta_robots`, `translations`.`canonica_link` AS `translations.canonica_link`, `translations`.`meta_image` AS `translations.meta_image`, `translations`.`meta_viewport` AS `translations.meta_viewport` FROM (SELECT `posts`.`id`, `posts`.`thumbnail`, `posts`.`category_id`, `posts`.`ceo_id`, `posts`.`related`, `posts`.`banner`, `posts`.`isFeatured`, `posts`.`status`, `posts`.`posted_at`, `posts`.`view`, `posts`.`createdAt`, `posts`.`updatedAt`, `posts`.`deletedAt` FROM `posts` AS `posts` WHERE ( SELECT `post_id` FROM `post_translation` AS `translations` WHERE (`translations`.`locale` = 'vi' AND `translations`.`post_id` = `posts`.`id`) LIMIT 1 ) IS NOT NULL ORDER BY `posts`.`createdAt` DESC LIMIT 0, 10) AS `posts` LEFT OUTER JOIN `medias` AS `image` ON `posts`.`thumbnail` = `image`.`id` LEFT OUTER JOIN `categories` AS `category` ON `posts`.`category_id` = `category`.`id` LEFT OUTER JOIN `category_translation` AS `category->translations` ON `category`.`id` = `category->translations`.`category_id` AND `category->translations`.`locale` = 'vi' INNER JOIN `post_translation` AS `translations` ON `posts`.`id` = `translations`.`post_id` AND `translations`.`locale` = 'vi' ORDER BY `posts`.`createdAt` DESC;"},"original":{"code":"ER_BAD_FIELD_ERROR","errno":1054,"sqlState":"42S22","sqlMessage":"Unknown column 'category.type' in 'field list'","sql":"SELECT `posts`.*, `image`.`id` AS `image.id`, `image`.`filename` AS `image.filename`, `image`.`disk` AS `image.disk`, `image`.`folder_id` AS `image.folder_id`, `image`.`path` AS `image.path`, `image`.`extension` AS `image.extension`, `image`.`mime` AS `image.mime`, `image`.`size` AS `image.size`, `image`.`width` AS `image.width`, `image`.`height` AS `image.height`, `image`.`alt` AS `image.alt`, `image`.`creator` AS `image.creator`, `image`.`editor` AS `image.editor`, `image`.`createdAt` AS `image.createdAt`, `image`.`updatedAt` AS `image.updatedAt`, `category`.`id` AS `category.id`, `category`.`status` AS `category.status`, `category`.`type` AS `category.type`, `category`.`createdAt` AS `category.createdAt`, `category`.`updatedAt` AS `category.updatedAt`, `category->translations`.`id` AS `category.translations.id`, `category->translations`.`slug` AS `category.translations.slug`, `category->translations`.`category_id` AS `category.translations.category_id`, `category->translations`.`locale` AS `category.translations.locale`, `category->translations`.`name` AS `category.translations.name`, `category->translations`.`description` AS `category.translations.description`, `translations`.`id` AS `translations.id`, `translations`.`post_id` AS `translations.post_id`, `translations`.`locale` AS `translations.locale`, `translations`.`name` AS `translations.name`, `translations`.`content` AS `translations.content`, `translations`.`description` AS `translations.description`, `translations`.`slug` AS `translations.slug`, `translations`.`custom_slug` AS `translations.custom_slug`, `translations`.`meta_title` AS `translations.meta_title`, `translations`.`meta_description` AS `translations.meta_description`, `translations`.`meta_keyword` AS `translations.meta_keyword`, `translations`.`meta_robots` AS `translations.meta_robots`, `translations`.`canonica_link` AS `translations.canonica_link`, `translations`.`meta_image` AS `translations.meta_image`, `translations`.`meta_viewport` AS `translations.meta_viewport` FROM (SELECT `posts`.`id`, `posts`.`thumbnail`, `posts`.`category_id`, `posts`.`ceo_id`, `posts`.`related`, `posts`.`banner`, `posts`.`isFeatured`, `posts`.`status`, `posts`.`posted_at`, `posts`.`view`, `posts`.`createdAt`, `posts`.`updatedAt`, `posts`.`deletedAt` FROM `posts` AS `posts` WHERE ( SELECT `post_id` FROM `post_translation` AS `translations` WHERE (`translations`.`locale` = 'vi' AND `translations`.`post_id` = `posts`.`id`) LIMIT 1 ) IS NOT NULL ORDER BY `posts`.`createdAt` DESC LIMIT 0, 10) AS `posts` LEFT OUTER JOIN `medias` AS `image` ON `posts`.`thumbnail` = `image`.`id` LEFT OUTER JOIN `categories` AS `category` ON `posts`.`category_id` = `category`.`id` LEFT OUTER JOIN `category_translation` AS `category->translations` ON `category`.`id` = `category->translations`.`category_id` AND `category->translations`.`locale` = 'vi' INNER JOIN `post_translation` AS `translations` ON `posts`.`id` = `translations`.`post_id` AND `translations`.`locale` = 'vi' ORDER BY `posts`.`createdAt` DESC;"},"sql":"SELECT `posts`.*, `image`.`id` AS `image.id`, `image`.`filename` AS `image.filename`, `image`.`disk` AS `image.disk`, `image`.`folder_id` AS `image.folder_id`, `image`.`path` AS `image.path`, `image`.`extension` AS `image.extension`, `image`.`mime` AS `image.mime`, `image`.`size` AS `image.size`, `image`.`width` AS `image.width`, `image`.`height` AS `image.height`, `image`.`alt` AS `image.alt`, `image`.`creator` AS `image.creator`, `image`.`editor` AS `image.editor`, `image`.`createdAt` AS `image.createdAt`, `image`.`updatedAt` AS `image.updatedAt`, `category`.`id` AS `category.id`, `category`.`status` AS `category.status`, `category`.`type` AS `category.type`, `category`.`createdAt` AS `category.createdAt`, `category`.`updatedAt` AS `category.updatedAt`, `category->translations`.`id` AS `category.translations.id`, `category->translations`.`slug` AS `category.translations.slug`, `category->translations`.`category_id` AS `category.translations.category_id`, `category->translations`.`locale` AS `category.translations.locale`, `category->translations`.`name` AS `category.translations.name`, `category->translations`.`description` AS `category.translations.description`, `translations`.`id` AS `translations.id`, `translations`.`post_id` AS `translations.post_id`, `translations`.`locale` AS `translations.locale`, `translations`.`name` AS `translations.name`, `translations`.`content` AS `translations.content`, `translations`.`description` AS `translations.description`, `translations`.`slug` AS `translations.slug`, `translations`.`custom_slug` AS `translations.custom_slug`, `translations`.`meta_title` AS `translations.meta_title`, `translations`.`meta_description` AS `translations.meta_description`, `translations`.`meta_keyword` AS `translations.meta_keyword`, `translations`.`meta_robots` AS `translations.meta_robots`, `translations`.`canonica_link` AS `translations.canonica_link`, `translations`.`meta_image` AS `translations.meta_image`, `translations`.`meta_viewport` AS `translations.meta_viewport` FROM (SELECT `posts`.`id`, `posts`.`thumbnail`, `posts`.`category_id`, `posts`.`ceo_id`, `posts`.`related`, `posts`.`banner`, `posts`.`isFeatured`, `posts`.`status`, `posts`.`posted_at`, `posts`.`view`, `posts`.`createdAt`, `posts`.`updatedAt`, `posts`.`deletedAt` FROM `posts` AS `posts` WHERE ( SELECT `post_id` FROM `post_translation` AS `translations` WHERE (`translations`.`locale` = 'vi' AND `translations`.`post_id` = `posts`.`id`) LIMIT 1 ) IS NOT NULL ORDER BY `posts`.`createdAt` DESC LIMIT 0, 10) AS `posts` LEFT OUTER JOIN `medias` AS `image` ON `posts`.`thumbnail` = `image`.`id` LEFT OUTER JOIN `categories` AS `category` ON `posts`.`category_id` = `category`.`id` LEFT OUTER JOIN `category_translation` AS `category->translations` ON `category`.`id` = `category->translations`.`category_id` AND `category->translations`.`locale` = 'vi' INNER JOIN `post_translation` AS `translations` ON `posts`.`id` = `translations`.`post_id` AND `translations`.`locale` = 'vi' ORDER BY `posts`.`createdAt` DESC;","parameters":{}}
